2876 [22:29:00] Calcul accessibilite version 3
2876 [22:29:00]   par commune
2876 [22:29:52] Clusterization 26.4M paires initial
347.7M paires en agrégation complète
45.6M paires en cluster
plus petit cluster 429                      réduction de temps estimée à 66%
2876 [22:30:18] router /space_mounts/data/marseille//dodgr//foot_tp_deniv.dodgrnet chargé
2876 [22:30:25] cluster 1/58 10.4M paires
2876 [22:56:29]        @6.7kp/s
2876 [22:56:36] cluster 2/58 64.8k paires
2876 [22:57:26]        @1.3kp/s
2876 [22:57:28] cluster 3/58 2.2k paires
2876 [22:58:17]        @44p/s
2876 [22:58:18] cluster 4/58 6M paires
2876 [23:14:06]        @6.3kp/s
2876 [23:14:11] cluster 5/58 311.1k paires
2876 [23:19:11]        @1kp/s
2876 [23:19:12] cluster 6/58 2.8k paires
2876 [23:19:53]        @68.3p/s
2876 [23:19:54] cluster 7/58 7.7k paires
2876 [23:21:36]        @76p/s
2876 [23:21:38] cluster 8/58 239.4k paires
2876 [23:25:25]        @1.1kp/s
2876 [23:25:26] cluster 9/58 24.5k paires
2876 [23:26:48]        @295.3p/s
2876 [23:26:50] cluster 10/58 10k paires
2876 [23:27:53]        @157.2p/s
2876 [23:27:54] cluster 11/58 15.3k paires
2876 [23:28:36]        @359.2p/s
2876 [23:28:37] cluster 12/58 16.4k paires
2876 [23:29:20]        @376.1p/s
2876 [23:29:21] cluster 13/58 15.7M paires
2876 [00:04:31]        @7.4kp/s
2876 [00:04:48] cluster 14/58 404.2k paires
2876 [00:11:17]        @1kp/s
2876 [00:11:19] cluster 15/58 716.4k paires
2876 [00:17:16]        @2kp/s
2876 [00:17:18] cluster 16/58 95.9k paires
2876 [00:20:27]        @506.7p/s
2876 [00:20:31] cluster 17/58 247k paires
2876 [00:25:23]        @846.8p/s
2876 [00:25:24] cluster 18/58 82.3k paires
2876 [00:28:32]        @436.8p/s
2876 [00:28:33] cluster 19/58 35.3k paires
2876 [00:31:26]        @204.1p/s
2876 [00:31:26] cluster 20/58 174.7k paires
2876 [00:36:46]        @546.1p/s
2876 [00:36:47] cluster 21/58 58.1k paires
2876 [00:37:36]        @1.2kp/s
2876 [00:37:38] cluster 22/58 41.7k paires
2876 [00:40:24]        @250.6p/s
2876 [00:40:24] cluster 23/58 23.1k paires
2876 [00:41:09]        @514.8p/s
2876 [00:41:10] cluster 24/58 406k paires
2876 [00:46:29]        @1.3kp/s
2876 [00:46:29] cluster 25/58 69.2k paires
2876 [00:47:58]        @783.2p/s
2876 [00:47:58] cluster 26/58 24.5k paires
2876 [00:48:47]        @504.6p/s
2876 [00:48:47] cluster 27/58 78.4k paires
2876 [00:52:50]        @322.7p/s
2876 [00:52:50] cluster 28/58 5.7k paires
2876 [00:53:41]        @113.2p/s
2876 [00:53:42] cluster 29/58 103.7k paires
2876 [00:57:57]        @406.5p/s
2876 [00:57:58] cluster 30/58 21.2k paires
2876 [00:59:09]        @298.1p/s
2876 [00:59:10] cluster 31/58 21.8k paires
2876 [01:00:36]        @253.5p/s
2876 [01:00:36] cluster 32/58 3k paires
2876 [01:01:24]        @62.7p/s
2876 [01:01:25] cluster 33/58 194.4k paires
2876 [01:06:59]        @581.7p/s
2876 [01:06:59] cluster 34/58 10.6k paires
2876 [01:08:01]        @171.1p/s
2876 [01:08:02] cluster 35/58 542.1k paires
2876 [01:14:52]        @1.3kp/s
2876 [01:14:54] cluster 36/58 30.3k paires
2876 [01:17:47]        @174.9p/s
2876 [01:17:47] cluster 37/58 26.9k paires
2876 [01:20:09]        @189.9p/s
2876 [01:20:09] cluster 38/58 200.4k paires
2876 [01:23:43]        @939.4p/s
2876 [01:23:43] cluster 39/58 11k paires
2876 [01:24:45]        @176p/s
2876 [01:24:46] cluster 40/58 78.6k paires
2876 [01:27:47]        @433.4p/s
2876 [01:27:47] cluster 41/58 23.1k paires
2876 [01:29:52]        @185.5p/s
2876 [01:29:54] cluster 42/58 98k paires
2876 [01:34:30]        @354.9p/s
2876 [01:34:30] cluster 43/58 48.2k paires
2876 [01:37:22]        @279.9p/s
2876 [01:37:24] cluster 44/58 11.7k paires
2876 [01:38:08]        @263.8p/s
2876 [01:38:08] cluster 45/58 59.5k paires
2876 [01:41:14]        @320.3p/s
2876 [01:41:14] cluster 46/58 484 paires
2876 [01:41:54]        @12.2p/s
2876 [01:41:55] cluster 47/58 31k paires
2876 [01:44:01]        @246.2p/s
2876 [01:44:03] cluster 48/58 429 paires
2876 [01:44:43]        @10.7p/s
2876 [01:44:43] cluster 49/58 12.1k paires
2876 [01:45:42]        @205.2p/s
2876 [01:45:42] cluster 50/58 4.6k paires
2876 [01:46:25]        @108.4p/s
2876 [01:46:25] cluster 51/58 8.1k paires
2876 [01:47:53]        @92p/s
2876 [01:47:53] cluster 52/58 23.6k paires
2876 [01:49:36]        @229.8p/s
2876 [01:49:37] cluster 53/58 8.8k paires
2876 [01:50:39]        @143.1p/s
2876 [01:50:39] cluster 54/58 96.1k paires
2876 [01:54:48]        @385.8p/s
2876 [01:54:50] cluster 55/58 7.4k paires
2876 [01:55:32]        @176p/s
2876 [01:55:32] cluster 56/58 6.5M paires
2876 [02:10:52]        @7.1kp/s
2876 [02:10:58] cluster 57/58 2.2M paires
2876 [02:20:14]        @3.9kp/s
2876 [02:20:16] cluster 58/58 3.8k paires
2876 [02:20:57]        @92.2p/s
2876 [02:20:57] Calcul terminé, dataset /space_mounts/data/marseille//distances/src/walk_dgr écrit - 26.4M en 232 mn soit 1.9k p/s
