SUCCESS [2023-11-06 22:21:58] Calcul accessibilite version 3
SUCCESS [2023-11-06 22:21:58]        par commune, mode motorcar
15041 [22:22:55] Clusterization 186.7M paires initial, 14 clusters
15041 [22:22:55]                501.6M paires en agrégation complète
15041 [22:22:55]                270.1M paires en cluster
15041 [22:22:55]                plus petit cluster 1.7M
15041 [22:22:55]                réduction de temps estimée à 40%
15041 [22:23:07] router /space_mounts/data/marseille//dodgr//motorcar_tp_deniv.dodgrnet chargé
15041 [22:24:01] cluster 1/14 48.2M paires
15041 [22:33:18]         @86.6kp/s
15041 [22:34:11] cluster 2/14 42.6M paires
15041 [22:42:21]         @86.9kp/s
15041 [22:43:15] cluster 3/14 5.5M paires
15041 [22:45:26]         @42.2kp/s
15041 [22:45:39] cluster 4/14 36M paires
15041 [22:53:02]         @81.4kp/s
15041 [22:53:40] cluster 5/14 23.1M paires
15041 [22:58:25]         @81kp/s
15041 [22:58:52] cluster 6/14 1.7M paires
15041 [22:59:47]         @30.2kp/s
15041 [22:59:55] cluster 7/14 31M paires
15041 [23:05:13]         @97.3kp/s
15041 [23:05:49] cluster 8/14 17M paires
15041 [23:09:15]         @82.4kp/s
15041 [23:09:40] cluster 9/14 18M paires
15041 [23:13:43]         @74.1kp/s
15041 [23:14:03] cluster 10/14 9M paires
15041 [23:17:23]         @45kp/s
15041 [23:17:34] cluster 11/14 18.9M paires
15041 [23:21:33]         @79kp/s
15041 [23:21:56] cluster 12/14 9M paires
15041 [23:24:28]         @58.7kp/s
15041 [23:24:41] cluster 13/14 5.6M paires
15041 [23:26:40]         @46.7kp/s
15041 [23:26:49] cluster 14/14 4.5M paires
15041 [23:28:31]         @44.4kp/s
15041 [23:28:36] Calcul terminé, dataset /space_mounts/data/marseille//distances/src/car_dgr2 écrit - 186.7M en 66.7 mn soit 46.6k p/s
