2455 [13:51:21] Calcul accessibilite version 3
2455 [13:51:21]        par commune, mode foot
2455 [13:52:47] Clusterization 70.6M paires initial, 9 clusters
2455 [13:52:47]                503.1M paires en agrégation complète
2455 [13:52:47]                148.2M paires en cluster
2455 [13:52:47]                plus petit cluster 6.4M
2455 [13:52:47]                réduction de temps estimée à 67%
2455 [13:53:07] router /space_mounts/data/marseille//dodgr//foot_tp_deniv.dodgrnet chargé
2455 [13:53:20] cluster 1/9 22.7M paires
2455 [14:03:00]         @39.2kp/s
2455 [14:03:25] cluster 2/9 24.6M paires
2455 [14:14:15]         @37.9kp/s
2455 [14:14:41] cluster 3/9 18.2M paires
2455 [14:22:37]         @38.2kp/s
2455 [14:22:56] cluster 4/9 7.8M paires
2455 [14:29:15]         @20.6kp/s
2455 [14:29:26] cluster 5/9 6.4M paires
2455 [14:35:24]         @17.9kp/s
2455 [14:35:35] cluster 6/9 16M paires
2455 [14:44:03]         @31.5kp/s
2455 [14:44:24] cluster 7/9 23.4M paires
2455 [14:56:40]         @31.8kp/s
2455 [14:57:06] cluster 8/9 17.6M paires
2455 [15:06:37]         @30.9kp/s
2455 [15:06:57] cluster 9/9 11.3M paires
2455 [15:14:48]         @24kp/s
2455 [15:15:01] Calcul terminé, dataset /space_mounts/data/marseille//distances/src/walk_tblr écrit - 70.6M en 83.7 mn soit 14.1k p/s
