SUCCESS [2023-12-15 15:10:03] Calcul accessibilite version 3
SUCCESS [2023-12-15 15:10:03]        par commune, mode motorcar
3251 [15:10:37] Clusterization 238.9M paires initial, 14 clusters
3251 [15:10:37]                645.2M paires en agrégation complète
3251 [15:10:37]                349.9M paires en cluster
3251 [15:10:37]                plus petit cluster 1.7M
3251 [15:10:37]                réduction de temps estimée à 41%
3251 [15:10:50] router /space_mounts/data/marseille//dodgr//motorcar_tp_deniv.dodgrnet chargé
3251 [15:11:27] cluster 1/14 75.1M paires
3251 [15:17:25]         @209.7kp/s
3251 [15:18:17] cluster 2/14 46.3M paires
3251 [15:22:17]         @192.8kp/s
3251 [15:22:55] cluster 3/14 16.9M paires
3251 [15:25:05]         @129.8kp/s
3251 [15:25:24] cluster 4/14 25.9M paires
3251 [15:28:03]         @163.2kp/s
3251 [15:28:24] cluster 5/14 29.3M paires
3251 [15:31:27]         @160.4kp/s
3251 [15:31:49] cluster 6/14 12.5M paires
3251 [15:34:33]         @75.9kp/s
3251 [15:34:48] cluster 7/14 3.2M paires
3251 [15:35:26]         @86.1kp/s
3251 [15:35:33] cluster 8/14 55.7M paires
3251 [15:40:33]         @185.4kp/s
3251 [15:41:09] cluster 9/14 47.8M paires
3251 [15:45:08]         @200.5kp/s
3251 [15:45:43] cluster 10/14 5.4M paires
3251 [15:46:41]         @93.4kp/s
3251 [15:46:48] cluster 11/14 9.4M paires
3251 [15:48:36]         @86.9kp/s
3251 [15:48:46] cluster 12/14 1.7M paires
3251 [15:49:22]         @47.5kp/s
3251 [15:49:27] cluster 13/14 18.1M paires
3251 [15:51:29]         @149.1kp/s
3251 [15:51:46] cluster 14/14 2.5M paires
3251 [15:52:25]         @65.8kp/s
3251 [15:52:28] Calcul terminé, dataset /space_mounts/data/marseille//distances/src/car_dgr2 écrit - 238.9M en 42.4 mn soit 93.9k p/s
