SUCCESS [2023-11-02 08:29:56] Calcul accessibilite version 3
SUCCESS [2023-11-02 08:29:56]   par commune
6282 [08:30:46] Clusterization 20.6M paires initial, 15 clusters
6282 [08:30:46]                288.6M paires en agrégation complète
6282 [08:30:46]                58M paires en cluster
6282 [08:30:46]                 plus petit cluster 20.5k
6282 [08:30:46]                 réduction de temps estimée à 67%
6282 [08:31:17] router /space_mounts/data/marseille//dodgr//bicycle_tp_deniv.dodgrnet chargé
6282 [08:31:31] cluster 1/15 16.7M paires
6282 [08:59:06]         @10.1kp/s
6282 [08:59:23] cluster 2/15 13.3M paires
6282 [09:25:28]         @8.5kp/s
6282 [09:25:40] cluster 3/15 38.3k paires
6282 [09:27:14]         @405.7p/s
6282 [09:27:16] cluster 4/15 4M paires
6282 [09:41:31]         @4.7kp/s
6282 [09:41:36] cluster 5/15 1M paires
6282 [09:49:24]         @2.2kp/s
6282 [09:49:27] cluster 6/15 16M paires
6282 [10:19:23]         @8.9kp/s
6282 [10:19:41] cluster 7/15 49.3k paires
6282 [10:23:23]         @222p/s
6282 [10:23:24] cluster 8/15 170.9k paires
6282 [10:27:09]         @759.6p/s
6282 [10:27:10] cluster 9/15 2.7M paires
6282 [10:50:00]         @2kp/s
6282 [10:50:05] cluster 10/15 624.7k paires
6282 [10:54:23]         @2.4kp/s
6282 [10:54:24] cluster 11/15 20.5k paires
6282 [10:55:11]         @438.5p/s
6282 [10:55:11] cluster 12/15 1.9M paires
6282 [11:07:49]         @2.5kp/s
6282 [11:07:53] cluster 13/15 304.6k paires
6282 [11:12:54]         @1kp/s
6282 [11:12:55] cluster 14/15 103.9k paires
6282 [11:13:57]         @1.7kp/s
6282 [11:13:59] cluster 15/15 1.2M paires
6282 [11:21:16]         @2.7kp/s
6282 [11:21:17] Calcul terminé, dataset /space_mounts/data/marseille//distances/src/bike_dgr écrit - 20.6M en 171.4 mn soit 2k p/s
