SUCCESS [2023-12-09 15:36:06] Calcul accessibilite version 3
SUCCESS [2023-12-09 15:36:06]        par commune, mode foot_ntblr
750 [15:36:54] Clusterization 55.3M paires initial, 10 clusters
750 [15:36:54]                404.5M paires en agrégation complète
750 [15:36:54]                112.6M paires en cluster
750 [15:36:54]                plus petit cluster 1.5M
750 [15:36:54]                réduction de temps estimée à 64%
750 [15:37:15] router /space_mounts/data/marseille//dodgr//foot_ntblr_tp_deniv.dodgrnet chargé
750 [15:37:41] cluster 1/10 25.3M paires
750 [15:47:18]         @43.8kp/s
750 [15:47:39] cluster 2/10 10.4M paires
750 [15:51:59]         @40.1kp/s
750 [15:52:11] cluster 3/10 12.2M paires
750 [15:57:38]         @37.2kp/s
750 [15:57:50] cluster 4/10 10.1M paires
750 [16:03:02]         @32.4kp/s
750 [16:03:13] cluster 5/10 15.6M paires
750 [16:09:54]         @38.8kp/s
750 [16:10:11] cluster 6/10 4.5M paires
750 [16:14:05]         @19.3kp/s
750 [16:14:10] cluster 7/10 11.2M paires
750 [16:19:47]         @33.1kp/s
750 [16:19:57] cluster 8/10 10.5M paires
750 [16:25:25]         @32.1kp/s
750 [16:25:35] cluster 9/10 11.4M paires
750 [16:31:59]         @29.7kp/s
750 [16:32:10] cluster 10/10 1.5M paires
750 [16:36:00]         @6.4kp/s
750 [16:36:02] Calcul terminé, dataset /space_mounts/data/marseille//distances/src/walk_ntblr écrit - 55.3M en 59.9 mn soit 15.4k p/s
