SUCCESS [2023-12-15 11:27:21] Calcul accessibilite version 3
SUCCESS [2023-12-15 11:27:21]        par commune, mode motorcar
802 [11:27:54] Clusterization 238.9M paires initial, 14 clusters
802 [11:27:54]                645.2M paires en agrégation complète
802 [11:27:54]                349.9M paires en cluster
802 [11:27:54]                plus petit cluster 1.7M
802 [11:27:54]                réduction de temps estimée à 41%
802 [11:28:08] router /space_mounts/data/marseille//dodgr//motorcar_tp_deniv.dodgrnet chargé
802 [11:28:47] cluster 1/14 75.1M paires
802 [11:35:42]         @181.5kp/s
802 [11:36:36] cluster 2/14 46.3M paires
802 [11:40:54]         @179.9kp/s
802 [11:41:28] cluster 3/14 16.9M paires
802 [11:43:47]         @121.2kp/s
802 [11:44:07] cluster 4/14 25.9M paires
802 [11:46:55]         @154.3kp/s
802 [11:47:18] cluster 5/14 29.3M paires
802 [11:50:30]         @153.1kp/s
802 [11:50:51] cluster 6/14 12.5M paires
802 [11:53:46]         @71.1kp/s
802 [11:53:58] cluster 7/14 3.2M paires
802 [11:54:37]         @81.8kp/s
802 [11:54:45] cluster 8/14 55.7M paires
802 [11:59:42]         @187.7kp/s
802 [12:00:20] cluster 9/14 47.8M paires
802 [12:04:39]         @184.1kp/s
802 [12:05:18] cluster 10/14 5.4M paires
802 [12:06:16]         @93.6kp/s
802 [12:06:25] cluster 11/14 9.4M paires
802 [12:08:22]         @79.9kp/s
802 [12:08:32] cluster 12/14 1.7M paires
802 [12:09:08]         @48.2kp/s
802 [12:09:14] cluster 13/14 18.1M paires
802 [12:11:22]         @141.9kp/s
802 [12:11:38] cluster 14/14 2.5M paires
802 [12:12:20]         @59.2kp/s
802 [12:12:24] Calcul terminé, dataset /space_mounts/data/marseille//distances/src/car_dgr2 écrit - 238.9M en 45.1 mn soit 88.4k p/s
