15041 [23:48:26] Calcul accessibilite version 3
15041 [23:48:26]        par commune, mode foot
15041 [23:49:40] Clusterization 55.3M paires initial, 10 clusters
15041 [23:49:40]                404.5M paires en agrégation complète
15041 [23:49:40]                112.6M paires en cluster
15041 [23:49:40]                plus petit cluster 1.5M
15041 [23:49:40]                réduction de temps estimée à 64%
15041 [23:50:05] router /space_mounts/data/marseille//dodgr//foot_tp_deniv.dodgrnet chargé
15041 [23:50:11] cluster 1/10 10.4M paires
15041 [23:55:55]         @30.2kp/s
15041 [23:56:07] cluster 2/10 12.2M paires
15041 [00:01:56]         @34.8kp/s
15041 [00:02:09] cluster 3/10 11.4M paires
15041 [00:09:54]         @24.4kp/s
15041 [00:10:05] cluster 4/10 25.3M paires
15041 [00:20:50]         @39.2kp/s
15041 [00:21:12] cluster 5/10 10.1M paires
15041 [00:26:31]         @31.3kp/s
15041 [00:26:40] cluster 6/10 15.6M paires
15041 [00:33:11]         @39.8kp/s
15041 [00:33:27] cluster 7/10 11.2M paires
15041 [00:42:54]         @19.6kp/s
15041 [00:43:09] cluster 8/10 4.5M paires
15041 [00:49:14]         @12.4kp/s
15041 [00:49:22] cluster 9/10 1.5M paires
15041 [00:54:44]         @4.6kp/s
15041 [00:54:50] cluster 10/10 10.5M paires
15041 [01:04:09]         @18.8kp/s
15041 [01:04:20] Calcul terminé, dataset /space_mounts/data/marseille//distances/src/walk_tblr écrit - 55.3M en 76 mn soit 12.1k p/s
