5274 [21:02:30] Calcul accessibilite version 3
5274 [21:02:30]        par commune, mode motorcar
5274 [21:03:23] Clusterization 238.9M paires initial, 14 clusters
5274 [21:03:24]                645.2M paires en agrégation complète
5274 [21:03:24]                349.9M paires en cluster
5274 [21:03:24]                plus petit cluster 1.7M
5274 [21:03:24]                réduction de temps estimée à 41%
5274 [21:03:36] router /space_mounts/data/marseille//dodgr//motorcar_tp_deniv.dodgrnet chargé
5274 [21:04:30] cluster 1/14 75.1M paires
5274 [21:16:28]         @104.6kp/s
5274 [21:17:43] cluster 2/14 46.3M paires
5274 [21:25:20]         @101.3kp/s
5274 [21:26:09] cluster 3/14 16.9M paires
5274 [21:30:12]         @69.3kp/s
5274 [21:30:34] cluster 4/14 25.9M paires
5274 [21:35:19]         @91kp/s
5274 [21:35:50] cluster 5/14 29.3M paires
5274 [21:41:35]         @85kp/s
5274 [21:42:04] cluster 6/14 12.5M paires
5274 [21:46:00]         @52.7kp/s
5274 [21:46:18] cluster 7/14 3.2M paires
5274 [21:47:22]         @50.2kp/s
5274 [21:47:29] cluster 8/14 55.7M paires
5274 [21:56:36]         @101.9kp/s
5274 [21:57:25] cluster 9/14 47.8M paires
5274 [22:05:24]         @99.8kp/s
5274 [22:06:09] cluster 10/14 5.4M paires
5274 [22:07:57]         @50.1kp/s
5274 [22:08:08] cluster 11/14 9.4M paires
5274 [22:10:58]         @55.5kp/s
5274 [22:11:09] cluster 12/14 1.7M paires
5274 [22:12:11]         @28.1kp/s
5274 [22:12:16] cluster 13/14 18.1M paires
5274 [22:15:52]         @84kp/s
5274 [22:16:10] cluster 14/14 2.5M paires
5274 [22:17:22]         @35.4kp/s
5274 [22:17:25] Calcul terminé, dataset /space_mounts/data/marseille//distances/src/car_dgr2 écrit - 238.9M en 74.9 mn soit 53.1k p/s
