SUCCESS [2024-03-06 18:53:25] Calcul accessibilite version 3
SUCCESS [2024-03-06 18:53:25]        par commune, mode motorcar
411 [18:54:12] Clusterization 319.8M paires initial, 22 clusters
411 [18:54:12]                906.1M paires en agrégation complète
411 [18:54:12]                424.3M paires en cluster
411 [18:54:12]                plus petit cluster 33k
411 [18:54:12]                réduction de temps estimée à 47%
411 [18:54:27] router /space_mounts/data/marseille//dodgr//motorcar_tp_deniv.dodgrnet chargé
411 [18:55:17] cluster 1/22 82.6M paires
411 [19:03:47]         @161.8kp/s
411 [19:04:57] cluster 2/22 61M paires
411 [19:11:31]         @155kp/s
411 [19:12:19] cluster 3/22 5.6M paires
411 [19:13:33]         @76.2kp/s
411 [19:13:46] cluster 4/22 14.3M paires
411 [19:15:37]         @128.6kp/s
411 [19:15:55] cluster 5/22 10.4M paires
411 [19:17:47]         @92.2kp/s
411 [19:18:00] cluster 6/22 11.7M paires
411 [19:19:47]         @109.8kp/s
411 [19:20:00] cluster 7/22 3.9M paires
411 [19:20:54]         @71.4kp/s
411 [19:21:07] cluster 8/22 33.2M paires
411 [19:25:02]         @141.2kp/s
411 [19:25:31] cluster 9/22 26.4M paires
411 [19:28:32]         @145.9kp/s
411 [19:29:00] cluster 10/22 39.1M paires
411 [19:33:00]         @163kp/s
411 [19:33:36] cluster 11/22 14.5M paires
411 [19:36:32]         @82.7kp/s
411 [19:36:45] cluster 12/22 14.4M paires
411 [19:39:45]         @79.9kp/s
411 [19:40:02] cluster 13/22 2.4M paires
411 [19:40:51]         @49.4kp/s
411 [19:41:01] cluster 14/22 44.6M paires
411 [19:45:42]         @160.8kp/s
411 [19:46:21] cluster 15/22 9.3M paires
411 [19:48:10]         @85.8kp/s
411 [19:48:22] cluster 16/22 6.7M paires
411 [19:49:33]         @95.3kp/s
411 [19:49:44] cluster 17/22 32.8M paires
411 [19:53:25]         @148.1kp/s
411 [19:53:56] cluster 18/22 2.4M paires
411 [19:54:35]         @62kp/s
411 [19:54:41] cluster 19/22 8.1M paires
411 [19:56:22]         @81kp/s
411 [19:56:35] cluster 20/22 33k paires
411 [19:56:45]         @3kp/s
411 [19:56:49] cluster 21/22 350.8k paires
411 [19:57:08]         @18.6kp/s
411 [19:57:15] cluster 22/22 386.3k paires
411 [19:57:40]         @15.3kp/s
411 [19:57:41] Calcul terminé, dataset /space_mounts/data/marseille//distances/src/car_dgr2 écrit - 319.8M en 64.4 mn soit 82.8k p/s
