5564 [23:50:06] Calcul accessibilite version 3
5564 [23:50:06]        par commune, mode foot
5564 [23:51:05] Clusterization 70.6M paires initial, 9 clusters
5564 [23:51:05]                503.1M paires en agrégation complète
5564 [23:51:05]                148.2M paires en cluster
5564 [23:51:05]                plus petit cluster 6.4M
5564 [23:51:05]                réduction de temps estimée à 67%
5564 [23:51:25] router /space_mounts/data/marseille//dodgr//foot_tp_deniv.dodgrnet chargé
5564 [23:51:32] cluster 1/9 23.4M paires
5564 [23:59:19]         @50.1kp/s
5564 [23:59:37] cluster 2/9 22.7M paires
5564 [00:05:28]         @64.9kp/s
5564 [00:05:45] cluster 3/9 16M paires
5564 [00:11:08]         @49.6kp/s
5564 [00:11:21] cluster 4/9 24.6M paires
5564 [00:18:37]         @56.5kp/s
5564 [00:18:58] cluster 5/9 7.8M paires
5564 [00:22:40]         @35.1kp/s
5564 [00:22:48] cluster 6/9 18.2M paires
5564 [00:27:36]         @63.1kp/s
5564 [00:27:49] cluster 7/9 6.4M paires
5564 [00:31:13]         @31.3kp/s
5564 [00:31:21] cluster 8/9 17.6M paires
5564 [00:37:19]         @49.3kp/s
5564 [00:37:33] cluster 9/9 11.3M paires
5564 [00:42:23]         @39kp/s
5564 [00:42:34] Calcul terminé, dataset /space_mounts/data/marseille//distances/src/walk_tblr écrit - 70.6M en 52.6 mn soit 22.4k p/s
