4000 [10:04:50] Calcul accessibilite version 3
4000 [10:04:50] 
4000 [10:05:39] router /space_mounts/data/marseille//dodgr//motorcar_tp_deniv.dodgrnet chargé
4000 [10:05:50] partant de 13001, 13019, 13025, 13032, 13072, 13090, 13095, 13107  48.2M paires
4000 [10:20:49] cluster (1/14), @53.6kp/s
4000 [10:21:15] partant de 13002, 13015, 13071, 13075, 13106, 13201, 13202, 13203, 13204, 13205, 13206, 13207, 13208, 13210, 13212, 13214, 13215, 13216  42.6M paires
4000 [10:35:02] cluster (2/14), @51.6kp/s
4000 [10:35:26] partant de 13003, 13035, 13049, 13105  5.5M paires
4000 [10:38:58] cluster (3/14), @26.1kp/s
4000 [10:39:04] partant de 13005, 13007, 13016, 13031, 13042, 13070, 13073, 13086, 13101, 13119, 13209, 13211, 83120  36M paires
4000 [10:52:15] cluster (4/14), @45.5kp/s
4000 [10:52:36] partant de 13008, 13009, 13029, 13044, 13051, 13063, 13069, 13092, 13103  23.1M paires
4000 [11:01:28] cluster (5/14), @43.5kp/s
4000 [11:01:43] partant de 13012, 13079, 13109  1.7M paires
4000 [11:03:34] cluster (6/14), @14.9kp/s
4000 [11:03:37] partant de 13013, 13020, 13040, 13041, 13046, 13060, 13062, 13087, 13110, 13213  31M paires
4000 [11:14:39] cluster (7/14), @46.8kp/s
4000 [11:14:57] partant de 13014, 13037, 13081, 13112, 13114, 13117, 13118  17M paires
4000 [11:21:37] cluster (8/14), @42.5kp/s
4000 [11:21:47] partant de 13021, 13026, 13033, 13043, 13054, 13056, 13088, 13102, 13104  18M paires
4000 [11:29:10] cluster (9/14), @40.6kp/s
4000 [11:29:21] partant de 13022, 13023, 13028, 13030, 13085  9M paires
4000 [11:36:57] cluster (10/14), @19.7kp/s
4000 [11:37:04] partant de 13024, 13050, 13053, 13080, 13082, 13084, 13091, 13115  18.9M paires
4000 [11:45:16] cluster (11/14), @38.4kp/s
4000 [11:45:27] partant de 13039, 13047, 13077, 13078, 13098  9M paires
4000 [11:51:07] cluster (12/14), @26.4kp/s
4000 [11:51:13] partant de 13048, 13093, 13099, 84089  5.6M paires
4000 [11:54:56] cluster (13/14), @24.9kp/s
4000 [11:55:02] partant de 13059, 13074, 13111, 13113  4.5M paires
4000 [11:58:00] cluster (14/14), @25.5kp/s
4000 [11:58:02] Calcul terminé, dataset dgr écrit - 186.7M en 113.2 mn soit 27.5k p/s
