SUCCESS [2023-10-21 08:49:06] bbox 3.92068376124877
SUCCESS [2023-10-21 08:49:06] bbox 42.5616315509576
SUCCESS [2023-10-21 08:49:06] bbox 6.63028773684205
SUCCESS [2023-10-21 08:49:06] bbox 44.3671969649598
SUCCESS [2023-10-21 08:49:12] downloaded après 0 split
SUCCESS [2023-10-21 08:49:13] downloaded après 0 split
SUCCESS [2023-10-21 08:49:16] downloaded après 0 split
SUCCESS [2023-10-21 08:49:17] downloaded après 0 split
SUCCESS [2023-10-21 08:49:20] downloaded après 0 split
SUCCESS [2023-10-21 08:49:21] downloaded après 0 split
SUCCESS [2023-10-21 08:49:23] downloaded après 0 split
SUCCESS [2023-10-21 08:49:24] downloaded après 0 split
SUCCESS [2023-10-21 08:49:25] downloaded après 0 split
SUCCESS [2023-10-21 08:49:28] downloaded après 0 split
SUCCESS [2023-10-21 08:49:30] downloaded après 0 split
SUCCESS [2023-10-21 08:49:36] downloaded après 0 split
SUCCESS [2023-10-21 08:49:39] downloaded après 0 split
INFO [2023-10-21 08:49:41] Error in check_for_error(paste0(doc)) : 
  General overpass server error; returned:
The data included in this document is from www.openstreetmap.org. The data is made available under ODbL. runtime error: Query timed out in "query" at line 28 after 26 seconds. 
 split (1)
SUCCESS [2023-10-21 08:49:42] downloaded après 0 split
INFO [2023-10-21 08:49:45] Error in check_for_error(paste0(doc)) : 
  General overpass server error; returned:
The data included in this document is from www.openstreetmap.org. The data is made available under ODbL. runtime error: Query timed out in "query" at line 4 after 27 seconds. 
 split (1)
INFO [2023-10-21 08:49:46] Error in check_for_error(paste0(doc)) : 
  General overpass server error; returned:
The data included in this document is from www.openstreetmap.org. The data is made available under ODbL. runtime error: Query timed out in "recurse" at line 31 after 29 seconds. 
 split (1)
INFO [2023-10-21 08:49:49] Error in check_for_error(paste0(doc)) : 
  General overpass server error; returned:
The data included in this document is from www.openstreetmap.org. The data is made available under ODbL. runtime error: Query timed out in "query" at line 23 after 26 seconds. 
 split (1)
INFO [2023-10-21 08:49:49] Error in check_for_error(paste0(doc)) : 
  General overpass server error; returned:
The data included in this document is from www.openstreetmap.org. The data is made available under ODbL. runtime error: Query timed out in "query" at line 4 after 26 seconds. 
 split (1)
INFO [2023-10-21 08:49:53] Error in check_for_error(paste0(doc)) : 
  General overpass server error; returned:
The data included in this document is from www.openstreetmap.org. The data is made available under ODbL. runtime error: Query timed out in "query" at line 4 after 26 seconds. 
 split (1)
SUCCESS [2023-10-21 08:49:53] downloaded après 0 split
SUCCESS [2023-10-21 08:49:54] downloaded après 0 split
SUCCESS [2023-10-21 08:49:56] downloaded après 0 split
SUCCESS [2023-10-21 08:49:58] downloaded après 0 split
INFO [2023-10-21 08:50:06] Error in check_for_error(paste0(doc)) : 
  General overpass server error; returned:
The data included in this document is from www.openstreetmap.org. The data is made available under ODbL. runtime error: Query timed out in "recurse" at line 31 after 29 seconds. 
 split (1)
SUCCESS [2023-10-21 08:50:08] downloaded après 1 split
SUCCESS [2023-10-21 08:50:08] downloaded après 1 split
INFO [2023-10-21 08:50:09] Error in check_for_error(paste0(doc)) : 
  General overpass server error; returned:
The data included in this document is from www.openstreetmap.org. The data is made available under ODbL. runtime error: Query timed out in "recurse" at line 31 after 28 seconds. 
 split (2)
INFO [2023-10-21 08:50:12] Error in check_for_error(paste0(doc)) : 
  General overpass server error; returned:
The data included in this document is from www.openstreetmap.org. The data is made available under ODbL. runtime error: Query timed out in "query" at line 24 after 26 seconds. 
 split (2)
INFO [2023-10-21 08:50:26] Error in check_for_error(paste0(doc)) : 
  General overpass server error; returned:
The data included in this document is from www.openstreetmap.org. The data is made available under ODbL. runtime error: Query timed out in "recurse" at line 31 after 37 seconds. 
 split (2)
INFO [2023-10-21 08:50:27] Error in check_for_error(paste0(doc)) : 
  General overpass server error; returned:
The data included in this document is from www.openstreetmap.org. The data is made available under ODbL. runtime error: Query timed out in "recurse" at line 31 after 76 seconds. 
 split (1)
SUCCESS [2023-10-21 08:50:29] downloaded après 0 split
INFO [2023-10-21 08:50:38] Error in check_for_error(paste0(doc)) : 
  General overpass server error; returned:
The data included in this document is from www.openstreetmap.org. The data is made available under ODbL. runtime error: Query timed out in "query" at line 4 after 26 seconds. 
 split (3)
SUCCESS [2023-10-21 08:50:44] downloaded après 0 split
INFO [2023-10-21 08:50:52] Error in check_for_error(paste0(doc)) : 
  General overpass server error; returned:
The data included in this document is from www.openstreetmap.org. The data is made available under ODbL. runtime error: Query timed out in "recurse" at line 31 after 46 seconds. 
 split (2)
INFO [2023-10-21 08:50:54] Error in check_for_error(paste0(doc)) : 
  General overpass server error; returned:
The data included in this document is from www.openstreetmap.org. The data is made available under ODbL. runtime error: Query timed out in "query" at line 15 after 26 seconds. 
 split (2)
INFO [2023-10-21 08:51:04] Error in check_for_error(paste0(doc)) : 
  General overpass server error; returned:
The data included in this document is from www.openstreetmap.org. The data is made available under ODbL. runtime error: Query timed out in "recurse" at line 31 after 52 seconds. 
 split (1)
INFO [2023-10-21 08:51:05] Error in check_for_error(paste0(doc)) : 
  General overpass server error; returned:
The data included in this document is from www.openstreetmap.org. The data is made available under ODbL. runtime error: Query timed out in "recurse" at line 31 after 38 seconds. 
 split (3)
INFO [2023-10-21 08:51:08] Error in check_for_error(paste0(doc)) : 
  General overpass server error; returned:
The data included in this document is from www.openstreetmap.org. The data is made available under ODbL. runtime error: Query timed out in "recurse" at line 31 after 73 seconds. 
 split (2)
INFO [2023-10-21 08:51:10] Error in check_for_error(paste0(doc)) : 
  General overpass server error; returned:
The data included in this document is from www.openstreetmap.org. The data is made available under ODbL. runtime error: Query timed out in "recurse" at line 31 after 60 seconds. 
 split (3)
INFO [2023-10-21 08:51:17] Error in check_for_error(paste0(doc)) : 
  General overpass server error; returned:
The data included in this document is from www.openstreetmap.org. The data is made available under ODbL. runtime error: Query timed out in "recurse" at line 31 after 39 seconds. 
 split (4)
INFO [2023-10-21 08:51:34] Error in check_for_error(paste0(doc)) : 
  General overpass server error; returned:
The data included in this document is from www.openstreetmap.org. The data is made available under ODbL. runtime error: Query timed out in "recurse" at line 31 after 26 seconds. 
 split (3)
SUCCESS [2023-10-21 08:51:50] downloaded après 2 split
SUCCESS [2023-10-21 08:51:54] downloaded après 1 split
INFO [2023-10-21 08:51:55] Error in check_for_error(paste0(doc)) : 
  General overpass server error; returned:
The data included in this document is from www.openstreetmap.org. The data is made available under ODbL. runtime error: Query timed out in "recurse" at line 31 after 38 seconds. 
 split (5)
SUCCESS [2023-10-21 08:51:55] downloaded après 3 split
SUCCESS [2023-10-21 08:51:57] downloaded après 2 split
SUCCESS [2023-10-21 08:51:58] downloaded après 3 split
SUCCESS [2023-10-21 08:52:00] downloaded après 3 split
SUCCESS [2023-10-21 08:52:10] downloaded après 0 split
SUCCESS [2023-10-21 08:52:10] downloaded après 0 split
SUCCESS [2023-10-21 08:52:15] downloaded après 0 split
INFO [2023-10-21 08:52:23] Error in check_for_error(paste0(doc)) : 
  General overpass server error; returned:
The data included in this document is from www.openstreetmap.org. The data is made available under ODbL. runtime error: Query timed out in "recurse" at line 31 after 28 seconds. 
 split (6)
SUCCESS [2023-10-21 08:52:27] downloaded après 0 split
INFO [2023-10-21 08:52:33] Error in check_for_error(paste0(doc)) : 
  General overpass server error; returned:
The data included in this document is from www.openstreetmap.org. The data is made available under ODbL. runtime error: Query timed out in "recurse" at line 31 after 34 seconds. 
 split (1)
INFO [2023-10-21 08:52:42] Error in check_for_error(paste0(doc)) : 
  General overpass server error; returned:
The data included in this document is from www.openstreetmap.org. The data is made available under ODbL. runtime error: Query timed out in "recurse" at line 31 after 43 seconds. 
 split (1)
INFO [2023-10-21 08:52:49] Error in check_for_error(paste0(doc)) : 
  General overpass server error; returned:
The data included in this document is from www.openstreetmap.org. The data is made available under ODbL. runtime error: Query timed out in "recurse" at line 31 after 26 seconds. 
 split (7)
SUCCESS [2023-10-21 08:53:08] downloaded après 1 split
INFO [2023-10-21 08:53:15] Error in check_for_error(paste0(doc)) : 
  General overpass server error; returned:
The data included in this document is from www.openstreetmap.org. The data is made available under ODbL. runtime error: Query timed out in "query" at line 27 after 26 seconds. 
 split (8)
SUCCESS [2023-10-21 08:53:34] downloaded après 1 split
SUCCESS [2023-10-21 08:54:03] downloaded après 8 split
INFO [2023-10-21 08:54:41] Error in check_for_error(paste0(doc)) : 
  General overpass server error; returned:
The data included in this document is from www.openstreetmap.org. The data is made available under ODbL. runtime error: Query timed out in "recurse" at line 31 after 26 seconds. 
 split (1)
SUCCESS [2023-10-21 08:55:05] downloaded après 1 split
