SUCCESS [2023-10-22 14:28:19] bbox 4.33965837656052
SUCCESS [2023-10-22 14:28:19] bbox 42.9820047706494
SUCCESS [2023-10-22 14:28:19] bbox 6.53271821793638
SUCCESS [2023-10-22 14:28:19] bbox 44.1033897940012
SUCCESS [2023-10-22 14:28:22] downloaded après 0 split
SUCCESS [2023-10-22 14:28:23] downloaded après 0 split
SUCCESS [2023-10-22 14:28:24] downloaded après 0 split
SUCCESS [2023-10-22 14:28:25] downloaded après 0 split
SUCCESS [2023-10-22 14:28:31] downloaded après 0 split
SUCCESS [2023-10-22 14:28:31] downloaded après 0 split
SUCCESS [2023-10-22 14:28:32] downloaded après 0 split
SUCCESS [2023-10-22 14:28:34] downloaded après 0 split
SUCCESS [2023-10-22 14:28:35] downloaded après 0 split
SUCCESS [2023-10-22 14:28:36] downloaded après 0 split
SUCCESS [2023-10-22 14:28:36] downloaded après 0 split
SUCCESS [2023-10-22 14:28:37] downloaded après 0 split
SUCCESS [2023-10-22 14:28:38] downloaded après 0 split
SUCCESS [2023-10-22 14:28:39] downloaded après 0 split
SUCCESS [2023-10-22 14:28:40] downloaded après 0 split
SUCCESS [2023-10-22 14:28:40] downloaded après 0 split
SUCCESS [2023-10-22 14:28:40] downloaded après 0 split
SUCCESS [2023-10-22 14:28:42] downloaded après 0 split
SUCCESS [2023-10-22 14:28:43] downloaded après 0 split
SUCCESS [2023-10-22 14:28:44] downloaded après 0 split
SUCCESS [2023-10-22 14:28:44] downloaded après 0 split
SUCCESS [2023-10-22 14:28:45] downloaded après 0 split
SUCCESS [2023-10-22 14:28:45] downloaded après 0 split
SUCCESS [2023-10-22 14:28:45] downloaded après 0 split
SUCCESS [2023-10-22 14:28:47] downloaded après 0 split
SUCCESS [2023-10-22 14:28:47] downloaded après 0 split
SUCCESS [2023-10-22 14:28:48] downloaded après 0 split
SUCCESS [2023-10-22 14:28:50] downloaded après 0 split
SUCCESS [2023-10-22 14:28:51] downloaded après 0 split
SUCCESS [2023-10-22 14:28:53] downloaded après 0 split
SUCCESS [2023-10-22 14:28:54] downloaded après 0 split
SUCCESS [2023-10-22 14:28:57] downloaded après 0 split
SUCCESS [2023-10-22 14:29:01] downloaded après 0 split
SUCCESS [2023-10-22 14:29:07] downloaded après 0 split
INFO [2023-10-22 14:29:24] Error in check_for_error(paste0(doc)) : 
  General overpass server error; returned:
The data included in this document is from www.openstreetmap.org. The data is made available under ODbL. runtime error: Query timed out in "recurse" at line 31 after 37 seconds. 
 split (1)
SUCCESS [2023-10-22 14:29:54] downloaded après 0 split
INFO [2023-10-22 14:30:08] Error in check_for_error(paste0(doc)) : 
  General overpass server error; returned:
The data included in this document is from www.openstreetmap.org. The data is made available under ODbL. runtime error: Query timed out in "recurse" at line 31 after 43 seconds. 
 split (2)
INFO [2023-10-22 14:31:11] Error in check_for_error(paste0(doc)) : 
  General overpass server error; returned:
The data included in this document is from www.openstreetmap.org. The data is made available under ODbL. runtime error: Query timed out in "recurse" at line 31 after 63 seconds. 
 split (3)
SUCCESS [2023-10-22 14:31:48] downloaded après 3 split
