SUCCESS [2023-12-11 22:12:04] bbox 4.67211380436013
SUCCESS [2023-12-11 22:12:04] bbox 43.1122699475165
SUCCESS [2023-12-11 22:12:04] bbox 5.87530671444631
SUCCESS [2023-12-11 22:12:04] bbox 43.8171619453746
SUCCESS [2023-12-11 22:12:08] downloaded après 0 split
SUCCESS [2023-12-11 22:12:09] downloaded après 0 split
SUCCESS [2023-12-11 22:12:09] downloaded après 0 split
SUCCESS [2023-12-11 22:12:11] downloaded après 0 split
SUCCESS [2023-12-11 22:12:11] downloaded après 0 split
SUCCESS [2023-12-11 22:12:12] downloaded après 0 split
SUCCESS [2023-12-11 22:12:12] downloaded après 0 split
SUCCESS [2023-12-11 22:12:13] downloaded après 0 split
SUCCESS [2023-12-11 22:12:13] downloaded après 0 split
SUCCESS [2023-12-11 22:12:14] downloaded après 0 split
SUCCESS [2023-12-11 22:12:15] downloaded après 0 split
SUCCESS [2023-12-11 22:12:18] downloaded après 0 split
SUCCESS [2023-12-11 22:12:18] downloaded après 0 split
SUCCESS [2023-12-11 22:12:19] downloaded après 0 split
SUCCESS [2023-12-11 22:12:21] downloaded après 0 split
SUCCESS [2023-12-11 22:12:22] downloaded après 0 split
SUCCESS [2023-12-11 22:12:24] downloaded après 0 split
SUCCESS [2023-12-11 22:12:25] downloaded après 0 split
SUCCESS [2023-12-11 22:12:26] downloaded après 0 split
SUCCESS [2023-12-11 22:12:27] downloaded après 0 split
SUCCESS [2023-12-11 22:12:30] downloaded après 0 split
SUCCESS [2023-12-11 22:12:31] downloaded après 0 split
SUCCESS [2023-12-11 22:12:31] downloaded après 0 split
SUCCESS [2023-12-11 22:12:32] downloaded après 0 split
SUCCESS [2023-12-11 22:12:36] downloaded après 0 split
SUCCESS [2023-12-11 22:12:39] downloaded après 0 split
SUCCESS [2023-12-11 22:12:43] downloaded après 0 split
SUCCESS [2023-12-11 22:12:49] downloaded après 0 split
SUCCESS [2023-12-11 22:12:51] downloaded après 0 split
SUCCESS [2023-12-11 22:13:01] downloaded après 0 split
INFO [2023-12-11 22:13:05] Error in check_for_error(paste0(doc)) : 
  General overpass server error; returned:
The data included in this document is from www.openstreetmap.org. The data is made available under ODbL. runtime error: Query timed out in "recurse" at line 31 after 50 seconds. 
 split (1)
INFO [2023-12-11 22:13:05] Error in check_for_error(paste0(doc)) : 
  General overpass server error; returned:
The data included in this document is from www.openstreetmap.org. The data is made available under ODbL. runtime error: Query timed out in "recurse" at line 31 after 56 seconds. 
 split (1)
INFO [2023-12-11 22:13:53] Error in check_for_error(paste0(doc)) : 
  General overpass server error; returned:
The data included in this document is from www.openstreetmap.org. The data is made available under ODbL. runtime error: Query timed out in "recurse" at line 31 after 48 seconds. 
 split (2)
INFO [2023-12-11 22:13:53] Error in check_for_error(paste0(doc)) : 
  General overpass server error; returned:
The data included in this document is from www.openstreetmap.org. The data is made available under ODbL. runtime error: Query timed out in "recurse" at line 31 after 48 seconds. 
 split (2)
SUCCESS [2023-12-11 22:14:22] downloaded après 2 split
SUCCESS [2023-12-11 22:14:23] downloaded après 2 split
SUCCESS [2023-12-11 22:14:28] downloaded après 0 split
SUCCESS [2023-12-11 22:14:34] downloaded après 0 split
SUCCESS [2023-12-11 22:14:35] downloaded après 0 split
SUCCESS [2023-12-11 22:14:54] downloaded après 0 split
