SUCCESS [2023-11-06 21:40:17] bbox 4.36437910319646
SUCCESS [2023-11-06 21:40:17] bbox 43.0007045324039
SUCCESS [2023-11-06 21:40:17] bbox 6.23706479115008
SUCCESS [2023-11-06 21:40:17] bbox 44.069745945895
SUCCESS [2023-11-06 21:40:22] downloaded après 0 split
SUCCESS [2023-11-06 21:40:24] downloaded après 0 split
SUCCESS [2023-11-06 21:40:25] downloaded après 0 split
SUCCESS [2023-11-06 21:40:26] downloaded après 0 split
SUCCESS [2023-11-06 21:40:28] downloaded après 0 split
SUCCESS [2023-11-06 21:40:29] downloaded après 0 split
SUCCESS [2023-11-06 21:40:31] downloaded après 0 split
SUCCESS [2023-11-06 21:40:32] downloaded après 0 split
SUCCESS [2023-11-06 21:40:35] downloaded après 0 split
SUCCESS [2023-11-06 21:40:36] downloaded après 0 split
SUCCESS [2023-11-06 21:40:38] downloaded après 0 split
SUCCESS [2023-11-06 21:40:43] downloaded après 0 split
SUCCESS [2023-11-06 21:40:44] downloaded après 0 split
SUCCESS [2023-11-06 21:40:44] downloaded après 0 split
SUCCESS [2023-11-06 21:40:47] downloaded après 0 split
SUCCESS [2023-11-06 21:40:50] downloaded après 0 split
SUCCESS [2023-11-06 21:40:51] downloaded après 0 split
INFO [2023-11-06 21:40:56] Error in check_for_error(paste0(doc)) : 
  General overpass server error; returned:
The data included in this document is from www.openstreetmap.org. The data is made available under ODbL. runtime error: Query timed out in "recurse" at line 31 after 30 seconds. 
 split (1)
SUCCESS [2023-11-06 21:40:57] downloaded après 0 split
SUCCESS [2023-11-06 21:40:57] downloaded après 0 split
SUCCESS [2023-11-06 21:40:57] downloaded après 0 split
SUCCESS [2023-11-06 21:41:00] downloaded après 0 split
SUCCESS [2023-11-06 21:41:02] downloaded après 0 split
SUCCESS [2023-11-06 21:41:03] downloaded après 0 split
SUCCESS [2023-11-06 21:41:04] downloaded après 0 split
INFO [2023-11-06 21:41:05] Error in check_for_error(paste0(doc)) : 
  General overpass server error; returned:
The data included in this document is from www.openstreetmap.org. The data is made available under ODbL. runtime error: Query timed out in "recurse" at line 31 after 29 seconds. 
 split (1)
SUCCESS [2023-11-06 21:41:06] downloaded après 0 split
INFO [2023-11-06 21:41:12] Error in check_for_error(paste0(doc)) : 
  General overpass server error; returned:
The data included in this document is from www.openstreetmap.org. The data is made available under ODbL. runtime error: Query timed out in "recurse" at line 31 after 32 seconds. 
 split (1)
SUCCESS [2023-11-06 21:41:20] downloaded après 0 split
SUCCESS [2023-11-06 21:41:21] downloaded après 0 split
SUCCESS [2023-11-06 21:41:25] downloaded après 0 split
SUCCESS [2023-11-06 21:41:26] downloaded après 0 split
SUCCESS [2023-11-06 21:41:30] downloaded après 1 split
INFO [2023-11-06 21:41:34] Error in check_for_error(paste0(doc)) : 
  General overpass server error; returned:
The data included in this document is from www.openstreetmap.org. The data is made available under ODbL. runtime error: Query timed out in "recurse" at line 31 after 37 seconds. 
 split (2)
INFO [2023-11-06 21:41:34] Error in check_for_error(paste0(doc)) : 
  General overpass server error; returned:
The data included in this document is from www.openstreetmap.org. The data is made available under ODbL. runtime error: Query timed out in "recurse" at line 31 after 28 seconds. 
 split (2)
SUCCESS [2023-11-06 21:41:38] downloaded après 0 split
SUCCESS [2023-11-06 21:41:45] downloaded après 0 split
INFO [2023-11-06 21:42:23] Error in check_for_error(paste0(doc)) : 
  General overpass server error; returned:
The data included in this document is from www.openstreetmap.org. The data is made available under ODbL. runtime error: Query timed out in "recurse" at line 31 after 48 seconds. 
 split (3)
INFO [2023-11-06 21:42:23] Error in check_for_error(paste0(doc)) : 
  General overpass server error; returned:
The data included in this document is from www.openstreetmap.org. The data is made available under ODbL. runtime error: Query timed out in "recurse" at line 31 after 48 seconds. 
 split (3)
INFO [2023-11-06 21:42:55] Error in check_for_error(paste0(doc)) : 
  General overpass server error; returned:
The data included in this document is from www.openstreetmap.org. The data is made available under ODbL. runtime error: Query timed out in "recurse" at line 31 after 31 seconds. 
 split (4)
SUCCESS [2023-11-06 21:43:21] downloaded après 3 split
INFO [2023-11-06 21:43:29] Error in check_for_error(paste0(doc)) : 
  General overpass server error; returned:
The data included in this document is from www.openstreetmap.org. The data is made available under ODbL. runtime error: Query timed out in "recurse" at line 31 after 34 seconds. 
 split (5)
INFO [2023-11-06 21:43:32] Error in httr2::req_perform(req) : HTTP 500 Internal Server Error.
 split (6)
INFO [2023-11-06 21:44:12] Error in check_for_error(paste0(doc)) : 
  General overpass server error; returned:
The data included in this document is from www.openstreetmap.org. The data is made available under ODbL. runtime error: Query timed out in "recurse" at line 31 after 40 seconds. 
 split (7)
INFO [2023-11-06 21:44:47] Error in check_for_error(paste0(doc)) : 
  General overpass server error; returned:
The data included in this document is from www.openstreetmap.org. The data is made available under ODbL. runtime error: Query timed out in "recurse" at line 31 after 35 seconds. 
 split (8)
SUCCESS [2023-11-06 21:45:42] downloaded après 8 split
SUCCESS [2023-11-06 21:45:54] downloaded après 0 split
SUCCESS [2023-11-06 21:46:10] downloaded après 0 split
