SUCCESS [2023-12-11 22:37:13] bbox 4.36437910319646
SUCCESS [2023-12-11 22:37:13] bbox 43.0007045324039
SUCCESS [2023-12-11 22:37:13] bbox 6.23706479115008
SUCCESS [2023-12-11 22:37:13] bbox 44.069745945895
SUCCESS [2023-12-11 22:37:16] downloaded après 0 split
SUCCESS [2023-12-11 22:37:16] downloaded après 0 split
SUCCESS [2023-12-11 22:37:18] downloaded après 0 split
SUCCESS [2023-12-11 22:37:18] downloaded après 0 split
SUCCESS [2023-12-11 22:37:21] downloaded après 0 split
SUCCESS [2023-12-11 22:37:21] downloaded après 0 split
SUCCESS [2023-12-11 22:37:22] downloaded après 0 split
SUCCESS [2023-12-11 22:37:23] downloaded après 0 split
SUCCESS [2023-12-11 22:37:24] downloaded après 0 split
SUCCESS [2023-12-11 22:37:26] downloaded après 0 split
SUCCESS [2023-12-11 22:37:29] downloaded après 0 split
SUCCESS [2023-12-11 22:37:29] downloaded après 0 split
SUCCESS [2023-12-11 22:37:31] downloaded après 0 split
SUCCESS [2023-12-11 22:37:32] downloaded après 0 split
SUCCESS [2023-12-11 22:37:32] downloaded après 0 split
SUCCESS [2023-12-11 22:37:35] downloaded après 0 split
SUCCESS [2023-12-11 22:37:35] downloaded après 0 split
SUCCESS [2023-12-11 22:37:36] downloaded après 0 split
SUCCESS [2023-12-11 22:37:38] downloaded après 0 split
SUCCESS [2023-12-11 22:37:38] downloaded après 0 split
SUCCESS [2023-12-11 22:37:39] downloaded après 0 split
SUCCESS [2023-12-11 22:37:42] downloaded après 0 split
SUCCESS [2023-12-11 22:37:44] downloaded après 0 split
SUCCESS [2023-12-11 22:37:45] downloaded après 0 split
SUCCESS [2023-12-11 22:37:46] downloaded après 0 split
SUCCESS [2023-12-11 22:37:47] downloaded après 0 split
INFO [2023-12-11 22:37:48] Error in check_for_error(paste0(doc)) : 
  General overpass server error; returned:
The data included in this document is from www.openstreetmap.org. The data is made available under ODbL. runtime error: Query timed out in "recurse" at line 31 after 27 seconds. 
 split (1)
INFO [2023-12-11 22:37:48] Error in check_for_error(paste0(doc)) : 
  General overpass server error; returned:
The data included in this document is from www.openstreetmap.org. The data is made available under ODbL. runtime error: Query timed out in "recurse" at line 31 after 28 seconds. 
 split (1)
SUCCESS [2023-12-11 22:37:52] downloaded après 0 split
SUCCESS [2023-12-11 22:37:59] downloaded après 0 split
SUCCESS [2023-12-11 22:38:00] downloaded après 0 split
INFO [2023-12-11 22:38:16] Error in check_for_error(paste0(doc)) : 
  General overpass server error; returned:
The data included in this document is from www.openstreetmap.org. The data is made available under ODbL. runtime error: Query timed out in "recurse" at line 31 after 28 seconds. 
 split (2)
INFO [2023-12-11 22:38:16] Error in check_for_error(paste0(doc)) : 
  General overpass server error; returned:
The data included in this document is from www.openstreetmap.org. The data is made available under ODbL. runtime error: Query timed out in "recurse" at line 31 after 53 seconds. 
 split (1)
INFO [2023-12-11 22:38:19] Error in check_for_error(paste0(doc)) : 
  General overpass server error; returned:
The data included in this document is from www.openstreetmap.org. The data is made available under ODbL. runtime error: Query timed out in "recurse" at line 31 after 31 seconds. 
 split (2)
SUCCESS [2023-12-11 22:38:31] downloaded après 2 split
SUCCESS [2023-12-11 22:38:47] downloaded après 0 split
SUCCESS [2023-12-11 22:38:49] downloaded après 2 split
SUCCESS [2023-12-11 22:38:54] downloaded après 0 split
SUCCESS [2023-12-11 22:39:02] downloaded après 0 split
SUCCESS [2023-12-11 22:39:02] downloaded après 1 split
SUCCESS [2023-12-11 22:39:20] downloaded après 0 split
