SUCCESS [2023-10-21 09:17:48] bbox 3.92068376124877
SUCCESS [2023-10-21 09:17:48] bbox 42.5616315509576
SUCCESS [2023-10-21 09:17:48] bbox 6.63028773684205
SUCCESS [2023-10-21 09:17:48] bbox 44.3671969649598
SUCCESS [2023-10-21 09:17:54] downloaded après 0 split
SUCCESS [2023-10-21 09:17:54] downloaded après 0 split
SUCCESS [2023-10-21 09:17:55] downloaded après 0 split
SUCCESS [2023-10-21 09:17:59] downloaded après 0 split
SUCCESS [2023-10-21 09:18:00] downloaded après 0 split
SUCCESS [2023-10-21 09:18:01] downloaded après 0 split
SUCCESS [2023-10-21 09:18:04] downloaded après 0 split
SUCCESS [2023-10-21 09:18:05] downloaded après 0 split
SUCCESS [2023-10-21 09:18:08] downloaded après 0 split
SUCCESS [2023-10-21 09:18:09] downloaded après 0 split
SUCCESS [2023-10-21 09:18:10] downloaded après 0 split
SUCCESS [2023-10-21 09:18:12] downloaded après 0 split
SUCCESS [2023-10-21 09:18:13] downloaded après 0 split
SUCCESS [2023-10-21 09:18:25] downloaded après 0 split
SUCCESS [2023-10-21 09:18:26] downloaded après 0 split
SUCCESS [2023-10-21 09:18:26] downloaded après 0 split
INFO [2023-10-21 09:18:31] Error in check_for_error(paste0(doc)) : 
  General overpass server error; returned:
The data included in this document is from www.openstreetmap.org. The data is made available under ODbL. runtime error: Query timed out in "recurse" at line 31 after 36 seconds. 
 split (1)
INFO [2023-10-21 09:18:33] Error in check_for_error(paste0(doc)) : 
  General overpass server error; returned:
The data included in this document is from www.openstreetmap.org. The data is made available under ODbL. runtime error: Query timed out in "recurse" at line 31 after 34 seconds. 
 split (1)
INFO [2023-10-21 09:18:33] Error in check_for_error(paste0(doc)) : 
  General overpass server error; returned:
The data included in this document is from www.openstreetmap.org. The data is made available under ODbL. runtime error: Query timed out in "recurse" at line 31 after 37 seconds. 
 split (1)
SUCCESS [2023-10-21 09:18:35] downloaded après 0 split
SUCCESS [2023-10-21 09:18:35] downloaded après 0 split
INFO [2023-10-21 09:18:36] Error in check_for_error(paste0(doc)) : 
  General overpass server error; returned:
The data included in this document is from www.openstreetmap.org. The data is made available under ODbL. runtime error: Query timed out in "recurse" at line 31 after 33 seconds. 
 split (1)
SUCCESS [2023-10-21 09:18:37] downloaded après 0 split
SUCCESS [2023-10-21 09:18:39] downloaded après 0 split
SUCCESS [2023-10-21 09:18:39] downloaded après 0 split
INFO [2023-10-21 09:18:42] Error in check_for_error(paste0(doc)) : 
  General overpass server error; returned:
The data included in this document is from www.openstreetmap.org. The data is made available under ODbL. runtime error: Query timed out in "recurse" at line 31 after 34 seconds. 
 split (1)
INFO [2023-10-21 09:18:59] Error in check_for_error(paste0(doc)) : 
  General overpass server error; returned:
The data included in this document is from www.openstreetmap.org. The data is made available under ODbL. runtime error: Query timed out in "query" at line 27 after 26 seconds. 
 split (2)
SUCCESS [2023-10-21 09:19:06] downloaded après 0 split
SUCCESS [2023-10-21 09:19:10] downloaded après 0 split
INFO [2023-10-21 09:19:12] Error in check_for_error(paste0(doc)) : 
  General overpass server error; returned:
The data included in this document is from www.openstreetmap.org. The data is made available under ODbL. runtime error: Query timed out in "recurse" at line 31 after 39 seconds. 
 split (2)
SUCCESS [2023-10-21 09:19:14] downloaded après 0 split
SUCCESS [2023-10-21 09:19:15] downloaded après 1 split
SUCCESS [2023-10-21 09:19:17] downloaded après 1 split
SUCCESS [2023-10-21 09:19:19] downloaded après 1 split
INFO [2023-10-21 09:19:25] Error in check_for_error(paste0(doc)) : 
  General overpass server error; returned:
The data included in this document is from www.openstreetmap.org. The data is made available under ODbL. runtime error: Query timed out in "query" at line 19 after 26 seconds. 
 split (3)
SUCCESS [2023-10-21 09:19:29] downloaded après 0 split
SUCCESS [2023-10-21 09:19:46] downloaded après 0 split
INFO [2023-10-21 09:20:00] Error in check_for_error(paste0(doc)) : 
  General overpass server error; returned:
The data included in this document is from www.openstreetmap.org. The data is made available under ODbL. runtime error: Query timed out in "recurse" at line 31 after 36 seconds. 
 split (1)
SUCCESS [2023-10-21 09:20:04] downloaded après 2 split
SUCCESS [2023-10-21 09:20:09] downloaded après 0 split
SUCCESS [2023-10-21 09:20:10] downloaded après 0 split
SUCCESS [2023-10-21 09:20:11] downloaded après 3 split
SUCCESS [2023-10-21 09:20:11] downloaded après 0 split
SUCCESS [2023-10-21 09:20:46] downloaded après 1 split
INFO [2023-10-21 09:20:50] Error in check_for_error(paste0(doc)) : 
  General overpass server error; returned:
The data included in this document is from www.openstreetmap.org. The data is made available under ODbL. runtime error: Query timed out in "recurse" at line 31 after 28 seconds. 
 split (1)
SUCCESS [2023-10-21 09:21:25] downloaded après 1 split
