SUCCESS [2023-10-22 13:37:44] bbox 4.33965837656052
SUCCESS [2023-10-22 13:37:44] bbox 42.9820047706494
SUCCESS [2023-10-22 13:37:44] bbox 6.53271821793638
SUCCESS [2023-10-22 13:37:44] bbox 44.1033897940012
SUCCESS [2023-10-22 13:37:49] downloaded après 0 split
SUCCESS [2023-10-22 13:37:50] downloaded après 0 split
SUCCESS [2023-10-22 13:37:52] downloaded après 0 split
SUCCESS [2023-10-22 13:37:53] downloaded après 0 split
SUCCESS [2023-10-22 13:37:55] downloaded après 0 split
SUCCESS [2023-10-22 13:37:56] downloaded après 0 split
SUCCESS [2023-10-22 13:37:57] downloaded après 0 split
SUCCESS [2023-10-22 13:37:57] downloaded après 0 split
SUCCESS [2023-10-22 13:37:59] downloaded après 0 split
SUCCESS [2023-10-22 13:37:59] downloaded après 0 split
SUCCESS [2023-10-22 13:38:01] downloaded après 0 split
SUCCESS [2023-10-22 13:38:02] downloaded après 0 split
SUCCESS [2023-10-22 13:38:03] downloaded après 0 split
SUCCESS [2023-10-22 13:38:04] downloaded après 0 split
SUCCESS [2023-10-22 13:38:04] downloaded après 0 split
SUCCESS [2023-10-22 13:38:05] downloaded après 0 split
SUCCESS [2023-10-22 13:38:07] downloaded après 0 split
SUCCESS [2023-10-22 13:38:07] downloaded après 0 split
SUCCESS [2023-10-22 13:38:08] downloaded après 0 split
SUCCESS [2023-10-22 13:38:08] downloaded après 0 split
SUCCESS [2023-10-22 13:38:11] downloaded après 0 split
SUCCESS [2023-10-22 13:38:12] downloaded après 0 split
SUCCESS [2023-10-22 13:38:12] downloaded après 0 split
SUCCESS [2023-10-22 13:38:14] downloaded après 0 split
SUCCESS [2023-10-22 13:38:15] downloaded après 0 split
SUCCESS [2023-10-22 13:38:16] downloaded après 0 split
SUCCESS [2023-10-22 13:38:17] downloaded après 0 split
SUCCESS [2023-10-22 13:38:18] downloaded après 0 split
SUCCESS [2023-10-22 13:38:19] downloaded après 0 split
SUCCESS [2023-10-22 13:38:22] downloaded après 0 split
SUCCESS [2023-10-22 13:38:25] downloaded après 0 split
SUCCESS [2023-10-22 13:38:26] downloaded après 0 split
SUCCESS [2023-10-22 13:38:27] downloaded après 0 split
SUCCESS [2023-10-22 13:38:30] downloaded après 0 split
INFO [2023-10-22 13:38:34] Error in check_for_error(paste0(doc)) : 
  General overpass server error; returned:
The data included in this document is from www.openstreetmap.org. The data is made available under ODbL. runtime error: Query timed out in "recurse" at line 31 after 39 seconds. 
 split (1)
SUCCESS [2023-10-22 13:39:06] downloaded après 1 split
SUCCESS [2023-10-22 13:39:18] downloaded après 0 split
