SUCCESS [2023-10-27 20:11:54] Calcul accessibilite version 2
SUCCESS [2023-10-27 20:11:54] $type
SUCCESS [2023-10-27 20:11:54] [1] "dodgr"
SUCCESS [2023-10-27 20:11:54] 
SUCCESS [2023-10-27 20:11:54] $path
SUCCESS [2023-10-27 20:11:54] /space_mounts/data/marseille//dodgr/
SUCCESS [2023-10-27 20:11:54] FALSE
SUCCESS [2023-10-27 20:11:54] 
SUCCESS [2023-10-27 20:11:54] $pg
SUCCESS [2023-10-27 20:11:54] NULL
SUCCESS [2023-10-27 20:11:54] 
SUCCESS [2023-10-27 20:11:54] $distances
SUCCESS [2023-10-27 20:11:54] [1] TRUE
SUCCESS [2023-10-27 20:11:54] 
SUCCESS [2023-10-27 20:11:54] $denivele
SUCCESS [2023-10-27 20:11:54] [1] TRUE
SUCCESS [2023-10-27 20:11:54] 
SUCCESS [2023-10-27 20:11:54] $pkg
SUCCESS [2023-10-27 20:11:54] [1] "dodgr"
SUCCESS [2023-10-27 20:11:54] 
SUCCESS [2023-10-27 20:11:54] $turn_penalty
SUCCESS [2023-10-27 20:11:54] [1] TRUE
SUCCESS [2023-10-27 20:11:54] 
SUCCESS [2023-10-27 20:11:54] $graph_name
SUCCESS [2023-10-27 20:11:54] /space_mounts/data/marseille//dodgr//marseille.foot.dodgrnet
SUCCESS [2023-10-27 20:11:54] FALSE
SUCCESS [2023-10-27 20:11:54] 
SUCCESS [2023-10-27 20:11:54] $string
SUCCESS [2023-10-27 20:11:54] dodgr routing foot sur /space_mounts/data/marseille//dodgr/ a 2023-10-27 20:11:46.517806
SUCCESS [2023-10-27 20:11:54] FALSE
SUCCESS [2023-10-27 20:11:54] 
SUCCESS [2023-10-27 20:11:54] $departure_datetime
SUCCESS [2023-10-27 20:11:54] [1] "2019-12-17 08:00:00 UTC"
SUCCESS [2023-10-27 20:11:54] 
SUCCESS [2023-10-27 20:11:54] $mode
SUCCESS [2023-10-27 20:11:54] [1] "foot"
SUCCESS [2023-10-27 20:11:54] 
SUCCESS [2023-10-27 20:11:54] $n_threads
SUCCESS [2023-10-27 20:11:54] [1] 8
SUCCESS [2023-10-27 20:11:54] 
SUCCESS [2023-10-27 20:11:54] $future
SUCCESS [2023-10-27 20:11:54] [1] TRUE
SUCCESS [2023-10-27 20:11:54] 
SUCCESS [2023-10-27 20:11:54] $future_routing
SUCCESS [2023-10-27 20:11:54] function(routing) {
SUCCESS [2023-10-27 20:11:54]       rout <- routing
SUCCESS [2023-10-27 20:11:54]       rout$processed_graph <- NULL
SUCCESS [2023-10-27 20:11:54]       rout$elevation_data <- NULL
SUCCESS [2023-10-27 20:11:54]       return(rout)
SUCCESS [2023-10-27 20:11:54]     }
SUCCESS [2023-10-27 20:11:54] <bytecode: 0x5599bccd0010>
SUCCESS [2023-10-27 20:11:54] <environment: 0x5599bd558308>
SUCCESS [2023-10-27 20:11:54] 
SUCCESS [2023-10-27 20:11:54] $core_init
SUCCESS [2023-10-27 20:11:54] function(routing){
SUCCESS [2023-10-27 20:11:54]       RcppParallel::setThreadOptions(numThreads = routing$n_threads)
SUCCESS [2023-10-27 20:11:54]       rout <- routing
SUCCESS [2023-10-27 20:11:54]       rout$pg <- load_streetnet(routing$graph_name)
SUCCESS [2023-10-27 20:11:54]       if("dz"%in% names(rout$pg$graph)) {
SUCCESS [2023-10-27 20:11:54]         rout$pg$graph$dzplus <-
SUCCESS [2023-10-27 20:11:54]           rout$pg$graph$dz * rout$pg$graph$d * (rout$pg$graph$dz >0)
SUCCESS [2023-10-27 20:11:54]         rout$pg$graph_compound$dzplus <- 
SUCCESS [2023-10-27 20:11:54]           rout$pg$graph_compound$dz * rout$pg$graph_compound$d * (rout$pg$graph_compound$dz >0)
SUCCESS [2023-10-27 20:11:54]         rout$pg$graph_compound$dzplus[is.na(rout$pg$graph_compound$dzplus)] <- 0
SUCCESS [2023-10-27 20:11:54]         }
SUCCESS [2023-10-27 20:11:54]       logger::log_info("router {graph_name} chargé")
SUCCESS [2023-10-27 20:11:54]       return(rout)
SUCCESS [2023-10-27 20:11:54]     }
SUCCESS [2023-10-27 20:11:54] <bytecode: 0x5599bccc9e18>
SUCCESS [2023-10-27 20:11:54] <environment: 0x5599bd558308>
SUCCESS [2023-10-27 20:11:54] 
SUCCESS [2023-10-27 20:11:54] 
SUCCESS [2023-10-27 20:11:54] tmax:120
SUCCESS [2023-10-27 20:11:54] pdt:1
SUCCESS [2023-10-27 20:11:54] chunk:20M
SUCCESS [2023-10-27 20:11:54] resolution:200
SUCCESS [2023-10-27 20:11:54] out:200
SUCCESS [2023-10-27 20:11:54] les variables sont emplois
SUCCESS [2023-10-27 20:11:55] taille:333.6M gr:17 res_gr:12800
SUCCESS [2023-10-27 20:11:55] 26k ou, 12.8k quoi
SUCCESS [2023-10-27 20:11:55] 33 carreaux, 8 subsampling
SUCCESS [2023-10-27 20:11:55] future:TRUE, 4 workers
INFO [69728] [2023-10-27 20:13:21] router /space_mounts/data/marseille//dodgr//marseille.foot.dodgrnet chargé
INFO [69729] [2023-10-27 20:13:21] router /space_mounts/data/marseille//dodgr//marseille.foot.dodgrnet chargé
INFO [69727] [2023-10-27 20:13:21] router /space_mounts/data/marseille//dodgr//marseille.foot.dodgrnet chargé
INFO [69726] [2023-10-27 20:13:21] router /space_mounts/data/marseille//dodgr//marseille.foot.dodgrnet chargé
INFO [69729] [2023-10-27 20:13:22] dodgr_ttm called, TRUE, 8x500
INFO [69728] [2023-10-27 20:13:22] dodgr_ttm called, TRUE, 7x21
INFO [69727] [2023-10-27 20:13:22] dodgr_ttm called, TRUE, 8x1203
INFO [69726] [2023-10-27 20:13:22] dodgr_ttm called, TRUE, 8x573
INFO [69728] [2023-10-27 20:13:38] dodgr_ttm called, FALSE, 7x12829
INFO [69729] [2023-10-27 20:13:41] dodgr_ttm called, FALSE, 8x12829
INFO [69726] [2023-10-27 20:13:41] dodgr_ttm called, FALSE, 8x12829
INFO [69727] [2023-10-27 20:13:43] dodgr_ttm called, FALSE, 8x12829
INFO [69728] [2023-10-27 20:16:43] dodgr_ttm called, FALSE, 6x175
INFO [69729] [2023-10-27 20:16:44] dodgr_ttm called, FALSE, 47x210
INFO [69726] [2023-10-27 20:16:45] dodgr_ttm called, FALSE, 80x163
INFO [69727] [2023-10-27 20:16:46] dodgr_ttm called, FALSE, 52x207
INFO [69728] [2023-10-27 20:17:22] paquet:N2227200E3955200 ppou:6 ttm ok 956
INFO [69728] [2023-10-27 20:17:22] dodgr_ttm called, FALSE, 3x159
INFO [69729] [2023-10-27 20:17:27] paquet:N2265600E3904000 ppou:10096 ttm ok 9078
INFO [69729] [2023-10-27 20:17:27] dodgr_ttm called, FALSE, 32x239
INFO [69726] [2023-10-27 20:17:28] paquet:N2252800E3916800 ppou:5157 ttm ok 4344
INFO [69726] [2023-10-27 20:17:28] dodgr_ttm called, FALSE, 48x135
INFO [69727] [2023-10-27 20:17:29] paquet:N2291200E3929600 ppou:21751 ttm ok 5414
INFO [69727] [2023-10-27 20:17:29] dodgr_ttm called, FALSE, 60x675
INFO [69728] [2023-10-27 20:18:01] paquet:N2227200E3955200 ppou:16 ttm ok 469
INFO [69728] [2023-10-27 20:18:01] dodgr_ttm called, FALSE, 6x185
INFO [69729] [2023-10-27 20:18:08] paquet:N2265600E3904000 ppou:10270 ttm ok 6107
INFO [69729] [2023-10-27 20:18:08] dodgr_ttm called, FALSE, 26x351
INFO [69726] [2023-10-27 20:18:09] paquet:N2252800E3916800 ppou:5364 ttm ok 4511
INFO [69726] [2023-10-27 20:18:09] dodgr_ttm called, FALSE, 122x218
INFO [69727] [2023-10-27 20:18:16] paquet:N2291200E3929600 ppou:22177 ttm ok 17321
INFO [69727] [2023-10-27 20:18:16] dodgr_ttm called, FALSE, 98x720
INFO [69728] [2023-10-27 20:18:45] paquet:N2227200E3955200 ppou:19 ttm ok 1026
INFO [69728] [2023-10-27 20:18:45] dodgr_ttm called, FALSE, 5x158
INFO [69729] [2023-10-27 20:18:55] paquet:N2265600E3904000 ppou:10431 ttm ok 5624
INFO [69729] [2023-10-27 20:18:55] dodgr_ttm called, FALSE, 85x330
INFO [69727] [2023-10-27 20:19:09] paquet:N2291200E3929600 ppou:22178 ttm ok 24787
INFO [69727] [2023-10-27 20:19:09] dodgr_ttm called, FALSE, 101x395
INFO [69728] [2023-10-27 20:19:29] paquet:N2227200E3955200 ppou:22 ttm ok 771
INFO [69728] [2023-10-27 20:19:29] dodgr_ttm called, FALSE, 1x201
INFO [69729] [2023-10-27 20:19:43] paquet:N2265600E3904000 ppou:11062 ttm ok 16272
INFO [69729] [2023-10-27 20:19:43] dodgr_ttm called, FALSE, 21x158
INFO [69727] [2023-10-27 20:20:05] paquet:N2291200E3929600 ppou:22288 ttm ok 11746
INFO [69727] [2023-10-27 20:20:05] dodgr_ttm called, FALSE, 81x202
INFO [69728] [2023-10-27 20:20:11] paquet:N2227200E3955200 ppou:25 ttm ok 157
SUCCESS [69728] [2023-10-27 20:20:11] carreau:N2227200E3955200 5 ancres 93.4k@228.6p/s demandees, 4.6k@11.4p/s retenues
INFO [69728] [2023-10-27 20:20:13] dodgr_ttm called, TRUE, 8x1333
INFO [69729] [2023-10-27 20:20:29] paquet:N2265600E3904000 ppou:12173 ttm ok 3231
INFO [69729] [2023-10-27 20:20:29] dodgr_ttm called, FALSE, 142x148
INFO [69728] [2023-10-27 20:20:33] dodgr_ttm called, FALSE, 8x12829
INFO [69726] [2023-10-27 20:21:01] paquet:N2252800E3916800 ppou:5479 ttm ok 10938
INFO [69726] [2023-10-27 20:21:01] dodgr_ttm called, FALSE, 26x133
INFO [69727] [2023-10-27 20:21:02] paquet:N2291200E3929600 ppou:22671 ttm ok 9637
INFO [69727] [2023-10-27 20:21:02] dodgr_ttm called, FALSE, 147x512
INFO [69729] [2023-10-27 20:21:34] paquet:N2265600E3904000 ppou:13763 ttm ok 17047
INFO [69729] [2023-10-27 20:21:34] dodgr_ttm called, FALSE, 71x293
INFO [69726] [2023-10-27 20:21:47] paquet:N2252800E3916800 ppou:5755 ttm ok 2502
INFO [69726] [2023-10-27 20:21:47] dodgr_ttm called, FALSE, 41x187
INFO [69727] [2023-10-27 20:22:01] paquet:N2291200E3929600 ppou:23069 ttm ok 20960
INFO [69727] [2023-10-27 20:22:01] dodgr_ttm called, FALSE, 137x362
INFO [69729] [2023-10-27 20:22:24] paquet:N2265600E3904000 ppou:14130 ttm ok 12481
INFO [69729] [2023-10-27 20:22:24] dodgr_ttm called, FALSE, 36x213
INFO [69728] [2023-10-27 20:22:28] dodgr_ttm called, FALSE, 317x471
INFO [69726] [2023-10-27 20:22:35] paquet:N2252800E3916800 ppou:5883 ttm ok 4060
INFO [69726] [2023-10-27 20:22:35] dodgr_ttm called, FALSE, 86x238
INFO [69727] [2023-10-27 20:23:00] paquet:N2291200E3929600 ppou:23572 ttm ok 16448
INFO [69727] [2023-10-27 20:23:01] dodgr_ttm called, FALSE, 478x419
INFO [69729] [2023-10-27 20:23:15] paquet:N2265600E3904000 ppou:15215 ttm ok 5181
SUCCESS [69729] [2023-10-27 20:23:15] carreau:N2265600E3904000 8 ancres 210.1k@354.8p/s demandees, 77.1k@130.2p/s retenues
INFO [69729] [2023-10-27 20:23:16] dodgr_ttm called, TRUE, 8x554
INFO [69729] [2023-10-27 20:23:40] dodgr_ttm called, FALSE, 8x12829
INFO [69728] [2023-10-27 20:23:45] paquet:N2240000E3955200 ppou:274 ttm ok 67639
INFO [69728] [2023-10-27 20:23:45] dodgr_ttm called, FALSE, 192x487
INFO [69728] [2023-10-27 20:25:21] paquet:N2240000E3955200 ppou:407 ttm ok 45217
INFO [69728] [2023-10-27 20:25:21] dodgr_ttm called, FALSE, 56x310
INFO [69726] [2023-10-27 20:25:27] paquet:N2252800E3916800 ppou:7451 ttm ok 14118
INFO [69726] [2023-10-27 20:25:27] dodgr_ttm called, FALSE, 126x197
INFO [69729] [2023-10-27 20:26:09] dodgr_ttm called, FALSE, 171x240
INFO [69728] [2023-10-27 20:26:23] paquet:N2240000E3955200 ppou:438 ttm ok 14117
INFO [69728] [2023-10-27 20:26:24] dodgr_ttm called, FALSE, 239x622
INFO [69729] [2023-10-27 20:27:25] paquet:N2278400E3904000 ppou:16295 ttm ok 22119
INFO [69729] [2023-10-27 20:27:25] dodgr_ttm called, FALSE, 34x219
INFO [69728] [2023-10-27 20:27:57] paquet:N2240000E3955200 ppou:769 ttm ok 40302
INFO [69728] [2023-10-27 20:27:57] dodgr_ttm called, FALSE, 184x717
INFO [69729] [2023-10-27 20:28:28] paquet:N2278400E3904000 ppou:16469 ttm ok 4094
INFO [69729] [2023-10-27 20:28:28] dodgr_ttm called, FALSE, 90x163
INFO [69726] [2023-10-27 20:28:43] paquet:N2252800E3916800 ppou:7871 ttm ok 13424
INFO [69726] [2023-10-27 20:28:43] dodgr_ttm called, FALSE, 40x383
INFO [69728] [2023-10-27 20:29:17] paquet:N2240000E3955200 ppou:1306 ttm ok 47948
INFO [69728] [2023-10-27 20:29:17] dodgr_ttm called, FALSE, 87x588
INFO [69729] [2023-10-27 20:29:23] paquet:N2278400E3904000 ppou:16590 ttm ok 11282
INFO [69729] [2023-10-27 20:29:23] dodgr_ttm called, FALSE, 27x260
INFO [69726] [2023-10-27 20:29:32] paquet:N2252800E3916800 ppou:7887 ttm ok 9302
SUCCESS [69726] [2023-10-27 20:29:32] carreau:N2252800E3916800 8 ancres 220.5k@227.4p/s demandees, 65.5k@67.6p/s retenues
INFO [69726] [2023-10-27 20:29:34] dodgr_ttm called, TRUE, 1x6
INFO [69726] [2023-10-27 20:29:48] dodgr_ttm called, FALSE, 1x12829
INFO [69729] [2023-10-27 20:30:18] paquet:N2278400E3904000 ppou:17801 ttm ok 3265
INFO [69729] [2023-10-27 20:30:18] dodgr_ttm called, FALSE, 6x123
INFO [69728] [2023-10-27 20:30:22] paquet:N2240000E3955200 ppou:1854 ttm ok 24107
INFO [69728] [2023-10-27 20:30:22] dodgr_ttm called, FALSE, 82x965
INFO [69729] [2023-10-27 20:31:13] paquet:N2278400E3904000 ppou:18356 ttm ok 719
INFO [69729] [2023-10-27 20:31:13] dodgr_ttm called, FALSE, 6x124
INFO [69728] [2023-10-27 20:31:36] paquet:N2240000E3955200 ppou:2253 ttm ok 35703
INFO [69728] [2023-10-27 20:31:36] dodgr_ttm called, FALSE, 174x1267
INFO [69726] [2023-10-27 20:31:49] dodgr_ttm called, FALSE, 3x122
INFO [69729] [2023-10-27 20:32:03] paquet:N2278400E3904000 ppou:18577 ttm ok 739
INFO [69729] [2023-10-27 20:32:03] dodgr_ttm called, FALSE, 146x468
INFO [69727] [2023-10-27 20:32:04] paquet:N2291200E3929600 ppou:25270 ttm ok 65180
SUCCESS [69727] [2023-10-27 20:32:04] carreau:N2291200E3929600 8 ancres 605.9k@540.1p/s demandees, 176.5k@157.3p/s retenues
INFO [69727] [2023-10-27 20:32:06] dodgr_ttm called, TRUE, 8x790
INFO [69727] [2023-10-27 20:32:24] dodgr_ttm called, FALSE, 8x12829
INFO [69726] [2023-10-27 20:32:40] paquet:N2252800E3904000 ppou:6986 ttm ok 188
SUCCESS [69726] [2023-10-27 20:32:40] carreau:N2252800E3904000 1 ancres 13.2k@71.1p/s demandees, 313@1.7p/s retenues
INFO [69726] [2023-10-27 20:32:43] dodgr_ttm called, FALSE, 1x12819
INFO [69728] [2023-10-27 20:32:47] paquet:N2240000E3955200 ppou:2331 ttm ok 93158
SUCCESS [69728] [2023-10-27 20:32:47] carreau:N2240000E3955200 8 ancres 994.1k@1.3kp/s demandees, 375.4k@497.7p/s retenues
INFO [69728] [2023-10-27 20:32:51] dodgr_ttm called, TRUE, 8x203
INFO [69729] [2023-10-27 20:33:11] paquet:N2278400E3904000 ppou:20189 ttm ok 15873
INFO [69729] [2023-10-27 20:33:11] dodgr_ttm called, FALSE, 19x449
INFO [69728] [2023-10-27 20:33:11] dodgr_ttm called, FALSE, 8x12829
INFO [69729] [2023-10-27 20:34:14] paquet:N2278400E3904000 ppou:20429 ttm ok 3834
SUCCESS [69729] [2023-10-27 20:34:14] carreau:N2278400E3904000 8 ancres 251.1k@381.8p/s demandees, 64.4k@98p/s retenues
INFO [69729] [2023-10-27 20:34:19] dodgr_ttm called, TRUE, 8x1121
INFO [69727] [2023-10-27 20:34:41] dodgr_ttm called, FALSE, 12x268
INFO [69729] [2023-10-27 20:34:44] dodgr_ttm called, FALSE, 8x12829
SUCCESS [69726] [2023-10-27 20:35:02] carreau:N2252800E3891200 0 ancres 12.8k@92.4p/s demandees, 6@43.2mp/s retenues
INFO [69726] [2023-10-27 20:35:06] dodgr_ttm called, TRUE, 8x637
INFO [69726] [2023-10-27 20:35:24] dodgr_ttm called, FALSE, 8x12829
INFO [69728] [2023-10-27 20:35:31] dodgr_ttm called, FALSE, 35x112
INFO [69727] [2023-10-27 20:35:37] paquet:N2291200E3942400 ppou:21475 ttm ok 1563
INFO [69727] [2023-10-27 20:35:37] dodgr_ttm called, FALSE, 38x318
INFO [69728] [2023-10-27 20:36:30] paquet:N2240000E3968000 ppou:1257 ttm ok 944
INFO [69728] [2023-10-27 20:36:30] dodgr_ttm called, FALSE, 8x139
INFO [69727] [2023-10-27 20:36:36] paquet:N2291200E3942400 ppou:21481 ttm ok 6455
INFO [69727] [2023-10-27 20:36:36] dodgr_ttm called, FALSE, 59x354
INFO [69729] [2023-10-27 20:36:49] dodgr_ttm called, FALSE, 67x272
INFO [69728] [2023-10-27 20:37:16] paquet:N2240000E3968000 ppou:1421 ttm ok 406
INFO [69728] [2023-10-27 20:37:16] dodgr_ttm called, FALSE, 12x648
INFO [69726] [2023-10-27 20:37:22] dodgr_ttm called, FALSE, 97x290
INFO [69727] [2023-10-27 20:37:27] paquet:N2291200E3942400 ppou:22296 ttm ok 4781
INFO [69727] [2023-10-27 20:37:27] dodgr_ttm called, FALSE, 314x451
INFO [69729] [2023-10-27 20:37:36] paquet:N2278400E3916800 ppou:15826 ttm ok 9009
INFO [69729] [2023-10-27 20:37:36] dodgr_ttm called, FALSE, 44x528
INFO [69728] [2023-10-27 20:38:05] paquet:N2240000E3968000 ppou:1458 ttm ok 1670
INFO [69728] [2023-10-27 20:38:05] dodgr_ttm called, FALSE, 5x61
INFO [69729] [2023-10-27 20:38:25] paquet:N2278400E3916800 ppou:16211 ttm ok 5834
INFO [69729] [2023-10-27 20:38:25] dodgr_ttm called, FALSE, 98x561
INFO [69727] [2023-10-27 20:38:44] paquet:N2291200E3942400 ppou:22886 ttm ok 31738
INFO [69727] [2023-10-27 20:38:44] dodgr_ttm called, FALSE, 103x284
INFO [69728] [2023-10-27 20:38:48] paquet:N2240000E3968000 ppou:1460 ttm ok 161
INFO [69728] [2023-10-27 20:38:48] dodgr_ttm called, FALSE, 47x101
INFO [69729] [2023-10-27 20:39:21] paquet:N2278400E3916800 ppou:16396 ttm ok 16334
INFO [69729] [2023-10-27 20:39:21] dodgr_ttm called, FALSE, 97x440
INFO [69728] [2023-10-27 20:39:33] paquet:N2240000E3968000 ppou:1540 ttm ok 1289
INFO [69728] [2023-10-27 20:39:33] dodgr_ttm called, FALSE, 23x67
INFO [69727] [2023-10-27 20:39:38] paquet:N2291200E3942400 ppou:23006 ttm ok 13977
INFO [69727] [2023-10-27 20:39:38] dodgr_ttm called, FALSE, 100x291
INFO [69726] [2023-10-27 20:40:03] paquet:N2265600E3916800 ppou:8406 ttm ok 14161
INFO [69726] [2023-10-27 20:40:03] dodgr_ttm called, FALSE, 125x291
INFO [69729] [2023-10-27 20:40:11] paquet:N2278400E3916800 ppou:17932 ttm ok 13458
INFO [69729] [2023-10-27 20:40:11] dodgr_ttm called, FALSE, 95x398
INFO [69728] [2023-10-27 20:40:16] paquet:N2240000E3968000 ppou:1583 ttm ok 868
INFO [69728] [2023-10-27 20:40:16] dodgr_ttm called, FALSE, 24x42
INFO [69727] [2023-10-27 20:40:27] paquet:N2291200E3942400 ppou:23310 ttm ok 8713
INFO [69727] [2023-10-27 20:40:27] dodgr_ttm called, FALSE, 52x163
INFO [69728] [2023-10-27 20:41:03] paquet:N2240000E3968000 ppou:1939 ttm ok 615
INFO [69728] [2023-10-27 20:41:03] dodgr_ttm called, FALSE, 33x81
INFO [69729] [2023-10-27 20:41:04] paquet:N2278400E3916800 ppou:19126 ttm ok 15664
INFO [69729] [2023-10-27 20:41:04] dodgr_ttm called, FALSE, 302x548
INFO [69727] [2023-10-27 20:41:13] paquet:N2291200E3942400 ppou:23505 ttm ok 3721
INFO [69727] [2023-10-27 20:41:13] dodgr_ttm called, FALSE, 64x573
INFO [69728] [2023-10-27 20:41:56] paquet:N2240000E3968000 ppou:1940 ttm ok 986
SUCCESS [69728] [2023-10-27 20:41:56] carreau:N2240000E3968000 8 ancres 125.7k@230.7p/s demandees, 10.1k@18.5p/s retenues
INFO [69728] [2023-10-27 20:41:58] dodgr_ttm called, TRUE, 8x768
INFO [69727] [2023-10-27 20:42:12] paquet:N2291200E3942400 ppou:24316 ttm ok 6268
SUCCESS [69727] [2023-10-27 20:42:12] carreau:N2291200E3942400 8 ancres 383.9k@633.8p/s demandees, 82.4k@136.1p/s retenues
INFO [69727] [2023-10-27 20:42:14] dodgr_ttm called, TRUE, 8x808
INFO [69728] [2023-10-27 20:42:15] dodgr_ttm called, FALSE, 8x12829
INFO [69729] [2023-10-27 20:42:23] paquet:N2278400E3916800 ppou:19352 ttm ok 93481
INFO [69729] [2023-10-27 20:42:23] dodgr_ttm called, FALSE, 175x416
INFO [69727] [2023-10-27 20:42:40] dodgr_ttm called, FALSE, 8x12829
INFO [69726] [2023-10-27 20:43:25] paquet:N2265600E3916800 ppou:9184 ttm ok 13028
INFO [69726] [2023-10-27 20:43:25] dodgr_ttm called, FALSE, 96x187
INFO [69729] [2023-10-27 20:43:46] paquet:N2278400E3916800 ppou:19799 ttm ok 34834
INFO [69729] [2023-10-27 20:43:46] dodgr_ttm called, FALSE, 126x493
INFO [69726] [2023-10-27 20:44:24] paquet:N2265600E3916800 ppou:10286 ttm ok 16807
INFO [69726] [2023-10-27 20:44:24] dodgr_ttm called, FALSE, 41x181
INFO [69728] [2023-10-27 20:44:29] dodgr_ttm called, FALSE, 43x213
INFO [69727] [2023-10-27 20:44:48] dodgr_ttm called, FALSE, 122x87
INFO [69729] [2023-10-27 20:44:48] paquet:N2278400E3916800 ppou:20988 ttm ok 46755
SUCCESS [69729] [2023-10-27 20:44:48] carreau:N2278400E3916800 8 ancres 580k@922.4p/s demandees, 239.5k@380.9p/s retenues
INFO [69729] [2023-10-27 20:44:50] dodgr_ttm called, TRUE, 8x1157
INFO [69729] [2023-10-27 20:45:07] dodgr_ttm called, FALSE, 8x12829
INFO [69726] [2023-10-27 20:45:08] paquet:N2265600E3916800 ppou:10621 ttm ok 7122
INFO [69726] [2023-10-27 20:45:08] dodgr_ttm called, FALSE, 77x274
INFO [69728] [2023-10-27 20:45:13] paquet:N2240000E3942400 ppou:849 ttm ok 5569
INFO [69728] [2023-10-27 20:45:13] dodgr_ttm called, FALSE, 142x1782
INFO [69727] [2023-10-27 20:45:41] paquet:N2291200E3955200 ppou:21318 ttm ok 5266
INFO [69727] [2023-10-27 20:45:41] dodgr_ttm called, FALSE, 71x281
INFO [69726] [2023-10-27 20:46:07] paquet:N2265600E3916800 ppou:12055 ttm ok 13237
INFO [69726] [2023-10-27 20:46:07] dodgr_ttm called, FALSE, 85x221
INFO [69728] [2023-10-27 20:46:25] paquet:N2240000E3942400 ppou:1110 ttm ok 95256
INFO [69728] [2023-10-27 20:46:25] dodgr_ttm called, FALSE, 41x1580
INFO [69727] [2023-10-27 20:46:37] paquet:N2291200E3955200 ppou:21773 ttm ok 13739
INFO [69727] [2023-10-27 20:46:37] dodgr_ttm called, FALSE, 113x355
INFO [69726] [2023-10-27 20:47:00] paquet:N2265600E3916800 ppou:13166 ttm ok 10622
INFO [69726] [2023-10-27 20:47:00] dodgr_ttm called, FALSE, 80x279
INFO [69729] [2023-10-27 20:47:02] dodgr_ttm called, FALSE, 84x541
INFO [69728] [2023-10-27 20:47:21] paquet:N2240000E3942400 ppou:1281 ttm ok 33231
INFO [69728] [2023-10-27 20:47:21] dodgr_ttm called, FALSE, 153x1837
INFO [69727] [2023-10-27 20:47:31] paquet:N2291200E3955200 ppou:21782 ttm ok 12275
INFO [69727] [2023-10-27 20:47:31] dodgr_ttm called, FALSE, 44x297
INFO [69726] [2023-10-27 20:47:48] paquet:N2265600E3916800 ppou:14475 ttm ok 14439
SUCCESS [69726] [2023-10-27 20:47:48] carreau:N2265600E3916800 7 ancres 241.9k@317.3p/s demandees, 91.5k@120p/s retenues
INFO [69726] [2023-10-27 20:47:50] dodgr_ttm called, TRUE, 8x1306
INFO [69729] [2023-10-27 20:47:51] paquet:N2278400E3929600 ppou:15309 ttm ok 22540
INFO [69729] [2023-10-27 20:47:51] dodgr_ttm called, FALSE, 111x358
INFO [69726] [2023-10-27 20:48:08] dodgr_ttm called, FALSE, 8x12829
INFO [69727] [2023-10-27 20:48:22] paquet:N2291200E3955200 ppou:23766 ttm ok 8890
INFO [69727] [2023-10-27 20:48:22] dodgr_ttm called, FALSE, 187x387
INFO [69728] [2023-10-27 20:48:33] paquet:N2240000E3942400 ppou:1383 ttm ok 142800
INFO [69728] [2023-10-27 20:48:33] dodgr_ttm called, FALSE, 79x1650
INFO [69729] [2023-10-27 20:48:49] paquet:N2278400E3929600 ppou:16715 ttm ok 24870
INFO [69729] [2023-10-27 20:48:49] dodgr_ttm called, FALSE, 93x350
INFO [69727] [2023-10-27 20:49:31] paquet:N2291200E3955200 ppou:23901 ttm ok 37311
INFO [69727] [2023-10-27 20:49:31] dodgr_ttm called, FALSE, 77x366
INFO [69728] [2023-10-27 20:49:41] paquet:N2240000E3942400 ppou:1477 ttm ok 75521
INFO [69728] [2023-10-27 20:49:41] dodgr_ttm called, FALSE, 119x1645
INFO [69729] [2023-10-27 20:49:49] paquet:N2278400E3929600 ppou:16826 ttm ok 21630
INFO [69729] [2023-10-27 20:49:49] dodgr_ttm called, FALSE, 224x563
INFO [69726] [2023-10-27 20:50:07] dodgr_ttm called, FALSE, 236x755
INFO [69727] [2023-10-27 20:50:31] paquet:N2291200E3955200 ppou:23907 ttm ok 12763
INFO [69727] [2023-10-27 20:50:31] dodgr_ttm called, FALSE, 87x241
INFO [69728] [2023-10-27 20:50:54] paquet:N2240000E3942400 ppou:1741 ttm ok 148087
INFO [69728] [2023-10-27 20:50:54] dodgr_ttm called, FALSE, 134x2066
INFO [69726] [2023-10-27 20:51:31] paquet:N2265600E3929600 ppou:9339 ttm ok 107743
INFO [69726] [2023-10-27 20:51:31] dodgr_ttm called, FALSE, 249x1271
INFO [69727] [2023-10-27 20:51:32] paquet:N2291200E3955200 ppou:24225 ttm ok 14209
INFO [69727] [2023-10-27 20:51:32] dodgr_ttm called, FALSE, 106x344
INFO [69728] [2023-10-27 20:52:20] paquet:N2240000E3942400 ppou:2201 ttm ok 166470
INFO [69728] [2023-10-27 20:52:20] dodgr_ttm called, FALSE, 39x1893
INFO [69727] [2023-10-27 20:52:54] paquet:N2291200E3955200 ppou:24610 ttm ok 19613
SUCCESS [69727] [2023-10-27 20:52:54] carreau:N2291200E3955200 8 ancres 344.4k@538p/s demandees, 127.1k@198.5p/s retenues
INFO [69727] [2023-10-27 20:52:57] dodgr_ttm called, TRUE, 8x107
INFO [69727] [2023-10-27 20:53:17] dodgr_ttm called, FALSE, 8x12829
INFO [69728] [2023-10-27 20:53:42] paquet:N2240000E3942400 ppou:2286 ttm ok 47677
SUCCESS [69728] [2023-10-27 20:53:43] carreau:N2240000E3942400 8 ancres 1.4M@2kp/s demandees, 728.6k@1kp/s retenues
INFO [69728] [2023-10-27 20:53:45] dodgr_ttm called, TRUE, 2x9
INFO [69728] [2023-10-27 20:54:03] dodgr_ttm called, FALSE, 2x12829
INFO [69729] [2023-10-27 20:54:48] paquet:N2278400E3929600 ppou:17320 ttm ok 42446
INFO [69729] [2023-10-27 20:54:48] dodgr_ttm called, FALSE, 261x940
INFO [69727] [2023-10-27 20:56:00] dodgr_ttm called, FALSE, 3x34
INFO [69728] [2023-10-27 20:56:46] dodgr_ttm called, FALSE, 6x121
INFO [69727] [2023-10-27 20:56:55] paquet:N2291200E3968000 ppou:21325 ttm ok 86
INFO [69727] [2023-10-27 20:56:55] dodgr_ttm called, FALSE, 11x50
INFO [69728] [2023-10-27 20:57:36] paquet:N2240000E3929600 ppou:740 ttm ok 202
INFO [69728] [2023-10-27 20:57:36] dodgr_ttm called, FALSE, 3x132
INFO [69727] [2023-10-27 20:57:44] paquet:N2291200E3968000 ppou:21600 ttm ok 351
INFO [69727] [2023-10-27 20:57:44] dodgr_ttm called, FALSE, 3x36
INFO [69726] [2023-10-27 20:58:08] paquet:N2265600E3929600 ppou:9877 ttm ok 109376
INFO [69726] [2023-10-27 20:58:08] dodgr_ttm called, FALSE, 353x866
INFO [69728] [2023-10-27 20:58:22] paquet:N2240000E3929600 ppou:778 ttm ok 365
SUCCESS [69728] [2023-10-27 20:58:22] carreau:N2240000E3929600 2 ancres 26.8k@96.9p/s demandees, 830@3p/s retenues
INFO [69728] [2023-10-27 20:58:24] dodgr_ttm called, TRUE, 8x2602
INFO [69727] [2023-10-27 20:58:35] paquet:N2291200E3968000 ppou:21601 ttm ok 99
INFO [69727] [2023-10-27 20:58:35] dodgr_ttm called, FALSE, 13x40
INFO [69728] [2023-10-27 20:58:47] dodgr_ttm called, FALSE, 8x12829
INFO [69727] [2023-10-27 20:59:23] paquet:N2291200E3968000 ppou:21602 ttm ok 383
INFO [69727] [2023-10-27 20:59:23] dodgr_ttm called, FALSE, 21x58
INFO [69726] [2023-10-27 20:59:53] paquet:N2265600E3929600 ppou:10135 ttm ok 136779
INFO [69726] [2023-10-27 20:59:54] dodgr_ttm called, FALSE, 32x560
INFO [69727] [2023-10-27 21:00:23] paquet:N2291200E3968000 ppou:22223 ttm ok 758
INFO [69727] [2023-10-27 21:00:23] dodgr_ttm called, FALSE, 18x61
INFO [69729] [2023-10-27 21:00:51] paquet:N2278400E3929600 ppou:17730 ttm ok 45445
INFO [69729] [2023-10-27 21:00:51] dodgr_ttm called, FALSE, 149x439
INFO [69726] [2023-10-27 21:00:53] paquet:N2265600E3929600 ppou:10136 ttm ok 13045
INFO [69726] [2023-10-27 21:00:53] dodgr_ttm called, FALSE, 142x757
INFO [69728] [2023-10-27 21:00:54] dodgr_ttm called, FALSE, 162x1836
INFO [69727] [2023-10-27 21:01:10] paquet:N2291200E3968000 ppou:22520 ttm ok 585
INFO [69727] [2023-10-27 21:01:10] dodgr_ttm called, FALSE, 4x54
INFO [69729] [2023-10-27 21:01:47] paquet:N2278400E3929600 ppou:18167 ttm ok 32628
INFO [69729] [2023-10-27 21:01:47] dodgr_ttm called, FALSE, 82x864
INFO [69726] [2023-10-27 21:01:52] paquet:N2265600E3929600 ppou:12058 ttm ok 61126
INFO [69726] [2023-10-27 21:01:52] dodgr_ttm called, FALSE, 33x610
INFO [69727] [2023-10-27 21:01:53] paquet:N2291200E3968000 ppou:22716 ttm ok 103
INFO [69727] [2023-10-27 21:01:53] dodgr_ttm called, FALSE, 34x130
INFO [69728] [2023-10-27 21:02:02] paquet:N2252800E3942400 ppou:2421 ttm ok 159213
INFO [69728] [2023-10-27 21:02:02] dodgr_ttm called, FALSE, 541x2027
INFO [69726] [2023-10-27 21:02:42] paquet:N2265600E3929600 ppou:13087 ttm ok 12653
INFO [69726] [2023-10-27 21:02:42] dodgr_ttm called, FALSE, 65x946
INFO [69727] [2023-10-27 21:02:47] paquet:N2291200E3968000 ppou:23700 ttm ok 954
SUCCESS [69727] [2023-10-27 21:02:47] carreau:N2291200E3968000 8 ancres 110.9k@187.9p/s demandees, 4.1k@6.9p/s retenues
INFO [69727] [2023-10-27 21:02:49] dodgr_ttm called, TRUE, 8x313
INFO [69727] [2023-10-27 21:03:08] dodgr_ttm called, FALSE, 8x12829
INFO [69726] [2023-10-27 21:03:47] paquet:N2265600E3929600 ppou:13090 ttm ok 25459
INFO [69726] [2023-10-27 21:03:47] dodgr_ttm called, FALSE, 159x683
INFO [69728] [2023-10-27 21:04:28] paquet:N2252800E3942400 ppou:2889 ttm ok 804790
INFO [69728] [2023-10-27 21:04:28] dodgr_ttm called, FALSE, 721x1988
INFO [69729] [2023-10-27 21:04:44] paquet:N2278400E3929600 ppou:19507 ttm ok 11730
INFO [69729] [2023-10-27 21:04:44] dodgr_ttm called, FALSE, 52x539
INFO [69726] [2023-10-27 21:05:07] paquet:N2265600E3929600 ppou:14803 ttm ok 41008
SUCCESS [69726] [2023-10-27 21:05:08] carreau:N2265600E3929600 8 ancres 1.2M@1.2kp/s demandees, 515.3k@496.6p/s retenues
INFO [69726] [2023-10-27 21:05:10] dodgr_ttm called, TRUE, 8x2110
INFO [69727] [2023-10-27 21:05:17] dodgr_ttm called, FALSE, 7x173
INFO [69726] [2023-10-27 21:05:29] dodgr_ttm called, FALSE, 8x12829
INFO [69729] [2023-10-27 21:05:42] paquet:N2278400E3929600 ppou:21088 ttm ok 12340
SUCCESS [69729] [2023-10-27 21:05:43] carreau:N2278400E3929600 8 ancres 756.1k@603.5p/s demandees, 220.2k@175.8p/s retenues
INFO [69729] [2023-10-27 21:05:46] dodgr_ttm called, TRUE, 8x2310
INFO [69727] [2023-10-27 21:06:07] paquet:N2304000E3916800 ppou:25675 ttm ok 957
INFO [69727] [2023-10-27 21:06:07] dodgr_ttm called, FALSE, 12x198
INFO [69729] [2023-10-27 21:06:10] dodgr_ttm called, FALSE, 8x12829
INFO [69728] [2023-10-27 21:07:10] paquet:N2252800E3942400 ppou:4557 ttm ok 988814
INFO [69728] [2023-10-27 21:07:10] dodgr_ttm called, FALSE, 361x1892
INFO [69727] [2023-10-27 21:07:12] paquet:N2304000E3916800 ppou:25708 ttm ok 1771
INFO [69727] [2023-10-27 21:07:12] dodgr_ttm called, FALSE, 25x188
INFO [69726] [2023-10-27 21:07:43] dodgr_ttm called, FALSE, 252x892
INFO [69727] [2023-10-27 21:08:06] paquet:N2304000E3916800 ppou:25783 ttm ok 2784
INFO [69727] [2023-10-27 21:08:06] dodgr_ttm called, FALSE, 30x230
INFO [69729] [2023-10-27 21:08:23] dodgr_ttm called, FALSE, 214x925
INFO [69727] [2023-10-27 21:08:59] paquet:N2304000E3916800 ppou:25786 ttm ok 3696
INFO [69727] [2023-10-27 21:08:59] dodgr_ttm called, FALSE, 89x245
INFO [69728] [2023-10-27 21:09:00] paquet:N2252800E3942400 ppou:4668 ttm ok 384335
INFO [69728] [2023-10-27 21:09:00] dodgr_ttm called, FALSE, 330x2061
INFO [69726] [2023-10-27 21:09:11] paquet:N2265600E3942400 ppou:9392 ttm ok 74600
INFO [69726] [2023-10-27 21:09:11] dodgr_ttm called, FALSE, 185x1300
INFO [69727] [2023-10-27 21:10:02] paquet:N2304000E3916800 ppou:25793 ttm ok 12619
INFO [69727] [2023-10-27 21:10:02] dodgr_ttm called, FALSE, 72x233
INFO [69726] [2023-10-27 21:10:36] paquet:N2265600E3942400 ppou:9621 ttm ok 80065
INFO [69726] [2023-10-27 21:10:36] dodgr_ttm called, FALSE, 359x1555
INFO [69728] [2023-10-27 21:10:56] paquet:N2252800E3942400 ppou:5703 ttm ok 232202
INFO [69728] [2023-10-27 21:10:57] dodgr_ttm called, FALSE, 184x1854
INFO [69727] [2023-10-27 21:11:04] paquet:N2304000E3916800 ppou:25851 ttm ok 11497
INFO [69727] [2023-10-27 21:11:04] dodgr_ttm called, FALSE, 76x317
INFO [69727] [2023-10-27 21:12:12] paquet:N2304000E3916800 ppou:25984 ttm ok 9945
SUCCESS [69727] [2023-10-27 21:12:12] carreau:N2304000E3916800 7 ancres 167.7k@297.4p/s demandees, 45.2k@80.3p/s retenues
INFO [69727] [2023-10-27 21:12:15] dodgr_ttm called, TRUE, 8x44
INFO [69728] [2023-10-27 21:12:37] paquet:N2252800E3942400 ppou:5909 ttm ok 195072
INFO [69728] [2023-10-27 21:12:37] dodgr_ttm called, FALSE, 37x1232
INFO [69727] [2023-10-27 21:12:38] dodgr_ttm called, FALSE, 8x12829
INFO [69729] [2023-10-27 21:13:51] paquet:N2278400E3942400 ppou:15692 ttm ok 123785
INFO [69729] [2023-10-27 21:13:51] dodgr_ttm called, FALSE, 433x1098
INFO [69728] [2023-10-27 21:13:56] paquet:N2252800E3942400 ppou:6012 ttm ok 29041
INFO [69728] [2023-10-27 21:13:56] dodgr_ttm called, FALSE, 250x1910
INFO [69727] [2023-10-27 21:15:10] dodgr_ttm called, FALSE, 4x158
INFO [69728] [2023-10-27 21:16:13] paquet:N2252800E3942400 ppou:7297 ttm ok 142631
INFO [69727] [2023-10-27 21:16:15] paquet:N2304000E3929600 ppou:25656 ttm ok 534
INFO [69727] [2023-10-27 21:16:15] dodgr_ttm called, FALSE, 3x144
SUCCESS [69728] [2023-10-27 21:16:15] carreau:N2252800E3942400 8 ancres 5.2M@4.8kp/s demandees, 3M@2.8kp/s retenues
INFO [69728] [2023-10-27 21:16:19] dodgr_ttm called, TRUE, 8x1890
INFO [69728] [2023-10-27 21:16:40] dodgr_ttm called, FALSE, 8x12829
INFO [69727] [2023-10-27 21:17:17] paquet:N2304000E3929600 ppou:25658 ttm ok 405
INFO [69727] [2023-10-27 21:17:17] dodgr_ttm called, FALSE, 8x148
INFO [69727] [2023-10-27 21:18:19] paquet:N2304000E3929600 ppou:25662 ttm ok 1063
INFO [69727] [2023-10-27 21:18:19] dodgr_ttm called, FALSE, 12x204
INFO [69728] [2023-10-27 21:19:04] dodgr_ttm called, FALSE, 417x1169
INFO [69726] [2023-10-27 21:19:17] paquet:N2265600E3942400 ppou:11111 ttm ok 150270
INFO [69726] [2023-10-27 21:19:17] dodgr_ttm called, FALSE, 319x1177
INFO [69727] [2023-10-27 21:19:22] paquet:N2304000E3929600 ppou:25683 ttm ok 2152
INFO [69727] [2023-10-27 21:19:22] dodgr_ttm called, FALSE, 10x196
INFO [69727] [2023-10-27 21:20:26] paquet:N2304000E3929600 ppou:25686 ttm ok 1680
INFO [69727] [2023-10-27 21:20:26] dodgr_ttm called, FALSE, 1x172
INFO [69728] [2023-10-27 21:21:20] paquet:N2252800E3955200 ppou:3361 ttm ok 171912
INFO [69728] [2023-10-27 21:21:20] dodgr_ttm called, FALSE, 222x1812
INFO [69727] [2023-10-27 21:21:23] paquet:N2304000E3929600 ppou:25689 ttm ok 166
INFO [69727] [2023-10-27 21:21:23] dodgr_ttm called, FALSE, 5x122
INFO [69727] [2023-10-27 21:22:17] paquet:N2304000E3929600 ppou:25697 ttm ok 580
INFO [69727] [2023-10-27 21:22:17] dodgr_ttm called, FALSE, 1x137
INFO [69728] [2023-10-27 21:23:12] paquet:N2252800E3955200 ppou:3536 ttm ok 139286
INFO [69728] [2023-10-27 21:23:12] dodgr_ttm called, FALSE, 138x724
INFO [69727] [2023-10-27 21:23:19] paquet:N2304000E3929600 ppou:25765 ttm ok 129
SUCCESS [69727] [2023-10-27 21:23:20] carreau:N2304000E3929600 8 ancres 110.2k@165.9p/s demandees, 8.1k@12.2p/s retenues
INFO [69729] [2023-10-27 21:24:06] paquet:N2278400E3942400 ppou:17371 ttm ok 256459
INFO [69729] [2023-10-27 21:24:06] dodgr_ttm called, FALSE, 171x967
INFO [69728] [2023-10-27 21:24:21] paquet:N2252800E3955200 ppou:3733 ttm ok 61819
INFO [69728] [2023-10-27 21:24:21] dodgr_ttm called, FALSE, 234x557
INFO [69728] [2023-10-27 21:25:53] paquet:N2252800E3955200 ppou:4610 ttm ok 73935
INFO [69728] [2023-10-27 21:25:53] dodgr_ttm called, FALSE, 52x432
INFO [69726] [2023-10-27 21:26:21] paquet:N2265600E3942400 ppou:12930 ttm ok 120167
INFO [69726] [2023-10-27 21:26:21] dodgr_ttm called, FALSE, 455x1123
INFO [69728] [2023-10-27 21:26:51] paquet:N2252800E3955200 ppou:5070 ttm ok 15367
INFO [69728] [2023-10-27 21:26:51] dodgr_ttm called, FALSE, 336x645
INFO [69729] [2023-10-27 21:28:13] paquet:N2278400E3942400 ppou:17380 ttm ok 100966
INFO [69729] [2023-10-27 21:28:13] dodgr_ttm called, FALSE, 259x910
INFO [69728] [2023-10-27 21:28:41] paquet:N2252800E3955200 ppou:5333 ttm ok 73629
INFO [69728] [2023-10-27 21:28:41] dodgr_ttm called, FALSE, 22x1557
INFO [69728] [2023-10-27 21:29:44] paquet:N2252800E3955200 ppou:6588 ttm ok 6447
INFO [69728] [2023-10-27 21:29:44] dodgr_ttm called, FALSE, 451x572
INFO [69728] [2023-10-27 21:31:57] paquet:N2252800E3955200 ppou:7579 ttm ok 77861
SUCCESS [69728] [2023-10-27 21:31:57] carreau:N2252800E3955200 8 ancres 1.8M@1.9kp/s demandees, 629.5k@670.7p/s retenues
INFO [69728] [2023-10-27 21:32:00] dodgr_ttm called, TRUE, 8x465
INFO [69728] [2023-10-27 21:32:16] dodgr_ttm called, FALSE, 8x12829
INFO [69729] [2023-10-27 21:33:58] paquet:N2278400E3942400 ppou:17995 ttm ok 132836
INFO [69729] [2023-10-27 21:33:59] dodgr_ttm called, FALSE, 95x703
INFO [69728] [2023-10-27 21:34:36] dodgr_ttm called, FALSE, 25x17
INFO [69726] [2023-10-27 21:35:16] paquet:N2265600E3942400 ppou:13621 ttm ok 207181
INFO [69726] [2023-10-27 21:35:16] dodgr_ttm called, FALSE, 84x1053
INFO [69728] [2023-10-27 21:35:19] paquet:N2252800E3929600 ppou:5389 ttm ok 352
INFO [69728] [2023-10-27 21:35:19] dodgr_ttm called, FALSE, 97x2131
INFO [69728] [2023-10-27 21:36:36] paquet:N2252800E3929600 ppou:6912 ttm ok 36973
INFO [69728] [2023-10-27 21:36:36] dodgr_ttm called, FALSE, 35x1084
INFO [69729] [2023-10-27 21:36:50] paquet:N2278400E3942400 ppou:18330 ttm ok 49938
INFO [69729] [2023-10-27 21:36:50] dodgr_ttm called, FALSE, 266x809
INFO [69726] [2023-10-27 21:37:29] paquet:N2265600E3942400 ppou:14496 ttm ok 33559
INFO [69726] [2023-10-27 21:37:29] dodgr_ttm called, FALSE, 318x1174
INFO [69728] [2023-10-27 21:37:32] paquet:N2252800E3929600 ppou:7003 ttm ok 20116
INFO [69728] [2023-10-27 21:37:32] dodgr_ttm called, FALSE, 20x932
INFO [69728] [2023-10-27 21:38:31] paquet:N2252800E3929600 ppou:7471 ttm ok 9392
INFO [69728] [2023-10-27 21:38:31] dodgr_ttm called, FALSE, 199x654
INFO [69729] [2023-10-27 21:42:52] paquet:N2278400E3942400 ppou:18447 ttm ok 133878
INFO [69729] [2023-10-27 21:42:53] dodgr_ttm called, FALSE, 357x932
INFO [69728] [2023-10-27 21:43:39] paquet:N2252800E3929600 ppou:7890 ttm ok 47700
INFO [69728] [2023-10-27 21:43:39] dodgr_ttm called, FALSE, 6x618
INFO [69728] [2023-10-27 21:44:36] paquet:N2252800E3929600 ppou:8083 ttm ok 3067
INFO [69728] [2023-10-27 21:44:36] dodgr_ttm called, FALSE, 24x508
INFO [69726] [2023-10-27 21:44:47] paquet:N2265600E3942400 ppou:14507 ttm ok 207447
INFO [69726] [2023-10-27 21:44:47] dodgr_ttm called, FALSE, 128x934
INFO [69728] [2023-10-27 21:45:23] paquet:N2252800E3929600 ppou:8248 ttm ok 7515
INFO [69728] [2023-10-27 21:45:23] dodgr_ttm called, FALSE, 19x939
INFO [69728] [2023-10-27 21:46:25] paquet:N2252800E3929600 ppou:8277 ttm ok 9193
SUCCESS [69728] [2023-10-27 21:46:26] carreau:N2252800E3929600 8 ancres 530.2k@612.6p/s demandees, 146.3k@169p/s retenues
INFO [69728] [2023-10-27 21:46:29] dodgr_ttm called, TRUE, 8x369
INFO [69728] [2023-10-27 21:46:48] dodgr_ttm called, FALSE, 8x12829
INFO [69726] [2023-10-27 21:47:47] paquet:N2265600E3942400 ppou:14738 ttm ok 76265
SUCCESS [69726] [2023-10-27 21:47:48] carreau:N2265600E3942400 8 ancres 2.6M@1kp/s demandees, 960.5k@375.5p/s retenues
INFO [69726] [2023-10-27 21:47:51] dodgr_ttm called, TRUE, 8x1710
INFO [69726] [2023-10-27 21:48:11] dodgr_ttm called, FALSE, 8x12829
INFO [69728] [2023-10-27 21:49:12] dodgr_ttm called, FALSE, 8x199
INFO [69728] [2023-10-27 21:50:05] paquet:N2252800E3968000 ppou:5352 ttm ok 732
INFO [69728] [2023-10-27 21:50:05] dodgr_ttm called, FALSE, 43x209
INFO [69726] [2023-10-27 21:50:14] dodgr_ttm called, FALSE, 85x462
INFO [69729] [2023-10-27 21:50:15] paquet:N2278400E3942400 ppou:19530 ttm ok 108729
INFO [69729] [2023-10-27 21:50:15] dodgr_ttm called, FALSE, 417x888
INFO [69728] [2023-10-27 21:50:52] paquet:N2252800E3968000 ppou:5473 ttm ok 5354
INFO [69728] [2023-10-27 21:50:52] dodgr_ttm called, FALSE, 14x175
INFO [69726] [2023-10-27 21:51:02] paquet:N2265600E3955200 ppou:8805 ttm ok 22748
INFO [69726] [2023-10-27 21:51:02] dodgr_ttm called, FALSE, 67x481
INFO [69728] [2023-10-27 21:51:40] paquet:N2252800E3968000 ppou:6424 ttm ok 1752
INFO [69728] [2023-10-27 21:51:40] dodgr_ttm called, FALSE, 49x253
INFO [69726] [2023-10-27 21:51:52] paquet:N2265600E3955200 ppou:8906 ttm ok 14424
INFO [69726] [2023-10-27 21:51:52] dodgr_ttm called, FALSE, 214x1026
INFO [69728] [2023-10-27 21:52:28] paquet:N2252800E3968000 ppou:6519 ttm ok 6269
INFO [69728] [2023-10-27 21:52:28] dodgr_ttm called, FALSE, 72x255
INFO [69726] [2023-10-27 21:53:07] paquet:N2265600E3955200 ppou:10381 ttm ok 61045
INFO [69726] [2023-10-27 21:53:07] dodgr_ttm called, FALSE, 77x708
INFO [69728] [2023-10-27 21:53:14] paquet:N2252800E3968000 ppou:7142 ttm ok 9601
INFO [69728] [2023-10-27 21:53:14] dodgr_ttm called, FALSE, 34x178
INFO [69728] [2023-10-27 21:54:00] paquet:N2252800E3968000 ppou:7516 ttm ok 2537
INFO [69728] [2023-10-27 21:54:00] dodgr_ttm called, FALSE, 41x174
INFO [69726] [2023-10-27 21:54:01] paquet:N2265600E3955200 ppou:12113 ttm ok 24560
INFO [69726] [2023-10-27 21:54:01] dodgr_ttm called, FALSE, 67x406
INFO [69728] [2023-10-27 21:54:45] paquet:N2252800E3968000 ppou:7518 ttm ok 2970
INFO [69728] [2023-10-27 21:54:45] dodgr_ttm called, FALSE, 105x208
INFO [69726] [2023-10-27 21:54:55] paquet:N2265600E3955200 ppou:12248 ttm ok 18589
INFO [69726] [2023-10-27 21:54:55] dodgr_ttm called, FALSE, 578x777
INFO [69728] [2023-10-27 21:55:36] paquet:N2252800E3968000 ppou:7690 ttm ok 7689
SUCCESS [69728] [2023-10-27 21:55:36] carreau:N2252800E3968000 8 ancres 181.4k@331.5p/s demandees, 39.2k@71.6p/s retenues
INFO [69726] [2023-10-27 21:56:43] paquet:N2265600E3955200 ppou:12253 ttm ok 112690
INFO [69726] [2023-10-27 21:56:43] dodgr_ttm called, FALSE, 117x732
INFO [69726] [2023-10-27 21:57:37] paquet:N2265600E3955200 ppou:13638 ttm ok 42888
INFO [69726] [2023-10-27 21:57:37] dodgr_ttm called, FALSE, 287x1052
INFO [69729] [2023-10-27 21:57:46] paquet:N2278400E3942400 ppou:20000 ttm ok 128165
SUCCESS [69729] [2023-10-27 21:57:46] carreau:N2278400E3942400 8 ancres 2.2M@693p/s demandees, 1M@334.3p/s retenues
INFO [69729] [2023-10-27 21:57:48] dodgr_ttm called, TRUE, 8x599
INFO [69729] [2023-10-27 21:58:04] dodgr_ttm called, FALSE, 8x12829
INFO [69729] [2023-10-27 21:59:57] dodgr_ttm called, FALSE, 12x379
INFO [69729] [2023-10-27 22:00:41] paquet:N2278400E3955200 ppou:15482 ttm ok 1579
INFO [69729] [2023-10-27 22:00:41] dodgr_ttm called, FALSE, 26x723
INFO [69729] [2023-10-27 22:01:29] paquet:N2278400E3955200 ppou:15597 ttm ok 4083
INFO [69729] [2023-10-27 22:01:29] dodgr_ttm called, FALSE, 131x941
INFO [69726] [2023-10-27 22:02:35] paquet:N2265600E3955200 ppou:13907 ttm ok 95738
SUCCESS [69726] [2023-10-27 22:02:36] carreau:N2265600E3955200 8 ancres 1.3M@1.5kp/s demandees, 400.2k@452.6p/s retenues
INFO [69726] [2023-10-27 22:02:37] dodgr_ttm called, TRUE, 8x561
INFO [69726] [2023-10-27 22:02:52] dodgr_ttm called, FALSE, 8x12829
INFO [69726] [2023-10-27 22:04:39] dodgr_ttm called, FALSE, 20x158
INFO [69729] [2023-10-27 22:04:42] paquet:N2278400E3955200 ppou:15999 ttm ok 51869
INFO [69729] [2023-10-27 22:04:42] dodgr_ttm called, FALSE, 86x320
INFO [69726] [2023-10-27 22:05:16] paquet:N2265600E3968000 ppou:9678 ttm ok 1978
INFO [69726] [2023-10-27 22:05:16] dodgr_ttm called, FALSE, 39x184
INFO [69729] [2023-10-27 22:05:23] paquet:N2278400E3955200 ppou:17267 ttm ok 3101
INFO [69729] [2023-10-27 22:05:23] dodgr_ttm called, FALSE, 102x821
INFO [69726] [2023-10-27 22:06:00] paquet:N2265600E3968000 ppou:9946 ttm ok 3395
INFO [69726] [2023-10-27 22:06:00] dodgr_ttm called, FALSE, 40x191
INFO [69726] [2023-10-27 22:06:38] paquet:N2265600E3968000 ppou:10079 ttm ok 4286
INFO [69726] [2023-10-27 22:06:38] dodgr_ttm called, FALSE, 27x239
INFO [69726] [2023-10-27 22:07:18] paquet:N2265600E3968000 ppou:10231 ttm ok 2670
INFO [69726] [2023-10-27 22:07:18] dodgr_ttm called, FALSE, 18x242
INFO [69729] [2023-10-27 22:07:46] paquet:N2278400E3955200 ppou:18883 ttm ok 34200
INFO [69729] [2023-10-27 22:07:46] dodgr_ttm called, FALSE, 110x719
INFO [69726] [2023-10-27 22:08:00] paquet:N2265600E3968000 ppou:11024 ttm ok 1966
INFO [69726] [2023-10-27 22:08:00] dodgr_ttm called, FALSE, 238x275
INFO [69729] [2023-10-27 22:08:37] paquet:N2278400E3955200 ppou:20026 ttm ok 18745
INFO [69729] [2023-10-27 22:08:37] dodgr_ttm called, FALSE, 110x255
INFO [69726] [2023-10-27 22:08:52] paquet:N2265600E3968000 ppou:11036 ttm ok 25453
INFO [69726] [2023-10-27 22:08:52] dodgr_ttm called, FALSE, 48x184
INFO [69729] [2023-10-27 22:09:23] paquet:N2278400E3955200 ppou:20815 ttm ok 4210
INFO [69729] [2023-10-27 22:09:23] dodgr_ttm called, FALSE, 22x586
INFO [69726] [2023-10-27 22:09:30] paquet:N2265600E3968000 ppou:11325 ttm ok 5274
INFO [69726] [2023-10-27 22:09:30] dodgr_ttm called, FALSE, 131x279
INFO [69729] [2023-10-27 22:10:03] paquet:N2278400E3955200 ppou:20889 ttm ok 3582
SUCCESS [69729] [2023-10-27 22:10:03] carreau:N2278400E3955200 8 ancres 480.5k@653.6p/s demandees, 127.2k@172.9p/s retenues
INFO [69729] [2023-10-27 22:10:05] dodgr_ttm called, TRUE, 8x160
INFO [69726] [2023-10-27 22:10:19] paquet:N2265600E3968000 ppou:13568 ttm ok 13782
SUCCESS [69726] [2023-10-27 22:10:19] carreau:N2265600E3968000 8 ancres 242.2k@524.7p/s demandees, 61.6k@133.4p/s retenues
INFO [69729] [2023-10-27 22:10:20] dodgr_ttm called, FALSE, 8x12829
INFO [69726] [2023-10-27 22:10:21] dodgr_ttm called, TRUE, 8x96
INFO [69726] [2023-10-27 22:10:37] dodgr_ttm called, FALSE, 8x12829
INFO [69729] [2023-10-27 22:12:10] dodgr_ttm called, FALSE, 31x188
INFO [69726] [2023-10-27 22:12:26] dodgr_ttm called, FALSE, 14x5
INFO [69729] [2023-10-27 22:12:49] paquet:N2278400E3968000 ppou:15388 ttm ok 2053
INFO [69729] [2023-10-27 22:12:49] dodgr_ttm called, FALSE, 4x80
INFO [69726] [2023-10-27 22:13:06] paquet:N2265600E3891200 ppou:8920 ttm ok 70
INFO [69726] [2023-10-27 22:13:06] dodgr_ttm called, FALSE, 5x4
INFO [69729] [2023-10-27 22:13:25] paquet:N2278400E3968000 ppou:15598 ttm ok 183
INFO [69729] [2023-10-27 22:13:25] dodgr_ttm called, FALSE, 14x56
INFO [69726] [2023-10-27 22:13:40] paquet:N2265600E3891200 ppou:9036 ttm ok 17
INFO [69726] [2023-10-27 22:13:40] dodgr_ttm called, FALSE, 1x4
INFO [69729] [2023-10-27 22:14:01] paquet:N2278400E3968000 ppou:20034 ttm ok 369
INFO [69729] [2023-10-27 22:14:01] dodgr_ttm called, FALSE, 13x31
INFO [69726] [2023-10-27 22:14:15] paquet:N2265600E3891200 ppou:9165 ttm ok 4
INFO [69726] [2023-10-27 22:14:15] dodgr_ttm called, FALSE, 18x22
INFO [69729] [2023-10-27 22:14:36] paquet:N2278400E3968000 ppou:20334 ttm ok 386
INFO [69729] [2023-10-27 22:14:36] dodgr_ttm called, FALSE, 30x54
INFO [69726] [2023-10-27 22:14:50] paquet:N2265600E3891200 ppou:9298 ttm ok 377
INFO [69726] [2023-10-27 22:14:50] dodgr_ttm called, FALSE, 1x20
INFO [69729] [2023-10-27 22:15:13] paquet:N2278400E3968000 ppou:20411 ttm ok 920
INFO [69729] [2023-10-27 22:15:13] dodgr_ttm called, FALSE, 7x44
INFO [69726] [2023-10-27 22:15:25] paquet:N2265600E3891200 ppou:9954 ttm ok 20
INFO [69726] [2023-10-27 22:15:25] dodgr_ttm called, FALSE, 37x18
INFO [69729] [2023-10-27 22:15:48] paquet:N2278400E3968000 ppou:20489 ttm ok 257
INFO [69729] [2023-10-27 22:15:48] dodgr_ttm called, FALSE, 11x59
INFO [69726] [2023-10-27 22:16:00] paquet:N2265600E3891200 ppou:10094 ttm ok 665
INFO [69726] [2023-10-27 22:16:00] dodgr_ttm called, FALSE, 4x1
INFO [69729] [2023-10-27 22:16:23] paquet:N2278400E3968000 ppou:20731 ttm ok 347
INFO [69729] [2023-10-27 22:16:23] dodgr_ttm called, FALSE, 36x65
INFO [69726] [2023-10-27 22:16:34] paquet:N2265600E3891200 ppou:13257 ttm ok 4
WARN [69726] [2023-10-27 22:16:34] paquet:N2265600E3891200 ppou:14704 ttm vide
WARN [69726] [2023-10-27 22:16:34] pas de cibles
SUCCESS [69726] [2023-10-27 22:16:34] carreau:N2265600E3891200 8 ancres 91k@243.5p/s demandees, 1.2k@3.3p/s retenues
INFO [69729] [2023-10-27 22:17:00] paquet:N2278400E3968000 ppou:20732 ttm ok 1189
SUCCESS [69729] [2023-10-27 22:17:00] carreau:N2278400E3968000 8 ancres 114.9k@277.1p/s demandees, 6.7k@16.1p/s retenues
INFO [69729] [2023-10-27 22:17:01] dodgr_ttm called, TRUE, 8x47
INFO [69729] [2023-10-27 22:17:15] dodgr_ttm called, FALSE, 8x12829
INFO [69729] [2023-10-27 22:18:44] dodgr_ttm called, FALSE, 1x4
INFO [69729] [2023-10-27 22:19:18] paquet:N2291200E3904000 ppou:21432 ttm ok 3
INFO [69729] [2023-10-27 22:19:18] dodgr_ttm called, FALSE, 20x463
INFO [69729] [2023-10-27 22:20:06] paquet:N2291200E3904000 ppou:22913 ttm ok 1378
INFO [69729] [2023-10-27 22:20:06] dodgr_ttm called, FALSE, 4x99
INFO [69729] [2023-10-27 22:20:40] paquet:N2291200E3904000 ppou:23228 ttm ok 258
INFO [69729] [2023-10-27 22:20:40] dodgr_ttm called, FALSE, 7x75
INFO [69729] [2023-10-27 22:21:14] paquet:N2291200E3904000 ppou:23705 ttm ok 336
INFO [69729] [2023-10-27 22:21:14] dodgr_ttm called, FALSE, 13x266
INFO [69729] [2023-10-27 22:21:55] paquet:N2291200E3904000 ppou:24701 ttm ok 755
SUCCESS [69729] [2023-10-27 22:21:55] carreau:N2291200E3904000 5 ancres 116.3k@395.8p/s demandees, 5.5k@18.8p/s retenues
INFO [69729] [2023-10-27 22:21:57] dodgr_ttm called, TRUE, 8x1385
INFO [69729] [2023-10-27 22:22:12] dodgr_ttm called, FALSE, 8x12829
INFO [69729] [2023-10-27 22:23:42] dodgr_ttm called, FALSE, 67x416
INFO [69729] [2023-10-27 22:24:21] paquet:N2291200E3916800 ppou:21839 ttm ok 20949
INFO [69729] [2023-10-27 22:24:21] dodgr_ttm called, FALSE, 117x638
INFO [69729] [2023-10-27 22:25:06] paquet:N2291200E3916800 ppou:22060 ttm ok 36614
INFO [69729] [2023-10-27 22:25:06] dodgr_ttm called, FALSE, 121x471
INFO [69729] [2023-10-27 22:25:48] paquet:N2291200E3916800 ppou:22249 ttm ok 41960
INFO [69729] [2023-10-27 22:25:48] dodgr_ttm called, FALSE, 73x548
INFO [69729] [2023-10-27 22:26:28] paquet:N2291200E3916800 ppou:22748 ttm ok 24088
INFO [69729] [2023-10-27 22:26:28] dodgr_ttm called, FALSE, 548x685
INFO [69729] [2023-10-27 22:27:41] paquet:N2291200E3916800 ppou:23036 ttm ok 189440
INFO [69729] [2023-10-27 22:27:41] dodgr_ttm called, FALSE, 261x542
INFO [69729] [2023-10-27 22:31:40] paquet:N2291200E3916800 ppou:24707 ttm ok 50390
INFO [69729] [2023-10-27 22:31:40] dodgr_ttm called, FALSE, 5x416
INFO [69729] [2023-10-27 22:32:20] paquet:N2291200E3916800 ppou:24784 ttm ok 806
INFO [69729] [2023-10-27 22:32:20] dodgr_ttm called, FALSE, 184x480
INFO [69729] [2023-10-27 22:33:06] paquet:N2291200E3916800 ppou:24999 ttm ok 40790
SUCCESS [69729] [2023-10-27 22:33:06] carreau:N2291200E3916800 8 ancres 909.4k@1.4kp/s demandees, 410.4k@613.1p/s retenues
SUCCESS [2023-10-27 22:33:16] 
