SUCCESS [2023-10-22 14:51:34] Calcul accessibilite version 2
SUCCESS [2023-10-22 14:51:34] $type
SUCCESS [2023-10-22 14:51:34] [1] "dodgr"
SUCCESS [2023-10-22 14:51:34] 
SUCCESS [2023-10-22 14:51:34] $path
SUCCESS [2023-10-22 14:51:34] /space_mounts/data/marseille//dodgr/
SUCCESS [2023-10-22 14:51:34] FALSE
SUCCESS [2023-10-22 14:51:34] 
SUCCESS [2023-10-22 14:51:34] $graph
SUCCESS [2023-10-22 14:51:34] # A tibble: 4,431,584 × 21
SUCCESS [2023-10-22 14:51:34]    .vx0       .vx1    edge_ .vx0_x .vx0_y .vx1_x .vx1_y     d      dz object_
SUCCESS [2023-10-22 14:51:34]    <chr>      <chr>   <chr>  <dbl>  <dbl>  <dbl>  <dbl> <dbl>   <dbl> <chr>  
SUCCESS [2023-10-22 14:51:34]  1 391449468  372478… OlKi…   4.38   43.5   4.38   43.5  10.9 -0.305  7985149
SUCCESS [2023-10-22 14:51:34]  2 3724788299 391449… a8LZ…   4.38   43.5   4.38   43.5  13.6 -0.0867 7985149
SUCCESS [2023-10-22 14:51:34]  3 391449469  851774… FgJP…   4.38   43.5   4.38   43.5  18.8 -0.0546 7985149
SUCCESS [2023-10-22 14:51:34]  4 8517740801 391449… Q2cY…   4.38   43.5   4.38   43.5  19.6  0.0151 7985149
SUCCESS [2023-10-22 14:51:34]  5 391449470  391449… 7ZQd…   4.38   43.5   4.38   43.5  27.4  0.0700 7985149
SUCCESS [2023-10-22 14:51:34]  6 391449471  851774… 2Ibl…   4.38   43.5   4.38   43.5  22.0  0.286  7985149
SUCCESS [2023-10-22 14:51:34]  7 8517740799 851774… 4jYG…   4.38   43.5   4.38   43.5  14.8  0.247  7985149
SUCCESS [2023-10-22 14:51:34]  8 8517740800 288707… TPMw…   4.38   43.5   4.38   43.5  15.0  0.364  7985149
SUCCESS [2023-10-22 14:51:34]  9 28870757   851774… jhv8…   4.38   43.5   4.38   43.5  26.8  0.634  7985149
SUCCESS [2023-10-22 14:51:34] 10 8517740802 391450… laUc…   4.38   43.5   4.38   43.5  27.4 -0.145  7985149
SUCCESS [2023-10-22 14:51:34] # ℹ 4,431,574 more rows
SUCCESS [2023-10-22 14:51:34] # ℹ 11 more variables: bicycle <chr>, foot <chr>, highway <chr>,
SUCCESS [2023-10-22 14:51:34] #   oneway_bicycle <lgl>, lanes <chr>, junction <chr>, d_weighted <dbl>,
SUCCESS [2023-10-22 14:51:34] #   time <dbl>, time_weighted <dbl>, component <int>, dzplus <dbl>
SUCCESS [2023-10-22 14:51:34] # ℹ Use `print(n = ...)` to see more rows
SUCCESS [2023-10-22 14:51:34] 
SUCCESS [2023-10-22 14:51:34] $vertices
SUCCESS [2023-10-22 14:51:34]              id        x        y component   n
SUCCESS [2023-10-22 14:51:34] 1     391449468 4.383053 43.48693         1   0
SUCCESS [2023-10-22 14:51:34] 2    3724788299 4.382931 43.48697         1   1
SUCCESS [2023-10-22 14:51:34] 3     391449469 4.382774 43.48702         1   2
SUCCESS [2023-10-22 14:51:34] 4    8517740801 4.382554 43.48707         1   3
SUCCESS [2023-10-22 14:51:34] 5     391449470 4.382334 43.48715         1   4
SUCCESS [2023-10-22 14:51:34] 6     391449471 4.382022 43.48724         1   5
SUCCESS [2023-10-22 14:51:34] 7    8517740799 4.381760 43.48729         1   6
SUCCESS [2023-10-22 14:51:34] 8    8517740800 4.381581 43.48732         1   7
SUCCESS [2023-10-22 14:51:34] 9      28870757 4.381396 43.48734         1   8
SUCCESS [2023-10-22 14:51:34] 10   8517740802 4.381065 43.48733         1   9
SUCCESS [2023-10-22 14:51:34] 11    391450841 4.380728 43.48731         1  10
SUCCESS [2023-10-22 14:51:34] 12   8517740803 4.380386 43.48729         1  11
SUCCESS [2023-10-22 14:51:34] 13   8517740804 4.380199 43.48727         1  12
SUCCESS [2023-10-22 14:51:34] 14     28870756 4.380028 43.48722         1  13
SUCCESS [2023-10-22 14:51:34] 15   8517740811 4.379943 43.48717         1  14
SUCCESS [2023-10-22 14:51:34] 16   8517740810 4.379858 43.48711         1  15
SUCCESS [2023-10-22 14:51:34] 17   8517740809 4.379688 43.48698         1  16
SUCCESS [2023-10-22 14:51:34] 18   8517740812 4.379588 43.48692         1  17
SUCCESS [2023-10-22 14:51:34] 19     28870755 4.379394 43.48683         1  18
SUCCESS [2023-10-22 14:51:34] 20   8517740814 4.379204 43.48679         1  19
SUCCESS [2023-10-22 14:51:34] 21    391450842 4.378982 43.48677         1  20
SUCCESS [2023-10-22 14:51:34] 22   8517740815 4.378575 43.48676         1  21
SUCCESS [2023-10-22 14:51:34] 23    391450843 4.378280 43.48677         1  22
SUCCESS [2023-10-22 14:51:34] 24   8517740816 4.378178 43.48678         1  23
SUCCESS [2023-10-22 14:51:34] 25   8517747017 4.378081 43.48681         1  24
SUCCESS [2023-10-22 14:51:34] 26   8517747018 4.378025 43.48684         1  25
SUCCESS [2023-10-22 14:51:34] 27     28870754 4.377947 43.48690         1  26
SUCCESS [2023-10-22 14:51:34] 28   8517747019 4.376928 43.48804         1  27
SUCCESS [2023-10-22 14:51:34] 29   8517747020 4.376231 43.48882         1  28
SUCCESS [2023-10-22 14:51:34] 30   8517747021 4.376077 43.48898         1  29
SUCCESS [2023-10-22 14:51:34] 31   1260624665 4.375907 43.48915         1  30
SUCCESS [2023-10-22 14:51:34] 32   8517747022 4.375509 43.48949         1  31
SUCCESS [2023-10-22 14:51:34] 33     28870753 4.375224 43.48974         1  32
SUCCESS [2023-10-22 14:51:34] 34   8517747024 4.370568 43.49362         1  33
SUCCESS [2023-10-22 14:51:34] 35   8517747025 4.369343 43.49465         1  34
SUCCESS [2023-10-22 14:51:34] 36   8517747026 4.368330 43.49550         1  35
SUCCESS [2023-10-22 14:51:34] 37   3724917980 4.367365 43.49630         1  36
SUCCESS [2023-10-22 14:51:34] 38   8517747027 4.367096 43.49648         1  37
SUCCESS [2023-10-22 14:51:34] 39     28870758 4.366840 43.49663         1  38
SUCCESS [2023-10-22 14:51:34] 40   8517747028 4.366496 43.49679         1  39
SUCCESS [2023-10-22 14:51:34] 41   8517747029 4.365768 43.49714         1  40
SUCCESS [2023-10-22 14:51:34] 42   3724788369 4.365067 43.49747         1  41
SUCCESS [2023-10-22 14:51:34] 43     28869987 4.398373 43.51723         1  42
SUCCESS [2023-10-22 14:51:34] 44   6720618314 4.398193 43.51725         1  43
SUCCESS [2023-10-22 14:51:34] 45   6720618315 4.398023 43.51733         1  44
SUCCESS [2023-10-22 14:51:34] 46     76046490 4.397892 43.51746         1  45
SUCCESS [2023-10-22 14:51:34] 47     76045071 4.378713 43.52489         1  46
SUCCESS [2023-10-22 14:51:34] 48   3727840027 4.378550 43.52485         1  47
SUCCESS [2023-10-22 14:51:34] 49     76045973 4.378102 43.52461         1  48
SUCCESS [2023-10-22 14:51:34] 50   3727839963 4.376838 43.52396         1  49
SUCCESS [2023-10-22 14:51:34] 51   3727839919 4.375872 43.52346         1  50
SUCCESS [2023-10-22 14:51:34] 52     76045072 4.377915 43.52526         1  51
SUCCESS [2023-10-22 14:51:34] 53   3727840026 4.378104 43.52482         1  52
SUCCESS [2023-10-22 14:51:34] 54     77210766 4.433017 43.45487         1  53
SUCCESS [2023-10-22 14:51:34] 55   2429241719 4.432976 43.45485         1  54
SUCCESS [2023-10-22 14:51:34] 56   1645147568 4.432959 43.45483         1  55
SUCCESS [2023-10-22 14:51:34] 57   2429241722 4.432940 43.45480         1  56
SUCCESS [2023-10-22 14:51:34] 58   1645147567 4.432939 43.45476         1  57
SUCCESS [2023-10-22 14:51:34] 59   2429241716 4.432954 43.45473         1  58
SUCCESS [2023-10-22 14:51:34] 60   1645147564 4.432982 43.45470         1  59
SUCCESS [2023-10-22 14:51:34] 61   1645147562 4.433045 43.45467         1  60
SUCCESS [2023-10-22 14:51:34] 62   2429241717 4.433097 43.45467         1  61
SUCCESS [2023-10-22 14:51:34] 63    304079401 4.433624 43.45347         1  62
SUCCESS [2023-10-22 14:51:34] 64    874164485 4.433734 43.45359         1  63
SUCCESS [2023-10-22 14:51:34] 65   1686406125 4.436786 43.45365         1  64
SUCCESS [2023-10-22 14:51:34] 66   2910009078 4.436655 43.45360         1  65
SUCCESS [2023-10-22 14:51:34] 67   2988271753 4.436594 43.45357         1  66
SUCCESS [2023-10-22 14:51:34] 68   1650966525 4.724757 43.40511         1  67
SUCCESS [2023-10-22 14:51:34] 69   1650966523 4.724702 43.40505         1  68
SUCCESS [2023-10-22 14:51:34] 70   1650966522 4.724607 43.40499         1  69
SUCCESS [2023-10-22 14:51:34] 71   1650966512 4.724489 43.40495         1  70
SUCCESS [2023-10-22 14:51:34] 72   1650966510 4.724282 43.40493         1  71
SUCCESS [2023-10-22 14:51:34] 73   1650966514 4.723557 43.40496         1  72
SUCCESS [2023-10-22 14:51:34] 74   1650966524 4.722943 43.40505         1  73
SUCCESS [2023-10-22 14:51:34] 75   1650966529 4.722109 43.40518         1  74
SUCCESS [2023-10-22 14:51:34] 76   2246426669 4.721684 43.40524         1  75
SUCCESS [2023-10-22 14:51:34] 77    304078085 4.693979 43.42173         1  76
SUCCESS [2023-10-22 14:51:34] 78    311336412 4.693879 43.42183         1  77
SUCCESS [2023-10-22 14:51:34] 79   2704714193 4.693259 43.42202         1  78
SUCCESS [2023-10-22 14:51:34] 80    311336413 4.692718 43.42221         1  79
SUCCESS [2023-10-22 14:51:34] 81   1204739491 4.692344 43.42240         1  80
SUCCESS [2023-10-22 14:51:34] 82   2715357248 4.692186 43.42250         1  81
SUCCESS [2023-10-22 14:51:34] 83   1204739405 4.691481 43.42293         1  82
SUCCESS [2023-10-22 14:51:34] 84   1204739515 4.691190 43.42307         1  83
SUCCESS [2023-10-22 14:51:34] 85   2715357165 4.691107 43.42310         1  84
SUCCESS [2023-10-22 14:51:34] 86   2715357257 4.691041 43.42312         1  85
SUCCESS [2023-10-22 14:51:34] 87   1204739432 4.690893 43.42314         1  86
SUCCESS [2023-10-22 14:51:34] 88   2704714254 4.690737 43.42314         1  87
SUCCESS [2023-10-22 14:51:34] 89   2715357173 4.689805 43.42308         1  88
SUCCESS [2023-10-22 14:51:34] 90   1204739545 4.689787 43.42307         1  89
SUCCESS [2023-10-22 14:51:34] 91   1204739470 4.689502 43.42309         1  90
SUCCESS [2023-10-22 14:51:34] 92   2704714311 4.689420 43.42316         1  91
SUCCESS [2023-10-22 14:51:34] 93   1204739578 4.689179 43.42315         1  92
SUCCESS [2023-10-22 14:51:34] 94    262480234 4.658131 43.45625         1  93
SUCCESS [2023-10-22 14:51:34] 95    311337162 4.657449 43.45592         1  94
SUCCESS [2023-10-22 14:51:34] 96   1650890820 4.657228 43.45583         1  95
SUCCESS [2023-10-22 14:51:34] 97    427565156 4.656982 43.45578         1  96
SUCCESS [2023-10-22 14:51:34] 98    311337163 4.655509 43.45556         1  97
SUCCESS [2023-10-22 14:51:34] 99    311337164 4.653801 43.45498         1  98
SUCCESS [2023-10-22 14:51:34] 100   311337165 4.650656 43.45367         1  99
SUCCESS [2023-10-22 14:51:34] 101   311337166 4.649666 43.45315         1 100
SUCCESS [2023-10-22 14:51:34] 102   427565157 4.648147 43.45221         1 101
SUCCESS [2023-10-22 14:51:34] 103  6536620229 4.648022 43.45213         1 102
SUCCESS [2023-10-22 14:51:34] 104   427565158 4.647203 43.45163         1 103
SUCCESS [2023-10-22 14:51:34] 105 10295907455 4.646769 43.45138         1 104
SUCCESS [2023-10-22 14:51:34] 106   427565159 4.646403 43.45113         1 105
SUCCESS [2023-10-22 14:51:34] 107 10295907454 4.646301 43.45103         1 106
SUCCESS [2023-10-22 14:51:34] 108  6536620303 4.646209 43.45093         1 107
SUCCESS [2023-10-22 14:51:34] 109   427565160 4.646074 43.45072         1 108
SUCCESS [2023-10-22 14:51:34] 110   427565161 4.645733 43.45009         1 109
SUCCESS [2023-10-22 14:51:34] 111   427565162 4.645234 43.44917         1 110
SUCCESS [2023-10-22 14:51:34] 112  7238358791 4.645056 43.44883         1 111
SUCCESS [2023-10-22 14:51:34] 113  7238358790 4.645003 43.44872         1 112
SUCCESS [2023-10-22 14:51:34] 114   427565163 4.644895 43.44840         1 113
SUCCESS [2023-10-22 14:51:34] 115   427565164 4.644542 43.44730         1 114
SUCCESS [2023-10-22 14:51:34] 116  2703905626 4.644375 43.44678         1 115
SUCCESS [2023-10-22 14:51:34] 117   427565165 4.643822 43.44513         1 116
SUCCESS [2023-10-22 14:51:34] 118 10295907453 4.643678 43.44468         1 117
SUCCESS [2023-10-22 14:51:34] 119   427565166 4.643607 43.44439         1 118
SUCCESS [2023-10-22 14:51:34] 120 10295907451 4.643611 43.44415         1 119
SUCCESS [2023-10-22 14:51:34] 121   391449497 4.384361 43.48651         1 120
SUCCESS [2023-10-22 14:51:34] 122  3724788284 4.384480 43.48649         1 121
SUCCESS [2023-10-22 14:51:34] 123   391449476 4.384796 43.48641         1 122
SUCCESS [2023-10-22 14:51:34] 124  3724788281 4.384913 43.48642         1 123
SUCCESS [2023-10-22 14:51:34] 125   391449477 4.385380 43.48646         1 124
SUCCESS [2023-10-22 14:51:34] 126   391449478 4.385640 43.48648         1 125
SUCCESS [2023-10-22 14:51:34] 127  8517740798 4.385995 43.48649         1 126
SUCCESS [2023-10-22 14:51:34] 128  3724788285 4.386146 43.48647         1 127
SUCCESS [2023-10-22 14:51:34] 129   392074229 4.427460 43.45033         1 128
SUCCESS [2023-10-22 14:51:34] 130  2958968905 4.427448 43.45025         1 129
SUCCESS [2023-10-22 14:51:34] 131   413420613 4.427489 43.44988         1 130
SUCCESS [2023-10-22 14:51:34] 132  6716504190 4.427495 43.44986         1 131
SUCCESS [2023-10-22 14:51:34] 133   413420642 4.427520 43.44976         1 132
SUCCESS [2023-10-22 14:51:34] 134   392074235 4.427530 43.44958         1 133
SUCCESS [2023-10-22 14:51:34] 135  6716491570 4.427430 43.44953         1 134
SUCCESS [2023-10-22 14:51:34] 136  6716504205 4.427297 43.44950         1 135
SUCCESS [2023-10-22 14:51:34] 137   392074237 4.427214 43.44948         1 136
SUCCESS [2023-10-22 14:51:34] 138  2988271709 4.427149 43.44949         1 137
SUCCESS [2023-10-22 14:51:34] 139   392074239 4.426877 43.44956         1 138
SUCCESS [2023-10-22 14:51:34] 140   392074241 4.426685 43.44963         1 139
SUCCESS [2023-10-22 14:51:34] 141  7436856968 4.426615 43.44970         1 140
SUCCESS [2023-10-22 14:51:34] 142   392074242 4.426590 43.44994         1 141
SUCCESS [2023-10-22 14:51:34] 143  1645147264 4.426567 43.45014         1 142
SUCCESS [2023-10-22 14:51:34] 144  2988271733 4.426553 43.45026         1 143
SUCCESS [2023-10-22 14:51:34] 145   409743346 4.444653 43.45654         1 144
SUCCESS [2023-10-22 14:51:34] 146   412368706 4.407746 43.44986         1 145
SUCCESS [2023-10-22 14:51:34] 147  2909999798 4.407747 43.44989         1 146
SUCCESS [2023-10-22 14:51:34] 148 10814221776 4.407749 43.44991         1 147
SUCCESS [2023-10-22 14:51:34] 149   304078891 4.435880 43.45596         1 148
SUCCESS [2023-10-22 14:51:34] 150   412369422 4.436032 43.45590         1 149
SUCCESS [2023-10-22 14:51:34] 151  3603441391 4.436192 43.45572         1 150
SUCCESS [2023-10-22 14:51:34] 152   505528959 4.436270 43.45564         1 151
SUCCESS [2023-10-22 14:51:34] 153  5856755802 4.436309 43.45558         1 152
SUCCESS [2023-10-22 14:51:34] 154  1900727529 4.436507 43.45530         1 153
SUCCESS [2023-10-22 14:51:34] 155  3603507220 4.436712 43.45522         1 154
SUCCESS [2023-10-22 14:51:34] 156   505528965 4.436780 43.45519         1 155
SUCCESS [2023-10-22 14:51:34] 157   505528968 4.437358 43.45525         1 156
SUCCESS [2023-10-22 14:51:34] 158  1900727156 4.437659 43.45531         1 157
SUCCESS [2023-10-22 14:51:34] 159   505528973 4.437722 43.45532         1 158
SUCCESS [2023-10-22 14:51:34] 160   505529002 4.438218 43.45550         1 159
SUCCESS [2023-10-22 14:51:34] 161   505529007 4.438465 43.45562         1 160
SUCCESS [2023-10-22 14:51:34] 162   505529117 4.438599 43.45573         1 161
SUCCESS [2023-10-22 14:51:34] 163   505529012 4.438927 43.45608         1 162
SUCCESS [2023-10-22 14:51:34] 164   505529017 4.439307 43.45636         1 163
SUCCESS [2023-10-22 14:51:34] 165  1900727263 4.439449 43.45645         1 164
SUCCESS [2023-10-22 14:51:34] 166  1900727444 4.439483 43.45647         1 165
SUCCESS [2023-10-22 14:51:34] 167   505529019 4.439706 43.45654         1 166
SUCCESS [2023-10-22 14:51:34] 168  1900727088 4.439918 43.45659         1 167
SUCCESS [2023-10-22 14:51:34] 169  3603507256 4.440146 43.45663         1 168
SUCCESS [2023-10-22 14:51:34] 170  1900727526 4.440282 43.45665         1 169
SUCCESS [2023-10-22 14:51:34] 171   505529022 4.440572 43.45671         1 170
SUCCESS [2023-10-22 14:51:34] 172   505529026 4.440984 43.45681         1 171
SUCCESS [2023-10-22 14:51:34] 173  1900727458 4.441038 43.45682         1 172
SUCCESS [2023-10-22 14:51:34] 174   505529030 4.441305 43.45692         1 173
SUCCESS [2023-10-22 14:51:34] 175  1900726964 4.441420 43.45701         1 174
SUCCESS [2023-10-22 14:51:34] 176   505529033 4.441452 43.45710         1 175
SUCCESS [2023-10-22 14:51:34] 177  3603507264 4.441406 43.45725         1 176
SUCCESS [2023-10-22 14:51:34] 178   505529037 4.441382 43.45732         1 177
SUCCESS [2023-10-22 14:51:34] 179  7299246486 4.441188 43.45753         1 178
SUCCESS [2023-10-22 14:51:34] 180   505529042 4.441207 43.45760         1 179
SUCCESS [2023-10-22 14:51:34] 181   505529045 4.441320 43.45786         1 180
SUCCESS [2023-10-22 14:51:34] 182   505529050 4.441424 43.45808         1 181
SUCCESS [2023-10-22 14:51:34] 183  1645147256 4.401751 43.45011         1 182
SUCCESS [2023-10-22 14:51:34] 184  8996134676 4.401362 43.45018         1 183
SUCCESS [2023-10-22 14:51:34] 185    77216106 4.401101 43.45025         1 184
SUCCESS [2023-10-22 14:51:34] 186  1645147389 4.399239 43.45094         1 185
SUCCESS [2023-10-22 14:51:34] 187   276191538 4.308280 43.57132         1 186
SUCCESS [2023-10-22 14:51:34] 188   276191539 4.308463 43.57098         1 187
SUCCESS [2023-10-22 14:51:34] 189  3236675949 4.308566 43.57081         1 188
SUCCESS [2023-10-22 14:51:34] 190   276195255 4.308649 43.57069         1 189
SUCCESS [2023-10-22 14:51:34] 191  3236675938 4.308758 43.57056         1 190
SUCCESS [2023-10-22 14:51:34] 192   276191540 4.308972 43.57033         1 191
SUCCESS [2023-10-22 14:51:34] 193   276191541 4.313984 43.56521         1 192
SUCCESS [2023-10-22 14:51:34] 194  3236675945 4.314267 43.56491         1 193
SUCCESS [2023-10-22 14:51:34] 195  3236675934 4.314502 43.56467         1 194
SUCCESS [2023-10-22 14:51:34] 196  3236675940 4.314690 43.56444         1 195
SUCCESS [2023-10-22 14:51:34] 197   276191542 4.314846 43.56422         1 196
SUCCESS [2023-10-22 14:51:34] 198  3236675947 4.315105 43.56382         1 197
SUCCESS [2023-10-22 14:51:34] 199  3236675946 4.316025 43.56236         1 198
SUCCESS [2023-10-22 14:51:34] 200  6046969613 4.316776 43.56117         1 199
SUCCESS [2023-10-22 14:51:34]  [ reached 'max' / getOption("max.print") -- omitted 2318601 rows ]
SUCCESS [2023-10-22 14:51:34] 
SUCCESS [2023-10-22 14:51:34] $distances
SUCCESS [2023-10-22 14:51:34] [1] TRUE
SUCCESS [2023-10-22 14:51:34] 
SUCCESS [2023-10-22 14:51:34] $denivele
SUCCESS [2023-10-22 14:51:34] [1] FALSE
SUCCESS [2023-10-22 14:51:34] 
SUCCESS [2023-10-22 14:51:34] $pkg
SUCCESS [2023-10-22 14:51:34] [1] "dodgr"
SUCCESS [2023-10-22 14:51:34] 
SUCCESS [2023-10-22 14:51:34] $turn_penalty
SUCCESS [2023-10-22 14:51:34] [1] TRUE
SUCCESS [2023-10-22 14:51:34] 
SUCCESS [2023-10-22 14:51:34] $graph_name
SUCCESS [2023-10-22 14:51:34] /space_mounts/data/marseille//dodgr//marseille.motorcar.dodgrnet
SUCCESS [2023-10-22 14:51:34] FALSE
SUCCESS [2023-10-22 14:51:34] 
SUCCESS [2023-10-22 14:51:34] $string
SUCCESS [2023-10-22 14:51:34] dodgr routing motorcar sur /space_mounts/data/marseille//dodgr/ a 2023-10-22 14:49:20.319086
SUCCESS [2023-10-22 14:51:34] FALSE
SUCCESS [2023-10-22 14:51:34] 
SUCCESS [2023-10-22 14:51:34] $departure_datetime
SUCCESS [2023-10-22 14:51:34] [1] "2019-12-17 08:00:00 UTC"
SUCCESS [2023-10-22 14:51:34] 
SUCCESS [2023-10-22 14:51:34] $mode
SUCCESS [2023-10-22 14:51:34] [1] "motorcar"
SUCCESS [2023-10-22 14:51:34] 
SUCCESS [2023-10-22 14:51:34] $n_threads
SUCCESS [2023-10-22 14:51:34] [1] 8
SUCCESS [2023-10-22 14:51:34] 
SUCCESS [2023-10-22 14:51:34] $future
SUCCESS [2023-10-22 14:51:34] [1] TRUE
SUCCESS [2023-10-22 14:51:34] 
SUCCESS [2023-10-22 14:51:34] $future_routing
SUCCESS [2023-10-22 14:51:34] function (routing) 
SUCCESS [2023-10-22 14:51:34] {
SUCCESS [2023-10-22 14:51:34]     rout <- routing
SUCCESS [2023-10-22 14:51:34]     rout$graph <- NULL
SUCCESS [2023-10-22 14:51:34]     rout$vertices <- NULL
SUCCESS [2023-10-22 14:51:34]     rout$elevation_data <- NULL
SUCCESS [2023-10-22 14:51:34]     return(rout)
SUCCESS [2023-10-22 14:51:34] }
SUCCESS [2023-10-22 14:51:34] <bytecode: 0x5614344f8480>
SUCCESS [2023-10-22 14:51:34] <environment: 0x5614db527ae0>
SUCCESS [2023-10-22 14:51:34] 
SUCCESS [2023-10-22 14:51:34] $core_init
SUCCESS [2023-10-22 14:51:34] function (routing) 
SUCCESS [2023-10-22 14:51:34] {
SUCCESS [2023-10-22 14:51:34]     RcppParallel::setThreadOptions(numThreads = routing$n_threads)
SUCCESS [2023-10-22 14:51:34]     rout <- routing
SUCCESS [2023-10-22 14:51:34]     rout$graph <- load_street_network(routing$graph_name)
SUCCESS [2023-10-22 14:51:34]     rout$vertices <- dodgr::dodgr_vertices(rout$graph)
SUCCESS [2023-10-22 14:51:34]     if ("dz" %in% names(rout$graph)) 
SUCCESS [2023-10-22 14:51:34]         rout$graph$dzplus <- rout$graph$dz * (rout$graph$dz > 
SUCCESS [2023-10-22 14:51:34]             0)
SUCCESS [2023-10-22 14:51:34]     logger::log_info("router {graph_name} chargé")
SUCCESS [2023-10-22 14:51:34]     return(rout)
SUCCESS [2023-10-22 14:51:34] }
SUCCESS [2023-10-22 14:51:34] <bytecode: 0x5614344f7840>
SUCCESS [2023-10-22 14:51:34] <environment: 0x5614db527ae0>
SUCCESS [2023-10-22 14:51:34] 
SUCCESS [2023-10-22 14:51:34] 
SUCCESS [2023-10-22 14:51:34] tmax:120
SUCCESS [2023-10-22 14:51:34] pdt:1
SUCCESS [2023-10-22 14:51:34] chunk:20M
SUCCESS [2023-10-22 14:51:34] resolution:200
SUCCESS [2023-10-22 14:51:34] out:200
SUCCESS [2023-10-22 14:51:34] les variables sont emplois
SUCCESS [2023-10-22 14:51:35] taille:333.6M gr:17 res_gr:12800
SUCCESS [2023-10-22 14:51:35] 26k ou, 12.8k quoi
SUCCESS [2023-10-22 14:51:35] 33 carreaux, 8 subsampling
SUCCESS [2023-10-22 14:51:35] future:TRUE, 4 workers
INFO [51735] [2023-10-22 14:56:10] router /space_mounts/data/marseille//dodgr//marseille.motorcar.dodgrnet chargé
INFO [51735] [2023-10-22 14:56:12] dodgr_ttm called, TRUE, 7x21
INFO [51734] [2023-10-22 14:56:58] router /space_mounts/data/marseille//dodgr//marseille.motorcar.dodgrnet chargé
INFO [51734] [2023-10-22 14:57:01] dodgr_ttm called, TRUE, 8x573
INFO [51735] [2023-10-22 14:57:02] dodgr_ttm called, FALSE, 7x12829
INFO [51736] [2023-10-22 14:57:48] router /space_mounts/data/marseille//dodgr//marseille.motorcar.dodgrnet chargé
INFO [51736] [2023-10-22 14:57:51] dodgr_ttm called, TRUE, 8x500
INFO [51734] [2023-10-22 14:57:52] dodgr_ttm called, FALSE, 8x12829
INFO [51737] [2023-10-22 14:58:43] router /space_mounts/data/marseille//dodgr//marseille.motorcar.dodgrnet chargé
INFO [51736] [2023-10-22 14:58:44] dodgr_ttm called, FALSE, 8x12829
INFO [51737] [2023-10-22 14:58:46] dodgr_ttm called, TRUE, 8x1203
INFO [51735] [2023-10-22 14:58:51] dodgr_ttm called, FALSE, 6x12719
INFO [51737] [2023-10-22 14:59:45] dodgr_ttm called, FALSE, 8x12829
INFO [51734] [2023-10-22 14:59:49] dodgr_ttm called, FALSE, 48x12719
INFO [51735] [2023-10-22 15:00:50] paquet:N2227200E3955200 ppou:11 ttm ok 76314
INFO [51735] [2023-10-22 15:00:50] dodgr_ttm called, FALSE, 2x12719
INFO [51736] [2023-10-22 15:00:51] dodgr_ttm called, FALSE, 96x12719
INFO [51737] [2023-10-22 15:01:57] dodgr_ttm called, FALSE, 76x12719
INFO [51734] [2023-10-22 15:02:08] paquet:N2252800E3916800 ppou:5360 ttm ok 610512
INFO [51734] [2023-10-22 15:02:08] dodgr_ttm called, FALSE, 99x12719
INFO [51735] [2023-10-22 15:02:51] paquet:N2227200E3955200 ppou:17 ttm ok 25438
INFO [51735] [2023-10-22 15:02:51] dodgr_ttm called, FALSE, 5x12719
INFO [51736] [2023-10-22 15:03:23] paquet:N2265600E3904000 ppou:10428 ttm ok 1221024
INFO [51736] [2023-10-22 15:03:23] dodgr_ttm called, FALSE, 11x12719
INFO [51737] [2023-10-22 15:04:34] paquet:N2291200E3929600 ppou:21759 ttm ok 966644
INFO [51737] [2023-10-22 15:04:34] dodgr_ttm called, FALSE, 313x12719
INFO [51734] [2023-10-22 15:04:43] paquet:N2252800E3916800 ppou:5482 ttm ok 1259181
INFO [51734] [2023-10-22 15:04:43] dodgr_ttm called, FALSE, 60x12719
INFO [51735] [2023-10-22 15:05:03] paquet:N2227200E3955200 ppou:18 ttm ok 63595
INFO [51735] [2023-10-22 15:05:03] dodgr_ttm called, FALSE, 1x12719
INFO [51736] [2023-10-22 15:05:22] paquet:N2265600E3904000 ppou:10760 ttm ok 139909
INFO [51736] [2023-10-22 15:05:22] dodgr_ttm called, FALSE, 115x12719
INFO [51735] [2023-10-22 15:07:10] paquet:N2227200E3955200 ppou:19 ttm ok 12719
INFO [51735] [2023-10-22 15:07:10] dodgr_ttm called, FALSE, 6x12719
INFO [51734] [2023-10-22 15:07:14] paquet:N2252800E3916800 ppou:5500 ttm ok 763140
INFO [51734] [2023-10-22 15:07:14] dodgr_ttm called, FALSE, 91x12719
INFO [51736] [2023-10-22 15:08:08] paquet:N2265600E3904000 ppou:11349 ttm ok 1462685
INFO [51736] [2023-10-22 15:08:08] dodgr_ttm called, FALSE, 35x12719
INFO [51737] [2023-10-22 15:08:39] paquet:N2291200E3929600 ppou:22276 ttm ok 3981047
INFO [51737] [2023-10-22 15:08:39] dodgr_ttm called, FALSE, 265x12719
INFO [51735] [2023-10-22 15:09:18] paquet:N2227200E3955200 ppou:22 ttm ok 76314
SUCCESS [51735] [2023-10-22 15:09:18] carreau:N2227200E3955200 5 ancres 344.2k@438.2p/s demandees, 343.4k@437.3p/s retenues
INFO [51735] [2023-10-22 15:09:21] dodgr_ttm called, TRUE, 8x1333
INFO [51734] [2023-10-22 15:09:52] paquet:N2252800E3916800 ppou:5636 ttm ok 1157429
INFO [51734] [2023-10-22 15:09:53] dodgr_ttm called, FALSE, 52x12719
INFO [51735] [2023-10-22 15:10:18] dodgr_ttm called, FALSE, 8x12829
INFO [51736] [2023-10-22 15:10:27] paquet:N2265600E3904000 ppou:12598 ttm ok 445165
INFO [51736] [2023-10-22 15:10:27] dodgr_ttm called, FALSE, 83x12719
INFO [51734] [2023-10-22 15:12:13] paquet:N2252800E3916800 ppou:6429 ttm ok 661388
INFO [51734] [2023-10-22 15:12:13] dodgr_ttm called, FALSE, 71x12719
INFO [51737] [2023-10-22 15:12:16] paquet:N2291200E3929600 ppou:23290 ttm ok 3345097
INFO [51737] [2023-10-22 15:12:16] dodgr_ttm called, FALSE, 89x12719
INFO [51735] [2023-10-22 15:12:22] dodgr_ttm called, FALSE, 299x12719
INFO [51736] [2023-10-22 15:13:16] paquet:N2265600E3904000 ppou:13676 ttm ok 1055677
INFO [51736] [2023-10-22 15:13:17] dodgr_ttm called, FALSE, 24x12719
INFO [51734] [2023-10-22 15:14:46] paquet:N2252800E3916800 ppou:7363 ttm ok 903049
INFO [51734] [2023-10-22 15:14:46] dodgr_ttm called, FALSE, 85x12719
INFO [51737] [2023-10-22 15:14:52] paquet:N2291200E3929600 ppou:25028 ttm ok 1131991
INFO [51737] [2023-10-22 15:14:52] dodgr_ttm called, FALSE, 216x12719
INFO [51736] [2023-10-22 15:15:33] paquet:N2265600E3904000 ppou:14028 ttm ok 305256
INFO [51736] [2023-10-22 15:15:34] dodgr_ttm called, FALSE, 28x12719
INFO [51735] [2023-10-22 15:16:22] paquet:N2240000E3955200 ppou:307 ttm ok 3802981
INFO [51735] [2023-10-22 15:16:22] dodgr_ttm called, FALSE, 156x12719
INFO [51734] [2023-10-22 15:17:22] paquet:N2252800E3916800 ppou:7956 ttm ok 1081115
INFO [51734] [2023-10-22 15:17:22] dodgr_ttm called, FALSE, 65x12719
INFO [51736] [2023-10-22 15:18:03] paquet:N2265600E3904000 ppou:14216 ttm ok 356132
INFO [51736] [2023-10-22 15:18:03] dodgr_ttm called, FALSE, 108x12719
INFO [51737] [2023-10-22 15:18:15] paquet:N2291200E3929600 ppou:25566 ttm ok 2747304
INFO [51737] [2023-10-22 15:18:15] dodgr_ttm called, FALSE, 126x12719
INFO [51735] [2023-10-22 15:19:26] paquet:N2240000E3955200 ppou:375 ttm ok 1984164
INFO [51735] [2023-10-22 15:19:27] dodgr_ttm called, FALSE, 68x12719
INFO [51734] [2023-10-22 15:20:04] paquet:N2252800E3916800 ppou:8234 ttm ok 826735
SUCCESS [51734] [2023-10-22 15:20:05] carreau:N2252800E3916800 8 ancres 7.4M@5.3kp/s demandees, 7.4M@5.3kp/s retenues
INFO [51734] [2023-10-22 15:20:09] dodgr_ttm called, TRUE, 1x6
INFO [51734] [2023-10-22 15:20:56] dodgr_ttm called, FALSE, 1x12829
INFO [51736] [2023-10-22 15:20:57] paquet:N2265600E3904000 ppou:15047 ttm ok 1373652
INFO [51737] [2023-10-22 15:20:57] paquet:N2291200E3929600 ppou:25575 ttm ok 1602594
SUCCESS [51736] [2023-10-22 15:20:57] carreau:N2265600E3904000 8 ancres 6.5M@4.7kp/s demandees, 6.5M@4.7kp/s retenues
INFO [51737] [2023-10-22 15:20:58] dodgr_ttm called, FALSE, 84x12719
INFO [51736] [2023-10-22 15:21:04] dodgr_ttm called, TRUE, 8x554
INFO [51736] [2023-10-22 15:21:49] dodgr_ttm called, FALSE, 8x12829
INFO [51735] [2023-10-22 15:21:53] paquet:N2240000E3955200 ppou:580 ttm ok 864892
INFO [51735] [2023-10-22 15:21:53] dodgr_ttm called, FALSE, 30x12719
INFO [51734] [2023-10-22 15:22:52] dodgr_ttm called, FALSE, 6x12719
INFO [51737] [2023-10-22 15:23:25] paquet:N2291200E3929600 ppou:25620 ttm ok 1068396
SUCCESS [51737] [2023-10-22 15:23:28] carreau:N2291200E3929600 7 ancres 14.9M@10.1kp/s demandees, 14.9M@10.1kp/s retenues
INFO [51737] [2023-10-22 15:23:34] dodgr_ttm called, TRUE, 8x790
INFO [51736] [2023-10-22 15:23:43] dodgr_ttm called, FALSE, 81x12719
INFO [51735] [2023-10-22 15:24:09] paquet:N2240000E3955200 ppou:614 ttm ok 381570
INFO [51735] [2023-10-22 15:24:09] dodgr_ttm called, FALSE, 228x12719
INFO [51737] [2023-10-22 15:24:20] dodgr_ttm called, FALSE, 8x12829
INFO [51734] [2023-10-22 15:24:47] paquet:N2252800E3904000 ppou:7951 ttm ok 76214
SUCCESS [51734] [2023-10-22 15:24:47] carreau:N2252800E3904000 1 ancres 89.1k@321.3p/s demandees, 88.9k@320.5p/s retenues
INFO [51734] [2023-10-22 15:24:51] dodgr_ttm called, FALSE, 1x12819
INFO [51736] [2023-10-22 15:26:17] paquet:N2278400E3904000 ppou:15911 ttm ok 1030239
INFO [51736] [2023-10-22 15:26:17] dodgr_ttm called, FALSE, 106x12719
INFO [51737] [2023-10-22 15:26:20] dodgr_ttm called, FALSE, 1x12719
SUCCESS [51734] [2023-10-22 15:26:53] carreau:N2252800E3891200 0 ancres 12.8k@105.3p/s demandees, 12.7k@104.2p/s retenues
INFO [51734] [2023-10-22 15:26:57] dodgr_ttm called, TRUE, 8x637
INFO [51735] [2023-10-22 15:27:22] paquet:N2240000E3955200 ppou:720 ttm ok 2899932
INFO [51735] [2023-10-22 15:27:22] dodgr_ttm called, FALSE, 366x12719
INFO [51734] [2023-10-22 15:27:47] dodgr_ttm called, FALSE, 8x12829
INFO [51737] [2023-10-22 15:28:12] paquet:N2291200E3942400 ppou:21996 ttm ok 12719
INFO [51737] [2023-10-22 15:28:12] dodgr_ttm called, FALSE, 77x12719
INFO [51736] [2023-10-22 15:28:54] paquet:N2278400E3904000 ppou:16105 ttm ok 1348214
INFO [51736] [2023-10-22 15:28:54] dodgr_ttm called, FALSE, 61x12719
INFO [51734] [2023-10-22 15:29:52] dodgr_ttm called, FALSE, 9x12719
INFO [51737] [2023-10-22 15:30:44] paquet:N2291200E3942400 ppou:21999 ttm ok 979363
INFO [51737] [2023-10-22 15:30:44] dodgr_ttm called, FALSE, 218x12719
INFO [51735] [2023-10-22 15:31:29] paquet:N2240000E3955200 ppou:1030 ttm ok 4655154
INFO [51735] [2023-10-22 15:31:30] dodgr_ttm called, FALSE, 130x12719
INFO [51736] [2023-10-22 15:31:36] paquet:N2278400E3904000 ppou:16593 ttm ok 775859
INFO [51736] [2023-10-22 15:31:36] dodgr_ttm called, FALSE, 9x12719
INFO [51734] [2023-10-22 15:32:11] paquet:N2265600E3916800 ppou:9059 ttm ok 114471
INFO [51734] [2023-10-22 15:32:11] dodgr_ttm called, FALSE, 217x12719
INFO [51736] [2023-10-22 15:33:46] paquet:N2278400E3904000 ppou:16804 ttm ok 114471
INFO [51736] [2023-10-22 15:33:46] dodgr_ttm called, FALSE, 128x12719
INFO [51735] [2023-10-22 15:34:23] paquet:N2240000E3955200 ppou:1763 ttm ok 1653470
INFO [51735] [2023-10-22 15:34:23] dodgr_ttm called, FALSE, 41x12719
INFO [51734] [2023-10-22 15:35:28] paquet:N2265600E3916800 ppou:9192 ttm ok 2760023
INFO [51734] [2023-10-22 15:35:29] dodgr_ttm called, FALSE, 68x12719
INFO [51736] [2023-10-22 15:36:25] paquet:N2278400E3904000 ppou:17575 ttm ok 1628032
INFO [51736] [2023-10-22 15:36:26] dodgr_ttm called, FALSE, 5x12719
INFO [51735] [2023-10-22 15:36:27] paquet:N2240000E3955200 ppou:2045 ttm ok 521479
SUCCESS [51735] [2023-10-22 15:36:28] carreau:N2240000E3955200 8 ancres 16.9M@10.4kp/s demandees, 16.9M@10.4kp/s retenues
INFO [51735] [2023-10-22 15:36:36] dodgr_ttm called, TRUE, 8x203
INFO [51735] [2023-10-22 15:37:15] dodgr_ttm called, FALSE, 8x12829
INFO [51734] [2023-10-22 15:37:40] paquet:N2265600E3916800 ppou:9305 ttm ok 864892
INFO [51734] [2023-10-22 15:37:40] dodgr_ttm called, FALSE, 37x12719
