SUCCESS [2024-03-02 18:17:09] Calcul accessibilite version 2
SUCCESS [2024-03-02 18:17:09] $type
SUCCESS [2024-03-02 18:17:09] [1] "r5"
SUCCESS [2024-03-02 18:17:09] 
SUCCESS [2024-03-02 18:17:09] $path
SUCCESS [2024-03-02 18:17:09] ~/files/localr5/
SUCCESS [2024-03-02 18:17:09] FALSE
SUCCESS [2024-03-02 18:17:09] 
SUCCESS [2024-03-02 18:17:09] $string
SUCCESS [2024-03-02 18:17:09] r5 routing WALK&TRANSIT sur ~/files/localr5/ a 2024-03-02 18:17:09.173256
SUCCESS [2024-03-02 18:17:09] FALSE
SUCCESS [2024-03-02 18:17:09] 
SUCCESS [2024-03-02 18:17:09] $core
SUCCESS [2024-03-02 18:17:09] [1] "Java-Object{org.ipea.r5r.R5RCore@55b53d44}"
SUCCESS [2024-03-02 18:17:09] 
SUCCESS [2024-03-02 18:17:09] $montecarlo
SUCCESS [2024-03-02 18:17:09] [1] 1
SUCCESS [2024-03-02 18:17:09] 
SUCCESS [2024-03-02 18:17:09] $time_window
SUCCESS [2024-03-02 18:17:09] [1] 60
SUCCESS [2024-03-02 18:17:09] 
SUCCESS [2024-03-02 18:17:09] $departure_datetime
SUCCESS [2024-03-02 18:17:09] [1] "2023-06-14 08:00:00 UTC"
SUCCESS [2024-03-02 18:17:09] 
SUCCESS [2024-03-02 18:17:09] $mode
SUCCESS [2024-03-02 18:17:09] [1] "WALK"    "TRANSIT"
SUCCESS [2024-03-02 18:17:09] 
SUCCESS [2024-03-02 18:17:09] $percentiles
SUCCESS [2024-03-02 18:17:09] [1] 0.05
SUCCESS [2024-03-02 18:17:09] 
SUCCESS [2024-03-02 18:17:09] $max_walk_time
SUCCESS [2024-03-02 18:17:09] [1] Inf
SUCCESS [2024-03-02 18:17:09] 
SUCCESS [2024-03-02 18:17:09] $walk_speed
SUCCESS [2024-03-02 18:17:09] [1] 5
SUCCESS [2024-03-02 18:17:09] 
SUCCESS [2024-03-02 18:17:09] $bike_speed
SUCCESS [2024-03-02 18:17:09] [1] 12
SUCCESS [2024-03-02 18:17:09] 
SUCCESS [2024-03-02 18:17:09] $max_rides
SUCCESS [2024-03-02 18:17:09] [1] 3
SUCCESS [2024-03-02 18:17:09] 
SUCCESS [2024-03-02 18:17:09] $max_lts
SUCCESS [2024-03-02 18:17:09] [1] 2
SUCCESS [2024-03-02 18:17:09] 
SUCCESS [2024-03-02 18:17:09] $elevation
SUCCESS [2024-03-02 18:17:09] [1] "NONE"
SUCCESS [2024-03-02 18:17:09] 
SUCCESS [2024-03-02 18:17:09] $elevation_tif
SUCCESS [2024-03-02 18:17:09] NULL
SUCCESS [2024-03-02 18:17:09] 
SUCCESS [2024-03-02 18:17:09] $pkg
SUCCESS [2024-03-02 18:17:09] [1] "r5r"   "rJava"
SUCCESS [2024-03-02 18:17:09] 
SUCCESS [2024-03-02 18:17:09] $dfMaxLength
SUCCESS [2024-03-02 18:17:09] [1] 10
SUCCESS [2024-03-02 18:17:09] 
SUCCESS [2024-03-02 18:17:09] $extended
SUCCESS [2024-03-02 18:17:09] [1] TRUE
SUCCESS [2024-03-02 18:17:09] 
SUCCESS [2024-03-02 18:17:09] $elevation_data
SUCCESS [2024-03-02 18:17:09] NULL
SUCCESS [2024-03-02 18:17:09] 
SUCCESS [2024-03-02 18:17:09] $max_rows
SUCCESS [2024-03-02 18:17:09] [1] 5000
SUCCESS [2024-03-02 18:17:09] 
SUCCESS [2024-03-02 18:17:09] $n_threads
SUCCESS [2024-03-02 18:17:09] [1] 16
SUCCESS [2024-03-02 18:17:09] 
SUCCESS [2024-03-02 18:17:09] $future
SUCCESS [2024-03-02 18:17:09] [1] TRUE
SUCCESS [2024-03-02 18:17:09] 
SUCCESS [2024-03-02 18:17:09] $jMem
SUCCESS [2024-03-02 18:17:09] [1] "12G"
SUCCESS [2024-03-02 18:17:09] 
SUCCESS [2024-03-02 18:17:09] $r5r_jar
SUCCESS [2024-03-02 18:17:09] [1] "/usr/local/lib/R/site-library/r5r/jar/r5r_0_6_0.jar"
SUCCESS [2024-03-02 18:17:09] 
SUCCESS [2024-03-02 18:17:09] $r5_jar
SUCCESS [2024-03-02 18:17:09] character(0)
SUCCESS [2024-03-02 18:17:09] 
SUCCESS [2024-03-02 18:17:09] $future_routing
SUCCESS [2024-03-02 18:17:09] function(routing) {
SUCCESS [2024-03-02 18:17:09]       rout <- routing
SUCCESS [2024-03-02 18:17:09]       rout$elevation_data <- NULL
SUCCESS [2024-03-02 18:17:09]       return(rout)}
SUCCESS [2024-03-02 18:17:09] <bytecode: 0x55a44bb965a8>
SUCCESS [2024-03-02 18:17:09] <environment: 0x55a44bb84768>
SUCCESS [2024-03-02 18:17:09] 
SUCCESS [2024-03-02 18:17:09] $core_init
SUCCESS [2024-03-02 18:17:09] function(routing){
SUCCESS [2024-03-02 18:17:09]       options(java.parameters = glue::glue('-Xmx{routing$jMem}'))
SUCCESS [2024-03-02 18:17:09]       rJava::.jinit(silent=TRUE)
SUCCESS [2024-03-02 18:17:09]       r5r::stop_r5()
SUCCESS [2024-03-02 18:17:09]       rJava::.jgc(R.gc = TRUE)
SUCCESS [2024-03-02 18:17:09]       options(r5r.montecarlo_draws = routing$montecarlo)
SUCCESS [2024-03-02 18:17:09]       core <- r5r::setup_r5(data_path = routing$path, verbose=FALSE,
SUCCESS [2024-03-02 18:17:09]                             elevation=routing$elevation)
SUCCESS [2024-03-02 18:17:09]       out <- routing
SUCCESS [2024-03-02 18:17:09]       out$core <- core
SUCCESS [2024-03-02 18:17:09]       if(!is.null(routing$elevation_tif))
SUCCESS [2024-03-02 18:17:09]         out$elevation_data <- terra::rast(str_c(routing$path, "/", routing$elevation_tif))
SUCCESS [2024-03-02 18:17:09]       return(out)
SUCCESS [2024-03-02 18:17:09]     }
SUCCESS [2024-03-02 18:17:09] <bytecode: 0x55a44bb900a0>
SUCCESS [2024-03-02 18:17:09] <environment: 0x55a44bb84768>
SUCCESS [2024-03-02 18:17:09] 
SUCCESS [2024-03-02 18:17:09] 
SUCCESS [2024-03-02 18:17:09] tmax:120
SUCCESS [2024-03-02 18:17:09] pdt:1
SUCCESS [2024-03-02 18:17:09] chunk:100k
SUCCESS [2024-03-02 18:17:09] resolution:200
SUCCESS [2024-03-02 18:17:09] out:200
SUCCESS [2024-03-02 18:17:09] les variables sont emp_resident
SUCCESS [2024-03-02 18:17:09] taille:632.1M gr:6.3k res_gr:800
SUCCESS [2024-03-02 18:17:09] 26k ou, 24.8k quoi
SUCCESS [2024-03-02 18:17:09] 3337 carreaux, 1 subsampling
SUCCESS [2024-03-02 18:17:09] future:TRUE, 2 workers
WARN [51358] [2024-03-02 18:17:21] error r5::travel_time_matrix, matrice vide
WARN [51358] [2024-03-02 18:17:21] carreau:N2238400E3962400 ou_id:1 ttm_0 vide
WARN [51358] [2024-03-02 18:17:21] la matrice des distances entre les ancres et les opportunites est vide
INFO [51359] [2024-03-02 18:18:44] paquet:N2276800E3954400 ppou:14763 ttm ok 127287
SUCCESS [51359] [2024-03-02 18:18:44] carreau:N2276800E3954400 1 ancres 191.8k@2.3kp/s demandees, 141.4k@1.7kp/s retenues
