SUCCESS [2023-10-23 20:23:41] Calcul accessibilite version 2
SUCCESS [2023-10-23 20:23:41] $type
SUCCESS [2023-10-23 20:23:41] [1] "dodgr"
SUCCESS [2023-10-23 20:23:41] 
SUCCESS [2023-10-23 20:23:41] $path
SUCCESS [2023-10-23 20:23:41] /space_mounts/data/marseille//dodgr/
SUCCESS [2023-10-23 20:23:41] FALSE
SUCCESS [2023-10-23 20:23:41] 
SUCCESS [2023-10-23 20:23:41] $graph
SUCCESS [2023-10-23 20:23:41] NULL
SUCCESS [2023-10-23 20:23:41] 
SUCCESS [2023-10-23 20:23:41] $vertices
SUCCESS [2023-10-23 20:23:41] NULL
SUCCESS [2023-10-23 20:23:41] 
SUCCESS [2023-10-23 20:23:41] $distances
SUCCESS [2023-10-23 20:23:41] [1] TRUE
SUCCESS [2023-10-23 20:23:41] 
SUCCESS [2023-10-23 20:23:41] $denivele
SUCCESS [2023-10-23 20:23:41] [1] FALSE
SUCCESS [2023-10-23 20:23:41] 
SUCCESS [2023-10-23 20:23:41] $pkg
SUCCESS [2023-10-23 20:23:41] [1] "dodgr"
SUCCESS [2023-10-23 20:23:41] 
SUCCESS [2023-10-23 20:23:41] $turn_penalty
SUCCESS [2023-10-23 20:23:41] [1] TRUE
SUCCESS [2023-10-23 20:23:41] 
SUCCESS [2023-10-23 20:23:41] $graph_name
SUCCESS [2023-10-23 20:23:41] /space_mounts/data/marseille//dodgr//marseille.bicycle.dodgrnet
SUCCESS [2023-10-23 20:23:41] FALSE
SUCCESS [2023-10-23 20:23:41] 
SUCCESS [2023-10-23 20:23:41] $string
SUCCESS [2023-10-23 20:23:41] dodgr routing bicycle sur /space_mounts/data/marseille//dodgr/ a 2023-10-23 20:23:16.805439
SUCCESS [2023-10-23 20:23:41] FALSE
SUCCESS [2023-10-23 20:23:41] 
SUCCESS [2023-10-23 20:23:41] $departure_datetime
SUCCESS [2023-10-23 20:23:41] [1] "2019-12-17 08:00:00 UTC"
SUCCESS [2023-10-23 20:23:41] 
SUCCESS [2023-10-23 20:23:41] $mode
SUCCESS [2023-10-23 20:23:41] [1] "bicycle"
SUCCESS [2023-10-23 20:23:41] 
SUCCESS [2023-10-23 20:23:41] $n_threads
SUCCESS [2023-10-23 20:23:41] [1] 8
SUCCESS [2023-10-23 20:23:41] 
SUCCESS [2023-10-23 20:23:41] $future
SUCCESS [2023-10-23 20:23:41] [1] TRUE
SUCCESS [2023-10-23 20:23:41] 
SUCCESS [2023-10-23 20:23:41] $future_routing
SUCCESS [2023-10-23 20:23:41] function (routing) 
SUCCESS [2023-10-23 20:23:41] {
SUCCESS [2023-10-23 20:23:41]     rout <- routing
SUCCESS [2023-10-23 20:23:41]     rout$graph <- NULL
SUCCESS [2023-10-23 20:23:41]     rout$vertices <- NULL
SUCCESS [2023-10-23 20:23:41]     rout$elevation_data <- NULL
SUCCESS [2023-10-23 20:23:41]     return(rout)
SUCCESS [2023-10-23 20:23:41] }
SUCCESS [2023-10-23 20:23:41] <bytecode: 0x562ddc7d1b10>
SUCCESS [2023-10-23 20:23:41] <environment: 0x562dde3b1a50>
SUCCESS [2023-10-23 20:23:41] 
SUCCESS [2023-10-23 20:23:41] $core_init
SUCCESS [2023-10-23 20:23:41] function (routing) 
SUCCESS [2023-10-23 20:23:41] {
SUCCESS [2023-10-23 20:23:41]     RcppParallel::setThreadOptions(numThreads = routing$n_threads)
SUCCESS [2023-10-23 20:23:41]     rout <- routing
SUCCESS [2023-10-23 20:23:41]     net <- dgr_load_streetnet(routing$graph_name)
SUCCESS [2023-10-23 20:23:41]     rout$graph <- net$graph
SUCCESS [2023-10-23 20:23:41]     rout$vertices <- net$verts_c
SUCCESS [2023-10-23 20:23:41]     if ("dz" %in% names(rout$graph)) 
SUCCESS [2023-10-23 20:23:41]         rout$graph$dzplus <- rout$graph$dz * (rout$graph$dz > 
SUCCESS [2023-10-23 20:23:41]             0)
SUCCESS [2023-10-23 20:23:41]     logger::log_info("router {graph_name} chargé")
SUCCESS [2023-10-23 20:23:41]     return(rout)
SUCCESS [2023-10-23 20:23:41] }
SUCCESS [2023-10-23 20:23:41] <bytecode: 0x562ddc7d0ed0>
SUCCESS [2023-10-23 20:23:41] <environment: 0x562dde3b1a50>
SUCCESS [2023-10-23 20:23:41] 
SUCCESS [2023-10-23 20:23:41] 
SUCCESS [2023-10-23 20:23:41] tmax:120
SUCCESS [2023-10-23 20:23:41] pdt:1
SUCCESS [2023-10-23 20:23:41] chunk:20M
SUCCESS [2023-10-23 20:23:41] resolution:200
SUCCESS [2023-10-23 20:23:41] out:200
SUCCESS [2023-10-23 20:23:41] les variables sont emplois
SUCCESS [2023-10-23 20:23:42] taille:333.6M gr:17 res_gr:12800
SUCCESS [2023-10-23 20:23:42] 26k ou, 12.8k quoi
SUCCESS [2023-10-23 20:23:42] 33 carreaux, 8 subsampling
SUCCESS [2023-10-23 20:23:42] future:TRUE, 2 workers
INFO [6640] [2023-10-23 20:28:10] router /space_mounts/data/marseille//dodgr//marseille.bicycle.dodgrnet chargé
INFO [6640] [2023-10-23 20:28:13] dodgr_ttm called, TRUE, 8x96
INFO [6639] [2023-10-23 20:28:13] router /space_mounts/data/marseille//dodgr//marseille.bicycle.dodgrnet chargé
INFO [6639] [2023-10-23 20:28:16] dodgr_ttm called, TRUE, 7x21
INFO [6640] [2023-10-23 20:30:35] dodgr_ttm called, FALSE, 8x12829
INFO [6639] [2023-10-23 20:30:37] dodgr_ttm called, FALSE, 7x12829
INFO [6640] [2023-10-23 20:35:40] dodgr_ttm called, FALSE, 28x368
INFO [6639] [2023-10-23 20:35:40] dodgr_ttm called, FALSE, 2x1737
INFO [6640] [2023-10-23 20:39:32] paquet:N2265600E3891200 ppou:9165 ttm ok 4621
INFO [6640] [2023-10-23 20:39:32] dodgr_ttm called, FALSE, 19x371
INFO [6639] [2023-10-23 20:39:37] paquet:N2227200E3955200 ppou:2 ttm ok 3415
INFO [6639] [2023-10-23 20:39:37] dodgr_ttm called, FALSE, 5x1909
