SUCCESS [2023-10-27 08:33:15] Calcul accessibilite version 2
SUCCESS [2023-10-27 08:33:15] $type
SUCCESS [2023-10-27 08:33:15] [1] "dodgr"
SUCCESS [2023-10-27 08:33:15] 
SUCCESS [2023-10-27 08:33:15] $path
SUCCESS [2023-10-27 08:33:15] /space_mounts/data/marseille//dodgr/
SUCCESS [2023-10-27 08:33:15] FALSE
SUCCESS [2023-10-27 08:33:15] 
SUCCESS [2023-10-27 08:33:15] $pg
SUCCESS [2023-10-27 08:33:15] NULL
SUCCESS [2023-10-27 08:33:15] 
SUCCESS [2023-10-27 08:33:15] $distances
SUCCESS [2023-10-27 08:33:15] [1] TRUE
SUCCESS [2023-10-27 08:33:15] 
SUCCESS [2023-10-27 08:33:15] $denivele
SUCCESS [2023-10-27 08:33:15] [1] TRUE
SUCCESS [2023-10-27 08:33:15] 
SUCCESS [2023-10-27 08:33:15] $pkg
SUCCESS [2023-10-27 08:33:15] [1] "dodgr"
SUCCESS [2023-10-27 08:33:15] 
SUCCESS [2023-10-27 08:33:15] $turn_penalty
SUCCESS [2023-10-27 08:33:15] [1] TRUE
SUCCESS [2023-10-27 08:33:15] 
SUCCESS [2023-10-27 08:33:15] $graph_name
SUCCESS [2023-10-27 08:33:15] /space_mounts/data/marseille//dodgr//marseille.bicycle.dodgrnet
SUCCESS [2023-10-27 08:33:15] FALSE
SUCCESS [2023-10-27 08:33:15] 
SUCCESS [2023-10-27 08:33:15] $string
SUCCESS [2023-10-27 08:33:15] dodgr routing bicycle sur /space_mounts/data/marseille//dodgr/ a 2023-10-27 08:32:42.200969
SUCCESS [2023-10-27 08:33:15] FALSE
SUCCESS [2023-10-27 08:33:15] 
SUCCESS [2023-10-27 08:33:15] $departure_datetime
SUCCESS [2023-10-27 08:33:15] [1] "2019-12-17 08:00:00 UTC"
SUCCESS [2023-10-27 08:33:15] 
SUCCESS [2023-10-27 08:33:15] $mode
SUCCESS [2023-10-27 08:33:15] [1] "bicycle"
SUCCESS [2023-10-27 08:33:15] 
SUCCESS [2023-10-27 08:33:15] $n_threads
SUCCESS [2023-10-27 08:33:15] [1] 8
SUCCESS [2023-10-27 08:33:15] 
SUCCESS [2023-10-27 08:33:15] $future
SUCCESS [2023-10-27 08:33:15] [1] TRUE
SUCCESS [2023-10-27 08:33:15] 
SUCCESS [2023-10-27 08:33:15] $future_routing
SUCCESS [2023-10-27 08:33:15] function (routing) 
SUCCESS [2023-10-27 08:33:15] {
SUCCESS [2023-10-27 08:33:15]     rout <- routing
SUCCESS [2023-10-27 08:33:15]     rout$processed_graph <- NULL
SUCCESS [2023-10-27 08:33:15]     rout$elevation_data <- NULL
SUCCESS [2023-10-27 08:33:15]     return(rout)
SUCCESS [2023-10-27 08:33:15] }
SUCCESS [2023-10-27 08:33:15] <bytecode: 0x557e74c59180>
SUCCESS [2023-10-27 08:33:15] <environment: 0x557e74c55ed8>
SUCCESS [2023-10-27 08:33:15] 
SUCCESS [2023-10-27 08:33:15] $core_init
SUCCESS [2023-10-27 08:33:15] function (routing) 
SUCCESS [2023-10-27 08:33:15] {
SUCCESS [2023-10-27 08:33:15]     RcppParallel::setThreadOptions(numThreads = routing$n_threads)
SUCCESS [2023-10-27 08:33:15]     rout <- routing
SUCCESS [2023-10-27 08:33:15]     rout$pg <- load_streetnet(routing$graph_name)
SUCCESS [2023-10-27 08:33:15]     if ("dz" %in% names(rout$pg$graph)) {
SUCCESS [2023-10-27 08:33:15]         rout$pg$graph$dzplus <- rout$pg$graph$dz * rout$pg$graph$d * 
SUCCESS [2023-10-27 08:33:15]             (rout$pg$graph$dz > 0)
SUCCESS [2023-10-27 08:33:15]         rout$pg$graph_compound$dzplus <- rout$pg$graph_compound$dz * 
SUCCESS [2023-10-27 08:33:15]             rout$pg$graph_compound$d * (rout$pg$graph_compound$dz > 
SUCCESS [2023-10-27 08:33:15]             0)
SUCCESS [2023-10-27 08:33:15]         rout$pg$graph_compound$dzplus[is.na(rout$pg$graph_compound$dzplus)] <- 0
SUCCESS [2023-10-27 08:33:15]     }
SUCCESS [2023-10-27 08:33:15]     logger::log_info("router {graph_name} chargé")
SUCCESS [2023-10-27 08:33:15]     return(rout)
SUCCESS [2023-10-27 08:33:15] }
SUCCESS [2023-10-27 08:33:15] <bytecode: 0x557e74c59a78>
SUCCESS [2023-10-27 08:33:15] <environment: 0x557e74c55ed8>
SUCCESS [2023-10-27 08:33:15] 
SUCCESS [2023-10-27 08:33:15] 
SUCCESS [2023-10-27 08:33:15] tmax:120
SUCCESS [2023-10-27 08:33:15] pdt:1
SUCCESS [2023-10-27 08:33:15] chunk:20M
SUCCESS [2023-10-27 08:33:15] resolution:200
SUCCESS [2023-10-27 08:33:15] out:200
SUCCESS [2023-10-27 08:33:15] les variables sont emplois
SUCCESS [2023-10-27 08:33:15] taille:333.6M gr:17 res_gr:12800
SUCCESS [2023-10-27 08:33:15] 26k ou, 12.8k quoi
SUCCESS [2023-10-27 08:33:15] 33 carreaux, 8 subsampling
SUCCESS [2023-10-27 08:33:15] future:TRUE, 4 workers
INFO [45287] [2023-10-27 08:34:43] router /space_mounts/data/marseille//dodgr//marseille.bicycle.dodgrnet chargé
INFO [45289] [2023-10-27 08:34:43] router /space_mounts/data/marseille//dodgr//marseille.bicycle.dodgrnet chargé
INFO [45288] [2023-10-27 08:34:43] router /space_mounts/data/marseille//dodgr//marseille.bicycle.dodgrnet chargé
INFO [45286] [2023-10-27 08:34:43] router /space_mounts/data/marseille//dodgr//marseille.bicycle.dodgrnet chargé
INFO [45287] [2023-10-27 08:34:45] dodgr_ttm called, TRUE, 7x21
INFO [45289] [2023-10-27 08:34:45] dodgr_ttm called, TRUE, 8x500
INFO [45288] [2023-10-27 08:34:46] dodgr_ttm called, TRUE, 8x1203
INFO [45286] [2023-10-27 08:34:46] dodgr_ttm called, TRUE, 8x573
INFO [45287] [2023-10-27 08:35:06] dodgr_ttm called, FALSE, 7x12829
INFO [45286] [2023-10-27 08:35:09] dodgr_ttm called, FALSE, 8x12829
INFO [45289] [2023-10-27 08:35:10] dodgr_ttm called, FALSE, 8x12829
INFO [45288] [2023-10-27 08:35:11] dodgr_ttm called, FALSE, 8x12829
INFO [45287] [2023-10-27 08:38:18] dodgr_ttm called, FALSE, 2x1885
INFO [45288] [2023-10-27 08:38:27] dodgr_ttm called, FALSE, 263x3488
INFO [45286] [2023-10-27 08:38:27] dodgr_ttm called, FALSE, 74x2638
INFO [45289] [2023-10-27 08:38:29] dodgr_ttm called, FALSE, 48x1265
INFO [45287] [2023-10-27 08:39:52] paquet:N2227200E3955200 ppou:3 ttm ok 3449
INFO [45287] [2023-10-27 08:39:52] dodgr_ttm called, FALSE, 2x1759
INFO [45289] [2023-10-27 08:40:45] paquet:N2265600E3904000 ppou:10427 ttm ok 51935
INFO [45289] [2023-10-27 08:40:45] dodgr_ttm called, FALSE, 86x1317
INFO [45287] [2023-10-27 08:41:25] paquet:N2227200E3955200 ppou:9 ttm ok 3397
INFO [45287] [2023-10-27 08:41:25] dodgr_ttm called, FALSE, 6x1925
INFO [45286] [2023-10-27 08:41:46] paquet:N2252800E3916800 ppou:5513 ttm ok 126734
INFO [45286] [2023-10-27 08:41:46] dodgr_ttm called, FALSE, 108x1705
INFO [45287] [2023-10-27 08:43:10] paquet:N2227200E3955200 ppou:11 ttm ok 10905
INFO [45287] [2023-10-27 08:43:10] dodgr_ttm called, FALSE, 4x1882
INFO [45289] [2023-10-27 08:44:10] paquet:N2265600E3904000 ppou:10593 ttm ok 94707
INFO [45289] [2023-10-27 08:44:11] dodgr_ttm called, FALSE, 52x1494
INFO [45287] [2023-10-27 08:44:44] paquet:N2227200E3955200 ppou:12 ttm ok 7127
INFO [45287] [2023-10-27 08:44:44] dodgr_ttm called, FALSE, 4x1814
INFO [45286] [2023-10-27 08:45:43] paquet:N2252800E3916800 ppou:5618 ttm ok 141633
INFO [45286] [2023-10-27 08:45:43] dodgr_ttm called, FALSE, 75x1092
INFO [45288] [2023-10-27 08:45:50] paquet:N2291200E3929600 ppou:21750 ttm ok 598419
INFO [45288] [2023-10-27 08:45:50] dodgr_ttm called, FALSE, 70x2796
INFO [45287] [2023-10-27 08:46:15] paquet:N2227200E3955200 ppou:14 ttm ok 6482
INFO [45287] [2023-10-27 08:46:15] dodgr_ttm called, FALSE, 3x2028
INFO [45289] [2023-10-27 08:46:52] paquet:N2265600E3904000 ppou:10607 ttm ok 61932
INFO [45289] [2023-10-27 08:46:52] dodgr_ttm called, FALSE, 37x1589
INFO [45287] [2023-10-27 08:47:48] paquet:N2227200E3955200 ppou:25 ttm ok 5684
SUCCESS [45287] [2023-10-27 08:47:48] carreau:N2227200E3955200 6 ancres 129.5k@165.6p/s demandees, 51.7k@66.2p/s retenues
INFO [45287] [2023-10-27 08:47:50] dodgr_ttm called, TRUE, 8x1333
INFO [45287] [2023-10-27 08:48:18] dodgr_ttm called, FALSE, 8x12829
INFO [45288] [2023-10-27 08:48:45] paquet:N2291200E3929600 ppou:21957 ttm ok 134974
INFO [45288] [2023-10-27 08:48:45] dodgr_ttm called, FALSE, 48x3133
INFO [45286] [2023-10-27 08:48:59] paquet:N2252800E3916800 ppou:5988 ttm ok 66961
INFO [45286] [2023-10-27 08:48:59] dodgr_ttm called, FALSE, 64x1241
INFO [45289] [2023-10-27 08:49:09] paquet:N2265600E3904000 ppou:12600 ttm ok 46408
INFO [45289] [2023-10-27 08:49:09] dodgr_ttm called, FALSE, 7x1365
INFO [45287] [2023-10-27 08:50:42] dodgr_ttm called, FALSE, 124x3107
INFO [45289] [2023-10-27 08:50:44] paquet:N2265600E3904000 ppou:12704 ttm ok 9013
INFO [45289] [2023-10-27 08:50:44] dodgr_ttm called, FALSE, 162x2147
INFO [45288] [2023-10-27 08:51:01] paquet:N2291200E3929600 ppou:21963 ttm ok 92982
INFO [45288] [2023-10-27 08:51:01] dodgr_ttm called, FALSE, 30x3078
INFO [45286] [2023-10-27 08:51:27] paquet:N2252800E3916800 ppou:6326 ttm ok 66746
INFO [45286] [2023-10-27 08:51:27] dodgr_ttm called, FALSE, 90x1903
INFO [45288] [2023-10-27 08:53:37] paquet:N2291200E3929600 ppou:22077 ttm ok 55741
INFO [45288] [2023-10-27 08:53:37] dodgr_ttm called, FALSE, 230x3241
INFO [45287] [2023-10-27 08:55:40] paquet:N2240000E3955200 ppou:38 ttm ok 253787
INFO [45287] [2023-10-27 08:55:41] dodgr_ttm called, FALSE, 100x2718
INFO [45286] [2023-10-27 08:55:58] paquet:N2252800E3916800 ppou:7080 ttm ok 114394
INFO [45286] [2023-10-27 08:55:58] dodgr_ttm called, FALSE, 122x1227
INFO [45289] [2023-10-27 08:56:04] paquet:N2265600E3904000 ppou:12902 ttm ok 155343
INFO [45289] [2023-10-27 08:56:04] dodgr_ttm called, FALSE, 27x1484
INFO [45289] [2023-10-27 08:58:12] paquet:N2265600E3904000 ppou:14226 ttm ok 34371
INFO [45289] [2023-10-27 08:58:12] dodgr_ttm called, FALSE, 75x1769
INFO [45287] [2023-10-27 08:59:31] paquet:N2240000E3955200 ppou:195 ttm ok 185110
INFO [45287] [2023-10-27 08:59:32] dodgr_ttm called, FALSE, 200x3030
INFO [45286] [2023-10-27 09:00:34] paquet:N2252800E3916800 ppou:7613 ttm ok 129929
INFO [45286] [2023-10-27 09:00:34] dodgr_ttm called, FALSE, 40x2943
INFO [45288] [2023-10-27 09:01:28] paquet:N2291200E3929600 ppou:23872 ttm ok 500901
INFO [45288] [2023-10-27 09:01:29] dodgr_ttm called, FALSE, 58x2730
INFO [45289] [2023-10-27 09:01:52] paquet:N2265600E3904000 ppou:14472 ttm ok 96003
SUCCESS [45289] [2023-10-27 09:01:54] carreau:N2265600E3904000 8 ancres 943.2k@579.5p/s demandees, 572.2k@351.5p/s retenues
INFO [45289] [2023-10-27 09:01:58] dodgr_ttm called, TRUE, 8x554
INFO [45289] [2023-10-27 09:02:29] dodgr_ttm called, FALSE, 8x12829
INFO [45286] [2023-10-27 09:03:06] paquet:N2252800E3916800 ppou:8235 ttm ok 100400
SUCCESS [45286] [2023-10-27 09:03:10] carreau:N2252800E3916800 7 ancres 1.1M@635.5p/s demandees, 763.9k@448.7p/s retenues
INFO [45286] [2023-10-27 09:03:13] dodgr_ttm called, TRUE, 1x6
INFO [45286] [2023-10-27 09:03:36] dodgr_ttm called, FALSE, 1x12829
INFO [45288] [2023-10-27 09:04:39] paquet:N2291200E3929600 ppou:24526 ttm ok 108216
INFO [45288] [2023-10-27 09:04:40] dodgr_ttm called, FALSE, 297x3222
INFO [45287] [2023-10-27 09:05:12] paquet:N2240000E3955200 ppou:215 ttm ok 439719
INFO [45287] [2023-10-27 09:05:12] dodgr_ttm called, FALSE, 79x3958
INFO [45289] [2023-10-27 09:05:23] dodgr_ttm called, FALSE, 67x2650
INFO [45286] [2023-10-27 09:06:20] dodgr_ttm called, FALSE, 4x1136
INFO [45286] [2023-10-27 09:07:47] paquet:N2252800E3904000 ppou:6986 ttm ok 3789
SUCCESS [45286] [2023-10-27 09:07:47] carreau:N2252800E3904000 1 ancres 17.4k@63.5p/s demandees, 5k@18.2p/s retenues
INFO [45286] [2023-10-27 09:07:49] dodgr_ttm called, FALSE, 1x12819
INFO [45287] [2023-10-27 09:08:49] paquet:N2240000E3955200 ppou:631 ttm ok 188667
INFO [45287] [2023-10-27 09:08:49] dodgr_ttm called, FALSE, 79x2979
INFO [45289] [2023-10-27 09:08:59] paquet:N2278400E3904000 ppou:15398 ttm ok 84648
INFO [45289] [2023-10-27 09:08:59] dodgr_ttm called, FALSE, 36x1620
SUCCESS [45286] [2023-10-27 09:10:29] carreau:N2252800E3891200 0 ancres 12.8k@80p/s demandees, 54@336.9mp/s retenues
INFO [45286] [2023-10-27 09:10:32] dodgr_ttm called, TRUE, 8x637
INFO [45286] [2023-10-27 09:11:03] dodgr_ttm called, FALSE, 8x12829
INFO [45289] [2023-10-27 09:11:25] paquet:N2278400E3904000 ppou:16114 ttm ok 46832
INFO [45289] [2023-10-27 09:11:25] dodgr_ttm called, FALSE, 34x1341
INFO [45287] [2023-10-27 09:12:30] paquet:N2240000E3955200 ppou:636 ttm ok 147133
INFO [45287] [2023-10-27 09:12:30] dodgr_ttm called, FALSE, 124x3146
INFO [45288] [2023-10-27 09:13:06] paquet:N2291200E3929600 ppou:25117 ttm ok 552997
INFO [45288] [2023-10-27 09:13:06] dodgr_ttm called, FALSE, 206x3072
INFO [45289] [2023-10-27 09:13:45] paquet:N2278400E3904000 ppou:16190 ttm ok 43004
INFO [45289] [2023-10-27 09:13:45] dodgr_ttm called, FALSE, 9x1322
INFO [45286] [2023-10-27 09:13:49] dodgr_ttm called, FALSE, 51x1864
INFO [45289] [2023-10-27 09:15:20] paquet:N2278400E3904000 ppou:16583 ttm ok 11228
INFO [45289] [2023-10-27 09:15:20] dodgr_ttm called, FALSE, 103x2100
INFO [45286] [2023-10-27 09:16:36] paquet:N2265600E3916800 ppou:8930 ttm ok 68629
INFO [45286] [2023-10-27 09:16:36] dodgr_ttm called, FALSE, 159x3335
INFO [45287] [2023-10-27 09:17:16] paquet:N2240000E3955200 ppou:727 ttm ok 323229
INFO [45287] [2023-10-27 09:17:16] dodgr_ttm called, FALSE, 273x4368
INFO [45288] [2023-10-27 09:19:52] paquet:N2291200E3929600 ppou:25270 ttm ok 361062
SUCCESS [45288] [2023-10-27 09:19:55] carreau:N2291200E3929600 8 ancres 4M@1.5kp/s demandees, 2.4M@898.9p/s retenues
INFO [45288] [2023-10-27 09:19:59] dodgr_ttm called, TRUE, 8x790
INFO [45289] [2023-10-27 09:20:04] paquet:N2278400E3904000 ppou:16584 ttm ok 130217
INFO [45289] [2023-10-27 09:20:04] dodgr_ttm called, FALSE, 63x1514
INFO [45288] [2023-10-27 09:20:24] dodgr_ttm called, FALSE, 8x12829
INFO [45286] [2023-10-27 09:22:58] paquet:N2265600E3916800 ppou:9182 ttm ok 326707
INFO [45286] [2023-10-27 09:22:58] dodgr_ttm called, FALSE, 135x1970
INFO [45289] [2023-10-27 09:23:11] paquet:N2278400E3904000 ppou:16592 ttm ok 81407
INFO [45289] [2023-10-27 09:23:11] dodgr_ttm called, FALSE, 72x1739
INFO [45288] [2023-10-27 09:23:19] dodgr_ttm called, FALSE, 37x2163
INFO [45287] [2023-10-27 09:25:45] paquet:N2240000E3955200 ppou:845 ttm ok 751772
INFO [45287] [2023-10-27 09:25:45] dodgr_ttm called, FALSE, 344x4236
INFO [45288] [2023-10-27 09:26:29] paquet:N2291200E3942400 ppou:22004 ttm ok 65266
INFO [45288] [2023-10-27 09:26:30] dodgr_ttm called, FALSE, 40x2157
INFO [45289] [2023-10-27 09:26:40] paquet:N2278400E3904000 ppou:18029 ttm ok 93477
INFO [45289] [2023-10-27 09:26:40] dodgr_ttm called, FALSE, 163x3848
INFO [45286] [2023-10-27 09:28:37] paquet:N2265600E3916800 ppou:10118 ttm ok 168223
INFO [45286] [2023-10-27 09:28:37] dodgr_ttm called, FALSE, 87x1456
INFO [45288] [2023-10-27 09:29:36] paquet:N2291200E3942400 ppou:22206 ttm ok 68942
INFO [45288] [2023-10-27 09:29:36] dodgr_ttm called, FALSE, 143x3225
INFO [45286] [2023-10-27 09:33:24] paquet:N2265600E3916800 ppou:10448 ttm ok 107049
INFO [45286] [2023-10-27 09:33:24] dodgr_ttm called, FALSE, 79x1548
INFO [45289] [2023-10-27 09:33:43] paquet:N2278400E3904000 ppou:19550 ttm ok 236126
SUCCESS [45289] [2023-10-27 09:33:45] carreau:N2278400E3904000 8 ancres 1.5M@766p/s demandees, 752.5k@394.8p/s retenues
INFO [45289] [2023-10-27 09:33:48] dodgr_ttm called, TRUE, 8x1121
INFO [45289] [2023-10-27 09:34:27] dodgr_ttm called, FALSE, 8x12829
INFO [45288] [2023-10-27 09:36:18] paquet:N2291200E3942400 ppou:22787 ttm ok 294179
INFO [45288] [2023-10-27 09:36:18] dodgr_ttm called, FALSE, 104x2466
INFO [45287] [2023-10-27 09:36:32] paquet:N2240000E3955200 ppou:2066 ttm ok 1060059
SUCCESS [45287] [2023-10-27 09:36:33] carreau:N2240000E3955200 8 ancres 5M@1.7kp/s demandees, 3.4M@1.2kp/s retenues
INFO [45287] [2023-10-27 09:36:37] dodgr_ttm called, TRUE, 8x203
INFO [45287] [2023-10-27 09:37:14] dodgr_ttm called, FALSE, 8x12829
INFO [45286] [2023-10-27 09:37:36] paquet:N2265600E3916800 ppou:12906 ttm ok 100430
INFO [45286] [2023-10-27 09:37:36] dodgr_ttm called, FALSE, 43x1641
INFO [45289] [2023-10-27 09:37:43] dodgr_ttm called, FALSE, 14x1699
INFO [45289] [2023-10-27 09:39:25] paquet:N2278400E3916800 ppou:17928 ttm ok 21301
INFO [45289] [2023-10-27 09:39:25] dodgr_ttm called, FALSE, 141x3598
INFO [45287] [2023-10-27 09:39:50] dodgr_ttm called, FALSE, 22x4144
INFO [45288] [2023-10-27 09:39:59] paquet:N2291200E3942400 ppou:22894 ttm ok 185691
INFO [45288] [2023-10-27 09:39:59] dodgr_ttm called, FALSE, 89x2332
INFO [45286] [2023-10-27 09:40:03] paquet:N2265600E3916800 ppou:13484 ttm ok 54046
INFO [45286] [2023-10-27 09:40:03] dodgr_ttm called, FALSE, 37x2686
INFO [45287] [2023-10-27 09:42:02] paquet:N2240000E3968000 ppou:796 ttm ok 40816
INFO [45287] [2023-10-27 09:42:02] dodgr_ttm called, FALSE, 22x3373
INFO [45286] [2023-10-27 09:42:38] paquet:N2265600E3916800 ppou:14475 ttm ok 83628
INFO [45286] [2023-10-27 09:42:38] dodgr_ttm called, FALSE, 46x2955
INFO [45288] [2023-10-27 09:44:00] paquet:N2291200E3942400 ppou:23007 ttm ok 149080
INFO [45288] [2023-10-27 09:44:00] dodgr_ttm called, FALSE, 284x3021
INFO [45289] [2023-10-27 09:44:11] paquet:N2278400E3916800 ppou:18149 ttm ok 242265
INFO [45289] [2023-10-27 09:44:11] dodgr_ttm called, FALSE, 148x2599
INFO [45287] [2023-10-27 09:44:17] paquet:N2240000E3968000 ppou:1413 ttm ok 48990
INFO [45287] [2023-10-27 09:44:17] dodgr_ttm called, FALSE, 43x3309
INFO [45286] [2023-10-27 09:45:53] paquet:N2265600E3916800 ppou:14552 ttm ok 96891
SUCCESS [45286] [2023-10-27 09:45:54] carreau:N2265600E3916800 8 ancres 1.5M@730p/s demandees, 1M@486.1p/s retenues
INFO [45286] [2023-10-27 09:45:59] dodgr_ttm called, TRUE, 8x1306
INFO [45286] [2023-10-27 09:46:30] dodgr_ttm called, FALSE, 8x12829
INFO [45287] [2023-10-27 09:47:08] paquet:N2240000E3968000 ppou:1580 ttm ok 89858
INFO [45287] [2023-10-27 09:47:08] dodgr_ttm called, FALSE, 29x3035
INFO [45289] [2023-10-27 09:49:24] paquet:N2278400E3916800 ppou:18363 ttm ok 230109
INFO [45289] [2023-10-27 09:49:24] dodgr_ttm called, FALSE, 414x4472
INFO [45286] [2023-10-27 09:49:35] dodgr_ttm called, FALSE, 57x3460
INFO [45287] [2023-10-27 09:49:48] paquet:N2240000E3968000 ppou:1621 ttm ok 59774
INFO [45287] [2023-10-27 09:49:48] dodgr_ttm called, FALSE, 27x3937
INFO [45287] [2023-10-27 09:52:13] paquet:N2240000E3968000 ppou:1624 ttm ok 50652
INFO [45287] [2023-10-27 09:52:13] dodgr_ttm called, FALSE, 42x3261
INFO [45286] [2023-10-27 09:53:02] paquet:N2265600E3929600 ppou:8570 ttm ok 165808
INFO [45286] [2023-10-27 09:53:02] dodgr_ttm called, FALSE, 12x2780
INFO [45288] [2023-10-27 09:53:13] paquet:N2291200E3942400 ppou:23202 ttm ok 565852
INFO [45288] [2023-10-27 09:53:13] dodgr_ttm called, FALSE, 25x1814
INFO [45286] [2023-10-27 09:54:44] paquet:N2265600E3929600 ppou:8742 ttm ok 31249
INFO [45286] [2023-10-27 09:54:44] dodgr_ttm called, FALSE, 198x4218
INFO [45287] [2023-10-27 09:54:55] paquet:N2240000E3968000 ppou:1657 ttm ok 96713
INFO [45287] [2023-10-27 09:54:55] dodgr_ttm called, FALSE, 18x3013
INFO [45288] [2023-10-27 09:55:14] paquet:N2291200E3942400 ppou:24431 ttm ok 32766
INFO [45288] [2023-10-27 09:55:14] dodgr_ttm called, FALSE, 66x2688
INFO [45287] [2023-10-27 09:57:20] paquet:N2240000E3968000 ppou:1710 ttm ok 38316
SUCCESS [45287] [2023-10-27 09:57:21] carreau:N2240000E3968000 7 ancres 795.8k@640.1p/s demandees, 461.2k@371p/s retenues
INFO [45287] [2023-10-27 09:57:24] dodgr_ttm called, TRUE, 8x768
INFO [45287] [2023-10-27 09:57:54] dodgr_ttm called, FALSE, 8x12829
INFO [45288] [2023-10-27 09:59:34] paquet:N2291200E3942400 ppou:25358 ttm ok 117951
SUCCESS [45288] [2023-10-27 09:59:37] carreau:N2291200E3942400 8 ancres 2.3M@956.7p/s demandees, 1.5M@632.6p/s retenues
INFO [45288] [2023-10-27 09:59:42] dodgr_ttm called, TRUE, 8x808
INFO [45288] [2023-10-27 10:00:12] dodgr_ttm called, FALSE, 8x12829
INFO [45287] [2023-10-27 10:01:26] dodgr_ttm called, FALSE, 86x3273
INFO [45289] [2023-10-27 10:01:41] paquet:N2278400E3916800 ppou:19818 ttm ok 861068
INFO [45289] [2023-10-27 10:01:41] dodgr_ttm called, FALSE, 130x2114
INFO [45286] [2023-10-27 10:02:09] paquet:N2265600E3929600 ppou:9577 ttm ok 647811
INFO [45286] [2023-10-27 10:02:09] dodgr_ttm called, FALSE, 566x5419
INFO [45288] [2023-10-27 10:03:22] dodgr_ttm called, FALSE, 127x2123
INFO [45287] [2023-10-27 10:03:40] paquet:N2240000E3942400 ppou:898 ttm ok 231214
INFO [45287] [2023-10-27 10:03:40] dodgr_ttm called, FALSE, 6x3385
INFO [45287] [2023-10-27 10:05:52] paquet:N2240000E3942400 ppou:1022 ttm ok 15896
INFO [45287] [2023-10-27 10:05:52] dodgr_ttm called, FALSE, 59x3288
INFO [45289] [2023-10-27 10:07:15] paquet:N2278400E3916800 ppou:20053 ttm ok 214053
INFO [45289] [2023-10-27 10:07:15] dodgr_ttm called, FALSE, 81x2519
INFO [45287] [2023-10-27 10:08:10] paquet:N2240000E3942400 ppou:1069 ttm ok 162085
INFO [45287] [2023-10-27 10:08:10] dodgr_ttm called, FALSE, 238x3642
INFO [45288] [2023-10-27 10:08:31] paquet:N2291200E3955200 ppou:21395 ttm ok 203259
INFO [45288] [2023-10-27 10:08:31] dodgr_ttm called, FALSE, 68x1563
INFO [45287] [2023-10-27 10:11:03] paquet:N2240000E3942400 ppou:1218 ttm ok 659981
INFO [45287] [2023-10-27 10:11:03] dodgr_ttm called, FALSE, 106x3446
INFO [45289] [2023-10-27 10:11:10] paquet:N2278400E3916800 ppou:20674 ttm ok 142301
INFO [45289] [2023-10-27 10:11:10] dodgr_ttm called, FALSE, 131x2018
INFO [45288] [2023-10-27 10:12:18] paquet:N2291200E3955200 ppou:21690 ttm ok 82873
INFO [45288] [2023-10-27 10:12:19] dodgr_ttm called, FALSE, 30x1422
INFO [45287] [2023-10-27 10:13:11] paquet:N2240000E3942400 ppou:1597 ttm ok 314691
INFO [45287] [2023-10-27 10:13:11] dodgr_ttm called, FALSE, 129x3696
INFO [45288] [2023-10-27 10:14:37] paquet:N2291200E3955200 ppou:21806 ttm ok 34274
INFO [45288] [2023-10-27 10:14:37] dodgr_ttm called, FALSE, 3x1186
INFO [45287] [2023-10-27 10:15:42] paquet:N2240000E3942400 ppou:1813 ttm ok 401199
INFO [45287] [2023-10-27 10:15:43] dodgr_ttm called, FALSE, 8x3200
INFO [45289] [2023-10-27 10:16:01] paquet:N2278400E3916800 ppou:20840 ttm ok 209423
INFO [45289] [2023-10-27 10:16:01] dodgr_ttm called, FALSE, 58x2674
INFO [45288] [2023-10-27 10:16:13] paquet:N2291200E3955200 ppou:21917 ttm ok 3447
INFO [45288] [2023-10-27 10:16:13] dodgr_ttm called, FALSE, 83x1756
INFO [45287] [2023-10-27 10:17:16] paquet:N2240000E3942400 ppou:1814 ttm ok 24736
INFO [45287] [2023-10-27 10:17:16] dodgr_ttm called, FALSE, 126x4108
INFO [45286] [2023-10-27 10:17:39] paquet:N2265600E3929600 ppou:9717 ttm ok 2224484
INFO [45286] [2023-10-27 10:17:40] dodgr_ttm called, FALSE, 81x4086
INFO [45289] [2023-10-27 10:19:00] paquet:N2278400E3916800 ppou:20855 ttm ok 101444
SUCCESS [45289] [2023-10-27 10:19:00] carreau:N2278400E3916800 8 ancres 3.8M@1.4kp/s demandees, 2.1M@758.4p/s retenues
INFO [45289] [2023-10-27 10:19:04] dodgr_ttm called, TRUE, 8x1157
INFO [45289] [2023-10-27 10:19:35] dodgr_ttm called, FALSE, 8x12829
INFO [45288] [2023-10-27 10:20:20] paquet:N2291200E3955200 ppou:22017 ttm ok 112636
INFO [45288] [2023-10-27 10:20:20] dodgr_ttm called, FALSE, 81x1679
INFO [45287] [2023-10-27 10:21:43] paquet:N2240000E3942400 ppou:2198 ttm ok 392000
SUCCESS [45287] [2023-10-27 10:21:45] carreau:N2240000E3942400 8 ancres 2.9M@2kp/s demandees, 2.2M@1.5kp/s retenues
INFO [45286] [2023-10-27 10:21:47] paquet:N2265600E3929600 ppou:10460 ttm ok 219298
INFO [45286] [2023-10-27 10:21:47] dodgr_ttm called, FALSE, 120x4829
INFO [45287] [2023-10-27 10:21:49] dodgr_ttm called, TRUE, 2x9
INFO [45287] [2023-10-27 10:22:12] dodgr_ttm called, FALSE, 2x12829
INFO [45289] [2023-10-27 10:22:28] dodgr_ttm called, FALSE, 172x3760
INFO [45288] [2023-10-27 10:24:18] paquet:N2291200E3955200 ppou:23698 ttm ok 91567
INFO [45288] [2023-10-27 10:24:18] dodgr_ttm called, FALSE, 206x1941
INFO [45287] [2023-10-27 10:25:00] dodgr_ttm called, FALSE, 5x2294
INFO [45286] [2023-10-27 10:26:13] paquet:N2265600E3929600 ppou:12298 ttm ok 427277
INFO [45286] [2023-10-27 10:26:14] dodgr_ttm called, FALSE, 203x5530
INFO [45287] [2023-10-27 10:26:45] paquet:N2240000E3929600 ppou:741 ttm ok 11164
INFO [45287] [2023-10-27 10:26:45] dodgr_ttm called, FALSE, 3x2358
INFO [45287] [2023-10-27 10:28:33] paquet:N2240000E3929600 ppou:760 ttm ok 6987
SUCCESS [45287] [2023-10-27 10:28:33] carreau:N2240000E3929600 2 ancres 44.2k@109.4p/s demandees, 22.9k@56.8p/s retenues
INFO [45287] [2023-10-27 10:28:37] dodgr_ttm called, TRUE, 8x2602
INFO [45289] [2023-10-27 10:28:42] paquet:N2278400E3929600 ppou:15748 ttm ok 455631
INFO [45289] [2023-10-27 10:28:42] dodgr_ttm called, FALSE, 114x3315
INFO [45287] [2023-10-27 10:29:05] dodgr_ttm called, FALSE, 8x12829
INFO [45288] [2023-10-27 10:31:07] paquet:N2291200E3955200 ppou:24216 ttm ok 273303
INFO [45288] [2023-10-27 10:31:07] dodgr_ttm called, FALSE, 208x1913
INFO [45287] [2023-10-27 10:32:06] dodgr_ttm called, FALSE, 131x3869
INFO [45286] [2023-10-27 10:33:20] paquet:N2265600E3929600 ppou:12722 ttm ok 650475
INFO [45286] [2023-10-27 10:33:20] dodgr_ttm called, FALSE, 68x3605
INFO [45289] [2023-10-27 10:33:24] paquet:N2278400E3929600 ppou:16314 ttm ok 284059
INFO [45289] [2023-10-27 10:33:24] dodgr_ttm called, FALSE, 280x4058
INFO [45287] [2023-10-27 10:34:58] paquet:N2252800E3942400 ppou:2718 ttm ok 423845
INFO [45287] [2023-10-27 10:34:59] dodgr_ttm called, FALSE, 544x4308
INFO [45288] [2023-10-27 10:37:42] paquet:N2291200E3955200 ppou:24390 ttm ok 266509
SUCCESS [45288] [2023-10-27 10:37:43] carreau:N2291200E3955200 8 ancres 1.6M@703.2p/s demandees, 1.1M@475.1p/s retenues
INFO [45288] [2023-10-27 10:37:47] dodgr_ttm called, TRUE, 8x107
INFO [45286] [2023-10-27 10:37:50] paquet:N2265600E3929600 ppou:14881 ttm ok 176794
SUCCESS [45286] [2023-10-27 10:37:54] carreau:N2265600E3929600 8 ancres 6.5M@2.1kp/s demandees, 4.6M@1.5kp/s retenues
INFO [45286] [2023-10-27 10:38:01] dodgr_ttm called, TRUE, 8x2110
INFO [45288] [2023-10-27 10:38:17] dodgr_ttm called, FALSE, 8x12829
INFO [45286] [2023-10-27 10:38:48] dodgr_ttm called, FALSE, 8x12829
INFO [45288] [2023-10-27 10:41:24] dodgr_ttm called, FALSE, 4x1054
INFO [45286] [2023-10-27 10:41:51] dodgr_ttm called, FALSE, 47x4592
INFO [45289] [2023-10-27 10:41:55] paquet:N2278400E3929600 ppou:16827 ttm ok 756974
INFO [45289] [2023-10-27 10:41:55] dodgr_ttm called, FALSE, 216x4197
INFO [45288] [2023-10-27 10:42:54] paquet:N2291200E3968000 ppou:21323 ttm ok 3351
INFO [45288] [2023-10-27 10:42:54] dodgr_ttm called, FALSE, 10x1532
INFO [45288] [2023-10-27 10:44:42] paquet:N2291200E3968000 ppou:21428 ttm ok 10920
INFO [45288] [2023-10-27 10:44:42] dodgr_ttm called, FALSE, 19x964
INFO [45286] [2023-10-27 10:45:29] paquet:N2265600E3942400 ppou:8617 ttm ok 196269
INFO [45286] [2023-10-27 10:45:30] dodgr_ttm called, FALSE, 88x5101
INFO [45288] [2023-10-27 10:46:23] paquet:N2291200E3968000 ppou:21701 ttm ok 15526
INFO [45288] [2023-10-27 10:46:23] dodgr_ttm called, FALSE, 12x1261
INFO [45288] [2023-10-27 10:48:15] paquet:N2291200E3968000 ppou:22128 ttm ok 8962
INFO [45288] [2023-10-27 10:48:15] dodgr_ttm called, FALSE, 6x757
INFO [45289] [2023-10-27 10:48:37] paquet:N2278400E3929600 ppou:17949 ttm ok 586981
INFO [45289] [2023-10-27 10:48:37] dodgr_ttm called, FALSE, 131x3053
INFO [45287] [2023-10-27 10:48:46] paquet:N2252800E3942400 ppou:2976 ttm ok 1835885
INFO [45287] [2023-10-27 10:48:46] dodgr_ttm called, FALSE, 65x3803
INFO [45286] [2023-10-27 10:49:22] paquet:N2265600E3942400 ppou:8891 ttm ok 370632
INFO [45286] [2023-10-27 10:49:22] dodgr_ttm called, FALSE, 54x4723
INFO [45288] [2023-10-27 10:49:37] paquet:N2291200E3968000 ppou:22316 ttm ok 4222
INFO [45288] [2023-10-27 10:49:37] dodgr_ttm called, FALSE, 19x985
INFO [45287] [2023-10-27 10:50:35] paquet:N2252800E3942400 ppou:3122 ttm ok 213298
INFO [45287] [2023-10-27 10:50:36] dodgr_ttm called, FALSE, 539x4034
INFO [45288] [2023-10-27 10:50:52] paquet:N2291200E3968000 ppou:23016 ttm ok 13459
INFO [45288] [2023-10-27 10:50:52] dodgr_ttm called, FALSE, 35x1109
INFO [45288] [2023-10-27 10:52:23] paquet:N2291200E3968000 ppou:23527 ttm ok 23643
INFO [45288] [2023-10-27 10:52:23] dodgr_ttm called, FALSE, 1x586
INFO [45286] [2023-10-27 10:52:34] paquet:N2265600E3942400 ppou:10024 ttm ok 223980
INFO [45286] [2023-10-27 10:52:34] dodgr_ttm called, FALSE, 191x4856
INFO [45289] [2023-10-27 10:53:16] paquet:N2278400E3929600 ppou:18281 ttm ok 347450
INFO [45289] [2023-10-27 10:53:16] dodgr_ttm called, FALSE, 54x3150
INFO [45288] [2023-10-27 10:53:41] paquet:N2291200E3968000 ppou:23781 ttm ok 586
SUCCESS [45288] [2023-10-27 10:53:41] carreau:N2291200E3968000 8 ancres 218.3k@228.9p/s demandees, 93k@97.5p/s retenues
INFO [45288] [2023-10-27 10:53:45] dodgr_ttm called, TRUE, 8x313
INFO [45288] [2023-10-27 10:54:19] dodgr_ttm called, FALSE, 8x12829
INFO [45289] [2023-10-27 10:57:04] paquet:N2278400E3929600 ppou:19746 ttm ok 125477
INFO [45289] [2023-10-27 10:57:04] dodgr_ttm called, FALSE, 40x3177
INFO [45288] [2023-10-27 10:57:10] dodgr_ttm called, FALSE, 15x2336
INFO [45286] [2023-10-27 10:59:01] paquet:N2265600E3942400 ppou:10342 ttm ok 782361
INFO [45286] [2023-10-27 10:59:01] dodgr_ttm called, FALSE, 533x5020
INFO [45288] [2023-10-27 10:59:15] paquet:N2304000E3916800 ppou:25635 ttm ok 30702
INFO [45288] [2023-10-27 10:59:15] dodgr_ttm called, FALSE, 26x3519
INFO [45289] [2023-10-27 10:59:42] paquet:N2278400E3929600 ppou:20779 ttm ok 86680
INFO [45289] [2023-10-27 10:59:42] dodgr_ttm called, FALSE, 149x4045
INFO [45288] [2023-10-27 11:01:50] paquet:N2304000E3916800 ppou:25668 ttm ok 56021
INFO [45288] [2023-10-27 11:01:51] dodgr_ttm called, FALSE, 7x2129
INFO [45288] [2023-10-27 11:03:53] paquet:N2304000E3916800 ppou:25673 ttm ok 14708
INFO [45288] [2023-10-27 11:03:53] dodgr_ttm called, FALSE, 54x2421
INFO [45287] [2023-10-27 11:04:29] paquet:N2252800E3942400 ppou:3866 ttm ok 1844636
INFO [45287] [2023-10-27 11:04:30] dodgr_ttm called, FALSE, 180x3961
INFO [45289] [2023-10-27 11:05:39] paquet:N2278400E3929600 ppou:20948 ttm ok 368232
SUCCESS [45289] [2023-10-27 11:05:42] carreau:N2278400E3929600 8 ancres 4.5M@1.6kp/s demandees, 3M@1.1kp/s retenues
INFO [45289] [2023-10-27 11:05:46] dodgr_ttm called, TRUE, 8x2310
INFO [45289] [2023-10-27 11:06:17] dodgr_ttm called, FALSE, 8x12829
INFO [45288] [2023-10-27 11:07:10] paquet:N2304000E3916800 ppou:25679 ttm ok 99310
INFO [45288] [2023-10-27 11:07:10] dodgr_ttm called, FALSE, 25x2249
INFO [45287] [2023-10-27 11:07:12] paquet:N2252800E3942400 ppou:4357 ttm ok 632795
INFO [45287] [2023-10-27 11:07:13] dodgr_ttm called, FALSE, 289x4617
INFO [45289] [2023-10-27 11:09:02] dodgr_ttm called, FALSE, 584x4418
INFO [45288] [2023-10-27 11:09:32] paquet:N2304000E3916800 ppou:25756 ttm ok 50867
INFO [45288] [2023-10-27 11:09:32] dodgr_ttm called, FALSE, 156x2688
INFO [45286] [2023-10-27 11:14:34] paquet:N2265600E3942400 ppou:11284 ttm ok 1916392
INFO [45286] [2023-10-27 11:14:35] dodgr_ttm called, FALSE, 407x4900
INFO [45288] [2023-10-27 11:16:11] paquet:N2304000E3916800 ppou:25860 ttm ok 332576
INFO [45288] [2023-10-27 11:16:12] dodgr_ttm called, FALSE, 14x2358
INFO [45287] [2023-10-27 11:17:29] paquet:N2252800E3942400 ppou:5700 ttm ok 1071323
INFO [45287] [2023-10-27 11:17:31] dodgr_ttm called, FALSE, 820x4988
INFO [45288] [2023-10-27 11:18:38] paquet:N2304000E3916800 ppou:25919 ttm ok 30218
INFO [45288] [2023-10-27 11:18:38] dodgr_ttm called, FALSE, 14x2510
INFO [45288] [2023-10-27 11:20:57] paquet:N2304000E3916800 ppou:26000 ttm ok 30048
SUCCESS [45288] [2023-10-27 11:20:57] carreau:N2304000E3916800 8 ancres 918.5k@562.7p/s demandees, 673.3k@412.4p/s retenues
INFO [45288] [2023-10-27 11:21:01] dodgr_ttm called, TRUE, 8x44
INFO [45288] [2023-10-27 11:21:43] dodgr_ttm called, FALSE, 8x12829
INFO [45288] [2023-10-27 11:25:29] dodgr_ttm called, FALSE, 3x1985
INFO [45289] [2023-10-27 11:26:09] paquet:N2278400E3942400 ppou:16363 ttm ok 1483578
INFO [45289] [2023-10-27 11:26:10] dodgr_ttm called, FALSE, 216x3886
INFO [45288] [2023-10-27 11:27:22] paquet:N2304000E3929600 ppou:25645 ttm ok 5447
INFO [45288] [2023-10-27 11:27:23] dodgr_ttm called, FALSE, 15x2147
INFO [45286] [2023-10-27 11:27:57] paquet:N2265600E3942400 ppou:11691 ttm ok 1605230
INFO [45286] [2023-10-27 11:27:58] dodgr_ttm called, FALSE, 337x5139
INFO [45288] [2023-10-27 11:29:42] paquet:N2304000E3929600 ppou:25651 ttm ok 28526
INFO [45288] [2023-10-27 11:29:43] dodgr_ttm called, FALSE, 7x1980
INFO [45288] [2023-10-27 11:31:27] paquet:N2304000E3929600 ppou:25658 ttm ok 11748
INFO [45288] [2023-10-27 11:31:27] dodgr_ttm called, FALSE, 1x1666
INFO [45289] [2023-10-27 11:33:04] paquet:N2278400E3942400 ppou:16538 ttm ok 577205
INFO [45289] [2023-10-27 11:33:04] dodgr_ttm called, FALSE, 371x4654
INFO [45288] [2023-10-27 11:33:09] paquet:N2304000E3929600 ppou:25690 ttm ok 1616
INFO [45288] [2023-10-27 11:33:09] dodgr_ttm called, FALSE, 3x1887
INFO [45288] [2023-10-27 11:34:49] paquet:N2304000E3929600 ppou:25693 ttm ok 5007
INFO [45288] [2023-10-27 11:34:49] dodgr_ttm called, FALSE, 10x1840
INFO [45288] [2023-10-27 11:36:31] paquet:N2304000E3929600 ppou:25696 ttm ok 16834
INFO [45288] [2023-10-27 11:36:31] dodgr_ttm called, FALSE, 5x1961
INFO [45288] [2023-10-27 11:38:27] paquet:N2304000E3929600 ppou:25743 ttm ok 9140
SUCCESS [45288] [2023-10-27 11:38:28] carreau:N2304000E3929600 7 ancres 190.2k@181.8p/s demandees, 95k@90.9p/s retenues
INFO [45286] [2023-10-27 11:38:36] paquet:N2265600E3942400 ppou:13023 ttm ok 1262712
INFO [45286] [2023-10-27 11:38:37] dodgr_ttm called, FALSE, 447x5614
INFO [45287] [2023-10-27 11:40:18] paquet:N2252800E3942400 ppou:6243 ttm ok 3167156
INFO [45287] [2023-10-27 11:40:18] dodgr_ttm called, FALSE, 18x4312
INFO [45287] [2023-10-27 11:42:15] paquet:N2252800E3942400 ppou:6580 ttm ok 66874
SUCCESS [45287] [2023-10-27 11:42:19] carreau:N2252800E3942400 8 ancres 11.6M@2.6kp/s demandees, 9.3M@2.1kp/s retenues
INFO [45287] [2023-10-27 11:42:24] dodgr_ttm called, TRUE, 8x1890
INFO [45287] [2023-10-27 11:42:50] dodgr_ttm called, FALSE, 8x12829
INFO [45289] [2023-10-27 11:43:20] paquet:N2278400E3942400 ppou:17502 ttm ok 1063333
INFO [45289] [2023-10-27 11:43:20] dodgr_ttm called, FALSE, 288x3277
INFO [45287] [2023-10-27 11:45:25] dodgr_ttm called, FALSE, 312x3860
INFO [45289] [2023-10-27 11:51:14] paquet:N2278400E3942400 ppou:18639 ttm ok 699008
INFO [45289] [2023-10-27 11:51:14] dodgr_ttm called, FALSE, 182x3846
INFO [45286] [2023-10-27 11:51:22] paquet:N2265600E3942400 ppou:14573 ttm ok 1404033
SUCCESS [45286] [2023-10-27 11:51:28] carreau:N2265600E3942400 8 ancres 10.9M@2.5kp/s demandees, 7.8M@1.8kp/s retenues
INFO [45286] [2023-10-27 11:51:33] dodgr_ttm called, TRUE, 8x1710
INFO [45286] [2023-10-27 11:52:05] dodgr_ttm called, FALSE, 8x12829
INFO [45287] [2023-10-27 11:53:31] paquet:N2252800E3955200 ppou:3368 ttm ok 997620
INFO [45287] [2023-10-27 11:53:31] dodgr_ttm called, FALSE, 383x4137
INFO [45286] [2023-10-27 11:55:02] dodgr_ttm called, FALSE, 108x4243
INFO [45289] [2023-10-27 11:57:11] paquet:N2278400E3942400 ppou:18645 ttm ok 411045
INFO [45289] [2023-10-27 11:57:12] dodgr_ttm called, FALSE, 332x3537
INFO [45286] [2023-10-27 11:59:42] paquet:N2265600E3955200 ppou:9416 ttm ok 322595
INFO [45286] [2023-10-27 11:59:42] dodgr_ttm called, FALSE, 326x4613
INFO [45287] [2023-10-27 12:04:18] paquet:N2252800E3955200 ppou:4137 ttm ok 1237800
INFO [45287] [2023-10-27 12:04:18] dodgr_ttm called, FALSE, 263x4699
INFO [45289] [2023-10-27 12:06:54] paquet:N2278400E3942400 ppou:19395 ttm ok 667969
INFO [45289] [2023-10-27 12:06:54] dodgr_ttm called, FALSE, 300x4199
INFO [45286] [2023-10-27 12:09:26] paquet:N2265600E3955200 ppou:10857 ttm ok 1249656
INFO [45286] [2023-10-27 12:09:26] dodgr_ttm called, FALSE, 206x3827
INFO [45287] [2023-10-27 12:12:14] paquet:N2252800E3955200 ppou:4448 ttm ok 861380
INFO [45287] [2023-10-27 12:12:14] dodgr_ttm called, FALSE, 239x4007
INFO [45287] [2023-10-27 12:15:05] paquet:N2252800E3955200 ppou:4685 ttm ok 786517
INFO [45287] [2023-10-27 12:15:05] dodgr_ttm called, FALSE, 212x4000
INFO [45286] [2023-10-27 12:15:33] paquet:N2265600E3955200 ppou:11601 ttm ok 458284
INFO [45286] [2023-10-27 12:15:33] dodgr_ttm called, FALSE, 203x4387
INFO [45289] [2023-10-27 12:15:39] paquet:N2278400E3942400 ppou:19592 ttm ok 787824
INFO [45289] [2023-10-27 12:15:40] dodgr_ttm called, FALSE, 24x3281
INFO [45289] [2023-10-27 12:17:34] paquet:N2278400E3942400 ppou:19836 ttm ok 58676
SUCCESS [45289] [2023-10-27 12:17:36] carreau:N2278400E3942400 8 ancres 9.4M@2.2kp/s demandees, 5.8M@1.3kp/s retenues
INFO [45289] [2023-10-27 12:17:39] dodgr_ttm called, TRUE, 8x599
INFO [45289] [2023-10-27 12:18:05] dodgr_ttm called, FALSE, 8x12829
INFO [45289] [2023-10-27 12:20:37] dodgr_ttm called, FALSE, 152x3082
INFO [45287] [2023-10-27 12:20:55] paquet:N2252800E3955200 ppou:6183 ttm ok 597613
INFO [45287] [2023-10-27 12:20:55] dodgr_ttm called, FALSE, 138x4891
INFO [45286] [2023-10-27 12:21:13] paquet:N2265600E3955200 ppou:11878 ttm ok 560681
INFO [45286] [2023-10-27 12:21:13] dodgr_ttm called, FALSE, 183x4529
INFO [45289] [2023-10-27 12:25:23] paquet:N2278400E3955200 ppou:17553 ttm ok 262027
INFO [45289] [2023-10-27 12:25:23] dodgr_ttm called, FALSE, 113x4130
INFO [45287] [2023-10-27 12:26:30] paquet:N2252800E3955200 ppou:6680 ttm ok 502418
INFO [45287] [2023-10-27 12:26:31] dodgr_ttm called, FALSE, 97x4089
INFO [45286] [2023-10-27 12:27:31] paquet:N2265600E3955200 ppou:12120 ttm ok 592886
INFO [45286] [2023-10-27 12:27:31] dodgr_ttm called, FALSE, 40x3752
INFO [45289] [2023-10-27 12:29:59] paquet:N2278400E3955200 ppou:17911 ttm ok 238541
INFO [45289] [2023-10-27 12:30:00] dodgr_ttm called, FALSE, 95x2981
INFO [45286] [2023-10-27 12:30:04] paquet:N2265600E3955200 ppou:12670 ttm ok 110514
INFO [45286] [2023-10-27 12:30:04] dodgr_ttm called, FALSE, 210x3363
INFO [45287] [2023-10-27 12:31:16] paquet:N2252800E3955200 ppou:6870 ttm ok 300028
INFO [45287] [2023-10-27 12:31:16] dodgr_ttm called, FALSE, 242x4521
INFO [45289] [2023-10-27 12:34:09] paquet:N2278400E3955200 ppou:18573 ttm ok 181738
INFO [45289] [2023-10-27 12:34:09] dodgr_ttm called, FALSE, 6x2178
INFO [45289] [2023-10-27 12:35:49] paquet:N2278400E3955200 ppou:18656 ttm ok 12210
INFO [45289] [2023-10-27 12:35:49] dodgr_ttm called, FALSE, 126x2797
INFO [45286] [2023-10-27 12:36:15] paquet:N2265600E3955200 ppou:13465 ttm ok 397026
INFO [45286] [2023-10-27 12:36:16] dodgr_ttm called, FALSE, 430x4851
INFO [45287] [2023-10-27 12:38:39] paquet:N2252800E3955200 ppou:7589 ttm ok 840678
SUCCESS [45287] [2023-10-27 12:38:43] carreau:N2252800E3955200 8 ancres 8.1M@2.4kp/s demandees, 6.2M@1.8kp/s retenues
INFO [45287] [2023-10-27 12:38:49] dodgr_ttm called, TRUE, 8x465
INFO [45287] [2023-10-27 12:39:16] dodgr_ttm called, FALSE, 8x12829
INFO [45289] [2023-10-27 12:40:28] paquet:N2278400E3955200 ppou:20242 ttm ok 226032
INFO [45289] [2023-10-27 12:40:28] dodgr_ttm called, FALSE, 49x1761
INFO [45287] [2023-10-27 12:41:57] dodgr_ttm called, FALSE, 40x2851
INFO [45289] [2023-10-27 12:43:03] paquet:N2278400E3955200 ppou:20969 ttm ok 53092
INFO [45289] [2023-10-27 12:43:03] dodgr_ttm called, FALSE, 4x1214
INFO [45287] [2023-10-27 12:44:16] paquet:N2252800E3929600 ppou:5265 ttm ok 88333
INFO [45287] [2023-10-27 12:44:16] dodgr_ttm called, FALSE, 19x3853
INFO [45289] [2023-10-27 12:44:32] paquet:N2278400E3955200 ppou:20972 ttm ok 4572
INFO [45289] [2023-10-27 12:44:32] dodgr_ttm called, FALSE, 54x2286
INFO [45287] [2023-10-27 12:46:18] paquet:N2252800E3929600 ppou:6338 ttm ok 49545
INFO [45287] [2023-10-27 12:46:19] dodgr_ttm called, FALSE, 113x4203
INFO [45286] [2023-10-27 12:47:46] paquet:N2265600E3955200 ppou:14186 ttm ok 1112750
SUCCESS [45286] [2023-10-27 12:47:46] carreau:N2265600E3955200 8 ancres 7.5M@2.2kp/s demandees, 4.8M@1.4kp/s retenues
INFO [45286] [2023-10-27 12:47:51] dodgr_ttm called, TRUE, 8x561
INFO [45289] [2023-10-27 12:47:55] paquet:N2278400E3955200 ppou:21136 ttm ok 63158
SUCCESS [45289] [2023-10-27 12:47:55] carreau:N2278400E3955200 8 ancres 1.9M@1kp/s demandees, 1.1M@588p/s retenues
INFO [45289] [2023-10-27 12:47:58] dodgr_ttm called, TRUE, 8x160
INFO [45286] [2023-10-27 12:48:09] dodgr_ttm called, FALSE, 8x12829
INFO [45289] [2023-10-27 12:48:20] dodgr_ttm called, FALSE, 8x12829
INFO [45287] [2023-10-27 12:50:33] paquet:N2252800E3929600 ppou:6443 ttm ok 310724
INFO [45287] [2023-10-27 12:50:33] dodgr_ttm called, FALSE, 15x4024
INFO [45286] [2023-10-27 12:50:55] dodgr_ttm called, FALSE, 11x1848
INFO [45289] [2023-10-27 12:51:07] dodgr_ttm called, FALSE, 23x1609
INFO [45286] [2023-10-27 12:52:22] paquet:N2265600E3968000 ppou:10399 ttm ok 18459
INFO [45286] [2023-10-27 12:52:22] dodgr_ttm called, FALSE, 3x2418
INFO [45287] [2023-10-27 12:52:26] paquet:N2252800E3929600 ppou:6550 ttm ok 57771
INFO [45287] [2023-10-27 12:52:26] dodgr_ttm called, FALSE, 144x4634
INFO [45289] [2023-10-27 12:53:05] paquet:N2278400E3968000 ppou:15385 ttm ok 34271
INFO [45289] [2023-10-27 12:53:05] dodgr_ttm called, FALSE, 10x1482
INFO [45286] [2023-10-27 12:53:53] paquet:N2265600E3968000 ppou:10731 ttm ok 5808
INFO [45286] [2023-10-27 12:53:53] dodgr_ttm called, FALSE, 180x2526
INFO [45289] [2023-10-27 12:54:30] paquet:N2278400E3968000 ppou:15391 ttm ok 14480
INFO [45289] [2023-10-27 12:54:30] dodgr_ttm called, FALSE, 15x1924
INFO [45289] [2023-10-27 12:56:29] paquet:N2278400E3968000 ppou:17147 ttm ok 20461
INFO [45289] [2023-10-27 12:56:29] dodgr_ttm called, FALSE, 64x1595
INFO [45287] [2023-10-27 12:56:36] paquet:N2252800E3929600 ppou:6646 ttm ok 479292
INFO [45287] [2023-10-27 12:56:36] dodgr_ttm called, FALSE, 92x4548
INFO [45289] [2023-10-27 12:59:15] paquet:N2278400E3968000 ppou:20485 ttm ok 64473
INFO [45289] [2023-10-27 12:59:15] dodgr_ttm called, FALSE, 18x1555
INFO [45286] [2023-10-27 12:59:46] paquet:N2265600E3968000 ppou:10891 ttm ok 287384
INFO [45286] [2023-10-27 12:59:46] dodgr_ttm called, FALSE, 105x1891
INFO [45287] [2023-10-27 13:00:20] paquet:N2252800E3929600 ppou:6833 ttm ok 351542
INFO [45287] [2023-10-27 13:00:20] dodgr_ttm called, FALSE, 2x3574
INFO [45289] [2023-10-27 13:00:57] paquet:N2278400E3968000 ppou:20979 ttm ok 15009
INFO [45289] [2023-10-27 13:00:57] dodgr_ttm called, FALSE, 9x1244
INFO [45287] [2023-10-27 13:01:54] paquet:N2252800E3929600 ppou:7294 ttm ok 7148
INFO [45287] [2023-10-27 13:01:54] dodgr_ttm called, FALSE, 36x4540
INFO [45289] [2023-10-27 13:02:15] paquet:N2278400E3968000 ppou:21054 ttm ok 9933
INFO [45289] [2023-10-27 13:02:15] dodgr_ttm called, FALSE, 16x1307
INFO [45286] [2023-10-27 13:03:08] paquet:N2265600E3968000 ppou:11046 ttm ok 141232
INFO [45286] [2023-10-27 13:03:08] dodgr_ttm called, FALSE, 22x2352
INFO [45289] [2023-10-27 13:03:52] paquet:N2278400E3968000 ppou:21143 ttm ok 16029
INFO [45289] [2023-10-27 13:03:52] dodgr_ttm called, FALSE, 5x1237
INFO [45287] [2023-10-27 13:04:16] paquet:N2252800E3929600 ppou:7815 ttm ok 143882
SUCCESS [45287] [2023-10-27 13:04:17] carreau:N2252800E3929600 8 ancres 2.1M@1.4kp/s demandees, 1.5M@998.7p/s retenues
INFO [45287] [2023-10-27 13:04:20] dodgr_ttm called, TRUE, 8x369
INFO [45287] [2023-10-27 13:04:45] dodgr_ttm called, FALSE, 8x12829
INFO [45286] [2023-10-27 13:05:00] paquet:N2265600E3968000 ppou:11175 ttm ok 42753
INFO [45286] [2023-10-27 13:05:00] dodgr_ttm called, FALSE, 110x2228
INFO [45289] [2023-10-27 13:05:20] paquet:N2278400E3968000 ppou:21233 ttm ok 5455
SUCCESS [45289] [2023-10-27 13:05:20] carreau:N2278400E3968000 8 ancres 351.7k@337.4p/s demandees, 196k@188p/s retenues
INFO [45289] [2023-10-27 13:05:23] dodgr_ttm called, TRUE, 8x47
INFO [45289] [2023-10-27 13:05:52] dodgr_ttm called, FALSE, 8x12829
INFO [45287] [2023-10-27 13:07:20] dodgr_ttm called, FALSE, 80x4253
INFO [45289] [2023-10-27 13:08:21] dodgr_ttm called, FALSE, 4x2113
INFO [45286] [2023-10-27 13:09:17] paquet:N2265600E3968000 ppou:12036 ttm ok 170596
INFO [45286] [2023-10-27 13:09:17] dodgr_ttm called, FALSE, 46x2168
INFO [45289] [2023-10-27 13:09:57] paquet:N2291200E3904000 ppou:21241 ttm ok 5947
INFO [45289] [2023-10-27 13:09:57] dodgr_ttm called, FALSE, 6x1482
INFO [45287] [2023-10-27 13:10:20] paquet:N2252800E3968000 ppou:6708 ttm ok 165684
INFO [45287] [2023-10-27 13:10:20] dodgr_ttm called, FALSE, 45x2466
INFO [45289] [2023-10-27 13:11:22] paquet:N2291200E3904000 ppou:22620 ttm ok 8781
INFO [45289] [2023-10-27 13:11:22] dodgr_ttm called, FALSE, 5x1742
INFO [45287] [2023-10-27 13:11:54] paquet:N2252800E3968000 ppou:6972 ttm ok 87067
INFO [45287] [2023-10-27 13:11:54] dodgr_ttm called, FALSE, 10x2794
INFO [45286] [2023-10-27 13:11:59] paquet:N2265600E3968000 ppou:12698 ttm ok 56525
INFO [45286] [2023-10-27 13:11:59] dodgr_ttm called, FALSE, 84x2253
INFO [45289] [2023-10-27 13:12:46] paquet:N2291200E3904000 ppou:22913 ttm ok 7139
INFO [45289] [2023-10-27 13:12:46] dodgr_ttm called, FALSE, 7x1650
INFO [45287] [2023-10-27 13:13:11] paquet:N2252800E3968000 ppou:7059 ttm ok 16937
INFO [45287] [2023-10-27 13:13:11] dodgr_ttm called, FALSE, 70x3867
INFO [45289] [2023-10-27 13:14:09] paquet:N2291200E3904000 ppou:23131 ttm ok 10377
INFO [45289] [2023-10-27 13:14:09] dodgr_ttm called, FALSE, 7x2306
INFO [45286] [2023-10-27 13:14:54] paquet:N2265600E3968000 ppou:14614 ttm ok 125521
SUCCESS [45286] [2023-10-27 13:14:54] carreau:N2265600E3968000 8 ancres 1.4M@843.6p/s demandees, 870.7k@536.4p/s retenues
INFO [45286] [2023-10-27 13:14:57] dodgr_ttm called, TRUE, 8x96
INFO [45286] [2023-10-27 13:15:23] dodgr_ttm called, FALSE, 8x12829
INFO [45289] [2023-10-27 13:15:45] paquet:N2291200E3904000 ppou:23134 ttm ok 9505
INFO [45289] [2023-10-27 13:15:45] dodgr_ttm called, FALSE, 5x1427
INFO [45287] [2023-10-27 13:16:07] paquet:N2252800E3968000 ppou:7140 ttm ok 156967
INFO [45287] [2023-10-27 13:16:07] dodgr_ttm called, FALSE, 49x2092
INFO [45289] [2023-10-27 13:17:12] paquet:N2291200E3904000 ppou:23531 ttm ok 6884
INFO [45289] [2023-10-27 13:17:12] dodgr_ttm called, FALSE, 9x1942
INFO [45287] [2023-10-27 13:17:39] paquet:N2252800E3968000 ppou:7254 ttm ok 78339
INFO [45287] [2023-10-27 13:17:40] dodgr_ttm called, FALSE, 57x5303
INFO [45286] [2023-10-27 13:17:51] dodgr_ttm called, FALSE, 9x269
INFO [45289] [2023-10-27 13:18:42] paquet:N2291200E3904000 ppou:24664 ttm ok 15906
INFO [45289] [2023-10-27 13:18:42] dodgr_ttm called, FALSE, 4x2044
INFO [45286] [2023-10-27 13:18:57] paquet:N2265600E3891200 ppou:8634 ttm ok 700
INFO [45286] [2023-10-27 13:18:57] dodgr_ttm called, FALSE, 10x224
INFO [45289] [2023-10-27 13:20:00] paquet:N2291200E3904000 ppou:24885 ttm ok 7106
SUCCESS [45289] [2023-10-27 13:20:00] carreau:N2291200E3904000 8 ancres 189.2k@215.6p/s demandees, 91.3k@104.1p/s retenues
INFO [45286] [2023-10-27 13:20:02] paquet:N2265600E3891200 ppou:9034 ttm ok 1771
INFO [45286] [2023-10-27 13:20:02] dodgr_ttm called, FALSE, 17x312
INFO [45289] [2023-10-27 13:20:03] dodgr_ttm called, TRUE, 8x1385
INFO [45287] [2023-10-27 13:20:15] paquet:N2252800E3968000 ppou:7258 ttm ok 81849
INFO [45287] [2023-10-27 13:20:15] dodgr_ttm called, FALSE, 34x1845
INFO [45289] [2023-10-27 13:20:31] dodgr_ttm called, FALSE, 8x12829
INFO [45286] [2023-10-27 13:21:15] paquet:N2265600E3891200 ppou:9165 ttm ok 4314
INFO [45286] [2023-10-27 13:21:15] dodgr_ttm called, FALSE, 23x373
INFO [45287] [2023-10-27 13:21:44] paquet:N2252800E3968000 ppou:7691 ttm ok 46968
INFO [45287] [2023-10-27 13:21:44] dodgr_ttm called, FALSE, 24x1869
INFO [45286] [2023-10-27 13:22:31] paquet:N2265600E3891200 ppou:9299 ttm ok 5289
INFO [45286] [2023-10-27 13:22:31] dodgr_ttm called, FALSE, 25x345
INFO [45289] [2023-10-27 13:22:55] dodgr_ttm called, FALSE, 158x2921
INFO [45287] [2023-10-27 13:23:06] paquet:N2252800E3968000 ppou:7779 ttm ok 36815
SUCCESS [45287] [2023-10-27 13:23:06] carreau:N2252800E3968000 8 ancres 1.4M@1.2kp/s demandees, 713.7k@633.9p/s retenues
INFO [45286] [2023-10-27 13:23:34] paquet:N2265600E3891200 ppou:9428 ttm ok 6765
INFO [45286] [2023-10-27 13:23:34] dodgr_ttm called, FALSE, 8x642
INFO [45286] [2023-10-27 13:24:40] paquet:N2265600E3891200 ppou:13257 ttm ok 1724
INFO [45286] [2023-10-27 13:24:40] dodgr_ttm called, FALSE, 4x764
INFO [45286] [2023-10-27 13:25:49] paquet:N2265600E3891200 ppou:14783 ttm ok 1660
SUCCESS [45286] [2023-10-27 13:25:49] carreau:N2265600E3891200 7 ancres 138k@211.6p/s demandees, 26.6k@40.8p/s retenues
INFO [45289] [2023-10-27 13:27:20] paquet:N2291200E3916800 ppou:21522 ttm ok 264805
INFO [45289] [2023-10-27 13:27:20] dodgr_ttm called, FALSE, 178x2943
INFO [45289] [2023-10-27 13:31:48] paquet:N2291200E3916800 ppou:21539 ttm ok 343806
INFO [45289] [2023-10-27 13:31:48] dodgr_ttm called, FALSE, 295x3205
INFO [45289] [2023-10-27 13:38:14] paquet:N2291200E3916800 ppou:22343 ttm ok 529307
INFO [45289] [2023-10-27 13:38:14] dodgr_ttm called, FALSE, 195x2568
INFO [45289] [2023-10-27 13:43:23] paquet:N2291200E3916800 ppou:23243 ttm ok 353671
INFO [45289] [2023-10-27 13:43:23] dodgr_ttm called, FALSE, 101x2603
INFO [45289] [2023-10-27 13:46:37] paquet:N2291200E3916800 ppou:24243 ttm ok 191147
INFO [45289] [2023-10-27 13:46:37] dodgr_ttm called, FALSE, 288x3474
INFO [45289] [2023-10-27 13:52:16] paquet:N2291200E3916800 ppou:24409 ttm ok 553246
INFO [45289] [2023-10-27 13:52:16] dodgr_ttm called, FALSE, 26x2601
INFO [45289] [2023-10-27 13:54:02] paquet:N2291200E3916800 ppou:24518 ttm ok 47747
INFO [45289] [2023-10-27 13:54:02] dodgr_ttm called, FALSE, 140x3112
INFO [45289] [2023-10-27 13:57:40] paquet:N2291200E3916800 ppou:25413 ttm ok 263101
SUCCESS [45289] [2023-10-27 13:57:40] carreau:N2291200E3916800 8 ancres 4.3M@1.9kp/s demandees, 2.6M@1.1kp/s retenues
SUCCESS [2023-10-27 13:58:25] 
