SUCCESS [2023-10-21 12:40:43] Calcul accessibilite version 2
SUCCESS [2023-10-21 12:40:43] $type
SUCCESS [2023-10-21 12:40:43] [1] "dodgr"
SUCCESS [2023-10-21 12:40:43] 
SUCCESS [2023-10-21 12:40:43] $path
SUCCESS [2023-10-21 12:40:43] /space_mounts/data/marseille//dodgr/
SUCCESS [2023-10-21 12:40:43] FALSE
SUCCESS [2023-10-21 12:40:43] 
SUCCESS [2023-10-21 12:40:43] $graph
SUCCESS [2023-10-21 12:40:43] # A tibble: 6,305,979 × 21
SUCCESS [2023-10-21 12:40:43]    .vx0       .vx1    edge_ .vx0_x .vx0_y .vx1_x .vx1_y     d      dz object_
SUCCESS [2023-10-21 12:40:43]    <chr>      <chr>   <chr>  <dbl>  <dbl>  <dbl>  <dbl> <dbl>   <dbl> <chr>  
SUCCESS [2023-10-21 12:40:43]  1 1645147773 716126… jJgX…   4.40   43.5   4.40   43.5  3.60 NA      151673…
SUCCESS [2023-10-21 12:40:43]  2 7161262231 164514… bazv…   4.40   43.5   4.40   43.5 50.1  NA      151673…
SUCCESS [2023-10-21 12:40:43]  3 1645147776 164514… sRfN…   4.40   43.5   4.40   43.5 42.3   0.614  151673…
SUCCESS [2023-10-21 12:40:43]  4 1645147778 164514… TST2…   4.40   43.5   4.40   43.5 15.1  -0.182  151673…
SUCCESS [2023-10-21 12:40:43]  5 1645147780 164514… 04rR…   4.40   43.5   4.40   43.5 14.5  -0.355  151673…
SUCCESS [2023-10-21 12:40:43]  6 1645147781 164514… Ef50…   4.40   43.5   4.40   43.5 17.9  -0.0935 151673…
SUCCESS [2023-10-21 12:40:43]  7 1645147789 164514… 9z1z…   4.40   43.5   4.39   43.5 35.6  NA      151673…
SUCCESS [2023-10-21 12:40:43]  8 1645147790 164514… gjHA…   4.39   43.5   4.39   43.5 56.5  NA      151673…
SUCCESS [2023-10-21 12:40:43]  9 1645147791 164514… manl…   4.39   43.5   4.39   43.5 56.6  NA      151673…
SUCCESS [2023-10-21 12:40:43] 10 1645147792 164514… 06Cm…   4.39   43.5   4.39   43.5 51.9  NA      151673…
SUCCESS [2023-10-21 12:40:43] # ℹ 6,305,969 more rows
SUCCESS [2023-10-21 12:40:43] # ℹ 11 more variables: bicycle <chr>, foot <chr>, highway <chr>,
SUCCESS [2023-10-21 12:40:43] #   oneway_bicycle <lgl>, lanes <chr>, junction <chr>, d_weighted <dbl>,
SUCCESS [2023-10-21 12:40:43] #   time <dbl>, time_weighted <dbl>, component <int>, dzplus <dbl>
SUCCESS [2023-10-21 12:40:43] # ℹ Use `print(n = ...)` to see more rows
SUCCESS [2023-10-21 12:40:43] 
SUCCESS [2023-10-21 12:40:43] $vertices
SUCCESS [2023-10-21 12:40:43]             id        x        y component   n
SUCCESS [2023-10-21 12:40:43] 1   1645147773 4.395142 43.46925         1   0
SUCCESS [2023-10-21 12:40:43] 2   7161262231 4.395142 43.46929         1   1
SUCCESS [2023-10-21 12:40:43] 3   1645147776 4.395148 43.46974         1   2
SUCCESS [2023-10-21 12:40:43] 4   1645147778 4.395143 43.47012         1   3
SUCCESS [2023-10-21 12:40:43] 5   1645147780 4.395133 43.47025         1   4
SUCCESS [2023-10-21 12:40:43] 6   1645147781 4.395100 43.47038         1   5
SUCCESS [2023-10-21 12:40:43] 7   1645147789 4.395046 43.47054         1   6
SUCCESS [2023-10-21 12:40:43] 8   1645147790 4.394918 43.47084         1   7
SUCCESS [2023-10-21 12:40:43] 9   1645147791 4.394705 43.47133         1   8
SUCCESS [2023-10-21 12:40:43] 10  1645147792 4.394486 43.47181         1   9
SUCCESS [2023-10-21 12:40:43] 11  1645147793 4.394293 43.47226         1  10
SUCCESS [2023-10-21 12:40:43] 12  1645147795 4.394041 43.47282         1  11
SUCCESS [2023-10-21 12:40:43] 13  1645147797 4.393821 43.47332         1  12
SUCCESS [2023-10-21 12:40:43] 14  1645147798 4.393541 43.47395         1  13
SUCCESS [2023-10-21 12:40:43] 15  1645147800 4.393394 43.47427         1  14
SUCCESS [2023-10-21 12:40:43] 16  1645147802 4.393248 43.47460         1  15
SUCCESS [2023-10-21 12:40:43] 17  1645147804 4.393150 43.47480         1  16
SUCCESS [2023-10-21 12:40:43] 18  1645147806 4.393078 43.47492         1  17
SUCCESS [2023-10-21 12:40:43] 19  1645147811 4.392946 43.47511         1  18
SUCCESS [2023-10-21 12:40:43] 20  1645147812 4.392851 43.47522         1  19
SUCCESS [2023-10-21 12:40:43] 21  1645147813 4.392689 43.47543         1  20
SUCCESS [2023-10-21 12:40:43] 22  6704293682 4.392323 43.47588         1  21
SUCCESS [2023-10-21 12:40:43] 23  7403059338 4.392259 43.47596         1  22
SUCCESS [2023-10-21 12:40:43] 24  7403056326 4.392230 43.47600         1  23
SUCCESS [2023-10-21 12:40:43] 25  1645147815 4.392162 43.47608         1  24
SUCCESS [2023-10-21 12:40:43] 26  1645147817 4.391685 43.47667         1  25
SUCCESS [2023-10-21 12:40:43] 27  2429136392 4.391192 43.47728         1  26
SUCCESS [2023-10-21 12:40:43] 28  1645147819 4.391132 43.47736         1  27
SUCCESS [2023-10-21 12:40:43] 29  1645147820 4.390589 43.47803         1  28
SUCCESS [2023-10-21 12:40:43] 30  1645147822 4.390165 43.47855         1  29
SUCCESS [2023-10-21 12:40:43] 31  1645147824 4.389990 43.47877         1  30
SUCCESS [2023-10-21 12:40:43] 32  1645147826 4.389823 43.47899         1  31
SUCCESS [2023-10-21 12:40:43] 33  1645147827 4.389734 43.47915         1  32
SUCCESS [2023-10-21 12:40:43] 34  1645147832 4.389666 43.47933         1  33
SUCCESS [2023-10-21 12:40:43] 35  1645147833 4.389563 43.47969         1  34
SUCCESS [2023-10-21 12:40:43] 36  1645147835 4.389466 43.48001         1  35
SUCCESS [2023-10-21 12:40:43] 37  1645147837 4.389305 43.48057         1  36
SUCCESS [2023-10-21 12:40:43] 38  3724788195 4.389279 43.48067         1  37
SUCCESS [2023-10-21 12:40:43] 39  1645147839 4.389078 43.48138         1  38
SUCCESS [2023-10-21 12:40:43] 40  1645147840 4.388997 43.48166         1  39
SUCCESS [2023-10-21 12:40:43] 41  1645147842 4.388869 43.48214         1  40
SUCCESS [2023-10-21 12:40:43] 42  1645147844 4.388702 43.48267         1  41
SUCCESS [2023-10-21 12:40:43] 43  1645147846 4.388638 43.48285         1  42
SUCCESS [2023-10-21 12:40:43] 44  1645147848 4.388610 43.48289         1  43
SUCCESS [2023-10-21 12:40:43] 45  1645147849 4.388469 43.48310         1  44
SUCCESS [2023-10-21 12:40:43] 46  1645147851 4.388316 43.48328         1  45
SUCCESS [2023-10-21 12:40:43] 47  1645147855 4.388162 43.48342         1  46
SUCCESS [2023-10-21 12:40:43] 48  1645147857 4.388012 43.48353         1  47
SUCCESS [2023-10-21 12:40:43] 49  1645147859 4.387760 43.48369         1  48
SUCCESS [2023-10-21 12:40:43] 50  1645147860 4.387162 43.48403         1  49
SUCCESS [2023-10-21 12:40:43] 51  1645147862 4.386959 43.48416         1  50
SUCCESS [2023-10-21 12:40:43] 52  3724788256 4.386793 43.48430         1  51
SUCCESS [2023-10-21 12:40:43] 53  1645147864 4.386699 43.48438         1  52
SUCCESS [2023-10-21 12:40:43] 54  1645147866 4.386536 43.48456         1  53
SUCCESS [2023-10-21 12:40:43] 55  1645147868 4.386463 43.48465         1  54
SUCCESS [2023-10-21 12:40:43] 56  1645147869 4.386397 43.48475         1  55
SUCCESS [2023-10-21 12:40:43] 57  1645147871 4.386338 43.48486         1  56
SUCCESS [2023-10-21 12:40:43] 58  1645147872 4.386251 43.48508         1  57
SUCCESS [2023-10-21 12:40:43] 59  3724788274 4.386231 43.48518         1  58
SUCCESS [2023-10-21 12:40:43] 60  1645147875 4.386206 43.48530         1  59
SUCCESS [2023-10-21 12:40:43] 61  1645147877 4.386198 43.48541         1  60
SUCCESS [2023-10-21 12:40:43] 62  1645147879 4.386196 43.48554         1  61
SUCCESS [2023-10-21 12:40:43] 63  1645147882 4.386209 43.48599         1  62
SUCCESS [2023-10-21 12:40:43] 64  1645147883 4.386205 43.48633         1  63
SUCCESS [2023-10-21 12:40:43] 66  3723359358 4.395079 43.47140         1  64
SUCCESS [2023-10-21 12:40:43] 67  3723359377 4.396072 43.47157         1  65
SUCCESS [2023-10-21 12:40:43] 68  3723359388 4.396922 43.47172         1  66
SUCCESS [2023-10-21 12:40:43] 69  2429136362 4.397202 43.47177         1  67
SUCCESS [2023-10-21 12:40:43] 70  2429136363 4.397558 43.47183         1  68
SUCCESS [2023-10-21 12:40:43] 71  2429136365 4.397901 43.47187         1  69
SUCCESS [2023-10-21 12:40:43] 72  2429136367 4.398050 43.47190         1  70
SUCCESS [2023-10-21 12:40:43] 73  1270217616 4.398196 43.47195         1  71
SUCCESS [2023-10-21 12:40:43] 74  2429136378 4.398384 43.47208         1  72
SUCCESS [2023-10-21 12:40:43] 75  3723359484 4.399018 43.47258         1  73
SUCCESS [2023-10-21 12:40:43] 76  3723359510 4.399466 43.47292         1  74
SUCCESS [2023-10-21 12:40:43] 77  6720770967 4.399569 43.47300         1  75
SUCCESS [2023-10-21 12:40:43] 78  2429136384 4.399624 43.47304         1  76
SUCCESS [2023-10-21 12:40:43] 79  2429136387 4.399694 43.47310         1  77
SUCCESS [2023-10-21 12:40:43] 80  2915562426 4.168319 43.48048       272  78
SUCCESS [2023-10-21 12:40:43] 81  2915567647 4.172015 43.48045       272  79
SUCCESS [2023-10-21 12:40:43] 82  2915567648 4.172162 43.48037       272  80
SUCCESS [2023-10-21 12:40:43] 83  2915567671 4.172594 43.47942       272  81
SUCCESS [2023-10-21 12:40:43] 84  2915567650 4.173042 43.47843       272  82
SUCCESS [2023-10-21 12:40:43] 85  2915567677 4.172916 43.47831       272  83
SUCCESS [2023-10-21 12:40:43] 86  2915567641 4.172312 43.47803       272  84
SUCCESS [2023-10-21 12:40:43] 87  2915567679 4.170381 43.47776       272  85
SUCCESS [2023-10-21 12:40:43] 88  2915567670 4.169432 43.47779       272  86
SUCCESS [2023-10-21 12:40:43] 89  2915567684 4.168389 43.47782       272  87
SUCCESS [2023-10-21 12:40:43] 90  2915567662 4.165830 43.47865       272  88
SUCCESS [2023-10-21 12:40:43] 91  2915567676 4.165751 43.47873       272  89
SUCCESS [2023-10-21 12:40:43] 92  2915567666 4.165739 43.47936       272  90
SUCCESS [2023-10-21 12:40:43] 93  2915567660 4.166018 43.47950       272  91
SUCCESS [2023-10-21 12:40:43] 94  2915567672 4.167375 43.48002       272  92
SUCCESS [2023-10-21 12:40:43] 95  2915567646 4.168099 43.47987       272  93
SUCCESS [2023-10-21 12:40:43] 96  2915567643 4.168380 43.47996       272  94
SUCCESS [2023-10-21 12:40:43] 97  2915567652 4.168460 43.48010       272  95
SUCCESS [2023-10-21 12:40:43] 98  2915567673 4.169456 43.47881       272  96
SUCCESS [2023-10-21 12:40:43] 99  2915567694 4.169346 43.47820       272  97
SUCCESS [2023-10-21 12:40:43] 100 2915567683 4.171125 43.47904       272  98
SUCCESS [2023-10-21 12:40:43] 101 2915567678 4.168292 43.47926       272  99
SUCCESS [2023-10-21 12:40:43] 102 4608697476 4.176107 43.49924         1 100
SUCCESS [2023-10-21 12:40:43] 103 4608697474 4.176214 43.49922         1 101
SUCCESS [2023-10-21 12:40:43] 104 4608697473 4.176716 43.49875         1 102
SUCCESS [2023-10-21 12:40:43] 105 4608697472 4.177378 43.49819         1 103
SUCCESS [2023-10-21 12:40:43] 106 4608697471 4.178531 43.49693         1 104
SUCCESS [2023-10-21 12:40:43] 107 4608697470 4.179264 43.49613         1 105
SUCCESS [2023-10-21 12:40:43] 108 4608697469 4.179746 43.49556         1 106
SUCCESS [2023-10-21 12:40:43] 109 4608697468 4.180012 43.49526         1 107
SUCCESS [2023-10-21 12:40:43] 110 4608697467 4.180114 43.49516         1 108
SUCCESS [2023-10-21 12:40:43] 111 4608697466 4.180251 43.49507         1 109
SUCCESS [2023-10-21 12:40:43] 112 4608697465 4.180449 43.49496         1 110
SUCCESS [2023-10-21 12:40:43] 113 4608697464 4.180747 43.49480         1 111
SUCCESS [2023-10-21 12:40:43] 114 4608697463 4.180940 43.49464         1 112
SUCCESS [2023-10-21 12:40:43] 115 4608697462 4.181088 43.49450         1 113
SUCCESS [2023-10-21 12:40:43] 116 4608697461 4.181305 43.49421         1 114
SUCCESS [2023-10-21 12:40:43] 117 4608697460 4.181450 43.49404         1 115
SUCCESS [2023-10-21 12:40:43] 118 4608697459 4.181653 43.49386         1 116
SUCCESS [2023-10-21 12:40:43] 119 4608697458 4.181930 43.49365         1 117
SUCCESS [2023-10-21 12:40:43] 120 4608697457 4.182029 43.49355         1 118
SUCCESS [2023-10-21 12:40:43] 121 4608697456 4.182235 43.49328         1 119
SUCCESS [2023-10-21 12:40:43] 122 4608697455 4.182482 43.49298         1 120
SUCCESS [2023-10-21 12:40:43] 123 4608697454 4.182756 43.49273         1 121
SUCCESS [2023-10-21 12:40:43] 124 4608697453 4.183166 43.49242         1 122
SUCCESS [2023-10-21 12:40:43] 125 4608697452 4.183421 43.49227         1 123
SUCCESS [2023-10-21 12:40:43] 126 4608697451 4.183861 43.49193         1 124
SUCCESS [2023-10-21 12:40:43] 127 4608697450 4.184612 43.49130         1 125
SUCCESS [2023-10-21 12:40:43] 128 4608697449 4.184877 43.49109         1 126
SUCCESS [2023-10-21 12:40:43] 129 4608697448 4.184974 43.49099         1 127
SUCCESS [2023-10-21 12:40:43] 130 4608697447 4.185422 43.49034         1 128
SUCCESS [2023-10-21 12:40:43] 131 4608697446 4.185785 43.48993         1 129
SUCCESS [2023-10-21 12:40:43] 132 4608697445 4.185987 43.48951         1 130
SUCCESS [2023-10-21 12:40:43] 133 4608697444 4.186111 43.48941         1 131
SUCCESS [2023-10-21 12:40:43] 134 4608697443 4.186255 43.48939         1 132
SUCCESS [2023-10-21 12:40:43] 135 4608697442 4.186945 43.48937         1 133
SUCCESS [2023-10-21 12:40:43] 136 4608697441 4.187175 43.48934         1 134
SUCCESS [2023-10-21 12:40:43] 137 4608697440 4.187302 43.48928         1 135
SUCCESS [2023-10-21 12:40:43] 138 4608697439 4.187484 43.48916         1 136
SUCCESS [2023-10-21 12:40:43] 139 4608697438 4.187716 43.48892         1 137
SUCCESS [2023-10-21 12:40:43] 140 4608697437 4.188701 43.48798         1 138
SUCCESS [2023-10-21 12:40:43] 141 4608697436 4.189197 43.48759         1 139
SUCCESS [2023-10-21 12:40:43] 142 4608697435 4.190069 43.48686         1 140
SUCCESS [2023-10-21 12:40:43] 143 4608697434 4.190723 43.48620         1 141
SUCCESS [2023-10-21 12:40:43] 144 4608697433 4.191426 43.48549         1 142
SUCCESS [2023-10-21 12:40:43] 145 4608697432 4.192426 43.48460         1 143
SUCCESS [2023-10-21 12:40:43] 146 4608697431 4.193459 43.48390         1 144
SUCCESS [2023-10-21 12:40:43] 147 4608697430 4.194666 43.48286         1 145
SUCCESS [2023-10-21 12:40:43] 148 4608697429 4.195423 43.48223         1 146
SUCCESS [2023-10-21 12:40:43] 149 4608697428 4.196509 43.48140         1 147
SUCCESS [2023-10-21 12:40:43] 150 4608697427 4.196723 43.48119         1 148
SUCCESS [2023-10-21 12:40:43] 151 4608697426 4.197281 43.48055         1 149
SUCCESS [2023-10-21 12:40:43] 152 4608697425 4.198013 43.47973         1 150
SUCCESS [2023-10-21 12:40:43] 153 4608697424 4.198789 43.47884         1 151
SUCCESS [2023-10-21 12:40:43] 154 4608697423 4.198896 43.47868         1 152
SUCCESS [2023-10-21 12:40:43] 155 4608697422 4.199143 43.47802         1 153
SUCCESS [2023-10-21 12:40:43] 156 4608697421 4.199266 43.47776         1 154
SUCCESS [2023-10-21 12:40:43] 157 4608697420 4.199508 43.47739         1 155
SUCCESS [2023-10-21 12:40:43] 158 4608697419 4.200191 43.47644         1 156
SUCCESS [2023-10-21 12:40:43] 159 4608697418 4.200524 43.47602         1 157
SUCCESS [2023-10-21 12:40:43] 160 4608697417 4.200800 43.47570         1 158
SUCCESS [2023-10-21 12:40:43] 161 4608697416 4.201439 43.47467         1 159
SUCCESS [2023-10-21 12:40:43] 162 4608697415 4.201621 43.47427         1 160
SUCCESS [2023-10-21 12:40:43] 163 4608697414 4.201707 43.47414         1 161
SUCCESS [2023-10-21 12:40:43] 164 4608697413 4.202257 43.47344         1 162
SUCCESS [2023-10-21 12:40:43] 165 4608697412 4.203198 43.47230         1 163
SUCCESS [2023-10-21 12:40:43] 166 4608697411 4.203542 43.47188         1 164
SUCCESS [2023-10-21 12:40:43] 167 4608697410 4.203641 43.47177         1 165
SUCCESS [2023-10-21 12:40:43] 168 4608697409 4.203775 43.47167         1 166
SUCCESS [2023-10-21 12:40:43] 169 4608697408 4.204027 43.47158         1 167
SUCCESS [2023-10-21 12:40:43] 170 4608697407 4.204867 43.47138         1 168
SUCCESS [2023-10-21 12:40:43] 171 4608697406 4.205220 43.47134         1 169
SUCCESS [2023-10-21 12:40:43] 172 4608697405 4.205400 43.47130         1 170
SUCCESS [2023-10-21 12:40:43] 173 7727082288 4.353889 43.46786       155 171
SUCCESS [2023-10-21 12:40:43] 174 7727082289 4.353924 43.46795       155 172
SUCCESS [2023-10-21 12:40:43] 175 7727082290 4.353967 43.46801       155 173
SUCCESS [2023-10-21 12:40:43] 176 7727082291 4.354056 43.46804       155 174
SUCCESS [2023-10-21 12:40:43] 177 7727082292 4.354169 43.46804       155 175
SUCCESS [2023-10-21 12:40:43] 178 7727082293 4.354392 43.46802       155 176
SUCCESS [2023-10-21 12:40:43] 179 7727082294 4.354547 43.46801       155 177
SUCCESS [2023-10-21 12:40:43] 180 7727082295 4.354664 43.46801       155 178
SUCCESS [2023-10-21 12:40:43] 181 7727082296 4.354753 43.46806       155 179
SUCCESS [2023-10-21 12:40:43] 182 7727082297 4.354792 43.46812       155 180
SUCCESS [2023-10-21 12:40:43] 183 7727082298 4.354827 43.46839       155 181
SUCCESS [2023-10-21 12:40:43] 184 9460040354 4.395258 43.46725         1 182
SUCCESS [2023-10-21 12:40:43] 185 9460040355 4.395080 43.46724         1 183
SUCCESS [2023-10-21 12:40:43] 186 9460040356 4.394895 43.46725         1 184
SUCCESS [2023-10-21 12:40:43] 187 9460040357 4.394808 43.46729         1 185
SUCCESS [2023-10-21 12:40:43] 188 9460040358 4.394812 43.46748         1 186
SUCCESS [2023-10-21 12:40:43] 189 9460040359 4.394757 43.46756         1 187
SUCCESS [2023-10-21 12:40:43] 190 2844683130 3.940383 43.61168         1 188
SUCCESS [2023-10-21 12:40:43] 191 2844683128 3.939548 43.61106         1 189
SUCCESS [2023-10-21 12:40:43] 192 2844683126 3.938846 43.61052         1 190
SUCCESS [2023-10-21 12:40:43] 193  175444650 3.937525 43.60949         1 191
SUCCESS [2023-10-21 12:40:43] 194 2844683124 3.936958 43.60909         1 192
SUCCESS [2023-10-21 12:40:43] 195   25647543 4.065873 43.67485         1 193
SUCCESS [2023-10-21 12:40:43] 196   25647558 4.068727 43.67420         1 194
SUCCESS [2023-10-21 12:40:43] 197 7814927704 4.068767 43.67417         1 195
SUCCESS [2023-10-21 12:40:43] 198 1644551763 4.068777 43.67416         1 196
SUCCESS [2023-10-21 12:40:43] 199 1644551750 4.068828 43.67413         1 197
SUCCESS [2023-10-21 12:40:43] 200 1644551707 4.068883 43.67408         1 198
SUCCESS [2023-10-21 12:40:43] 201   25647564 4.068938 43.67402         1 199
SUCCESS [2023-10-21 12:40:43]  [ reached 'max' / getOption("max.print") -- omitted 3282083 rows ]
SUCCESS [2023-10-21 12:40:43] 
SUCCESS [2023-10-21 12:40:43] $distances
SUCCESS [2023-10-21 12:40:43] [1] TRUE
SUCCESS [2023-10-21 12:40:43] 
SUCCESS [2023-10-21 12:40:43] $denivele
SUCCESS [2023-10-21 12:40:43] [1] FALSE
SUCCESS [2023-10-21 12:40:43] 
SUCCESS [2023-10-21 12:40:43] $pkg
SUCCESS [2023-10-21 12:40:43] [1] "dodgr"
SUCCESS [2023-10-21 12:40:43] 
SUCCESS [2023-10-21 12:40:43] $turn_penalty
SUCCESS [2023-10-21 12:40:43] [1] TRUE
SUCCESS [2023-10-21 12:40:43] 
SUCCESS [2023-10-21 12:40:43] $graph_name
SUCCESS [2023-10-21 12:40:43] /space_mounts/data/marseille//dodgr//marseille.motorcar.dodgrnet
SUCCESS [2023-10-21 12:40:43] FALSE
SUCCESS [2023-10-21 12:40:43] 
SUCCESS [2023-10-21 12:40:43] $string
SUCCESS [2023-10-21 12:40:43] dodgr routing motorcar sur /space_mounts/data/marseille//dodgr/ a 2023-10-21 12:39:10.293324
SUCCESS [2023-10-21 12:40:43] FALSE
SUCCESS [2023-10-21 12:40:43] 
SUCCESS [2023-10-21 12:40:43] $departure_datetime
SUCCESS [2023-10-21 12:40:43] [1] "2019-12-17 08:00:00 UTC"
SUCCESS [2023-10-21 12:40:43] 
SUCCESS [2023-10-21 12:40:43] $mode
SUCCESS [2023-10-21 12:40:43] [1] "motorcar"
SUCCESS [2023-10-21 12:40:43] 
SUCCESS [2023-10-21 12:40:43] $n_threads
SUCCESS [2023-10-21 12:40:43] [1] 4
SUCCESS [2023-10-21 12:40:43] 
SUCCESS [2023-10-21 12:40:43] $future
SUCCESS [2023-10-21 12:40:43] [1] TRUE
SUCCESS [2023-10-21 12:40:43] 
SUCCESS [2023-10-21 12:40:43] $future_routing
SUCCESS [2023-10-21 12:40:43] function (routing) 
SUCCESS [2023-10-21 12:40:43] {
SUCCESS [2023-10-21 12:40:43]     rout <- routing
SUCCESS [2023-10-21 12:40:43]     rout$graph <- NULL
SUCCESS [2023-10-21 12:40:43]     rout$vertices <- NULL
SUCCESS [2023-10-21 12:40:43]     rout$elevation_data <- NULL
SUCCESS [2023-10-21 12:40:43]     return(rout)
SUCCESS [2023-10-21 12:40:43] }
SUCCESS [2023-10-21 12:40:43] <bytecode: 0x55c0b7659ad8>
SUCCESS [2023-10-21 12:40:43] <environment: 0x55c0b7658c90>
SUCCESS [2023-10-21 12:40:43] 
SUCCESS [2023-10-21 12:40:43] $core_init
SUCCESS [2023-10-21 12:40:43] function (routing) 
SUCCESS [2023-10-21 12:40:43] {
SUCCESS [2023-10-21 12:40:43]     RcppParallel::setThreadOptions(numThreads = routing$n_threads)
SUCCESS [2023-10-21 12:40:43]     rout <- routing
SUCCESS [2023-10-21 12:40:43]     rout$graph <- load_street_network(routing$graph_name)
SUCCESS [2023-10-21 12:40:43]     rout$vertices <- dodgr::dodgr_vertices(rout$graph)
SUCCESS [2023-10-21 12:40:43]     if ("dz" %in% names(rout$graph)) 
SUCCESS [2023-10-21 12:40:43]         rout$graph$dzplus <- rout$graph$dz * (rout$graph$dz > 
SUCCESS [2023-10-21 12:40:43]             0)
SUCCESS [2023-10-21 12:40:43]     logger::log_info("router {graph_name} chargé")
SUCCESS [2023-10-21 12:40:43]     return(rout)
SUCCESS [2023-10-21 12:40:43] }
SUCCESS [2023-10-21 12:40:43] <bytecode: 0x55c0b765a718>
SUCCESS [2023-10-21 12:40:43] <environment: 0x55c0b7658c90>
SUCCESS [2023-10-21 12:40:43] 
SUCCESS [2023-10-21 12:40:43] 
SUCCESS [2023-10-21 12:40:43] tmax:120
SUCCESS [2023-10-21 12:40:43] pdt:1
SUCCESS [2023-10-21 12:40:43] chunk:5M
SUCCESS [2023-10-21 12:40:43] resolution:200
SUCCESS [2023-10-21 12:40:43] out:200
SUCCESS [2023-10-21 12:40:43] les variables sont emplois
SUCCESS [2023-10-21 12:40:43] les variables sont ind
SUCCESS [2023-10-21 12:40:45] taille:2.6G gr:520 res_gr:3200
SUCCESS [2023-10-21 12:40:45] 22.8k ou, 116k quoi
SUCCESS [2023-10-21 12:40:45] 318 carreaux, 4 subsampling
SUCCESS [2023-10-21 12:40:45] future:TRUE, 4 workers
INFO [5777] [2023-10-21 12:45:00] router /space_mounts/data/marseille//dodgr//marseille.motorcar.dodgrnet chargé
INFO [5777] [2023-10-21 12:45:00] dodgr_ttm called, TRUE, 4x23
INFO [5775] [2023-10-21 12:45:33] router /space_mounts/data/marseille//dodgr//marseille.motorcar.dodgrnet chargé
INFO [5775] [2023-10-21 12:45:33] dodgr_ttm called, TRUE, 4x144
INFO [5776] [2023-10-21 12:46:03] router /space_mounts/data/marseille//dodgr//marseille.motorcar.dodgrnet chargé
INFO [5776] [2023-10-21 12:46:03] dodgr_ttm called, TRUE, 4x179
INFO [5778] [2023-10-21 12:46:28] router /space_mounts/data/marseille//dodgr//marseille.motorcar.dodgrnet chargé
INFO [5778] [2023-10-21 12:46:28] dodgr_ttm called, TRUE, 1x4
INFO [5777] [2023-10-21 12:46:30] dodgr_ttm called, FALSE, 4x94934
INFO [5775] [2023-10-21 12:47:09] dodgr_ttm called, FALSE, 4x115040
INFO [5776] [2023-10-21 12:47:30] dodgr_ttm called, FALSE, 4x111927
INFO [5778] [2023-10-21 12:48:18] dodgr_ttm called, FALSE, 1x107774
INFO [5777] [2023-10-21 13:02:27] dodgr_ttm called, FALSE, 8x92493
INFO [5775] [2023-10-21 13:02:36] dodgr_ttm called, FALSE, 23x112914
INFO [5778] [2023-10-21 13:05:55] dodgr_ttm called, FALSE, 4x106132
INFO [5776] [2023-10-21 13:06:00] dodgr_ttm called, FALSE, 81x109888
INFO [5777] [2023-10-21 13:18:35] paquet:N2236800E3961600 ppou:6 ttm ok 739838
INFO [5777] [2023-10-21 13:18:35] dodgr_ttm called, FALSE, 7x92423
INFO [5778] [2023-10-21 13:21:03] paquet:N2291200E3910400 ppou:18055 ttm ok 424528
SUCCESS [5778] [2023-10-21 13:21:05] carreau:N2291200E3910400 1 ancres 540.6k@260.5p/s demandees, 530.7k@255.7p/s retenues
INFO [5778] [2023-10-21 13:21:06] dodgr_ttm called, TRUE, 4x37
INFO [5775] [2023-10-21 13:22:06] paquet:N2265600E3955200 ppou:5620 ttm ok 2596693
INFO [5775] [2023-10-21 13:22:08] dodgr_ttm called, FALSE, 27x113131
INFO [5778] [2023-10-21 13:22:42] dodgr_ttm called, FALSE, 4x113533
INFO [5776] [2023-10-21 13:24:08] paquet:N2278400E3913600 ppou:12827 ttm ok 8877201
INFO [5776] [2023-10-21 13:24:12] dodgr_ttm called, FALSE, 25x109548
INFO [5777] [2023-10-21 13:34:10] paquet:N2236800E3961600 ppou:8 ttm ok 646935
INFO [5777] [2023-10-21 13:34:11] dodgr_ttm called, FALSE, 2x92438
INFO [5776] [2023-10-21 13:39:58] paquet:N2278400E3913600 ppou:12832 ttm ok 2736023
INFO [5776] [2023-10-21 13:39:59] dodgr_ttm called, FALSE, 26x109671
INFO [5778] [2023-10-21 13:41:08] dodgr_ttm called, FALSE, 8x111528
INFO [5775] [2023-10-21 13:41:29] paquet:N2265600E3955200 ppou:5820 ttm ok 3050808
INFO [5775] [2023-10-21 13:41:30] dodgr_ttm called, FALSE, 93x113079
INFO [5777] [2023-10-21 13:49:45] paquet:N2236800E3961600 ppou:15 ttm ok 184876
INFO [5777] [2023-10-21 13:49:45] dodgr_ttm called, FALSE, 5x92587
INFO [5778] [2023-10-21 13:56:00] paquet:N2291200E3916800 ppou:18143 ttm ok 890939
INFO [5778] [2023-10-21 13:56:01] dodgr_ttm called, FALSE, 6x111414
INFO [5776] [2023-10-21 13:57:49] paquet:N2278400E3913600 ppou:13203 ttm ok 2846680
INFO [5776] [2023-10-21 13:57:51] dodgr_ttm called, FALSE, 47x109940
