SUCCESS [2023-10-25 11:48:02] Calcul accessibilite version 2
SUCCESS [2023-10-25 11:48:02] $type
SUCCESS [2023-10-25 11:48:02] [1] "dodgr"
SUCCESS [2023-10-25 11:48:02] 
SUCCESS [2023-10-25 11:48:02] $path
SUCCESS [2023-10-25 11:48:02] /space_mounts/data/marseille//dodgr/
SUCCESS [2023-10-25 11:48:02] FALSE
SUCCESS [2023-10-25 11:48:02] 
SUCCESS [2023-10-25 11:48:02] $pg
SUCCESS [2023-10-25 11:48:02] NULL
SUCCESS [2023-10-25 11:48:02] 
SUCCESS [2023-10-25 11:48:02] $distances
SUCCESS [2023-10-25 11:48:02] [1] TRUE
SUCCESS [2023-10-25 11:48:02] 
SUCCESS [2023-10-25 11:48:02] $denivele
SUCCESS [2023-10-25 11:48:02] [1] TRUE
SUCCESS [2023-10-25 11:48:02] 
SUCCESS [2023-10-25 11:48:02] $pkg
SUCCESS [2023-10-25 11:48:02] [1] "dodgr"
SUCCESS [2023-10-25 11:48:02] 
SUCCESS [2023-10-25 11:48:02] $turn_penalty
SUCCESS [2023-10-25 11:48:02] [1] TRUE
SUCCESS [2023-10-25 11:48:02] 
SUCCESS [2023-10-25 11:48:02] $graph_name
SUCCESS [2023-10-25 11:48:02] /space_mounts/data/marseille//dodgr//marseille.bicycle.dodgrnet
SUCCESS [2023-10-25 11:48:02] FALSE
SUCCESS [2023-10-25 11:48:02] 
SUCCESS [2023-10-25 11:48:02] $string
SUCCESS [2023-10-25 11:48:02] dodgr routing bicycle sur /space_mounts/data/marseille//dodgr/ a 2023-10-25 11:46:44.656921
SUCCESS [2023-10-25 11:48:02] FALSE
SUCCESS [2023-10-25 11:48:02] 
SUCCESS [2023-10-25 11:48:02] $departure_datetime
SUCCESS [2023-10-25 11:48:02] [1] "2019-12-17 08:00:00 UTC"
SUCCESS [2023-10-25 11:48:02] 
SUCCESS [2023-10-25 11:48:02] $mode
SUCCESS [2023-10-25 11:48:02] [1] "bicycle"
SUCCESS [2023-10-25 11:48:02] 
SUCCESS [2023-10-25 11:48:02] $n_threads
SUCCESS [2023-10-25 11:48:02] [1] 8
SUCCESS [2023-10-25 11:48:02] 
SUCCESS [2023-10-25 11:48:02] $future
SUCCESS [2023-10-25 11:48:02] [1] TRUE
SUCCESS [2023-10-25 11:48:02] 
SUCCESS [2023-10-25 11:48:02] $future_routing
SUCCESS [2023-10-25 11:48:02] function(routing) {
SUCCESS [2023-10-25 11:48:02]       rout <- routing
SUCCESS [2023-10-25 11:48:02]       rout$processed_graph <- NULL
SUCCESS [2023-10-25 11:48:02]       rout$elevation_data <- NULL
SUCCESS [2023-10-25 11:48:02]       return(rout)
SUCCESS [2023-10-25 11:48:02]     }
SUCCESS [2023-10-25 11:48:02] <environment: 0x55b508cfa398>
SUCCESS [2023-10-25 11:48:02] 
SUCCESS [2023-10-25 11:48:02] $core_init
SUCCESS [2023-10-25 11:48:02] function(routing){
SUCCESS [2023-10-25 11:48:02]       RcppParallel::setThreadOptions(numThreads = routing$n_threads)
SUCCESS [2023-10-25 11:48:02]       rout <- routing
SUCCESS [2023-10-25 11:48:02]       rout$pg <- load_streetnet(routing$graph_name)
SUCCESS [2023-10-25 11:48:02]       if("dz"%in% names(rout$pg$graph)) {
SUCCESS [2023-10-25 11:48:02]         rout$pg$graph$dzplus <-
SUCCESS [2023-10-25 11:48:02]           rout$pg$graph$dz * rout$pg$graph$d * (rout$pg$graph$dz >0)
SUCCESS [2023-10-25 11:48:02]         rout$pg$graph_compound$dzplus <- 
SUCCESS [2023-10-25 11:48:02]           rout$pg$graph_compound$dz * rout$pg$graph_compound$d * (rout$pg$graph_compound$dz >0)
SUCCESS [2023-10-25 11:48:02]         rout$pg$graph_compound$dzplus[is.na(rout$pg$graph_compound$dzplus)] <- 0
SUCCESS [2023-10-25 11:48:02]         }
SUCCESS [2023-10-25 11:48:02]       logger::log_info("router {graph_name} chargé")
SUCCESS [2023-10-25 11:48:02]       return(rout)
SUCCESS [2023-10-25 11:48:02]     }
SUCCESS [2023-10-25 11:48:02] <environment: 0x55b508cfa398>
SUCCESS [2023-10-25 11:48:02] 
SUCCESS [2023-10-25 11:48:02] 
SUCCESS [2023-10-25 11:48:02] tmax:120
SUCCESS [2023-10-25 11:48:02] pdt:1
SUCCESS [2023-10-25 11:48:02] chunk:20M
SUCCESS [2023-10-25 11:48:02] resolution:200
SUCCESS [2023-10-25 11:48:02] out:200
SUCCESS [2023-10-25 11:48:02] les variables sont emplois
SUCCESS [2023-10-25 11:48:03] taille:333.6M gr:17 res_gr:12800
SUCCESS [2023-10-25 11:48:03] 26k ou, 12.8k quoi
SUCCESS [2023-10-25 11:48:03] 33 carreaux, 8 subsampling
SUCCESS [2023-10-25 11:48:03] future:TRUE, 1 workers
INFO [5181] [2023-10-25 11:50:53] router /space_mounts/data/marseille//dodgr//marseille.bicycle.dodgrnet chargé
INFO [5181] [2023-10-25 11:50:59] dodgr_ttm called, TRUE, 7x21
