SUCCESS [2024-03-01 17:00:10] Calcul accessibilite version 2
SUCCESS [2024-03-01 17:00:10] $type
SUCCESS [2024-03-01 17:00:10] [1] "r5"
SUCCESS [2024-03-01 17:00:10] 
SUCCESS [2024-03-01 17:00:10] $path
SUCCESS [2024-03-01 17:00:10] ~/files/localr5/
SUCCESS [2024-03-01 17:00:10] FALSE
SUCCESS [2024-03-01 17:00:10] 
SUCCESS [2024-03-01 17:00:10] $string
SUCCESS [2024-03-01 17:00:10] r5 routing WALK&TRANSIT sur ~/files/localr5/ a 2024-03-01 16:56:23.325984
SUCCESS [2024-03-01 17:00:10] FALSE
SUCCESS [2024-03-01 17:00:10] 
SUCCESS [2024-03-01 17:00:10] $core
SUCCESS [2024-03-01 17:00:10] [1] "Java-Object{org.ipea.r5r.R5RCore@1649b0e6}"
SUCCESS [2024-03-01 17:00:10] 
SUCCESS [2024-03-01 17:00:10] $montecarlo
SUCCESS [2024-03-01 17:00:10] [1] 1
SUCCESS [2024-03-01 17:00:10] 
SUCCESS [2024-03-01 17:00:10] $time_window
SUCCESS [2024-03-01 17:00:10] [1] 60
SUCCESS [2024-03-01 17:00:10] 
SUCCESS [2024-03-01 17:00:10] $departure_datetime
SUCCESS [2024-03-01 17:00:10] [1] "2023-06-14 08:00:00 UTC"
SUCCESS [2024-03-01 17:00:10] 
SUCCESS [2024-03-01 17:00:10] $mode
SUCCESS [2024-03-01 17:00:10] [1] "WALK"    "TRANSIT"
SUCCESS [2024-03-01 17:00:10] 
SUCCESS [2024-03-01 17:00:10] $percentiles
SUCCESS [2024-03-01 17:00:10] [1] 0.05
SUCCESS [2024-03-01 17:00:10] 
SUCCESS [2024-03-01 17:00:10] $max_walk_time
SUCCESS [2024-03-01 17:00:10] [1] Inf
SUCCESS [2024-03-01 17:00:10] 
SUCCESS [2024-03-01 17:00:10] $walk_speed
SUCCESS [2024-03-01 17:00:10] [1] 5
SUCCESS [2024-03-01 17:00:10] 
SUCCESS [2024-03-01 17:00:10] $bike_speed
SUCCESS [2024-03-01 17:00:10] [1] 12
SUCCESS [2024-03-01 17:00:10] 
SUCCESS [2024-03-01 17:00:10] $max_rides
SUCCESS [2024-03-01 17:00:10] [1] 3
SUCCESS [2024-03-01 17:00:10] 
SUCCESS [2024-03-01 17:00:10] $max_lts
SUCCESS [2024-03-01 17:00:10] [1] 2
SUCCESS [2024-03-01 17:00:10] 
SUCCESS [2024-03-01 17:00:10] $elevation
SUCCESS [2024-03-01 17:00:10] [1] "NONE"
SUCCESS [2024-03-01 17:00:10] 
SUCCESS [2024-03-01 17:00:10] $elevation_tif
SUCCESS [2024-03-01 17:00:10] NULL
SUCCESS [2024-03-01 17:00:10] 
SUCCESS [2024-03-01 17:00:10] $pkg
SUCCESS [2024-03-01 17:00:10] [1] "r5r"   "rJava"
SUCCESS [2024-03-01 17:00:10] 
SUCCESS [2024-03-01 17:00:10] $dfMaxLength
SUCCESS [2024-03-01 17:00:10] [1] 10
SUCCESS [2024-03-01 17:00:10] 
SUCCESS [2024-03-01 17:00:10] $extended
SUCCESS [2024-03-01 17:00:10] [1] TRUE
SUCCESS [2024-03-01 17:00:10] 
SUCCESS [2024-03-01 17:00:10] $elevation_data
SUCCESS [2024-03-01 17:00:10] NULL
SUCCESS [2024-03-01 17:00:10] 
SUCCESS [2024-03-01 17:00:10] $max_rows
SUCCESS [2024-03-01 17:00:10] [1] 5000
SUCCESS [2024-03-01 17:00:10] 
SUCCESS [2024-03-01 17:00:10] $n_threads
SUCCESS [2024-03-01 17:00:10] [1] 16
SUCCESS [2024-03-01 17:00:10] 
SUCCESS [2024-03-01 17:00:10] $future
SUCCESS [2024-03-01 17:00:10] [1] TRUE
SUCCESS [2024-03-01 17:00:10] 
SUCCESS [2024-03-01 17:00:10] $jMem
SUCCESS [2024-03-01 17:00:10] [1] "12G"
SUCCESS [2024-03-01 17:00:10] 
SUCCESS [2024-03-01 17:00:10] $r5r_jar
SUCCESS [2024-03-01 17:00:10] [1] "/usr/local/lib/R/site-library/r5r/jar/r5r_0_6_0.jar"
SUCCESS [2024-03-01 17:00:10] 
SUCCESS [2024-03-01 17:00:10] $r5_jar
SUCCESS [2024-03-01 17:00:10] character(0)
SUCCESS [2024-03-01 17:00:10] 
SUCCESS [2024-03-01 17:00:10] $future_routing
SUCCESS [2024-03-01 17:00:10] function(routing) {
SUCCESS [2024-03-01 17:00:10]       rout <- routing
SUCCESS [2024-03-01 17:00:10]       rout$elevation_data <- NULL
SUCCESS [2024-03-01 17:00:10]       return(rout)}
SUCCESS [2024-03-01 17:00:10] <environment: 0x55bee8883778>
SUCCESS [2024-03-01 17:00:10] 
SUCCESS [2024-03-01 17:00:10] $core_init
SUCCESS [2024-03-01 17:00:10] function(routing){
SUCCESS [2024-03-01 17:00:10]       options(java.parameters = glue::glue('-Xmx{routing$jMem}'))
SUCCESS [2024-03-01 17:00:10]       rJava::.jinit(silent=TRUE)
SUCCESS [2024-03-01 17:00:10]       r5r::stop_r5()
SUCCESS [2024-03-01 17:00:10]       rJava::.jgc(R.gc = TRUE)
SUCCESS [2024-03-01 17:00:10]       options(r5r.montecarlo_draws = routing$montecarlo)
SUCCESS [2024-03-01 17:00:10]       core <- r5r::setup_r5(data_path = routing$path, verbose=FALSE,
SUCCESS [2024-03-01 17:00:10]                             elevation=routing$elevation)
SUCCESS [2024-03-01 17:00:10]       out <- routing
SUCCESS [2024-03-01 17:00:10]       out$core <- core
SUCCESS [2024-03-01 17:00:10]       if(!is.null(routing$elevation_tif))
SUCCESS [2024-03-01 17:00:10]         out$elevation_data <- terra::rast(str_c(routing$path, "/", routing$elevation_tif))
SUCCESS [2024-03-01 17:00:10]       return(out)
SUCCESS [2024-03-01 17:00:10]     }
SUCCESS [2024-03-01 17:00:10] <environment: 0x55bee8883778>
SUCCESS [2024-03-01 17:00:10] 
SUCCESS [2024-03-01 17:00:10] 
SUCCESS [2024-03-01 17:00:10] tmax:120
SUCCESS [2024-03-01 17:00:10] pdt:1
SUCCESS [2024-03-01 17:00:10] chunk:100k
SUCCESS [2024-03-01 17:00:10] resolution:200
SUCCESS [2024-03-01 17:00:10] out:200
SUCCESS [2024-03-01 17:00:10] les variables sont emp_resident
SUCCESS [2024-03-01 17:00:11] taille:623.2M gr:6.2k res_gr:800
SUCCESS [2024-03-01 17:00:11] 26k ou, 24.8k quoi
SUCCESS [2024-03-01 17:00:11] 3337 carreaux, 1 subsampling
SUCCESS [2024-03-01 17:00:11] future:FALSE, 2 workers
SUCCESS [2024-03-01 17:00:11] carreau:N2238400E3962400 dossier:/tmp/transit5
