SUCCESS [2023-10-22 16:59:29] Calcul accessibilite version 2
SUCCESS [2023-10-22 16:59:29] $type
SUCCESS [2023-10-22 16:59:29] [1] "dodgr"
SUCCESS [2023-10-22 16:59:29] 
SUCCESS [2023-10-22 16:59:29] $path
SUCCESS [2023-10-22 16:59:29] /space_mounts/data/marseille//dodgr/
SUCCESS [2023-10-22 16:59:29] FALSE
SUCCESS [2023-10-22 16:59:29] 
SUCCESS [2023-10-22 16:59:29] $graph
SUCCESS [2023-10-22 16:59:29] NULL
SUCCESS [2023-10-22 16:59:29] 
SUCCESS [2023-10-22 16:59:29] $vertices
SUCCESS [2023-10-22 16:59:29] NULL
SUCCESS [2023-10-22 16:59:29] 
SUCCESS [2023-10-22 16:59:29] $distances
SUCCESS [2023-10-22 16:59:29] [1] TRUE
SUCCESS [2023-10-22 16:59:29] 
SUCCESS [2023-10-22 16:59:29] $denivele
SUCCESS [2023-10-22 16:59:29] [1] FALSE
SUCCESS [2023-10-22 16:59:29] 
SUCCESS [2023-10-22 16:59:29] $pkg
SUCCESS [2023-10-22 16:59:29] [1] "dodgr"
SUCCESS [2023-10-22 16:59:29] 
SUCCESS [2023-10-22 16:59:29] $turn_penalty
SUCCESS [2023-10-22 16:59:29] [1] TRUE
SUCCESS [2023-10-22 16:59:29] 
SUCCESS [2023-10-22 16:59:29] $graph_name
SUCCESS [2023-10-22 16:59:29] /space_mounts/data/marseille//dodgr//marseille.motorcar.dodgrnet
SUCCESS [2023-10-22 16:59:29] FALSE
SUCCESS [2023-10-22 16:59:29] 
SUCCESS [2023-10-22 16:59:29] $string
SUCCESS [2023-10-22 16:59:29] dodgr routing motorcar sur /space_mounts/data/marseille//dodgr/ a 2023-10-22 16:58:48.595289
SUCCESS [2023-10-22 16:59:29] FALSE
SUCCESS [2023-10-22 16:59:29] 
SUCCESS [2023-10-22 16:59:29] $departure_datetime
SUCCESS [2023-10-22 16:59:29] [1] "2019-12-17 08:00:00 UTC"
SUCCESS [2023-10-22 16:59:29] 
SUCCESS [2023-10-22 16:59:29] $mode
SUCCESS [2023-10-22 16:59:29] [1] "motorcar"
SUCCESS [2023-10-22 16:59:29] 
SUCCESS [2023-10-22 16:59:29] $n_threads
SUCCESS [2023-10-22 16:59:29] [1] 8
SUCCESS [2023-10-22 16:59:29] 
SUCCESS [2023-10-22 16:59:29] $future
SUCCESS [2023-10-22 16:59:29] [1] TRUE
SUCCESS [2023-10-22 16:59:29] 
SUCCESS [2023-10-22 16:59:29] $future_routing
SUCCESS [2023-10-22 16:59:29] function (routing) 
SUCCESS [2023-10-22 16:59:29] {
SUCCESS [2023-10-22 16:59:29]     rout <- routing
SUCCESS [2023-10-22 16:59:29]     rout$graph <- NULL
SUCCESS [2023-10-22 16:59:29]     rout$vertices <- NULL
SUCCESS [2023-10-22 16:59:29]     rout$elevation_data <- NULL
SUCCESS [2023-10-22 16:59:29]     return(rout)
SUCCESS [2023-10-22 16:59:29] }
SUCCESS [2023-10-22 16:59:29] <bytecode: 0x55e859bdc0d8>
SUCCESS [2023-10-22 16:59:29] <environment: 0x55e864532b80>
SUCCESS [2023-10-22 16:59:29] 
SUCCESS [2023-10-22 16:59:29] $core_init
SUCCESS [2023-10-22 16:59:29] function (routing) 
SUCCESS [2023-10-22 16:59:29] {
SUCCESS [2023-10-22 16:59:29]     RcppParallel::setThreadOptions(numThreads = routing$n_threads)
SUCCESS [2023-10-22 16:59:29]     rout <- routing
SUCCESS [2023-10-22 16:59:29]     net <- dgr_load_streetnet(routing$graph_name)
SUCCESS [2023-10-22 16:59:29]     rout$graph <- net$graph
SUCCESS [2023-10-22 16:59:29]     rout$vertices <- net$verts_c
SUCCESS [2023-10-22 16:59:29]     if ("dz" %in% names(rout$graph)) 
SUCCESS [2023-10-22 16:59:29]         rout$graph$dzplus <- rout$graph$dz * (rout$graph$dz > 
SUCCESS [2023-10-22 16:59:29]             0)
SUCCESS [2023-10-22 16:59:29]     logger::log_info("router {graph_name} chargé")
SUCCESS [2023-10-22 16:59:29]     return(rout)
SUCCESS [2023-10-22 16:59:29] }
SUCCESS [2023-10-22 16:59:29] <bytecode: 0x55e859bdcd18>
SUCCESS [2023-10-22 16:59:29] <environment: 0x55e864532b80>
SUCCESS [2023-10-22 16:59:29] 
SUCCESS [2023-10-22 16:59:29] 
SUCCESS [2023-10-22 16:59:29] tmax:120
SUCCESS [2023-10-22 16:59:29] pdt:1
SUCCESS [2023-10-22 16:59:30] chunk:20M
SUCCESS [2023-10-22 16:59:30] resolution:200
SUCCESS [2023-10-22 16:59:30] out:200
SUCCESS [2023-10-22 16:59:30] les variables sont emplois
SUCCESS [2023-10-22 16:59:30] taille:333.6M gr:17 res_gr:12800
SUCCESS [2023-10-22 16:59:30] 26k ou, 12.8k quoi
SUCCESS [2023-10-22 16:59:30] 33 carreaux, 8 subsampling
SUCCESS [2023-10-22 16:59:30] future:TRUE, 12 workers
INFO [1275] [2023-10-22 17:02:06] router /space_mounts/data/marseille//dodgr//marseille.motorcar.dodgrnet chargé
INFO [1278] [2023-10-22 17:02:07] router /space_mounts/data/marseille//dodgr//marseille.motorcar.dodgrnet chargé
INFO [1282] [2023-10-22 17:02:07] router /space_mounts/data/marseille//dodgr//marseille.motorcar.dodgrnet chargé
INFO [1277] [2023-10-22 17:02:08] router /space_mounts/data/marseille//dodgr//marseille.motorcar.dodgrnet chargé
INFO [1275] [2023-10-22 17:02:08] dodgr_ttm called, TRUE, 7x21
INFO [1278] [2023-10-22 17:02:08] dodgr_ttm called, TRUE, 8x637
INFO [1282] [2023-10-22 17:02:08] dodgr_ttm called, TRUE, 8x1890
INFO [1277] [2023-10-22 17:02:09] dodgr_ttm called, TRUE, 8x768
INFO [1286] [2023-10-22 17:02:10] router /space_mounts/data/marseille//dodgr//marseille.motorcar.dodgrnet chargé
INFO [1285] [2023-10-22 17:02:10] router /space_mounts/data/marseille//dodgr//marseille.motorcar.dodgrnet chargé
INFO [1280] [2023-10-22 17:02:11] router /space_mounts/data/marseille//dodgr//marseille.motorcar.dodgrnet chargé
INFO [1281] [2023-10-22 17:02:11] router /space_mounts/data/marseille//dodgr//marseille.motorcar.dodgrnet chargé
INFO [1283] [2023-10-22 17:02:11] router /space_mounts/data/marseille//dodgr//marseille.motorcar.dodgrnet chargé
INFO [1285] [2023-10-22 17:02:11] dodgr_ttm called, TRUE, 8x107
INFO [1286] [2023-10-22 17:02:11] dodgr_ttm called, TRUE, 8x573
INFO [1280] [2023-10-22 17:02:12] dodgr_ttm called, TRUE, 8x160
INFO [1281] [2023-10-22 17:02:12] dodgr_ttm called, TRUE, 8x500
INFO [1283] [2023-10-22 17:02:13] dodgr_ttm called, TRUE, 8x1203
INFO [1284] [2023-10-22 17:02:13] router /space_mounts/data/marseille//dodgr//marseille.motorcar.dodgrnet chargé
INFO [1276] [2023-10-22 17:02:14] router /space_mounts/data/marseille//dodgr//marseille.motorcar.dodgrnet chargé
INFO [1284] [2023-10-22 17:02:15] dodgr_ttm called, TRUE, 8x1710
INFO [1276] [2023-10-22 17:02:16] dodgr_ttm called, TRUE, 8x1157
INFO [1275] [2023-10-22 17:03:22] dodgr_ttm called, FALSE, 7x12829
INFO [1278] [2023-10-22 17:03:23] dodgr_ttm called, FALSE, 8x12829
INFO [1282] [2023-10-22 17:03:24] dodgr_ttm called, FALSE, 8x12829
INFO [1277] [2023-10-22 17:03:26] dodgr_ttm called, FALSE, 8x12829
INFO [1286] [2023-10-22 17:03:27] dodgr_ttm called, FALSE, 8x12829
INFO [1285] [2023-10-22 17:03:28] dodgr_ttm called, FALSE, 8x12829
INFO [1280] [2023-10-22 17:03:28] dodgr_ttm called, FALSE, 8x12829
INFO [1283] [2023-10-22 17:03:28] dodgr_ttm called, FALSE, 8x12829
INFO [1281] [2023-10-22 17:03:30] dodgr_ttm called, FALSE, 8x12829
INFO [1284] [2023-10-22 17:03:32] dodgr_ttm called, FALSE, 8x12829
INFO [1276] [2023-10-22 17:03:32] dodgr_ttm called, FALSE, 8x12829
INFO [1278] [2023-10-22 17:05:48] dodgr_ttm called, FALSE, 13x12719
INFO [1275] [2023-10-22 17:05:52] dodgr_ttm called, FALSE, 2x12719
INFO [1277] [2023-10-22 17:05:55] dodgr_ttm called, FALSE, 129x12719
INFO [1283] [2023-10-22 17:05:56] dodgr_ttm called, FALSE, 80x12719
INFO [1282] [2023-10-22 17:05:58] dodgr_ttm called, FALSE, 112x12719
INFO [1286] [2023-10-22 17:05:59] dodgr_ttm called, FALSE, 52x12719
INFO [1276] [2023-10-22 17:06:00] dodgr_ttm called, FALSE, 104x12719
INFO [1280] [2023-10-22 17:06:01] dodgr_ttm called, FALSE, 16x12719
INFO [1285] [2023-10-22 17:06:02] dodgr_ttm called, FALSE, 43x12719
INFO [1281] [2023-10-22 17:06:03] dodgr_ttm called, FALSE, 83x12719
INFO [1284] [2023-10-22 17:06:07] dodgr_ttm called, FALSE, 47x12719
INFO [1278] [2023-10-22 17:08:19] paquet:N2265600E3916800 ppou:8471 ttm ok 165347
INFO [1278] [2023-10-22 17:08:19] dodgr_ttm called, FALSE, 150x12719
INFO [1275] [2023-10-22 17:08:20] paquet:N2227200E3955200 ppou:2 ttm ok 25438
INFO [1275] [2023-10-22 17:08:20] dodgr_ttm called, FALSE, 5x12719
INFO [1280] [2023-10-22 17:08:48] paquet:N2278400E3968000 ppou:15487 ttm ok 203504
INFO [1280] [2023-10-22 17:08:48] dodgr_ttm called, FALSE, 15x12719
INFO [1285] [2023-10-22 17:08:54] paquet:N2291200E3968000 ppou:21431 ttm ok 546917
INFO [1285] [2023-10-22 17:08:54] dodgr_ttm called, FALSE, 7x12719
INFO [1286] [2023-10-22 17:08:57] paquet:N2252800E3916800 ppou:5492 ttm ok 661388
INFO [1286] [2023-10-22 17:08:57] dodgr_ttm called, FALSE, 124x12719
INFO [1283] [2023-10-22 17:09:02] paquet:N2291200E3929600 ppou:21862 ttm ok 1017520
INFO [1283] [2023-10-22 17:09:02] dodgr_ttm called, FALSE, 167x12719
INFO [1276] [2023-10-22 17:09:09] paquet:N2278400E3929600 ppou:17305 ttm ok 1322776
INFO [1276] [2023-10-22 17:09:10] dodgr_ttm called, FALSE, 572x12719
INFO [1284] [2023-10-22 17:09:11] paquet:N2265600E3955200 ppou:9004 ttm ok 597793
INFO [1284] [2023-10-22 17:09:11] dodgr_ttm called, FALSE, 156x12719
INFO [1282] [2023-10-22 17:09:13] paquet:N2252800E3955200 ppou:3435 ttm ok 1411810
INFO [1282] [2023-10-22 17:09:13] dodgr_ttm called, FALSE, 234x12719
INFO [1281] [2023-10-22 17:09:26] paquet:N2265600E3904000 ppou:10428 ttm ok 1055677
INFO [1281] [2023-10-22 17:09:26] dodgr_ttm called, FALSE, 81x12719
INFO [1277] [2023-10-22 17:09:33] paquet:N2240000E3942400 ppou:916 ttm ok 1640751
INFO [1277] [2023-10-22 17:09:33] dodgr_ttm called, FALSE, 116x12719
INFO [1275] [2023-10-22 17:10:50] paquet:N2227200E3955200 ppou:5 ttm ok 63595
INFO [1275] [2023-10-22 17:10:50] dodgr_ttm called, FALSE, 4x12719
INFO [1280] [2023-10-22 17:11:31] paquet:N2278400E3968000 ppou:15607 ttm ok 190785
INFO [1280] [2023-10-22 17:11:32] dodgr_ttm called, FALSE, 15x12719
INFO [1285] [2023-10-22 17:11:36] paquet:N2291200E3968000 ppou:21599 ttm ok 89033
INFO [1285] [2023-10-22 17:11:36] dodgr_ttm called, FALSE, 3x12719
INFO [1278] [2023-10-22 17:11:51] paquet:N2265600E3916800 ppou:8940 ttm ok 1907850
INFO [1278] [2023-10-22 17:11:51] dodgr_ttm called, FALSE, 95x12719
INFO [1286] [2023-10-22 17:12:27] paquet:N2252800E3916800 ppou:5761 ttm ok 1577156
INFO [1286] [2023-10-22 17:12:27] dodgr_ttm called, FALSE, 21x12719
INFO [1284] [2023-10-22 17:12:53] paquet:N2265600E3955200 ppou:9526 ttm ok 1984164
INFO [1284] [2023-10-22 17:12:53] dodgr_ttm called, FALSE, 263x12719
INFO [1281] [2023-10-22 17:12:55] paquet:N2265600E3904000 ppou:10776 ttm ok 1030239
INFO [1281] [2023-10-22 17:12:55] dodgr_ttm called, FALSE, 48x12719
INFO [1283] [2023-10-22 17:12:56] paquet:N2291200E3929600 ppou:22369 ttm ok 2124073
INFO [1283] [2023-10-22 17:12:56] dodgr_ttm called, FALSE, 119x12719
INFO [1277] [2023-10-22 17:13:08] paquet:N2240000E3942400 ppou:1372 ttm ok 1475404
INFO [1277] [2023-10-22 17:13:08] dodgr_ttm called, FALSE, 126x12719
INFO [1275] [2023-10-22 17:13:20] paquet:N2227200E3955200 ppou:8 ttm ok 50876
INFO [1275] [2023-10-22 17:13:20] dodgr_ttm called, FALSE, 2x12719
INFO [1282] [2023-10-22 17:13:32] paquet:N2252800E3955200 ppou:3438 ttm ok 2976246
INFO [1282] [2023-10-22 17:13:33] dodgr_ttm called, FALSE, 328x12719
INFO [1280] [2023-10-22 17:14:14] paquet:N2278400E3968000 ppou:17147 ttm ok 190785
INFO [1280] [2023-10-22 17:14:14] dodgr_ttm called, FALSE, 20x12719
INFO [1285] [2023-10-22 17:14:15] paquet:N2291200E3968000 ppou:21696 ttm ok 38157
INFO [1285] [2023-10-22 17:14:15] dodgr_ttm called, FALSE, 8x12719
INFO [1278] [2023-10-22 17:15:05] paquet:N2265600E3916800 ppou:9435 ttm ok 1208305
INFO [1278] [2023-10-22 17:15:05] dodgr_ttm called, FALSE, 32x12719
INFO [1286] [2023-10-22 17:15:13] paquet:N2252800E3916800 ppou:5889 ttm ok 267099
INFO [1286] [2023-10-22 17:15:13] dodgr_ttm called, FALSE, 1x12719
INFO [1276] [2023-10-22 17:15:43] paquet:N2278400E3929600 ppou:17464 ttm ok 7275268
INFO [1276] [2023-10-22 17:15:44] dodgr_ttm called, FALSE, 120x12719
INFO [1281] [2023-10-22 17:15:47] paquet:N2265600E3904000 ppou:11345 ttm ok 610512
INFO [1281] [2023-10-22 17:15:47] dodgr_ttm called, FALSE, 19x12719
INFO [1275] [2023-10-22 17:15:54] paquet:N2227200E3955200 ppou:15 ttm ok 25438
INFO [1275] [2023-10-22 17:15:54] dodgr_ttm called, FALSE, 6x12719
INFO [1283] [2023-10-22 17:16:17] paquet:N2291200E3929600 ppou:22388 ttm ok 1513561
INFO [1283] [2023-10-22 17:16:17] dodgr_ttm called, FALSE, 155x12719
INFO [1277] [2023-10-22 17:16:40] paquet:N2240000E3942400 ppou:1377 ttm ok 1602594
INFO [1277] [2023-10-22 17:16:40] dodgr_ttm called, FALSE, 170x12719
INFO [1280] [2023-10-22 17:17:00] paquet:N2278400E3968000 ppou:20257 ttm ok 254380
INFO [1280] [2023-10-22 17:17:00] dodgr_ttm called, FALSE, 53x12719
INFO [1285] [2023-10-22 17:17:01] paquet:N2291200E3968000 ppou:21918 ttm ok 101752
INFO [1285] [2023-10-22 17:17:01] dodgr_ttm called, FALSE, 4x12719
INFO [1284] [2023-10-22 17:17:14] paquet:N2265600E3955200 ppou:9926 ttm ok 3345097
INFO [1284] [2023-10-22 17:17:15] dodgr_ttm called, FALSE, 401x12719
INFO [1278] [2023-10-22 17:17:40] paquet:N2265600E3916800 ppou:9829 ttm ok 407008
INFO [1278] [2023-10-22 17:17:40] dodgr_ttm called, FALSE, 69x12719
INFO [1286] [2023-10-22 17:17:43] paquet:N2252800E3916800 ppou:6109 ttm ok 12719
INFO [1286] [2023-10-22 17:17:43] dodgr_ttm called, FALSE, 48x12719
INFO [1282] [2023-10-22 17:18:13] paquet:N2252800E3955200 ppou:4230 ttm ok 4171832
INFO [1282] [2023-10-22 17:18:13] dodgr_ttm called, FALSE, 42x12719
INFO [1281] [2023-10-22 17:18:25] paquet:N2265600E3904000 ppou:11355 ttm ok 241661
INFO [1281] [2023-10-22 17:18:25] dodgr_ttm called, FALSE, 103x12719
INFO [1275] [2023-10-22 17:18:26] paquet:N2227200E3955200 ppou:27 ttm ok 76314
INFO [1275] [2023-10-22 17:18:26] dodgr_ttm called, FALSE, 1x12719
INFO [1276] [2023-10-22 17:19:04] paquet:N2278400E3929600 ppou:17839 ttm ok 1526280
INFO [1276] [2023-10-22 17:19:04] dodgr_ttm called, FALSE, 39x12719
INFO [1285] [2023-10-22 17:19:43] paquet:N2291200E3968000 ppou:22319 ttm ok 50876
INFO [1285] [2023-10-22 17:19:43] dodgr_ttm called, FALSE, 22x12719
INFO [1280] [2023-10-22 17:19:54] paquet:N2278400E3968000 ppou:20411 ttm ok 674107
INFO [1280] [2023-10-22 17:19:54] dodgr_ttm called, FALSE, 17x12719
INFO [1283] [2023-10-22 17:20:08] paquet:N2291200E3929600 ppou:22869 ttm ok 1971445
INFO [1283] [2023-10-22 17:20:08] dodgr_ttm called, FALSE, 95x12719
INFO [1286] [2023-10-22 17:20:38] paquet:N2252800E3916800 ppou:7449 ttm ok 610512
INFO [1286] [2023-10-22 17:20:38] dodgr_ttm called, FALSE, 76x12719
INFO [1277] [2023-10-22 17:20:43] paquet:N2240000E3942400 ppou:1596 ttm ok 2149499
INFO [1277] [2023-10-22 17:20:43] dodgr_ttm called, FALSE, 100x12719
INFO [1275] [2023-10-22 17:20:54] paquet:N2227200E3955200 ppou:28 ttm ok 12719
SUCCESS [1275] [2023-10-22 17:20:55] carreau:N2227200E3955200 6 ancres 344.2k@305.5p/s demandees, 343.4k@304.9p/s retenues
INFO [1278] [2023-10-22 17:20:55] paquet:N2265600E3916800 ppou:10276 ttm ok 877611
INFO [1278] [2023-10-22 17:20:55] dodgr_ttm called, FALSE, 193x12719
INFO [1275] [2023-10-22 17:20:57] dodgr_ttm called, TRUE, 8x1333
INFO [1282] [2023-10-22 17:21:00] paquet:N2252800E3955200 ppou:4286 ttm ok 534198
INFO [1282] [2023-10-22 17:21:01] dodgr_ttm called, FALSE, 459x12719
INFO [1281] [2023-10-22 17:21:43] paquet:N2265600E3904000 ppou:13259 ttm ok 1310057
INFO [1281] [2023-10-22 17:21:43] dodgr_ttm called, FALSE, 59x12719
INFO [1275] [2023-10-22 17:22:05] dodgr_ttm called, FALSE, 8x12829
INFO [1284] [2023-10-22 17:22:19] paquet:N2265600E3955200 ppou:10853 ttm ok 5100319
INFO [1284] [2023-10-22 17:22:20] dodgr_ttm called, FALSE, 235x12719
INFO [1276] [2023-10-22 17:22:21] paquet:N2278400E3929600 ppou:18372 ttm ok 496041
INFO [1276] [2023-10-22 17:22:21] dodgr_ttm called, FALSE, 100x12719
INFO [1285] [2023-10-22 17:22:25] paquet:N2291200E3968000 ppou:23018 ttm ok 279818
INFO [1285] [2023-10-22 17:22:25] dodgr_ttm called, FALSE, 18x12719
INFO [1280] [2023-10-22 17:22:26] paquet:N2278400E3968000 ppou:20418 ttm ok 216223
INFO [1280] [2023-10-22 17:22:26] dodgr_ttm called, FALSE, 12x12719
INFO [1283] [2023-10-22 17:23:25] paquet:N2291200E3929600 ppou:23568 ttm ok 1182867
INFO [1283] [2023-10-22 17:23:25] dodgr_ttm called, FALSE, 94x12719
INFO [1286] [2023-10-22 17:24:08] paquet:N2252800E3916800 ppou:7453 ttm ok 966644
INFO [1286] [2023-10-22 17:24:08] dodgr_ttm called, FALSE, 174x12719
INFO [1277] [2023-10-22 17:24:09] paquet:N2240000E3942400 ppou:1740 ttm ok 1259182
INFO [1277] [2023-10-22 17:24:10] dodgr_ttm called, FALSE, 29x12719
INFO [1275] [2023-10-22 17:24:42] dodgr_ttm called, FALSE, 91x12719
INFO [1281] [2023-10-22 17:24:44] paquet:N2265600E3904000 ppou:14026 ttm ok 750421
INFO [1281] [2023-10-22 17:24:44] dodgr_ttm called, FALSE, 88x12719
INFO [1280] [2023-10-22 17:24:54] paquet:N2278400E3968000 ppou:20644 ttm ok 152628
INFO [1280] [2023-10-22 17:24:54] dodgr_ttm called, FALSE, 10x12719
INFO [1278] [2023-10-22 17:25:03] paquet:N2265600E3916800 ppou:12294 ttm ok 2454767
INFO [1278] [2023-10-22 17:25:03] dodgr_ttm called, FALSE, 7x12719
INFO [1285] [2023-10-22 17:25:08] paquet:N2291200E3968000 ppou:23699 ttm ok 228942
SUCCESS [1285] [2023-10-22 17:25:09] carreau:N2291200E3968000 7 ancres 1.4M@1kp/s demandees, 1.4M@1kp/s retenues
INFO [1285] [2023-10-22 17:25:12] dodgr_ttm called, TRUE, 8x313
INFO [1276] [2023-10-22 17:25:59] paquet:N2278400E3929600 ppou:18375 ttm ok 1271900
INFO [1276] [2023-10-22 17:25:59] dodgr_ttm called, FALSE, 59x12719
INFO [1282] [2023-10-22 17:26:17] paquet:N2252800E3955200 ppou:4610 ttm ok 5838021
INFO [1282] [2023-10-22 17:26:17] dodgr_ttm called, FALSE, 326x12719
INFO [1285] [2023-10-22 17:26:22] dodgr_ttm called, FALSE, 8x12829
INFO [1284] [2023-10-22 17:26:27] paquet:N2265600E3955200 ppou:11463 ttm ok 2988965
INFO [1284] [2023-10-22 17:26:27] dodgr_ttm called, FALSE, 97x12719
INFO [1283] [2023-10-22 17:26:48] paquet:N2291200E3929600 ppou:24044 ttm ok 1195586
INFO [1283] [2023-10-22 17:26:48] dodgr_ttm called, FALSE, 310x12719
INFO [1277] [2023-10-22 17:27:02] paquet:N2240000E3942400 ppou:2196 ttm ok 368851
INFO [1277] [2023-10-22 17:27:02] dodgr_ttm called, FALSE, 93x12719
INFO [1280] [2023-10-22 17:27:42] paquet:N2278400E3968000 ppou:21234 ttm ok 127190
SUCCESS [1280] [2023-10-22 17:27:43] carreau:N2278400E3968000 8 ancres 2.1M@1.4kp/s demandees, 2.1M@1.4kp/s retenues
INFO [1280] [2023-10-22 17:27:47] dodgr_ttm called, TRUE, 8x47
INFO [1275] [2023-10-22 17:27:51] paquet:N2240000E3955200 ppou:99 ttm ok 1157429
INFO [1275] [2023-10-22 17:27:51] dodgr_ttm called, FALSE, 224x12719
INFO [1281] [2023-10-22 17:27:55] paquet:N2265600E3904000 ppou:14787 ttm ok 1119272
INFO [1281] [2023-10-22 17:27:55] dodgr_ttm called, FALSE, 19x12719
INFO [1278] [2023-10-22 17:27:58] paquet:N2265600E3916800 ppou:13955 ttm ok 89033
INFO [1278] [2023-10-22 17:27:58] dodgr_ttm called, FALSE, 76x12719
INFO [1286] [2023-10-22 17:28:24] paquet:N2252800E3916800 ppou:7620 ttm ok 2213106
INFO [1286] [2023-10-22 17:28:24] dodgr_ttm called, FALSE, 75x12719
INFO [1280] [2023-10-22 17:28:55] dodgr_ttm called, FALSE, 8x12819
INFO [1285] [2023-10-22 17:29:06] dodgr_ttm called, FALSE, 62x12719
INFO [1276] [2023-10-22 17:29:16] paquet:N2278400E3929600 ppou:18512 ttm ok 750421
INFO [1276] [2023-10-22 17:29:16] dodgr_ttm called, FALSE, 28x12719
INFO [1284] [2023-10-22 17:30:05] paquet:N2265600E3955200 ppou:11616 ttm ok 1233743
INFO [1284] [2023-10-22 17:30:06] dodgr_ttm called, FALSE, 265x12719
INFO [1277] [2023-10-22 17:30:26] paquet:N2240000E3942400 ppou:2198 ttm ok 1182867
SUCCESS [1277] [2023-10-22 17:30:28] carreau:N2240000E3942400 7 ancres 9.8M@5.8kp/s demandees, 9.8M@5.8kp/s retenues
INFO [1281] [2023-10-22 17:30:31] paquet:N2265600E3904000 ppou:14869 ttm ok 241661
SUCCESS [1281] [2023-10-22 17:30:32] carreau:N2265600E3904000 8 ancres 6.5M@3.8kp/s demandees, 6.5M@3.8kp/s retenues
INFO [1277] [2023-10-22 17:30:34] dodgr_ttm called, TRUE, 2x9
INFO [1281] [2023-10-22 17:30:36] dodgr_ttm called, TRUE, 8x554
INFO [1282] [2023-10-22 17:30:51] paquet:N2252800E3955200 ppou:6404 ttm ok 4146394
INFO [1282] [2023-10-22 17:30:52] dodgr_ttm called, FALSE, 140x12719
INFO [1278] [2023-10-22 17:31:12] paquet:N2265600E3916800 ppou:14232 ttm ok 966644
SUCCESS [1278] [2023-10-22 17:31:14] carreau:N2265600E3916800 8 ancres 8.2M@4.7kp/s demandees, 8.2M@4.7kp/s retenues
INFO [1278] [2023-10-22 17:31:19] dodgr_ttm called, TRUE, 8x1306
INFO [1280] [2023-10-22 17:31:29] dodgr_ttm called, FALSE, 3x12719
INFO [1286] [2023-10-22 17:31:34] paquet:N2252800E3916800 ppou:8134 ttm ok 953925
SUCCESS [1286] [2023-10-22 17:31:36] carreau:N2252800E3916800 8 ancres 7.4M@4.2kp/s demandees, 7.4M@4.2kp/s retenues
INFO [1281] [2023-10-22 17:31:38] dodgr_ttm called, FALSE, 8x12829
INFO [1286] [2023-10-22 17:31:40] dodgr_ttm called, TRUE, 1x6
INFO [1277] [2023-10-22 17:31:41] dodgr_ttm called, FALSE, 2x12829
INFO [1283] [2023-10-22 17:31:56] paquet:N2291200E3929600 ppou:25209 ttm ok 3942890
INFO [1283] [2023-10-22 17:31:57] dodgr_ttm called, FALSE, 148x12719
INFO [1275] [2023-10-22 17:32:01] paquet:N2240000E3955200 ppou:108 ttm ok 2849056
INFO [1275] [2023-10-22 17:32:01] dodgr_ttm called, FALSE, 282x12719
INFO [1276] [2023-10-22 17:32:06] paquet:N2278400E3929600 ppou:19430 ttm ok 356132
INFO [1276] [2023-10-22 17:32:06] dodgr_ttm called, FALSE, 131x12719
INFO [1285] [2023-10-22 17:32:13] paquet:N2304000E3916800 ppou:25723 ttm ok 788578
INFO [1285] [2023-10-22 17:32:13] dodgr_ttm called, FALSE, 19x12719
INFO [1278] [2023-10-22 17:32:30] dodgr_ttm called, FALSE, 8x12829
INFO [1286] [2023-10-22 17:32:45] dodgr_ttm called, FALSE, 1x12829
INFO [1280] [2023-10-22 17:33:55] paquet:N2291200E3904000 ppou:22619 ttm ok 38157
INFO [1280] [2023-10-22 17:33:55] dodgr_ttm called, FALSE, 2x12719
INFO [1281] [2023-10-22 17:34:02] dodgr_ttm called, FALSE, 65x12719
INFO [1277] [2023-10-22 17:34:17] dodgr_ttm called, FALSE, 7x12719
INFO [1282] [2023-10-22 17:34:18] paquet:N2252800E3955200 ppou:6697 ttm ok 1780660
INFO [1282] [2023-10-22 17:34:18] dodgr_ttm called, FALSE, 231x12719
INFO [1284] [2023-10-22 17:34:55] paquet:N2265600E3955200 ppou:13564 ttm ok 3370535
INFO [1284] [2023-10-22 17:34:55] dodgr_ttm called, FALSE, 220x12719
INFO [1285] [2023-10-22 17:34:59] paquet:N2304000E3916800 ppou:25726 ttm ok 241661
INFO [1285] [2023-10-22 17:34:59] dodgr_ttm called, FALSE, 70x12719
INFO [1278] [2023-10-22 17:35:05] dodgr_ttm called, FALSE, 157x12719
INFO [1286] [2023-10-22 17:35:26] dodgr_ttm called, FALSE, 6x12719
INFO [1283] [2023-10-22 17:35:33] paquet:N2291200E3929600 ppou:25400 ttm ok 1882412
SUCCESS [1283] [2023-10-22 17:35:37] carreau:N2291200E3929600 8 ancres 14.9M@7.5kp/s demandees, 14.9M@7.5kp/s retenues
INFO [1276] [2023-10-22 17:35:42] paquet:N2278400E3929600 ppou:21105 ttm ok 1666189
INFO [1283] [2023-10-22 17:35:44] dodgr_ttm called, TRUE, 8x790
SUCCESS [1276] [2023-10-22 17:35:49] carreau:N2278400E3929600 8 ancres 14.8M@7.3kp/s demandees, 14.8M@7.3kp/s retenues
INFO [1276] [2023-10-22 17:35:57] dodgr_ttm called, TRUE, 8x2310
INFO [1280] [2023-10-22 17:36:25] paquet:N2291200E3904000 ppou:22811 ttm ok 25438
INFO [1280] [2023-10-22 17:36:25] dodgr_ttm called, FALSE, 3x12719
INFO [1275] [2023-10-22 17:36:31] paquet:N2240000E3955200 ppou:463 ttm ok 3586758
INFO [1275] [2023-10-22 17:36:31] dodgr_ttm called, FALSE, 143x12719
INFO [1277] [2023-10-22 17:36:53] paquet:N2240000E3929600 ppou:741 ttm ok 89033
INFO [1277] [2023-10-22 17:36:53] dodgr_ttm called, FALSE, 2x12719
INFO [1281] [2023-10-22 17:37:02] paquet:N2278400E3904000 ppou:15398 ttm ok 826735
INFO [1281] [2023-10-22 17:37:02] dodgr_ttm called, FALSE, 7x12719
INFO [1283] [2023-10-22 17:37:06] dodgr_ttm called, FALSE, 8x12829
INFO [1276] [2023-10-22 17:37:12] dodgr_ttm called, FALSE, 8x12829
INFO [1285] [2023-10-22 17:38:00] paquet:N2304000E3916800 ppou:25739 ttm ok 890330
INFO [1285] [2023-10-22 17:38:00] dodgr_ttm called, FALSE, 8x12719
INFO [1286] [2023-10-22 17:38:06] paquet:N2252800E3904000 ppou:7865 ttm ok 76214
SUCCESS [1286] [2023-10-22 17:38:06] carreau:N2252800E3904000 1 ancres 89.1k@230.5p/s demandees, 88.9k@230p/s retenues
INFO [1286] [2023-10-22 17:38:08] dodgr_ttm called, FALSE, 1x12819
INFO [1282] [2023-10-22 17:38:14] paquet:N2252800E3955200 ppou:8022 ttm ok 2938089
SUCCESS [1282] [2023-10-22 17:38:22] carreau:N2252800E3955200 8 ancres 23.9M@11kp/s demandees, 23.9M@11kp/s retenues
INFO [1282] [2023-10-22 17:38:33] dodgr_ttm called, TRUE, 8x465
INFO [1280] [2023-10-22 17:38:52] paquet:N2291200E3904000 ppou:22812 ttm ok 38157
INFO [1280] [2023-10-22 17:38:52] dodgr_ttm called, FALSE, 4x12719
INFO [1278] [2023-10-22 17:38:57] paquet:N2265600E3929600 ppou:8501 ttm ok 1996883
INFO [1278] [2023-10-22 17:38:57] dodgr_ttm called, FALSE, 134x12719
INFO [1284] [2023-10-22 17:39:05] paquet:N2265600E3955200 ppou:15021 ttm ok 2785461
SUCCESS [1284] [2023-10-22 17:39:11] carreau:N2265600E3955200 8 ancres 21.5M@9.7kp/s demandees, 21.5M@9.7kp/s retenues
INFO [1284] [2023-10-22 17:39:19] dodgr_ttm called, TRUE, 8x561
INFO [1277] [2023-10-22 17:39:23] paquet:N2240000E3929600 ppou:760 ttm ok 25438
SUCCESS [1277] [2023-10-22 17:39:23] carreau:N2240000E3929600 2 ancres 140.1k@264.9p/s demandees, 139.9k@264.4p/s retenues
INFO [1277] [2023-10-22 17:39:25] dodgr_ttm called, TRUE, 8x2602
INFO [1281] [2023-10-22 17:39:32] paquet:N2278400E3904000 ppou:15400 ttm ok 89033
INFO [1281] [2023-10-22 17:39:32] dodgr_ttm called, FALSE, 53x12719
INFO [1282] [2023-10-22 17:39:33] dodgr_ttm called, FALSE, 8x12829
INFO [1276] [2023-10-22 17:39:47] dodgr_ttm called, FALSE, 934x12719
INFO [1283] [2023-10-22 17:39:49] dodgr_ttm called, FALSE, 63x12719
INFO [1275] [2023-10-22 17:40:06] paquet:N2240000E3955200 ppou:564 ttm ok 1818817
INFO [1275] [2023-10-22 17:40:06] dodgr_ttm called, FALSE, 112x12719
INFO [1284] [2023-10-22 17:40:22] dodgr_ttm called, FALSE, 8x12829
INFO [1285] [2023-10-22 17:40:30] paquet:N2304000E3916800 ppou:25784 ttm ok 101752
INFO [1285] [2023-10-22 17:40:30] dodgr_ttm called, FALSE, 18x12719
INFO [1277] [2023-10-22 17:40:31] dodgr_ttm called, FALSE, 8x12829
SUCCESS [1286] [2023-10-22 17:40:42] carreau:N2252800E3891200 0 ancres 12.8k@83.6p/s demandees, 12.7k@82.8p/s retenues
INFO [1280] [2023-10-22 17:41:16] paquet:N2291200E3904000 ppou:23021 ttm ok 50876
INFO [1280] [2023-10-22 17:41:16] dodgr_ttm called, FALSE, 14x12719
INFO [1282] [2023-10-22 17:41:56] dodgr_ttm called, FALSE, 5x12719
INFO [1278] [2023-10-22 17:42:25] paquet:N2265600E3929600 ppou:8658 ttm ok 1704346
INFO [1278] [2023-10-22 17:42:25] dodgr_ttm called, FALSE, 330x12719
INFO [1281] [2023-10-22 17:42:30] paquet:N2278400E3904000 ppou:15611 ttm ok 674107
INFO [1281] [2023-10-22 17:42:30] dodgr_ttm called, FALSE, 23x12719
INFO [1283] [2023-10-22 17:42:52] paquet:N2291200E3942400 ppou:21289 ttm ok 801297
INFO [1283] [2023-10-22 17:42:52] dodgr_ttm called, FALSE, 139x12719
INFO [1284] [2023-10-22 17:42:53] dodgr_ttm called, FALSE, 56x12719
INFO [1277] [2023-10-22 17:43:03] dodgr_ttm called, FALSE, 256x12719
INFO [1285] [2023-10-22 17:43:22] paquet:N2304000E3916800 ppou:25878 ttm ok 228942
INFO [1285] [2023-10-22 17:43:22] dodgr_ttm called, FALSE, 58x12719
INFO [1275] [2023-10-22 17:43:36] paquet:N2240000E3955200 ppou:614 ttm ok 1424528
INFO [1275] [2023-10-22 17:43:36] dodgr_ttm called, FALSE, 79x12719
INFO [1280] [2023-10-22 17:43:52] paquet:N2291200E3904000 ppou:23131 ttm ok 178066
INFO [1280] [2023-10-22 17:43:52] dodgr_ttm called, FALSE, 5x12719
INFO [1282] [2023-10-22 17:44:22] paquet:N2252800E3929600 ppou:5263 ttm ok 63595
INFO [1282] [2023-10-22 17:44:22] dodgr_ttm called, FALSE, 43x12719
INFO [1281] [2023-10-22 17:45:41] paquet:N2278400E3904000 ppou:15913 ttm ok 292537
INFO [1281] [2023-10-22 17:45:41] dodgr_ttm called, FALSE, 94x12719
INFO [1284] [2023-10-22 17:45:51] paquet:N2265600E3968000 ppou:9547 ttm ok 712264
INFO [1284] [2023-10-22 17:45:51] dodgr_ttm called, FALSE, 85x12719
INFO [1280] [2023-10-22 17:46:16] paquet:N2291200E3904000 ppou:23530 ttm ok 63595
INFO [1280] [2023-10-22 17:46:16] dodgr_ttm called, FALSE, 16x12719
INFO [1285] [2023-10-22 17:46:47] paquet:N2304000E3916800 ppou:25884 ttm ok 737702
INFO [1285] [2023-10-22 17:46:47] dodgr_ttm called, FALSE, 68x12719
INFO [1275] [2023-10-22 17:46:53] paquet:N2240000E3955200 ppou:1131 ttm ok 1004801
INFO [1275] [2023-10-22 17:46:53] dodgr_ttm called, FALSE, 44x12719
INFO [1283] [2023-10-22 17:46:55] paquet:N2291200E3942400 ppou:22779 ttm ok 1767941
INFO [1283] [2023-10-22 17:46:55] dodgr_ttm called, FALSE, 271x12719
INFO [1282] [2023-10-22 17:47:09] paquet:N2252800E3929600 ppou:5516 ttm ok 546917
INFO [1282] [2023-10-22 17:47:09] dodgr_ttm called, FALSE, 9x12719
INFO [1277] [2023-10-22 17:47:16] paquet:N2252800E3942400 ppou:2575 ttm ok 3230628
INFO [1277] [2023-10-22 17:47:16] dodgr_ttm called, FALSE, 264x12719
INFO [1278] [2023-10-22 17:47:18] paquet:N2265600E3929600 ppou:8769 ttm ok 4197270
INFO [1278] [2023-10-22 17:47:19] dodgr_ttm called, FALSE, 5x12719
INFO [1276] [2023-10-22 17:48:13] paquet:N2278400E3942400 ppou:17893 ttm ok 11866828
INFO [1276] [2023-10-22 17:48:13] dodgr_ttm called, FALSE, 72x12719
INFO [1280] [2023-10-22 17:49:03] paquet:N2291200E3904000 ppou:24617 ttm ok 203504
SUCCESS [1280] [2023-10-22 17:49:03] carreau:N2291200E3904000 7 ancres 700.4k@549.1p/s demandees, 699.5k@548.4p/s retenues
INFO [1280] [2023-10-22 17:49:05] dodgr_ttm called, TRUE, 8x1385
INFO [1281] [2023-10-22 17:49:06] paquet:N2278400E3904000 ppou:16793 ttm ok 1195586
INFO [1281] [2023-10-22 17:49:06] dodgr_ttm called, FALSE, 87x12719
INFO [1284] [2023-10-22 17:49:09] paquet:N2265600E3968000 ppou:9807 ttm ok 1081115
INFO [1284] [2023-10-22 17:49:09] dodgr_ttm called, FALSE, 31x12719
INFO [1282] [2023-10-22 17:49:38] paquet:N2252800E3929600 ppou:5640 ttm ok 114471
INFO [1282] [2023-10-22 17:49:38] dodgr_ttm called, FALSE, 36x12719
INFO [1275] [2023-10-22 17:50:00] paquet:N2240000E3955200 ppou:1495 ttm ok 559636
INFO [1275] [2023-10-22 17:50:00] dodgr_ttm called, FALSE, 343x12719
INFO [1278] [2023-10-22 17:50:01] paquet:N2265600E3929600 ppou:9086 ttm ok 63595
INFO [1278] [2023-10-22 17:50:01] dodgr_ttm called, FALSE, 330x12719
INFO [1280] [2023-10-22 17:50:08] dodgr_ttm called, FALSE, 8x12829
INFO [1285] [2023-10-22 17:50:12] paquet:N2304000E3916800 ppou:25941 ttm ok 864892
INFO [1285] [2023-10-22 17:50:12] dodgr_ttm called, FALSE, 8x12719
INFO [1277] [2023-10-22 17:51:13] paquet:N2252800E3942400 ppou:3087 ttm ok 3345098
INFO [1277] [2023-10-22 17:51:13] dodgr_ttm called, FALSE, 88x12719
INFO [1276] [2023-10-22 17:51:16] paquet:N2278400E3942400 ppou:18439 ttm ok 915768
INFO [1276] [2023-10-22 17:51:16] dodgr_ttm called, FALSE, 583x12719
INFO [1283] [2023-10-22 17:51:45] paquet:N2291200E3942400 ppou:22895 ttm ok 3446849
INFO [1283] [2023-10-22 17:51:46] dodgr_ttm called, FALSE, 29x12719
INFO [1284] [2023-10-22 17:52:03] paquet:N2265600E3968000 ppou:10562 ttm ok 394289
INFO [1284] [2023-10-22 17:52:03] dodgr_ttm called, FALSE, 59x12719
INFO [1282] [2023-10-22 17:52:15] paquet:N2252800E3929600 ppou:5899 ttm ok 457884
INFO [1282] [2023-10-22 17:52:15] dodgr_ttm called, FALSE, 128x12719
INFO [1281] [2023-10-22 17:52:21] paquet:N2278400E3904000 ppou:17292 ttm ok 1106553
INFO [1281] [2023-10-22 17:52:21] dodgr_ttm called, FALSE, 211x12719
INFO [1280] [2023-10-22 17:52:41] dodgr_ttm called, FALSE, 142x12719
INFO [1285] [2023-10-22 17:52:52] paquet:N2304000E3916800 ppou:25980 ttm ok 101752
SUCCESS [1285] [2023-10-22 17:52:53] carreau:N2304000E3916800 8 ancres 4.1M@2.4kp/s demandees, 4.1M@2.4kp/s retenues
INFO [1285] [2023-10-22 17:52:56] dodgr_ttm called, TRUE, 8x44
INFO [1285] [2023-10-22 17:54:08] dodgr_ttm called, FALSE, 8x12819
INFO [1277] [2023-10-22 17:54:16] paquet:N2252800E3942400 ppou:3188 ttm ok 1119272
INFO [1277] [2023-10-22 17:54:16] dodgr_ttm called, FALSE, 526x12719
INFO [1283] [2023-10-22 17:54:44] paquet:N2291200E3942400 ppou:23505 ttm ok 368851
INFO [1283] [2023-10-22 17:54:44] dodgr_ttm called, FALSE, 29x12719
INFO [1275] [2023-10-22 17:54:53] paquet:N2240000E3955200 ppou:1855 ttm ok 4362617
SUCCESS [1275] [2023-10-22 17:54:57] carreau:N2240000E3955200 8 ancres 16.9M@8.3kp/s demandees, 16.9M@8.3kp/s retenues
INFO [1275] [2023-10-22 17:55:02] dodgr_ttm called, TRUE, 8x203
INFO [1278] [2023-10-22 17:55:09] paquet:N2265600E3929600 ppou:10308 ttm ok 4197270
INFO [1278] [2023-10-22 17:55:09] dodgr_ttm called, FALSE, 131x12719
INFO [1284] [2023-10-22 17:55:18] paquet:N2265600E3968000 ppou:10737 ttm ok 750421
INFO [1284] [2023-10-22 17:55:18] dodgr_ttm called, FALSE, 38x12719
INFO [1282] [2023-10-22 17:55:33] paquet:N2252800E3929600 ppou:6741 ttm ok 1615313
INFO [1282] [2023-10-22 17:55:33] dodgr_ttm called, FALSE, 88x12719
INFO [1275] [2023-10-22 17:56:07] dodgr_ttm called, FALSE, 8x12829
INFO [1280] [2023-10-22 17:56:15] paquet:N2291200E3916800 ppou:22230 ttm ok 1806098
INFO [1280] [2023-10-22 17:56:15] dodgr_ttm called, FALSE, 336x12719
INFO [1281] [2023-10-22 17:56:29] paquet:N2278400E3904000 ppou:18890 ttm ok 2683709
SUCCESS [1281] [2023-10-22 17:56:35] carreau:N2278400E3904000 7 ancres 7M@4.5kp/s demandees, 7M@4.5kp/s retenues
INFO [1281] [2023-10-22 17:56:40] dodgr_ttm called, TRUE, 8x1121
INFO [1285] [2023-10-22 17:56:56] dodgr_ttm called, FALSE, 3x12719
INFO [1276] [2023-10-22 17:57:45] paquet:N2278400E3942400 ppou:18781 ttm ok 7415177
INFO [1276] [2023-10-22 17:57:46] dodgr_ttm called, FALSE, 120x12719
INFO [1283] [2023-10-22 17:57:48] paquet:N2291200E3942400 ppou:23578 ttm ok 368851
INFO [1283] [2023-10-22 17:57:48] dodgr_ttm called, FALSE, 47x12719
INFO [1281] [2023-10-22 17:57:55] dodgr_ttm called, FALSE, 8x12829
INFO [1284] [2023-10-22 17:58:08] paquet:N2265600E3968000 ppou:10743 ttm ok 483322
INFO [1284] [2023-10-22 17:58:08] dodgr_ttm called, FALSE, 174x12719
INFO [1282] [2023-10-22 17:58:32] paquet:N2252800E3929600 ppou:6824 ttm ok 1119272
INFO [1282] [2023-10-22 17:58:32] dodgr_ttm called, FALSE, 74x12719
INFO [1275] [2023-10-22 17:58:40] dodgr_ttm called, FALSE, 12x12719
INFO [1278] [2023-10-22 17:58:56] paquet:N2265600E3929600 ppou:10488 ttm ok 1666189
INFO [1278] [2023-10-22 17:58:56] dodgr_ttm called, FALSE, 182x12719
INFO [1285] [2023-10-22 17:59:34] paquet:N2304000E3929600 ppou:25651 ttm ok 38157
INFO [1285] [2023-10-22 17:59:34] dodgr_ttm called, FALSE, 4x12719
INFO [1277] [2023-10-22 18:00:07] paquet:N2252800E3942400 ppou:4031 ttm ok 6677476
INFO [1277] [2023-10-22 18:00:08] dodgr_ttm called, FALSE, 682x12719
INFO [1281] [2023-10-22 18:00:34] dodgr_ttm called, FALSE, 207x12719
INFO [1280] [2023-10-22 18:00:40] paquet:N2291200E3916800 ppou:22533 ttm ok 4273584
INFO [1280] [2023-10-22 18:00:42] dodgr_ttm called, FALSE, 128x12719
INFO [1283] [2023-10-22 18:01:03] paquet:N2291200E3942400 ppou:23994 ttm ok 597793
INFO [1283] [2023-10-22 18:01:03] dodgr_ttm called, FALSE, 127x12719
INFO [1276] [2023-10-22 18:01:04] paquet:N2278400E3942400 ppou:19085 ttm ok 1526280
INFO [1276] [2023-10-22 18:01:04] dodgr_ttm called, FALSE, 117x12719
INFO [1275] [2023-10-22 18:01:09] paquet:N2240000E3968000 ppou:1308 ttm ok 152628
INFO [1275] [2023-10-22 18:01:09] dodgr_ttm called, FALSE, 15x12719
INFO [1282] [2023-10-22 18:01:39] paquet:N2252800E3929600 ppou:7172 ttm ok 941206
INFO [1282] [2023-10-22 18:01:39] dodgr_ttm called, FALSE, 78x12719
INFO [1285] [2023-10-22 18:02:07] paquet:N2304000E3929600 ppou:25653 ttm ok 50876
INFO [1285] [2023-10-22 18:02:07] dodgr_ttm called, FALSE, 6x12719
INFO [1284] [2023-10-22 18:02:11] paquet:N2265600E3968000 ppou:12039 ttm ok 2213106
INFO [1284] [2023-10-22 18:02:11] dodgr_ttm called, FALSE, 109x12719
INFO [1278] [2023-10-22 18:03:00] paquet:N2265600E3929600 ppou:14722 ttm ok 2302140
INFO [1278] [2023-10-22 18:03:01] dodgr_ttm called, FALSE, 29x12719
INFO [1280] [2023-10-22 18:03:46] paquet:N2291200E3916800 ppou:23341 ttm ok 1628032
INFO [1280] [2023-10-22 18:03:46] dodgr_ttm called, FALSE, 275x12719
INFO [1275] [2023-10-22 18:03:47] paquet:N2240000E3968000 ppou:1310 ttm ok 190785
INFO [1275] [2023-10-22 18:03:47] dodgr_ttm called, FALSE, 40x12719
INFO [1276] [2023-10-22 18:04:34] paquet:N2278400E3942400 ppou:20002 ttm ok 1488123
INFO [1276] [2023-10-22 18:04:35] dodgr_ttm called, FALSE, 360x12719
INFO [1282] [2023-10-22 18:04:44] paquet:N2252800E3929600 ppou:7272 ttm ok 992082
INFO [1285] [2023-10-22 18:04:44] paquet:N2304000E3929600 ppou:25655 ttm ok 76314
INFO [1285] [2023-10-22 18:04:44] dodgr_ttm called, FALSE, 1x12719
SUCCESS [1282] [2023-10-22 18:04:46] carreau:N2252800E3929600 8 ancres 6M@3.8kp/s demandees, 6M@3.8kp/s retenues
INFO [1282] [2023-10-22 18:04:50] dodgr_ttm called, TRUE, 8x369
INFO [1281] [2023-10-22 18:04:53] paquet:N2278400E3916800 ppou:17446 ttm ok 2632833
INFO [1281] [2023-10-22 18:04:53] dodgr_ttm called, FALSE, 71x12719
INFO [1283] [2023-10-22 18:04:55] paquet:N2291200E3942400 ppou:24252 ttm ok 1615313
INFO [1283] [2023-10-22 18:04:55] dodgr_ttm called, FALSE, 81x12719
INFO [1284] [2023-10-22 18:05:44] paquet:N2265600E3968000 ppou:13671 ttm ok 1386371
SUCCESS [1284] [2023-10-22 18:05:46] carreau:N2265600E3968000 7 ancres 7.1M@4.5kp/s demandees, 7.1M@4.5kp/s retenues
INFO [1284] [2023-10-22 18:05:50] dodgr_ttm called, TRUE, 8x96
INFO [1278] [2023-10-22 18:05:54] paquet:N2265600E3929600 ppou:14801 ttm ok 368851
SUCCESS [1278] [2023-10-22 18:05:57] carreau:N2265600E3929600 8 ancres 16.6M@8kp/s demandees, 16.6M@8kp/s retenues
INFO [1282] [2023-10-22 18:05:59] dodgr_ttm called, FALSE, 8x12829
INFO [1278] [2023-10-22 18:06:04] dodgr_ttm called, TRUE, 8x2110
INFO [1275] [2023-10-22 18:06:28] paquet:N2240000E3968000 ppou:1416 ttm ok 508760
INFO [1275] [2023-10-22 18:06:28] dodgr_ttm called, FALSE, 49x12719
INFO [1277] [2023-10-22 18:06:51] paquet:N2252800E3942400 ppou:4256 ttm ok 8661639
INFO [1277] [2023-10-22 18:06:52] dodgr_ttm called, FALSE, 274x12719
INFO [1284] [2023-10-22 18:06:58] dodgr_ttm called, FALSE, 8x12829
INFO [1278] [2023-10-22 18:07:15] dodgr_ttm called, FALSE, 8x12829
INFO [1285] [2023-10-22 18:07:15] paquet:N2304000E3929600 ppou:25656 ttm ok 12719
INFO [1285] [2023-10-22 18:07:15] dodgr_ttm called, FALSE, 9x12719
INFO [1280] [2023-10-22 18:08:09] paquet:N2291200E3916800 ppou:23551 ttm ok 3497725
INFO [1280] [2023-10-22 18:08:09] dodgr_ttm called, FALSE, 169x12719
INFO [1281] [2023-10-22 18:08:10] paquet:N2278400E3916800 ppou:18676 ttm ok 903049
INFO [1281] [2023-10-22 18:08:10] dodgr_ttm called, FALSE, 162x12719
INFO [1283] [2023-10-22 18:08:22] paquet:N2291200E3942400 ppou:24880 ttm ok 1030239
SUCCESS [1283] [2023-10-22 18:08:24] carreau:N2291200E3942400 8 ancres 10.1M@5.2kp/s demandees, 10.1M@5.2kp/s retenues
INFO [1283] [2023-10-22 18:08:29] dodgr_ttm called, TRUE, 8x808
INFO [1282] [2023-10-22 18:08:36] dodgr_ttm called, FALSE, 70x12719
INFO [1276] [2023-10-22 18:09:22] paquet:N2278400E3942400 ppou:20017 ttm ok 4578840
INFO [1275] [2023-10-22 18:09:22] paquet:N2240000E3968000 ppou:1508 ttm ok 623231
INFO [1275] [2023-10-22 18:09:22] dodgr_ttm called, FALSE, 52x12719
INFO [1276] [2023-10-22 18:09:22] dodgr_ttm called, FALSE, 42x12719
INFO [1284] [2023-10-22 18:09:31] dodgr_ttm called, FALSE, 20x12719
INFO [1283] [2023-10-22 18:09:41] dodgr_ttm called, FALSE, 8x12829
INFO [1285] [2023-10-22 18:09:53] paquet:N2304000E3929600 ppou:25664 ttm ok 114471
INFO [1285] [2023-10-22 18:09:53] dodgr_ttm called, FALSE, 15x12719
INFO [1278] [2023-10-22 18:10:03] dodgr_ttm called, FALSE, 335x12719
INFO [1277] [2023-10-22 18:11:10] paquet:N2252800E3942400 ppou:4427 ttm ok 3485006
INFO [1277] [2023-10-22 18:11:11] dodgr_ttm called, FALSE, 230x12719
INFO [1282] [2023-10-22 18:11:33] paquet:N2252800E3968000 ppou:5245 ttm ok 890330
INFO [1282] [2023-10-22 18:11:33] dodgr_ttm called, FALSE, 28x12719
INFO [1280] [2023-10-22 18:11:42] paquet:N2291200E3916800 ppou:23557 ttm ok 2149511
INFO [1280] [2023-10-22 18:11:42] dodgr_ttm called, FALSE, 137x12719
INFO [1275] [2023-10-22 18:12:09] paquet:N2240000E3968000 ppou:1540 ttm ok 661388
INFO [1275] [2023-10-22 18:12:09] dodgr_ttm called, FALSE, 11x12719
INFO [1276] [2023-10-22 18:12:13] paquet:N2278400E3942400 ppou:20471 ttm ok 534198
INFO [1276] [2023-10-22 18:12:13] dodgr_ttm called, FALSE, 42x12719
INFO [1281] [2023-10-22 18:12:14] paquet:N2278400E3916800 ppou:18827 ttm ok 2060478
INFO [1281] [2023-10-22 18:12:14] dodgr_ttm called, FALSE, 55x12719
INFO [1283] [2023-10-22 18:12:19] dodgr_ttm called, FALSE, 102x12719
INFO [1285] [2023-10-22 18:12:26] paquet:N2304000E3929600 ppou:25685 ttm ok 190785
INFO [1285] [2023-10-22 18:12:26] dodgr_ttm called, FALSE, 6x12719
INFO [1284] [2023-10-22 18:12:27] paquet:N2265600E3891200 ppou:8822 ttm ok 254166
INFO [1284] [2023-10-22 18:12:27] dodgr_ttm called, FALSE, 3x12709
INFO [1282] [2023-10-22 18:14:11] paquet:N2252800E3968000 ppou:6624 ttm ok 356132
INFO [1282] [2023-10-22 18:14:11] dodgr_ttm called, FALSE, 1x12719
INFO [1275] [2023-10-22 18:14:28] paquet:N2240000E3968000 ppou:1657 ttm ok 139909
INFO [1275] [2023-10-22 18:14:28] dodgr_ttm called, FALSE, 10x12719
INFO [1285] [2023-10-22 18:14:55] paquet:N2304000E3929600 ppou:25718 ttm ok 76314
SUCCESS [1285] [2023-10-22 18:14:55] carreau:N2304000E3929600 7 ancres 662.3k@502.2p/s demandees, 661.4k@501.5p/s retenues
INFO [1284] [2023-10-22 18:15:02] paquet:N2265600E3891200 ppou:8922 ttm ok 38127
INFO [1284] [2023-10-22 18:15:02] dodgr_ttm called, FALSE, 23x12719
INFO [1276] [2023-10-22 18:15:06] paquet:N2278400E3942400 ppou:20546 ttm ok 534198
INFO [1277] [2023-10-22 18:15:11] paquet:N2252800E3942400 ppou:5202 ttm ok 2925370
INFO [1277] [2023-10-22 18:15:12] dodgr_ttm called, FALSE, 277x12719
INFO [1278] [2023-10-22 18:15:13] paquet:N2265600E3942400 ppou:9500 ttm ok 4260865
INFO [1278] [2023-10-22 18:15:13] dodgr_ttm called, FALSE, 387x12719
INFO [1280] [2023-10-22 18:15:14] paquet:N2291200E3916800 ppou:23851 ttm ok 1729784
INFO [1280] [2023-10-22 18:15:14] dodgr_ttm called, FALSE, 22x12719
SUCCESS [1276] [2023-10-22 18:15:16] carreau:N2278400E3942400 8 ancres 29M@12.3kp/s demandees, 29M@12.3kp/s retenues
INFO [1281] [2023-10-22 18:15:20] paquet:N2278400E3916800 ppou:19062 ttm ok 699545
INFO [1281] [2023-10-22 18:15:20] dodgr_ttm called, FALSE, 223x12719
INFO [1276] [2023-10-22 18:15:26] dodgr_ttm called, TRUE, 8x599
INFO [1283] [2023-10-22 18:15:51] paquet:N2291200E3955200 ppou:21507 ttm ok 1297338
INFO [1283] [2023-10-22 18:15:51] dodgr_ttm called, FALSE, 53x12719
INFO [1276] [2023-10-22 18:16:29] dodgr_ttm called, FALSE, 8x12829
INFO [1282] [2023-10-22 18:16:34] paquet:N2252800E3968000 ppou:6625 ttm ok 12719
INFO [1282] [2023-10-22 18:16:34] dodgr_ttm called, FALSE, 29x12719
INFO [1275] [2023-10-22 18:16:55] paquet:N2240000E3968000 ppou:1659 ttm ok 127190
INFO [1275] [2023-10-22 18:16:55] dodgr_ttm called, FALSE, 10x12719
INFO [1280] [2023-10-22 18:17:49] paquet:N2291200E3916800 ppou:24036 ttm ok 279818
INFO [1280] [2023-10-22 18:17:49] dodgr_ttm called, FALSE, 154x12719
INFO [1284] [2023-10-22 18:17:51] paquet:N2265600E3891200 ppou:9297 ttm ok 292511
INFO [1284] [2023-10-22 18:17:51] dodgr_ttm called, FALSE, 7x12719
INFO [1283] [2023-10-22 18:18:59] paquet:N2291200E3955200 ppou:21596 ttm ok 674107
INFO [1283] [2023-10-22 18:18:59] dodgr_ttm called, FALSE, 154x12719
INFO [1276] [2023-10-22 18:19:01] dodgr_ttm called, FALSE, 14x12719
INFO [1277] [2023-10-22 18:19:11] paquet:N2252800E3942400 ppou:6041 ttm ok 3523163
INFO [1282] [2023-10-22 18:19:11] paquet:N2252800E3968000 ppou:6806 ttm ok 368851
INFO [1282] [2023-10-22 18:19:12] dodgr_ttm called, FALSE, 135x12719
INFO [1275] [2023-10-22 18:19:14] paquet:N2240000E3968000 ppou:1712 ttm ok 127190
SUCCESS [1275] [2023-10-22 18:19:15] carreau:N2240000E3968000 8 ancres 2.6M@1.8kp/s demandees, 2.6M@1.8kp/s retenues
SUCCESS [1277] [2023-10-22 18:19:18] carreau:N2252800E3942400 8 ancres 33.1M@13.8kp/s demandees, 33.1M@13.8kp/s retenues
INFO [1281] [2023-10-22 18:19:34] paquet:N2278400E3916800 ppou:19873 ttm ok 2836337
INFO [1281] [2023-10-22 18:19:35] dodgr_ttm called, FALSE, 108x12719
INFO [1284] [2023-10-22 18:20:24] paquet:N2265600E3891200 ppou:9553 ttm ok 89033
INFO [1284] [2023-10-22 18:20:24] dodgr_ttm called, FALSE, 10x12719
INFO [1278] [2023-10-22 18:20:38] paquet:N2265600E3942400 ppou:10689 ttm ok 4922253
INFO [1278] [2023-10-22 18:20:38] dodgr_ttm called, FALSE, 195x12719
INFO [1280] [2023-10-22 18:21:13] paquet:N2291200E3916800 ppou:24816 ttm ok 1958726
SUCCESS [1280] [2023-10-22 18:21:18] carreau:N2291200E3916800 8 ancres 17.4M@9kp/s demandees, 17.4M@9kp/s retenues
INFO [1276] [2023-10-22 18:21:23] paquet:N2278400E3955200 ppou:15382 ttm ok 178066
INFO [1276] [2023-10-22 18:21:23] dodgr_ttm called, FALSE, 53x12719
INFO [1282] [2023-10-22 18:22:20] paquet:N2252800E3968000 ppou:6892 ttm ok 1717065
INFO [1282] [2023-10-22 18:22:20] dodgr_ttm called, FALSE, 20x12719
INFO [1283] [2023-10-22 18:22:37] paquet:N2291200E3955200 ppou:21773 ttm ok 1958726
INFO [1283] [2023-10-22 18:22:37] dodgr_ttm called, FALSE, 5x12719
INFO [1284] [2023-10-22 18:22:51] paquet:N2265600E3891200 ppou:9953 ttm ok 127189
INFO [1284] [2023-10-22 18:22:51] dodgr_ttm called, FALSE, 24x12719
INFO [1281] [2023-10-22 18:22:59] paquet:N2278400E3916800 ppou:20202 ttm ok 1373652
INFO [1281] [2023-10-22 18:22:59] dodgr_ttm called, FALSE, 184x12719
INFO [1276] [2023-10-22 18:24:08] paquet:N2278400E3955200 ppou:15700 ttm ok 674107
INFO [1276] [2023-10-22 18:24:09] dodgr_ttm called, FALSE, 21x12719
INFO [1278] [2023-10-22 18:24:29] paquet:N2265600E3942400 ppou:12219 ttm ok 2454768
INFO [1278] [2023-10-22 18:24:29] dodgr_ttm called, FALSE, 324x12719
INFO [1282] [2023-10-22 18:24:46] paquet:N2252800E3968000 ppou:7352 ttm ok 254380
INFO [1282] [2023-10-22 18:24:46] dodgr_ttm called, FALSE, 35x12719
INFO [1283] [2023-10-22 18:25:12] paquet:N2291200E3955200 ppou:22025 ttm ok 63595
INFO [1283] [2023-10-22 18:25:12] dodgr_ttm called, FALSE, 13x12719
INFO [1284] [2023-10-22 18:25:24] paquet:N2265600E3891200 ppou:10091 ttm ok 304483
INFO [1284] [2023-10-22 18:25:24] dodgr_ttm called, FALSE, 6x12719
INFO [1281] [2023-10-22 18:26:25] paquet:N2278400E3916800 ppou:20298 ttm ok 2340296
INFO [1281] [2023-10-22 18:26:25] dodgr_ttm called, FALSE, 105x12719
INFO [1276] [2023-10-22 18:26:29] paquet:N2278400E3955200 ppou:15706 ttm ok 267099
INFO [1276] [2023-10-22 18:26:29] dodgr_ttm called, FALSE, 15x12719
INFO [1282] [2023-10-22 18:27:17] paquet:N2252800E3968000 ppou:7515 ttm ok 445165
INFO [1282] [2023-10-22 18:27:17] dodgr_ttm called, FALSE, 42x12719
INFO [1283] [2023-10-22 18:27:44] paquet:N2291200E3955200 ppou:23827 ttm ok 165347
INFO [1283] [2023-10-22 18:27:44] dodgr_ttm called, FALSE, 199x12719
INFO [1284] [2023-10-22 18:27:48] paquet:N2265600E3891200 ppou:10254 ttm ok 76311
SUCCESS [1284] [2023-10-22 18:27:48] carreau:N2265600E3891200 7 ancres 1.3M@975.8p/s demandees, 1.3M@974.4p/s retenues
INFO [1276] [2023-10-22 18:28:44] paquet:N2278400E3955200 ppou:15904 ttm ok 190785
INFO [1276] [2023-10-22 18:28:44] dodgr_ttm called, FALSE, 173x12719
INFO [1278] [2023-10-22 18:29:12] paquet:N2265600E3942400 ppou:12852 ttm ok 4108237
INFO [1278] [2023-10-22 18:29:12] dodgr_ttm called, FALSE, 203x12719
INFO [1281] [2023-10-22 18:29:34] paquet:N2278400E3916800 ppou:21158 ttm ok 1335495
SUCCESS [1281] [2023-10-22 18:29:38] carreau:N2278400E3916800 8 ancres 14.3M@7.2kp/s demandees, 14.3M@7.2kp/s retenues
INFO [1282] [2023-10-22 18:29:50] paquet:N2252800E3968000 ppou:7781 ttm ok 534198
SUCCESS [1282] [2023-10-22 18:29:51] carreau:N2252800E3968000 8 ancres 4.7M@3.1kp/s demandees, 4.7M@3.1kp/s retenues
INFO [1276] [2023-10-22 18:31:59] paquet:N2278400E3955200 ppou:17262 ttm ok 2200387
INFO [1276] [2023-10-22 18:31:59] dodgr_ttm called, FALSE, 96x12719
INFO [1283] [2023-10-22 18:32:01] paquet:N2291200E3955200 ppou:23828 ttm ok 2531081
INFO [1283] [2023-10-22 18:32:02] dodgr_ttm called, FALSE, 267x12719
INFO [1278] [2023-10-22 18:32:53] paquet:N2265600E3942400 ppou:13386 ttm ok 2581957
INFO [1278] [2023-10-22 18:32:54] dodgr_ttm called, FALSE, 289x12719
INFO [1276] [2023-10-22 18:34:40] paquet:N2278400E3955200 ppou:18808 ttm ok 1221024
INFO [1276] [2023-10-22 18:34:40] dodgr_ttm called, FALSE, 77x12719
INFO [1283] [2023-10-22 18:35:56] paquet:N2291200E3955200 ppou:24451 ttm ok 3395973
SUCCESS [1283] [2023-10-22 18:36:00] carreau:N2291200E3955200 7 ancres 10.2M@6.2kp/s demandees, 10.2M@6.2kp/s retenues
INFO [1276] [2023-10-22 18:37:13] paquet:N2278400E3955200 ppou:18885 ttm ok 979363
INFO [1276] [2023-10-22 18:37:13] dodgr_ttm called, FALSE, 140x12719
INFO [1278] [2023-10-22 18:37:16] paquet:N2265600E3942400 ppou:13521 ttm ok 3675791
INFO [1278] [2023-10-22 18:37:16] dodgr_ttm called, FALSE, 250x12719
INFO [1276] [2023-10-22 18:40:18] paquet:N2278400E3955200 ppou:20475 ttm ok 1780660
SUCCESS [1276] [2023-10-22 18:40:20] carreau:N2278400E3955200 8 ancres 7.6M@5.1kp/s demandees, 7.6M@5.1kp/s retenues
INFO [1278] [2023-10-22 18:41:15] paquet:N2265600E3942400 ppou:14667 ttm ok 3179750
INFO [1278] [2023-10-22 18:41:15] dodgr_ttm called, FALSE, 106x12719
INFO [1278] [2023-10-22 18:44:05] paquet:N2265600E3942400 ppou:15108 ttm ok 1348214
SUCCESS [1278] [2023-10-22 18:44:12] carreau:N2265600E3942400 8 ancres 26.6M@11.6kp/s demandees, 26.6M@11.6kp/s retenues
SUCCESS [2023-10-22 18:46:52] 
