SUCCESS [2023-10-25 20:07:40] Calcul accessibilite version 2
SUCCESS [2023-10-25 20:07:40] $type
SUCCESS [2023-10-25 20:07:40] [1] "dodgr"
SUCCESS [2023-10-25 20:07:40] 
SUCCESS [2023-10-25 20:07:40] $path
SUCCESS [2023-10-25 20:07:40] /space_mounts/data/marseille//dodgr/
SUCCESS [2023-10-25 20:07:40] FALSE
SUCCESS [2023-10-25 20:07:40] 
SUCCESS [2023-10-25 20:07:40] $pg
SUCCESS [2023-10-25 20:07:40] NULL
SUCCESS [2023-10-25 20:07:40] 
SUCCESS [2023-10-25 20:07:40] $distances
SUCCESS [2023-10-25 20:07:40] [1] TRUE
SUCCESS [2023-10-25 20:07:40] 
SUCCESS [2023-10-25 20:07:40] $denivele
SUCCESS [2023-10-25 20:07:40] [1] TRUE
SUCCESS [2023-10-25 20:07:40] 
SUCCESS [2023-10-25 20:07:40] $pkg
SUCCESS [2023-10-25 20:07:40] [1] "dodgr"
SUCCESS [2023-10-25 20:07:40] 
SUCCESS [2023-10-25 20:07:40] $turn_penalty
SUCCESS [2023-10-25 20:07:40] [1] TRUE
SUCCESS [2023-10-25 20:07:40] 
SUCCESS [2023-10-25 20:07:40] $graph_name
SUCCESS [2023-10-25 20:07:40] /space_mounts/data/marseille//dodgr//marseille.bicycle.dodgrnet
SUCCESS [2023-10-25 20:07:40] FALSE
SUCCESS [2023-10-25 20:07:40] 
SUCCESS [2023-10-25 20:07:40] $string
SUCCESS [2023-10-25 20:07:40] dodgr routing bicycle sur /space_mounts/data/marseille//dodgr/ a 2023-10-25 20:07:30.015229
SUCCESS [2023-10-25 20:07:40] FALSE
SUCCESS [2023-10-25 20:07:40] 
SUCCESS [2023-10-25 20:07:40] $departure_datetime
SUCCESS [2023-10-25 20:07:40] [1] "2019-12-17 08:00:00 UTC"
SUCCESS [2023-10-25 20:07:40] 
SUCCESS [2023-10-25 20:07:40] $mode
SUCCESS [2023-10-25 20:07:40] [1] "bicycle"
SUCCESS [2023-10-25 20:07:40] 
SUCCESS [2023-10-25 20:07:40] $n_threads
SUCCESS [2023-10-25 20:07:40] [1] 8
SUCCESS [2023-10-25 20:07:40] 
SUCCESS [2023-10-25 20:07:40] $future
SUCCESS [2023-10-25 20:07:40] [1] TRUE
SUCCESS [2023-10-25 20:07:40] 
SUCCESS [2023-10-25 20:07:40] $future_routing
SUCCESS [2023-10-25 20:07:40] function (routing) 
SUCCESS [2023-10-25 20:07:40] {
SUCCESS [2023-10-25 20:07:40]     rout <- routing
SUCCESS [2023-10-25 20:07:40]     rout$processed_graph <- NULL
SUCCESS [2023-10-25 20:07:40]     rout$elevation_data <- NULL
SUCCESS [2023-10-25 20:07:40]     return(rout)
SUCCESS [2023-10-25 20:07:40] }
SUCCESS [2023-10-25 20:07:40] <bytecode: 0x55792a155238>
SUCCESS [2023-10-25 20:07:40] <environment: 0x55792a15a400>
SUCCESS [2023-10-25 20:07:40] 
SUCCESS [2023-10-25 20:07:40] $core_init
SUCCESS [2023-10-25 20:07:40] function (routing) 
SUCCESS [2023-10-25 20:07:40] {
SUCCESS [2023-10-25 20:07:40]     RcppParallel::setThreadOptions(numThreads = routing$n_threads)
SUCCESS [2023-10-25 20:07:40]     rout <- routing
SUCCESS [2023-10-25 20:07:40]     rout$pg <- load_streetnet(routing$graph_name)
SUCCESS [2023-10-25 20:07:40]     if ("dz" %in% names(rout$pg$graph)) {
SUCCESS [2023-10-25 20:07:40]         rout$pg$graph$dzplus <- rout$pg$graph$dz * rout$pg$graph$d * 
SUCCESS [2023-10-25 20:07:40]             (rout$pg$graph$dz > 0)
SUCCESS [2023-10-25 20:07:40]         rout$pg$graph_compound$dzplus <- rout$pg$graph_compound$dz * 
SUCCESS [2023-10-25 20:07:40]             rout$pg$graph_compound$d * (rout$pg$graph_compound$dz > 
SUCCESS [2023-10-25 20:07:40]             0)
SUCCESS [2023-10-25 20:07:40]         rout$pg$graph_compound$dzplus[is.na(rout$pg$graph_compound$dzplus)] <- 0
SUCCESS [2023-10-25 20:07:40]     }
SUCCESS [2023-10-25 20:07:40]     logger::log_info("router {graph_name} chargé")
SUCCESS [2023-10-25 20:07:40]     return(rout)
SUCCESS [2023-10-25 20:07:40] }
SUCCESS [2023-10-25 20:07:40] <bytecode: 0x55792a154940>
SUCCESS [2023-10-25 20:07:40] <environment: 0x55792a15a400>
SUCCESS [2023-10-25 20:07:40] 
SUCCESS [2023-10-25 20:07:40] 
SUCCESS [2023-10-25 20:07:40] tmax:120
SUCCESS [2023-10-25 20:07:40] pdt:1
SUCCESS [2023-10-25 20:07:40] chunk:20M
SUCCESS [2023-10-25 20:07:40] resolution:200
SUCCESS [2023-10-25 20:07:40] out:200
SUCCESS [2023-10-25 20:07:40] les variables sont emplois
SUCCESS [2023-10-25 20:07:40] taille:333.6M gr:17 res_gr:12800
SUCCESS [2023-10-25 20:07:40] 26k ou, 12.8k quoi
SUCCESS [2023-10-25 20:07:40] 33 carreaux, 8 subsampling
SUCCESS [2023-10-25 20:07:40] future:TRUE, 1 workers
INFO [6497] [2023-10-25 20:10:53] router /space_mounts/data/marseille//dodgr//marseille.bicycle.dodgrnet chargé
INFO [6497] [2023-10-25 20:10:57] dodgr_ttm called, TRUE, 7x21
INFO [6497] [2023-10-25 20:11:38] dodgr_ttm called, FALSE, 7x12829
INFO [6497] [2023-10-25 20:13:50] dodgr_ttm called, FALSE, 5x1769
INFO [6497] [2023-10-25 20:15:26] paquet:N2227200E3955200 ppou:8 ttm ok 8428
INFO [6497] [2023-10-25 20:15:26] dodgr_ttm called, FALSE, 8x2073
INFO [6497] [2023-10-25 20:17:04] paquet:N2227200E3955200 ppou:20 ttm ok 14335
INFO [6497] [2023-10-25 20:17:04] dodgr_ttm called, FALSE, 1x1558
INFO [6497] [2023-10-25 20:18:37] paquet:N2227200E3955200 ppou:21 ttm ok 1558
INFO [6497] [2023-10-25 20:18:37] dodgr_ttm called, FALSE, 7x2095
INFO [6497] [2023-10-25 20:20:12] paquet:N2227200E3955200 ppou:26 ttm ok 12761
SUCCESS [6497] [2023-10-25 20:20:12] carreau:N2227200E3955200 4 ancres 131.5k@237.2p/s demandees, 51.6k@93.2p/s retenues
INFO [6497] [2023-10-25 20:20:15] dodgr_ttm called, TRUE, 8x1333
