SUCCESS [2023-10-22 20:45:12] Calcul accessibilite version 2
SUCCESS [2023-10-22 20:45:12] $type
SUCCESS [2023-10-22 20:45:12] [1] "dodgr"
SUCCESS [2023-10-22 20:45:12] 
SUCCESS [2023-10-22 20:45:12] $path
SUCCESS [2023-10-22 20:45:12] /space_mounts/data/marseille//dodgr/
SUCCESS [2023-10-22 20:45:12] FALSE
SUCCESS [2023-10-22 20:45:12] 
SUCCESS [2023-10-22 20:45:12] $graph
SUCCESS [2023-10-22 20:45:12] NULL
SUCCESS [2023-10-22 20:45:12] 
SUCCESS [2023-10-22 20:45:12] $vertices
SUCCESS [2023-10-22 20:45:12] NULL
SUCCESS [2023-10-22 20:45:12] 
SUCCESS [2023-10-22 20:45:12] $distances
SUCCESS [2023-10-22 20:45:12] [1] TRUE
SUCCESS [2023-10-22 20:45:12] 
SUCCESS [2023-10-22 20:45:12] $denivele
SUCCESS [2023-10-22 20:45:12] [1] FALSE
SUCCESS [2023-10-22 20:45:12] 
SUCCESS [2023-10-22 20:45:12] $pkg
SUCCESS [2023-10-22 20:45:12] [1] "dodgr"
SUCCESS [2023-10-22 20:45:12] 
SUCCESS [2023-10-22 20:45:12] $turn_penalty
SUCCESS [2023-10-22 20:45:12] [1] TRUE
SUCCESS [2023-10-22 20:45:12] 
SUCCESS [2023-10-22 20:45:12] $graph_name
SUCCESS [2023-10-22 20:45:12] /space_mounts/data/marseille//dodgr//marseille.motorcar.dodgrnet
SUCCESS [2023-10-22 20:45:12] FALSE
SUCCESS [2023-10-22 20:45:12] 
SUCCESS [2023-10-22 20:45:12] $string
SUCCESS [2023-10-22 20:45:12] dodgr routing motorcar sur /space_mounts/data/marseille//dodgr/ a 2023-10-22 20:45:08.084838
SUCCESS [2023-10-22 20:45:12] FALSE
SUCCESS [2023-10-22 20:45:12] 
SUCCESS [2023-10-22 20:45:12] $departure_datetime
SUCCESS [2023-10-22 20:45:12] [1] "2019-12-17 08:00:00 UTC"
SUCCESS [2023-10-22 20:45:12] 
SUCCESS [2023-10-22 20:45:12] $mode
SUCCESS [2023-10-22 20:45:12] [1] "motorcar"
SUCCESS [2023-10-22 20:45:12] 
SUCCESS [2023-10-22 20:45:12] $n_threads
SUCCESS [2023-10-22 20:45:12] [1] 8
SUCCESS [2023-10-22 20:45:12] 
SUCCESS [2023-10-22 20:45:12] $future
SUCCESS [2023-10-22 20:45:12] [1] TRUE
SUCCESS [2023-10-22 20:45:12] 
SUCCESS [2023-10-22 20:45:12] $future_routing
SUCCESS [2023-10-22 20:45:12] function (routing) 
SUCCESS [2023-10-22 20:45:12] {
SUCCESS [2023-10-22 20:45:12]     rout <- routing
SUCCESS [2023-10-22 20:45:12]     rout$graph <- NULL
SUCCESS [2023-10-22 20:45:12]     rout$vertices <- NULL
SUCCESS [2023-10-22 20:45:12]     rout$elevation_data <- NULL
SUCCESS [2023-10-22 20:45:12]     return(rout)
SUCCESS [2023-10-22 20:45:12] }
SUCCESS [2023-10-22 20:45:12] <bytecode: 0x55a1953f0c68>
SUCCESS [2023-10-22 20:45:12] <environment: 0x55a1951ded70>
SUCCESS [2023-10-22 20:45:12] 
SUCCESS [2023-10-22 20:45:12] $core_init
SUCCESS [2023-10-22 20:45:12] function (routing) 
SUCCESS [2023-10-22 20:45:12] {
SUCCESS [2023-10-22 20:45:12]     RcppParallel::setThreadOptions(numThreads = routing$n_threads)
SUCCESS [2023-10-22 20:45:12]     rout <- routing
SUCCESS [2023-10-22 20:45:12]     net <- dgr_load_streetnet(routing$graph_name)
SUCCESS [2023-10-22 20:45:12]     rout$graph <- net$graph
SUCCESS [2023-10-22 20:45:12]     rout$vertices <- net$verts_c
SUCCESS [2023-10-22 20:45:12]     if ("dz" %in% names(rout$graph)) 
SUCCESS [2023-10-22 20:45:12]         rout$graph$dzplus <- rout$graph$dz * (rout$graph$dz > 
SUCCESS [2023-10-22 20:45:12]             0)
SUCCESS [2023-10-22 20:45:12]     logger::log_info("router {graph_name} chargé")
SUCCESS [2023-10-22 20:45:12]     return(rout)
SUCCESS [2023-10-22 20:45:12] }
SUCCESS [2023-10-22 20:45:12] <bytecode: 0x55a1953f5ed8>
SUCCESS [2023-10-22 20:45:12] <environment: 0x55a1951ded70>
SUCCESS [2023-10-22 20:45:12] 
SUCCESS [2023-10-22 20:45:12] 
SUCCESS [2023-10-22 20:45:12] tmax:120
SUCCESS [2023-10-22 20:45:12] pdt:1
SUCCESS [2023-10-22 20:45:12] chunk:20M
SUCCESS [2023-10-22 20:45:12] resolution:200
SUCCESS [2023-10-22 20:45:12] out:200
SUCCESS [2023-10-22 20:45:12] les variables sont emplois
SUCCESS [2023-10-22 20:45:13] taille:333.6M gr:17 res_gr:12800
SUCCESS [2023-10-22 20:45:13] 26k ou, 12.8k quoi
SUCCESS [2023-10-22 20:45:13] 33 carreaux, 8 subsampling
SUCCESS [2023-10-22 20:45:13] future:TRUE, 16 workers
INFO [43693] [2023-10-22 20:48:05] router /space_mounts/data/marseille//dodgr//marseille.motorcar.dodgrnet chargé
INFO [43700] [2023-10-22 20:48:06] router /space_mounts/data/marseille//dodgr//marseille.motorcar.dodgrnet chargé
INFO [43698] [2023-10-22 20:48:07] router /space_mounts/data/marseille//dodgr//marseille.motorcar.dodgrnet chargé
INFO [43703] [2023-10-22 20:48:07] router /space_mounts/data/marseille//dodgr//marseille.motorcar.dodgrnet chargé
SUCCESS [43693] [2023-10-22 20:48:07] carreau:N2265600E3916800 dossier:/space_mounts/data/marseille//temp_dodgr
INFO [43699] [2023-10-22 20:48:07] router /space_mounts/data/marseille//dodgr//marseille.motorcar.dodgrnet chargé
SUCCESS [43700] [2023-10-22 20:48:07] carreau:N2252800E3916800 dossier:/space_mounts/data/marseille//temp_dodgr
INFO [43702] [2023-10-22 20:48:07] router /space_mounts/data/marseille//dodgr//marseille.motorcar.dodgrnet chargé
INFO [43701] [2023-10-22 20:48:08] router /space_mounts/data/marseille//dodgr//marseille.motorcar.dodgrnet chargé
SUCCESS [43693] [2023-10-22 20:48:08] carreau:N2265600E3929600 dossier:/space_mounts/data/marseille//temp_dodgr
SUCCESS [43698] [2023-10-22 20:48:08] carreau:N2291200E3929600 dossier:/space_mounts/data/marseille//temp_dodgr
SUCCESS [43699] [2023-10-22 20:48:09] carreau:N2240000E3942400 dossier:/space_mounts/data/marseille//temp_dodgr
SUCCESS [43703] [2023-10-22 20:48:09] carreau:N2278400E3929600 dossier:/space_mounts/data/marseille//temp_dodgr
SUCCESS [43700] [2023-10-22 20:48:09] carreau:N2252800E3904000 dossier:/space_mounts/data/marseille//temp_dodgr
SUCCESS [43702] [2023-10-22 20:48:09] carreau:N2252800E3955200 dossier:/space_mounts/data/marseille//temp_dodgr
SUCCESS [43693] [2023-10-22 20:48:10] carreau:N2265600E3942400 dossier:/space_mounts/data/marseille//temp_dodgr
SUCCESS [43698] [2023-10-22 20:48:10] carreau:N2291200E3942400 dossier:/space_mounts/data/marseille//temp_dodgr
SUCCESS [43701] [2023-10-22 20:48:10] carreau:N2227200E3955200 dossier:/space_mounts/data/marseille//temp_dodgr
SUCCESS [43700] [2023-10-22 20:48:10] carreau:N2252800E3891200 dossier:/space_mounts/data/marseille//temp_dodgr
SUCCESS [43699] [2023-10-22 20:48:10] carreau:N2240000E3929600 dossier:/space_mounts/data/marseille//temp_dodgr
SUCCESS [43703] [2023-10-22 20:48:10] carreau:N2278400E3942400 dossier:/space_mounts/data/marseille//temp_dodgr
SUCCESS [43702] [2023-10-22 20:48:11] carreau:N2252800E3929600 dossier:/space_mounts/data/marseille//temp_dodgr
SUCCESS [43698] [2023-10-22 20:48:11] carreau:N2291200E3955200 dossier:/space_mounts/data/marseille//temp_dodgr
SUCCESS [43701] [2023-10-22 20:48:11] carreau:N2240000E3955200 dossier:/space_mounts/data/marseille//temp_dodgr
INFO [43696] [2023-10-22 20:48:12] router /space_mounts/data/marseille//dodgr//marseille.motorcar.dodgrnet chargé
SUCCESS [43699] [2023-10-22 20:48:12] carreau:N2252800E3942400 dossier:/space_mounts/data/marseille//temp_dodgr
INFO [43704] [2023-10-22 20:48:12] router /space_mounts/data/marseille//dodgr//marseille.motorcar.dodgrnet chargé
SUCCESS [43703] [2023-10-22 20:48:12] carreau:N2278400E3955200 dossier:/space_mounts/data/marseille//temp_dodgr
SUCCESS [43702] [2023-10-22 20:48:12] carreau:N2252800E3968000 dossier:/space_mounts/data/marseille//temp_dodgr
INFO [43708] [2023-10-22 20:48:13] router /space_mounts/data/marseille//dodgr//marseille.motorcar.dodgrnet chargé
SUCCESS [43701] [2023-10-22 20:48:13] carreau:N2240000E3968000 dossier:/space_mounts/data/marseille//temp_dodgr
SUCCESS [43696] [2023-10-22 20:48:13] carreau:N2265600E3955200 dossier:/space_mounts/data/marseille//temp_dodgr
SUCCESS [43704] [2023-10-22 20:48:13] carreau:N2265600E3904000 dossier:/space_mounts/data/marseille//temp_dodgr
SUCCESS [43708] [2023-10-22 20:48:14] carreau:N2291200E3968000 dossier:/space_mounts/data/marseille//temp_dodgr
SUCCESS [43696] [2023-10-22 20:48:15] carreau:N2265600E3968000 dossier:/space_mounts/data/marseille//temp_dodgr
SUCCESS [43704] [2023-10-22 20:48:15] carreau:N2278400E3904000 dossier:/space_mounts/data/marseille//temp_dodgr
INFO [43694] [2023-10-22 20:48:16] router /space_mounts/data/marseille//dodgr//marseille.motorcar.dodgrnet chargé
SUCCESS [43708] [2023-10-22 20:48:16] carreau:N2304000E3916800 dossier:/space_mounts/data/marseille//temp_dodgr
SUCCESS [43696] [2023-10-22 20:48:16] carreau:N2265600E3891200 dossier:/space_mounts/data/marseille//temp_dodgr
SUCCESS [43704] [2023-10-22 20:48:16] carreau:N2278400E3916800 dossier:/space_mounts/data/marseille//temp_dodgr
SUCCESS [43708] [2023-10-22 20:48:17] carreau:N2304000E3929600 dossier:/space_mounts/data/marseille//temp_dodgr
SUCCESS [43694] [2023-10-22 20:48:17] carreau:N2278400E3968000 dossier:/space_mounts/data/marseille//temp_dodgr
SUCCESS [43694] [2023-10-22 20:48:19] carreau:N2291200E3904000 dossier:/space_mounts/data/marseille//temp_dodgr
SUCCESS [43694] [2023-10-22 20:48:20] carreau:N2291200E3916800 dossier:/space_mounts/data/marseille//temp_dodgr
SUCCESS [2023-10-22 20:51:16] 
