SUCCESS [2023-10-25 21:11:55] Calcul accessibilite version 2
SUCCESS [2023-10-25 21:11:55] $type
SUCCESS [2023-10-25 21:11:55] [1] "dodgr"
SUCCESS [2023-10-25 21:11:55] 
SUCCESS [2023-10-25 21:11:55] $path
SUCCESS [2023-10-25 21:11:55] /space_mounts/data/marseille//dodgr/
SUCCESS [2023-10-25 21:11:55] FALSE
SUCCESS [2023-10-25 21:11:55] 
SUCCESS [2023-10-25 21:11:55] $pg
SUCCESS [2023-10-25 21:11:55] NULL
SUCCESS [2023-10-25 21:11:55] 
SUCCESS [2023-10-25 21:11:55] $distances
SUCCESS [2023-10-25 21:11:55] [1] TRUE
SUCCESS [2023-10-25 21:11:55] 
SUCCESS [2023-10-25 21:11:55] $denivele
SUCCESS [2023-10-25 21:11:55] [1] TRUE
SUCCESS [2023-10-25 21:11:55] 
SUCCESS [2023-10-25 21:11:55] $pkg
SUCCESS [2023-10-25 21:11:55] [1] "dodgr"
SUCCESS [2023-10-25 21:11:55] 
SUCCESS [2023-10-25 21:11:55] $turn_penalty
SUCCESS [2023-10-25 21:11:55] [1] TRUE
SUCCESS [2023-10-25 21:11:55] 
SUCCESS [2023-10-25 21:11:55] $graph_name
SUCCESS [2023-10-25 21:11:55] /space_mounts/data/marseille//dodgr//marseille.bicycle.dodgrnet
SUCCESS [2023-10-25 21:11:55] FALSE
SUCCESS [2023-10-25 21:11:55] 
SUCCESS [2023-10-25 21:11:55] $string
SUCCESS [2023-10-25 21:11:55] dodgr routing bicycle sur /space_mounts/data/marseille//dodgr/ a 2023-10-25 21:11:46.992599
SUCCESS [2023-10-25 21:11:55] FALSE
SUCCESS [2023-10-25 21:11:55] 
SUCCESS [2023-10-25 21:11:55] $departure_datetime
SUCCESS [2023-10-25 21:11:55] [1] "2019-12-17 08:00:00 UTC"
SUCCESS [2023-10-25 21:11:55] 
SUCCESS [2023-10-25 21:11:55] $mode
SUCCESS [2023-10-25 21:11:55] [1] "bicycle"
SUCCESS [2023-10-25 21:11:55] 
SUCCESS [2023-10-25 21:11:55] $n_threads
SUCCESS [2023-10-25 21:11:55] [1] 8
SUCCESS [2023-10-25 21:11:55] 
SUCCESS [2023-10-25 21:11:55] $future
SUCCESS [2023-10-25 21:11:55] [1] TRUE
SUCCESS [2023-10-25 21:11:55] 
SUCCESS [2023-10-25 21:11:55] $future_routing
SUCCESS [2023-10-25 21:11:55] function (routing) 
SUCCESS [2023-10-25 21:11:55] {
SUCCESS [2023-10-25 21:11:55]     rout <- routing
SUCCESS [2023-10-25 21:11:55]     rout$processed_graph <- NULL
SUCCESS [2023-10-25 21:11:55]     rout$elevation_data <- NULL
SUCCESS [2023-10-25 21:11:55]     return(rout)
SUCCESS [2023-10-25 21:11:55] }
SUCCESS [2023-10-25 21:11:55] <bytecode: 0x5580d6d6a248>
SUCCESS [2023-10-25 21:11:55] <environment: 0x5580d6d63b28>
SUCCESS [2023-10-25 21:11:55] 
SUCCESS [2023-10-25 21:11:55] $core_init
SUCCESS [2023-10-25 21:11:55] function (routing) 
SUCCESS [2023-10-25 21:11:55] {
SUCCESS [2023-10-25 21:11:55]     RcppParallel::setThreadOptions(numThreads = routing$n_threads)
SUCCESS [2023-10-25 21:11:55]     rout <- routing
SUCCESS [2023-10-25 21:11:55]     rout$pg <- load_streetnet(routing$graph_name)
SUCCESS [2023-10-25 21:11:55]     if ("dz" %in% names(rout$pg$graph)) {
SUCCESS [2023-10-25 21:11:55]         rout$pg$graph$dzplus <- rout$pg$graph$dz * rout$pg$graph$d * 
SUCCESS [2023-10-25 21:11:55]             (rout$pg$graph$dz > 0)
SUCCESS [2023-10-25 21:11:55]         rout$pg$graph_compound$dzplus <- rout$pg$graph_compound$dz * 
SUCCESS [2023-10-25 21:11:55]             rout$pg$graph_compound$d * (rout$pg$graph_compound$dz > 
SUCCESS [2023-10-25 21:11:55]             0)
SUCCESS [2023-10-25 21:11:55]         rout$pg$graph_compound$dzplus[is.na(rout$pg$graph_compound$dzplus)] <- 0
SUCCESS [2023-10-25 21:11:55]     }
SUCCESS [2023-10-25 21:11:55]     logger::log_info("router {graph_name} chargé")
SUCCESS [2023-10-25 21:11:55]     return(rout)
SUCCESS [2023-10-25 21:11:55] }
SUCCESS [2023-10-25 21:11:55] <bytecode: 0x5580d6d66ed0>
SUCCESS [2023-10-25 21:11:55] <environment: 0x5580d6d63b28>
SUCCESS [2023-10-25 21:11:55] 
SUCCESS [2023-10-25 21:11:55] 
SUCCESS [2023-10-25 21:11:55] tmax:120
SUCCESS [2023-10-25 21:11:55] pdt:1
SUCCESS [2023-10-25 21:11:55] chunk:20M
SUCCESS [2023-10-25 21:11:55] resolution:200
SUCCESS [2023-10-25 21:11:55] out:200
SUCCESS [2023-10-25 21:11:55] les variables sont emplois
SUCCESS [2023-10-25 21:11:55] taille:333.6M gr:17 res_gr:12800
SUCCESS [2023-10-25 21:11:55] 26k ou, 12.8k quoi
SUCCESS [2023-10-25 21:11:55] 33 carreaux, 8 subsampling
SUCCESS [2023-10-25 21:11:55] future:TRUE, 3 workers
INFO [894] [2023-10-25 21:16:58] router /space_mounts/data/marseille//dodgr//marseille.bicycle.dodgrnet chargé
INFO [895] [2023-10-25 21:16:58] router /space_mounts/data/marseille//dodgr//marseille.bicycle.dodgrnet chargé
INFO [893] [2023-10-25 21:16:58] router /space_mounts/data/marseille//dodgr//marseille.bicycle.dodgrnet chargé
INFO [895] [2023-10-25 21:17:01] dodgr_ttm called, TRUE, 8x2310
INFO [894] [2023-10-25 21:17:01] dodgr_ttm called, FALSE, 1x12819
INFO [893] [2023-10-25 21:17:01] dodgr_ttm called, TRUE, 7x21
INFO [893] [2023-10-25 21:17:48] dodgr_ttm called, FALSE, 7x12829
INFO [895] [2023-10-25 21:17:50] dodgr_ttm called, FALSE, 8x12829
SUCCESS [894] [2023-10-25 21:20:02] carreau:N2252800E3891200 0 ancres 12.8k@71.2p/s demandees, 54@299.8mp/s retenues
INFO [894] [2023-10-25 21:20:08] dodgr_ttm called, TRUE, 8x637
INFO [895] [2023-10-25 21:20:34] dodgr_ttm called, FALSE, 713x4665
INFO [893] [2023-10-25 21:20:34] dodgr_ttm called, FALSE, 5x1751
INFO [894] [2023-10-25 21:20:42] dodgr_ttm called, FALSE, 8x12829
INFO [893] [2023-10-25 21:22:35] paquet:N2227200E3955200 ppou:15 ttm ok 8160
INFO [893] [2023-10-25 21:22:35] dodgr_ttm called, FALSE, 3x1850
INFO [894] [2023-10-25 21:23:30] dodgr_ttm called, FALSE, 107x3062
INFO [893] [2023-10-25 21:24:45] paquet:N2227200E3955200 ppou:16 ttm ok 5259
INFO [893] [2023-10-25 21:24:45] dodgr_ttm called, FALSE, 4x1897
INFO [893] [2023-10-25 21:26:34] paquet:N2227200E3955200 ppou:17 ttm ok 7061
INFO [893] [2023-10-25 21:26:34] dodgr_ttm called, FALSE, 6x2073
INFO [894] [2023-10-25 21:27:21] paquet:N2265600E3916800 ppou:8475 ttm ok 239397
INFO [894] [2023-10-25 21:27:21] dodgr_ttm called, FALSE, 107x1652
INFO [893] [2023-10-25 21:28:39] paquet:N2227200E3955200 ppou:20 ttm ok 10917
INFO [893] [2023-10-25 21:28:39] dodgr_ttm called, FALSE, 3x2028
INFO [893] [2023-10-25 21:30:30] paquet:N2227200E3955200 ppou:25 ttm ok 5645
SUCCESS [893] [2023-10-25 21:30:30] carreau:N2227200E3955200 5 ancres 130.2k@160.9p/s demandees, 51.8k@64p/s retenues
INFO [893] [2023-10-25 21:30:34] dodgr_ttm called, TRUE, 8x1333
