SUCCESS [2023-10-23 20:43:46] Calcul accessibilite version 2
SUCCESS [2023-10-23 20:43:46] $type
SUCCESS [2023-10-23 20:43:46] [1] "dodgr"
SUCCESS [2023-10-23 20:43:46] 
SUCCESS [2023-10-23 20:43:46] $path
SUCCESS [2023-10-23 20:43:46] /space_mounts/data/marseille//dodgr/
SUCCESS [2023-10-23 20:43:46] FALSE
SUCCESS [2023-10-23 20:43:46] 
SUCCESS [2023-10-23 20:43:46] $graph
SUCCESS [2023-10-23 20:43:46] NULL
SUCCESS [2023-10-23 20:43:46] 
SUCCESS [2023-10-23 20:43:46] $vertices
SUCCESS [2023-10-23 20:43:46] NULL
SUCCESS [2023-10-23 20:43:46] 
SUCCESS [2023-10-23 20:43:46] $distances
SUCCESS [2023-10-23 20:43:46] [1] TRUE
SUCCESS [2023-10-23 20:43:46] 
SUCCESS [2023-10-23 20:43:46] $denivele
SUCCESS [2023-10-23 20:43:46] [1] FALSE
SUCCESS [2023-10-23 20:43:46] 
SUCCESS [2023-10-23 20:43:46] $pkg
SUCCESS [2023-10-23 20:43:46] [1] "dodgr"
SUCCESS [2023-10-23 20:43:46] 
SUCCESS [2023-10-23 20:43:46] $turn_penalty
SUCCESS [2023-10-23 20:43:46] [1] TRUE
SUCCESS [2023-10-23 20:43:46] 
SUCCESS [2023-10-23 20:43:46] $graph_name
SUCCESS [2023-10-23 20:43:46] /space_mounts/data/marseille//dodgr//marseille.bicycle.dodgrnet
SUCCESS [2023-10-23 20:43:46] FALSE
SUCCESS [2023-10-23 20:43:46] 
SUCCESS [2023-10-23 20:43:46] $string
SUCCESS [2023-10-23 20:43:46] dodgr routing bicycle sur /space_mounts/data/marseille//dodgr/ a 2023-10-23 20:23:16.805439
SUCCESS [2023-10-23 20:43:46] FALSE
SUCCESS [2023-10-23 20:43:46] 
SUCCESS [2023-10-23 20:43:46] $departure_datetime
SUCCESS [2023-10-23 20:43:46] [1] "2019-12-17 08:00:00 UTC"
SUCCESS [2023-10-23 20:43:46] 
SUCCESS [2023-10-23 20:43:46] $mode
SUCCESS [2023-10-23 20:43:46] [1] "bicycle"
SUCCESS [2023-10-23 20:43:46] 
SUCCESS [2023-10-23 20:43:46] $n_threads
SUCCESS [2023-10-23 20:43:46] [1] 8
SUCCESS [2023-10-23 20:43:46] 
SUCCESS [2023-10-23 20:43:46] $future
SUCCESS [2023-10-23 20:43:46] [1] TRUE
SUCCESS [2023-10-23 20:43:46] 
SUCCESS [2023-10-23 20:43:46] $future_routing
SUCCESS [2023-10-23 20:43:46] function (routing) 
SUCCESS [2023-10-23 20:43:46] {
SUCCESS [2023-10-23 20:43:46]     rout <- routing
SUCCESS [2023-10-23 20:43:46]     rout$graph <- NULL
SUCCESS [2023-10-23 20:43:46]     rout$vertices <- NULL
SUCCESS [2023-10-23 20:43:46]     rout$elevation_data <- NULL
SUCCESS [2023-10-23 20:43:46]     return(rout)
SUCCESS [2023-10-23 20:43:46] }
SUCCESS [2023-10-23 20:43:46] <bytecode: 0x562ddc7d1b10>
SUCCESS [2023-10-23 20:43:46] <environment: 0x562dde3b1a50>
SUCCESS [2023-10-23 20:43:46] 
SUCCESS [2023-10-23 20:43:46] $core_init
SUCCESS [2023-10-23 20:43:46] function (routing) 
SUCCESS [2023-10-23 20:43:46] {
SUCCESS [2023-10-23 20:43:46]     RcppParallel::setThreadOptions(numThreads = routing$n_threads)
SUCCESS [2023-10-23 20:43:46]     rout <- routing
SUCCESS [2023-10-23 20:43:46]     net <- dgr_load_streetnet(routing$graph_name)
SUCCESS [2023-10-23 20:43:46]     rout$graph <- net$graph
SUCCESS [2023-10-23 20:43:46]     rout$vertices <- net$verts_c
SUCCESS [2023-10-23 20:43:46]     if ("dz" %in% names(rout$graph)) 
SUCCESS [2023-10-23 20:43:46]         rout$graph$dzplus <- rout$graph$dz * (rout$graph$dz > 
SUCCESS [2023-10-23 20:43:46]             0)
SUCCESS [2023-10-23 20:43:46]     logger::log_info("router {graph_name} chargé")
SUCCESS [2023-10-23 20:43:46]     return(rout)
SUCCESS [2023-10-23 20:43:46] }
SUCCESS [2023-10-23 20:43:46] <bytecode: 0x562ddc7d0ed0>
SUCCESS [2023-10-23 20:43:46] <environment: 0x562dde3b1a50>
SUCCESS [2023-10-23 20:43:46] 
SUCCESS [2023-10-23 20:43:46] 
SUCCESS [2023-10-23 20:43:46] tmax:120
SUCCESS [2023-10-23 20:43:46] pdt:1
SUCCESS [2023-10-23 20:43:46] chunk:20M
SUCCESS [2023-10-23 20:43:46] resolution:200
SUCCESS [2023-10-23 20:43:46] out:200
SUCCESS [2023-10-23 20:43:46] les variables sont emplois
SUCCESS [2023-10-23 20:43:46] taille:333.6M gr:17 res_gr:12800
SUCCESS [2023-10-23 20:43:46] 26k ou, 12.8k quoi
SUCCESS [2023-10-23 20:43:46] 33 carreaux, 8 subsampling
SUCCESS [2023-10-23 20:43:46] future:TRUE, 1 workers
INFO [6329] [2023-10-23 20:47:31] router /space_mounts/data/marseille//dodgr//marseille.bicycle.dodgrnet chargé
INFO [6329] [2023-10-23 20:47:33] dodgr_ttm called, TRUE, 7x21
INFO [6329] [2023-10-23 20:49:52] dodgr_ttm called, FALSE, 7x12829
INFO [6329] [2023-10-23 20:54:11] dodgr_ttm called, FALSE, 5x1862
INFO [6329] [2023-10-23 20:57:51] paquet:N2227200E3955200 ppou:5 ttm ok 9224
INFO [6329] [2023-10-23 20:57:51] dodgr_ttm called, FALSE, 3x1797
