SUCCESS [2024-03-07 11:47:09] Calcul accessibilite version 2
SUCCESS [2024-03-07 11:47:09] $type
SUCCESS [2024-03-07 11:47:09] [1] "r5"
SUCCESS [2024-03-07 11:47:09] 
SUCCESS [2024-03-07 11:47:09] $path
SUCCESS [2024-03-07 11:47:09] ~/files/localr5/
SUCCESS [2024-03-07 11:47:09] FALSE
SUCCESS [2024-03-07 11:47:09] 
SUCCESS [2024-03-07 11:47:09] $string
SUCCESS [2024-03-07 11:47:09] r5 routing WALK&TRANSIT sur ~/files/localr5/ a 2024-03-07 11:47:09.920673
SUCCESS [2024-03-07 11:47:09] FALSE
SUCCESS [2024-03-07 11:47:09] 
SUCCESS [2024-03-07 11:47:09] $core
SUCCESS [2024-03-07 11:47:09] [1] "Java-Object{org.ipea.r5r.R5RCore@55b53d44}"
SUCCESS [2024-03-07 11:47:09] 
SUCCESS [2024-03-07 11:47:09] $montecarlo
SUCCESS [2024-03-07 11:47:09] [1] 5
SUCCESS [2024-03-07 11:47:09] 
SUCCESS [2024-03-07 11:47:09] $time_window
SUCCESS [2024-03-07 11:47:09] [1] 1
SUCCESS [2024-03-07 11:47:09] 
SUCCESS [2024-03-07 11:47:09] $departure_datetime
SUCCESS [2024-03-07 11:47:09] [1] "2023-06-14 08:00:00 UTC"
SUCCESS [2024-03-07 11:47:09] 
SUCCESS [2024-03-07 11:47:09] $mode
SUCCESS [2024-03-07 11:47:09] [1] "WALK"    "TRANSIT"
SUCCESS [2024-03-07 11:47:09] 
SUCCESS [2024-03-07 11:47:09] $percentiles
SUCCESS [2024-03-07 11:47:09] [1] 0.5
SUCCESS [2024-03-07 11:47:09] 
SUCCESS [2024-03-07 11:47:09] $max_walk_time
SUCCESS [2024-03-07 11:47:09] [1] Inf
SUCCESS [2024-03-07 11:47:09] 
SUCCESS [2024-03-07 11:47:09] $walk_speed
SUCCESS [2024-03-07 11:47:09] [1] 5
SUCCESS [2024-03-07 11:47:09] 
SUCCESS [2024-03-07 11:47:09] $bike_speed
SUCCESS [2024-03-07 11:47:09] [1] 12
SUCCESS [2024-03-07 11:47:09] 
SUCCESS [2024-03-07 11:47:09] $max_rides
SUCCESS [2024-03-07 11:47:09] [1] 3
SUCCESS [2024-03-07 11:47:09] 
SUCCESS [2024-03-07 11:47:09] $max_lts
SUCCESS [2024-03-07 11:47:09] [1] 2
SUCCESS [2024-03-07 11:47:09] 
SUCCESS [2024-03-07 11:47:09] $elevation
SUCCESS [2024-03-07 11:47:09] [1] "NONE"
SUCCESS [2024-03-07 11:47:09] 
SUCCESS [2024-03-07 11:47:09] $elevation_tif
SUCCESS [2024-03-07 11:47:09] NULL
SUCCESS [2024-03-07 11:47:09] 
SUCCESS [2024-03-07 11:47:09] $pkg
SUCCESS [2024-03-07 11:47:09] [1] "r5r"   "rJava"
SUCCESS [2024-03-07 11:47:09] 
SUCCESS [2024-03-07 11:47:09] $dfMaxLength
SUCCESS [2024-03-07 11:47:09] [1] 10
SUCCESS [2024-03-07 11:47:09] 
SUCCESS [2024-03-07 11:47:09] $extended
SUCCESS [2024-03-07 11:47:09] [1] TRUE
SUCCESS [2024-03-07 11:47:09] 
SUCCESS [2024-03-07 11:47:09] $elevation_data
SUCCESS [2024-03-07 11:47:09] NULL
SUCCESS [2024-03-07 11:47:09] 
SUCCESS [2024-03-07 11:47:09] $max_rows
SUCCESS [2024-03-07 11:47:09] [1] 5000
SUCCESS [2024-03-07 11:47:09] 
SUCCESS [2024-03-07 11:47:09] $n_threads
SUCCESS [2024-03-07 11:47:09] [1] 16
SUCCESS [2024-03-07 11:47:09] 
SUCCESS [2024-03-07 11:47:09] $future
SUCCESS [2024-03-07 11:47:09] [1] TRUE
SUCCESS [2024-03-07 11:47:09] 
SUCCESS [2024-03-07 11:47:09] $jMem
SUCCESS [2024-03-07 11:47:09] [1] "12G"
SUCCESS [2024-03-07 11:47:09] 
SUCCESS [2024-03-07 11:47:09] $r5r_jar
SUCCESS [2024-03-07 11:47:09] [1] "/usr/local/lib/R/site-library/r5r/jar/r5r_0_6_0.jar"
SUCCESS [2024-03-07 11:47:09] 
SUCCESS [2024-03-07 11:47:09] $r5_jar
SUCCESS [2024-03-07 11:47:09] character(0)
SUCCESS [2024-03-07 11:47:09] 
SUCCESS [2024-03-07 11:47:09] $future_routing
SUCCESS [2024-03-07 11:47:09] function(routing) {
SUCCESS [2024-03-07 11:47:09]       rout <- routing
SUCCESS [2024-03-07 11:47:09]       rout$elevation_data <- NULL
SUCCESS [2024-03-07 11:47:09]       return(rout)}
SUCCESS [2024-03-07 11:47:09] <bytecode: 0x563a0edab870>
SUCCESS [2024-03-07 11:47:09] <environment: 0x563a13860908>
SUCCESS [2024-03-07 11:47:09] 
SUCCESS [2024-03-07 11:47:09] $core_init
SUCCESS [2024-03-07 11:47:09] function(routing){
SUCCESS [2024-03-07 11:47:09]       options(java.parameters = glue::glue('-Xmx{routing$jMem}'))
SUCCESS [2024-03-07 11:47:09]       rJava::.jinit(silent=TRUE)
SUCCESS [2024-03-07 11:47:09]       r5r::stop_r5()
SUCCESS [2024-03-07 11:47:09]       rJava::.jgc(R.gc = TRUE)
SUCCESS [2024-03-07 11:47:09]       options(r5r.montecarlo_draws = routing$montecarlo)
SUCCESS [2024-03-07 11:47:09]       core <- r5r::setup_r5(data_path = routing$path, verbose=FALSE,
SUCCESS [2024-03-07 11:47:09]                             elevation=routing$elevation)
SUCCESS [2024-03-07 11:47:09]       out <- routing
SUCCESS [2024-03-07 11:47:09]       out$core <- core
SUCCESS [2024-03-07 11:47:09]       if(!is.null(routing$elevation_tif))
SUCCESS [2024-03-07 11:47:09]         out$elevation_data <- terra::rast(str_c(routing$path, "/", routing$elevation_tif))
SUCCESS [2024-03-07 11:47:09]       return(out)
SUCCESS [2024-03-07 11:47:09]     }
SUCCESS [2024-03-07 11:47:09] <bytecode: 0x563a0eda79f8>
SUCCESS [2024-03-07 11:47:09] <environment: 0x563a13860908>
SUCCESS [2024-03-07 11:47:09] 
SUCCESS [2024-03-07 11:47:09] 
SUCCESS [2024-03-07 11:47:09] tmax:120
SUCCESS [2024-03-07 11:47:09] pdt:1
SUCCESS [2024-03-07 11:47:10] chunk:1M
SUCCESS [2024-03-07 11:47:10] resolution:200
SUCCESS [2024-03-07 11:47:10] out:200
SUCCESS [2024-03-07 11:47:10] les variables sont emp_resident
SUCCESS [2024-03-07 11:47:10] taille:881.4M gr:881 res_gr:1600
SUCCESS [2024-03-07 11:47:10] 26k ou, 34.9k quoi
SUCCESS [2024-03-07 11:47:10] 1095 carreaux, 1 subsampling
SUCCESS [2024-03-07 11:47:10] future:TRUE, 1 workers
SUCCESS [256713] [2024-03-07 11:47:15] carreau:N2238400E3961600 dossier:transit
SUCCESS [256713] [2024-03-07 11:47:15] carreau:N2238400E3960000 dossier:transit
SUCCESS [256713] [2024-03-07 11:47:16] carreau:N2240000E3960000 dossier:transit
SUCCESS [256713] [2024-03-07 11:47:16] carreau:N2240000E3961600 dossier:transit
SUCCESS [256713] [2024-03-07 11:47:17] carreau:N2240000E3963200 dossier:transit
SUCCESS [256713] [2024-03-07 11:47:17] carreau:N2240000E3968000 dossier:transit
SUCCESS [256713] [2024-03-07 11:47:18] carreau:N2240000E3966400 dossier:transit
SUCCESS [256713] [2024-03-07 11:47:18] carreau:N2240000E3964800 dossier:transit
SUCCESS [256713] [2024-03-07 11:47:19] carreau:N2241600E3961600 dossier:transit
SUCCESS [256713] [2024-03-07 11:47:20] carreau:N2241600E3963200 dossier:transit
SUCCESS [256713] [2024-03-07 11:47:20] carreau:N2241600E3964800 dossier:transit
SUCCESS [256713] [2024-03-07 11:47:21] carreau:N2241600E3966400 dossier:transit
SUCCESS [256713] [2024-03-07 11:47:21] carreau:N2241600E3968000 dossier:transit
SUCCESS [256713] [2024-03-07 11:47:22] carreau:N2241600E3960000 dossier:transit
SUCCESS [256713] [2024-03-07 11:47:22] carreau:N2243200E3961600 dossier:transit
SUCCESS [256713] [2024-03-07 11:47:23] carreau:N2243200E3963200 dossier:transit
SUCCESS [256713] [2024-03-07 11:47:23] carreau:N2243200E3964800 dossier:transit
SUCCESS [256713] [2024-03-07 11:47:24] carreau:N2243200E3966400 dossier:transit
SUCCESS [256713] [2024-03-07 11:47:24] carreau:N2243200E3955200 dossier:transit
SUCCESS [256713] [2024-03-07 11:47:25] carreau:N2243200E3958400 dossier:transit
SUCCESS [256713] [2024-03-07 11:47:25] carreau:N2243200E3956800 dossier:transit
SUCCESS [256713] [2024-03-07 11:47:26] carreau:N2244800E3956800 dossier:transit
SUCCESS [256713] [2024-03-07 11:47:26] carreau:N2244800E3958400 dossier:transit
SUCCESS [256713] [2024-03-07 11:47:27] carreau:N2244800E3963200 dossier:transit
SUCCESS [256713] [2024-03-07 11:47:27] carreau:N2244800E3964800 dossier:transit
SUCCESS [256713] [2024-03-07 11:47:28] carreau:N2244800E3966400 dossier:transit
SUCCESS [256713] [2024-03-07 11:47:28] carreau:N2244800E3947200 dossier:transit
SUCCESS [256713] [2024-03-07 11:47:29] carreau:N2244800E3948800 dossier:transit
SUCCESS [256713] [2024-03-07 11:47:30] carreau:N2244800E3960000 dossier:transit
SUCCESS [256713] [2024-03-07 11:47:30] carreau:N2244800E3942400 dossier:transit
SUCCESS [256713] [2024-03-07 11:47:31] carreau:N2244800E3940800 dossier:transit
SUCCESS [256713] [2024-03-07 11:47:31] carreau:N2244800E3953600 dossier:transit
SUCCESS [256713] [2024-03-07 11:47:32] carreau:N2244800E3968000 dossier:transit
SUCCESS [256713] [2024-03-07 11:47:32] carreau:N2244800E3945600 dossier:transit
SUCCESS [256713] [2024-03-07 11:47:33] carreau:N2246400E3945600 dossier:transit
SUCCESS [256713] [2024-03-07 11:47:33] carreau:N2246400E3947200 dossier:transit
SUCCESS [256713] [2024-03-07 11:47:34] carreau:N2246400E3948800 dossier:transit
SUCCESS [256713] [2024-03-07 11:47:34] carreau:N2246400E3956800 dossier:transit
SUCCESS [256713] [2024-03-07 11:47:35] carreau:N2246400E3958400 dossier:transit
SUCCESS [256713] [2024-03-07 11:47:35] carreau:N2246400E3960000 dossier:transit
SUCCESS [256713] [2024-03-07 11:47:36] carreau:N2246400E3968000 dossier:transit
SUCCESS [256713] [2024-03-07 11:47:36] carreau:N2246400E3940800 dossier:transit
SUCCESS [256713] [2024-03-07 11:47:37] carreau:N2246400E3942400 dossier:transit
SUCCESS [256713] [2024-03-07 11:47:37] carreau:N2246400E3961600 dossier:transit
SUCCESS [256713] [2024-03-07 11:47:38] carreau:N2246400E3953600 dossier:transit
SUCCESS [256713] [2024-03-07 11:47:39] carreau:N2246400E3944000 dossier:transit
SUCCESS [256713] [2024-03-07 11:47:39] carreau:N2246400E3963200 dossier:transit
SUCCESS [256713] [2024-03-07 11:47:40] carreau:N2248000E3942400 dossier:transit
SUCCESS [256713] [2024-03-07 11:47:40] carreau:N2248000E3944000 dossier:transit
SUCCESS [256713] [2024-03-07 11:47:41] carreau:N2248000E3945600 dossier:transit
SUCCESS [256713] [2024-03-07 11:47:41] carreau:N2248000E3947200 dossier:transit
SUCCESS [256713] [2024-03-07 11:47:42] carreau:N2248000E3958400 dossier:transit
SUCCESS [256713] [2024-03-07 11:47:42] carreau:N2248000E3960000 dossier:transit
SUCCESS [256713] [2024-03-07 11:47:43] carreau:N2248000E3961600 dossier:transit
SUCCESS [256713] [2024-03-07 11:47:43] carreau:N2248000E3963200 dossier:transit
SUCCESS [256713] [2024-03-07 11:47:44] carreau:N2248000E3950400 dossier:transit
SUCCESS [256713] [2024-03-07 11:47:44] carreau:N2248000E3964800 dossier:transit
SUCCESS [256713] [2024-03-07 11:47:45] carreau:N2248000E3968000 dossier:transit
SUCCESS [256713] [2024-03-07 11:47:45] carreau:N2248000E3971200 dossier:transit
SUCCESS [256713] [2024-03-07 11:47:46] carreau:N2248000E3955200 dossier:transit
SUCCESS [256713] [2024-03-07 11:47:47] carreau:N2248000E3948800 dossier:transit
SUCCESS [256713] [2024-03-07 11:47:47] carreau:N2248000E3966400 dossier:transit
SUCCESS [256713] [2024-03-07 11:47:48] carreau:N2248000E3969600 dossier:transit
SUCCESS [256713] [2024-03-07 11:47:48] carreau:N2248000E3972800 dossier:transit
SUCCESS [256713] [2024-03-07 11:47:49] carreau:N2248000E3974400 dossier:transit
SUCCESS [256713] [2024-03-07 11:47:49] carreau:N2249600E3944000 dossier:transit
SUCCESS [256713] [2024-03-07 11:47:50] carreau:N2249600E3945600 dossier:transit
SUCCESS [256713] [2024-03-07 11:47:50] carreau:N2249600E3947200 dossier:transit
SUCCESS [256713] [2024-03-07 11:47:51] carreau:N2249600E3948800 dossier:transit
SUCCESS [256713] [2024-03-07 11:47:51] carreau:N2249600E3958400 dossier:transit
SUCCESS [256713] [2024-03-07 11:47:52] carreau:N2249600E3960000 dossier:transit
SUCCESS [256713] [2024-03-07 11:47:52] carreau:N2249600E3963200 dossier:transit
SUCCESS [256713] [2024-03-07 11:47:53] carreau:N2249600E3964800 dossier:transit
SUCCESS [256713] [2024-03-07 11:47:53] carreau:N2249600E3969600 dossier:transit
SUCCESS [256713] [2024-03-07 11:47:54] carreau:N2249600E3971200 dossier:transit
SUCCESS [256713] [2024-03-07 11:47:54] carreau:N2249600E3972800 dossier:transit
SUCCESS [256713] [2024-03-07 11:47:55] carreau:N2249600E3968000 dossier:transit
SUCCESS [256713] [2024-03-07 11:47:56] carreau:N2249600E3956800 dossier:transit
SUCCESS [256713] [2024-03-07 11:47:56] carreau:N2249600E3966400 dossier:transit
SUCCESS [256713] [2024-03-07 11:47:57] carreau:N2249600E3974400 dossier:transit
SUCCESS [256713] [2024-03-07 11:47:57] carreau:N2251200E3944000 dossier:transit
SUCCESS [256713] [2024-03-07 11:47:58] carreau:N2251200E3945600 dossier:transit
SUCCESS [256713] [2024-03-07 11:47:58] carreau:N2251200E3947200 dossier:transit
SUCCESS [256713] [2024-03-07 11:47:59] carreau:N2251200E3948800 dossier:transit
SUCCESS [256713] [2024-03-07 11:47:59] carreau:N2251200E3956800 dossier:transit
SUCCESS [256713] [2024-03-07 11:48:00] carreau:N2251200E3958400 dossier:transit
SUCCESS [256713] [2024-03-07 11:48:00] carreau:N2251200E3960000 dossier:transit
SUCCESS [256713] [2024-03-07 11:48:01] carreau:N2251200E3961600 dossier:transit
SUCCESS [256713] [2024-03-07 11:48:01] carreau:N2251200E3963200 dossier:transit
SUCCESS [256713] [2024-03-07 11:48:02] carreau:N2251200E3964800 dossier:transit
SUCCESS [256713] [2024-03-07 11:48:02] carreau:N2251200E3968000 dossier:transit
SUCCESS [256713] [2024-03-07 11:48:03] carreau:N2251200E3969600 dossier:transit
SUCCESS [256713] [2024-03-07 11:48:03] carreau:N2251200E3971200 dossier:transit
SUCCESS [256713] [2024-03-07 11:48:04] carreau:N2251200E3972800 dossier:transit
SUCCESS [256713] [2024-03-07 11:48:04] carreau:N2251200E3974400 dossier:transit
SUCCESS [256713] [2024-03-07 11:48:05] carreau:N2251200E3950400 dossier:transit
SUCCESS [256713] [2024-03-07 11:48:06] carreau:N2251200E3955200 dossier:transit
SUCCESS [256713] [2024-03-07 11:48:06] carreau:N2251200E3953600 dossier:transit
SUCCESS [256713] [2024-03-07 11:48:07] carreau:N2251200E3942400 dossier:transit
SUCCESS [256713] [2024-03-07 11:48:07] carreau:N2251200E3952000 dossier:transit
SUCCESS [256713] [2024-03-07 11:48:08] carreau:N2252800E3942400 dossier:transit
SUCCESS [256713] [2024-03-07 11:48:08] carreau:N2252800E3944000 dossier:transit
SUCCESS [256713] [2024-03-07 11:48:09] carreau:N2252800E3945600 dossier:transit
SUCCESS [256713] [2024-03-07 11:48:09] carreau:N2252800E3947200 dossier:transit
SUCCESS [256713] [2024-03-07 11:48:10] carreau:N2252800E3948800 dossier:transit
SUCCESS [256713] [2024-03-07 11:48:10] carreau:N2252800E3950400 dossier:transit
SUCCESS [256713] [2024-03-07 11:48:11] carreau:N2252800E3952000 dossier:transit
SUCCESS [256713] [2024-03-07 11:48:11] carreau:N2252800E3953600 dossier:transit
SUCCESS [256713] [2024-03-07 11:48:12] carreau:N2252800E3955200 dossier:transit
SUCCESS [256713] [2024-03-07 11:48:12] carreau:N2252800E3956800 dossier:transit
SUCCESS [256713] [2024-03-07 11:48:13] carreau:N2252800E3958400 dossier:transit
SUCCESS [256713] [2024-03-07 11:48:13] carreau:N2252800E3960000 dossier:transit
SUCCESS [256713] [2024-03-07 11:48:14] carreau:N2252800E3961600 dossier:transit
SUCCESS [256713] [2024-03-07 11:48:14] carreau:N2252800E3963200 dossier:transit
SUCCESS [256713] [2024-03-07 11:48:15] carreau:N2252800E3964800 dossier:transit
SUCCESS [256713] [2024-03-07 11:48:16] carreau:N2252800E3966400 dossier:transit
SUCCESS [256713] [2024-03-07 11:48:16] carreau:N2252800E3937600 dossier:transit
SUCCESS [256713] [2024-03-07 11:48:17] carreau:N2252800E3972800 dossier:transit
SUCCESS [256713] [2024-03-07 11:48:17] carreau:N2252800E3939200 dossier:transit
SUCCESS [256713] [2024-03-07 11:48:18] carreau:N2254400E3942400 dossier:transit
SUCCESS [256713] [2024-03-07 11:48:18] carreau:N2254400E3944000 dossier:transit
SUCCESS [256713] [2024-03-07 11:48:19] carreau:N2254400E3945600 dossier:transit
SUCCESS [256713] [2024-03-07 11:48:19] carreau:N2254400E3947200 dossier:transit
SUCCESS [256713] [2024-03-07 11:48:20] carreau:N2254400E3948800 dossier:transit
SUCCESS [256713] [2024-03-07 11:48:20] carreau:N2254400E3950400 dossier:transit
SUCCESS [256713] [2024-03-07 11:48:21] carreau:N2254400E3952000 dossier:transit
SUCCESS [256713] [2024-03-07 11:48:21] carreau:N2254400E3953600 dossier:transit
SUCCESS [256713] [2024-03-07 11:48:22] carreau:N2254400E3955200 dossier:transit
SUCCESS [256713] [2024-03-07 11:48:22] carreau:N2254400E3956800 dossier:transit
SUCCESS [256713] [2024-03-07 11:48:23] carreau:N2254400E3958400 dossier:transit
SUCCESS [256713] [2024-03-07 11:48:23] carreau:N2254400E3960000 dossier:transit
SUCCESS [256713] [2024-03-07 11:48:24] carreau:N2254400E3961600 dossier:transit
SUCCESS [256713] [2024-03-07 11:48:24] carreau:N2254400E3963200 dossier:transit
SUCCESS [256713] [2024-03-07 11:48:25] carreau:N2254400E3964800 dossier:transit
SUCCESS [256713] [2024-03-07 11:48:25] carreau:N2256000E3944000 dossier:transit
SUCCESS [256713] [2024-03-07 11:48:26] carreau:N2256000E3945600 dossier:transit
SUCCESS [256713] [2024-03-07 11:48:27] carreau:N2256000E3947200 dossier:transit
SUCCESS [256713] [2024-03-07 11:48:27] carreau:N2256000E3948800 dossier:transit
SUCCESS [256713] [2024-03-07 11:48:28] carreau:N2256000E3950400 dossier:transit
SUCCESS [256713] [2024-03-07 11:48:28] carreau:N2256000E3952000 dossier:transit
SUCCESS [256713] [2024-03-07 11:48:29] carreau:N2256000E3955200 dossier:transit
SUCCESS [256713] [2024-03-07 11:48:29] carreau:N2256000E3956800 dossier:transit
SUCCESS [256713] [2024-03-07 11:48:30] carreau:N2256000E3958400 dossier:transit
SUCCESS [256713] [2024-03-07 11:48:30] carreau:N2256000E3960000 dossier:transit
SUCCESS [256713] [2024-03-07 11:48:31] carreau:N2256000E3961600 dossier:transit
SUCCESS [256713] [2024-03-07 11:48:31] carreau:N2256000E3963200 dossier:transit
SUCCESS [256713] [2024-03-07 11:48:32] carreau:N2256000E3953600 dossier:transit
SUCCESS [256713] [2024-03-07 11:48:32] carreau:N2256000E3964800 dossier:transit
SUCCESS [256713] [2024-03-07 11:48:33] carreau:N2256000E3969600 dossier:transit
SUCCESS [256713] [2024-03-07 11:48:33] carreau:N2257600E3944000 dossier:transit
SUCCESS [256713] [2024-03-07 11:48:34] carreau:N2257600E3945600 dossier:transit
SUCCESS [256713] [2024-03-07 11:48:35] carreau:N2257600E3947200 dossier:transit
SUCCESS [256713] [2024-03-07 11:48:35] carreau:N2257600E3948800 dossier:transit
SUCCESS [256713] [2024-03-07 11:48:36] carreau:N2257600E3950400 dossier:transit
SUCCESS [256713] [2024-03-07 11:48:36] carreau:N2257600E3952000 dossier:transit
SUCCESS [256713] [2024-03-07 11:48:37] carreau:N2257600E3953600 dossier:transit
SUCCESS [256713] [2024-03-07 11:48:37] carreau:N2257600E3960000 dossier:transit
SUCCESS [256713] [2024-03-07 11:48:38] carreau:N2257600E3961600 dossier:transit
SUCCESS [256713] [2024-03-07 11:48:39] carreau:N2257600E3963200 dossier:transit
SUCCESS [256713] [2024-03-07 11:48:39] carreau:N2257600E3964800 dossier:transit
SUCCESS [256713] [2024-03-07 11:48:40] carreau:N2257600E3966400 dossier:transit
SUCCESS [256713] [2024-03-07 11:48:40] carreau:N2257600E3955200 dossier:transit
SUCCESS [256713] [2024-03-07 11:48:41] carreau:N2257600E3942400 dossier:transit
SUCCESS [256713] [2024-03-07 11:48:41] carreau:N2257600E3968000 dossier:transit
SUCCESS [256713] [2024-03-07 11:48:42] carreau:N2257600E3972800 dossier:transit
SUCCESS [256713] [2024-03-07 11:48:42] carreau:N2259200E3924800 dossier:transit
SUCCESS [256713] [2024-03-07 11:48:43] carreau:N2259200E3926400 dossier:transit
SUCCESS [256713] [2024-03-07 11:48:43] carreau:N2259200E3928000 dossier:transit
SUCCESS [256713] [2024-03-07 11:48:44] carreau:N2259200E3931200 dossier:transit
SUCCESS [256713] [2024-03-07 11:48:45] carreau:N2259200E3942400 dossier:transit
SUCCESS [256713] [2024-03-07 11:48:45] carreau:N2259200E3944000 dossier:transit
SUCCESS [256713] [2024-03-07 11:48:46] carreau:N2259200E3945600 dossier:transit
SUCCESS [256713] [2024-03-07 11:48:46] carreau:N2259200E3947200 dossier:transit
SUCCESS [256713] [2024-03-07 11:48:47] carreau:N2259200E3948800 dossier:transit
SUCCESS [256713] [2024-03-07 11:48:47] carreau:N2259200E3950400 dossier:transit
SUCCESS [256713] [2024-03-07 11:48:48] carreau:N2259200E3952000 dossier:transit
SUCCESS [256713] [2024-03-07 11:48:48] carreau:N2259200E3953600 dossier:transit
SUCCESS [256713] [2024-03-07 11:48:49] carreau:N2259200E3960000 dossier:transit
SUCCESS [256713] [2024-03-07 11:48:49] carreau:N2259200E3961600 dossier:transit
SUCCESS [256713] [2024-03-07 11:48:50] carreau:N2259200E3963200 dossier:transit
SUCCESS [256713] [2024-03-07 11:48:50] carreau:N2259200E3964800 dossier:transit
SUCCESS [256713] [2024-03-07 11:48:51] carreau:N2259200E3966400 dossier:transit
SUCCESS [256713] [2024-03-07 11:48:52] carreau:N2259200E3968000 dossier:transit
SUCCESS [256713] [2024-03-07 11:48:52] carreau:N2259200E3929600 dossier:transit
SUCCESS [256713] [2024-03-07 11:48:53] carreau:N2259200E3921600 dossier:transit
SUCCESS [256713] [2024-03-07 11:48:53] carreau:N2259200E3923200 dossier:transit
SUCCESS [256713] [2024-03-07 11:48:54] carreau:N2259200E3955200 dossier:transit
SUCCESS [256713] [2024-03-07 11:48:54] carreau:N2259200E3918400 dossier:transit
SUCCESS [256713] [2024-03-07 11:48:55] carreau:N2259200E3920000 dossier:transit
SUCCESS [256713] [2024-03-07 11:48:55] carreau:N2259200E3916800 dossier:transit
SUCCESS [256713] [2024-03-07 11:48:56] carreau:N2259200E3934400 dossier:transit
SUCCESS [256713] [2024-03-07 11:48:56] carreau:N2260800E3916800 dossier:transit
SUCCESS [256713] [2024-03-07 11:48:57] carreau:N2260800E3918400 dossier:transit
SUCCESS [256713] [2024-03-07 11:48:57] carreau:N2260800E3920000 dossier:transit
SUCCESS [256713] [2024-03-07 11:48:58] carreau:N2260800E3921600 dossier:transit
SUCCESS [256713] [2024-03-07 11:48:58] carreau:N2260800E3923200 dossier:transit
SUCCESS [256713] [2024-03-07 11:48:59] carreau:N2260800E3928000 dossier:transit
SUCCESS [256713] [2024-03-07 11:49:00] carreau:N2260800E3929600 dossier:transit
SUCCESS [256713] [2024-03-07 11:49:00] carreau:N2260800E3931200 dossier:transit
SUCCESS [256713] [2024-03-07 11:49:01] carreau:N2260800E3932800 dossier:transit
SUCCESS [256713] [2024-03-07 11:49:01] carreau:N2260800E3934400 dossier:transit
SUCCESS [256713] [2024-03-07 11:49:02] carreau:N2260800E3942400 dossier:transit
SUCCESS [256713] [2024-03-07 11:49:02] carreau:N2260800E3944000 dossier:transit
SUCCESS [256713] [2024-03-07 11:49:03] carreau:N2260800E3945600 dossier:transit
SUCCESS [256713] [2024-03-07 11:49:03] carreau:N2260800E3947200 dossier:transit
SUCCESS [256713] [2024-03-07 11:49:04] carreau:N2260800E3948800 dossier:transit
SUCCESS [256713] [2024-03-07 11:49:04] carreau:N2260800E3950400 dossier:transit
SUCCESS [256713] [2024-03-07 11:49:05] carreau:N2260800E3952000 dossier:transit
SUCCESS [256713] [2024-03-07 11:49:05] carreau:N2260800E3953600 dossier:transit
SUCCESS [256713] [2024-03-07 11:49:06] carreau:N2260800E3963200 dossier:transit
SUCCESS [256713] [2024-03-07 11:49:06] carreau:N2260800E3964800 dossier:transit
SUCCESS [256713] [2024-03-07 11:49:07] carreau:N2260800E3966400 dossier:transit
SUCCESS [256713] [2024-03-07 11:49:08] carreau:N2260800E3968000 dossier:transit
SUCCESS [256713] [2024-03-07 11:49:08] carreau:N2260800E3969600 dossier:transit
SUCCESS [256713] [2024-03-07 11:49:09] carreau:N2260800E3924800 dossier:transit
SUCCESS [256713] [2024-03-07 11:49:09] carreau:N2260800E3940800 dossier:transit
SUCCESS [256713] [2024-03-07 11:49:10] carreau:N2260800E3960000 dossier:transit
SUCCESS [256713] [2024-03-07 11:49:10] carreau:N2260800E3971200 dossier:transit
SUCCESS [256713] [2024-03-07 11:49:11] carreau:N2260800E3972800 dossier:transit
SUCCESS [256713] [2024-03-07 11:49:11] carreau:N2260800E3955200 dossier:transit
SUCCESS [256713] [2024-03-07 11:49:12] carreau:N2260800E3936000 dossier:transit
SUCCESS [256713] [2024-03-07 11:49:12] carreau:N2260800E3937600 dossier:transit
SUCCESS [256713] [2024-03-07 11:49:13] carreau:N2260800E3939200 dossier:transit
SUCCESS [256713] [2024-03-07 11:49:13] carreau:N2260800E3961600 dossier:transit
SUCCESS [256713] [2024-03-07 11:49:14] carreau:N2260800E3958400 dossier:transit
SUCCESS [256713] [2024-03-07 11:49:14] carreau:N2262400E3918400 dossier:transit
SUCCESS [256713] [2024-03-07 11:49:15] carreau:N2262400E3929600 dossier:transit
SUCCESS [256713] [2024-03-07 11:49:16] carreau:N2262400E3932800 dossier:transit
SUCCESS [256713] [2024-03-07 11:49:16] carreau:N2262400E3939200 dossier:transit
SUCCESS [256713] [2024-03-07 11:49:17] carreau:N2262400E3940800 dossier:transit
SUCCESS [256713] [2024-03-07 11:49:17] carreau:N2262400E3942400 dossier:transit
SUCCESS [256713] [2024-03-07 11:49:18] carreau:N2262400E3944000 dossier:transit
SUCCESS [256713] [2024-03-07 11:49:18] carreau:N2262400E3950400 dossier:transit
SUCCESS [256713] [2024-03-07 11:49:19] carreau:N2262400E3955200 dossier:transit
SUCCESS [256713] [2024-03-07 11:49:19] carreau:N2262400E3958400 dossier:transit
SUCCESS [256713] [2024-03-07 11:49:20] carreau:N2262400E3960000 dossier:transit
SUCCESS [256713] [2024-03-07 11:49:20] carreau:N2262400E3961600 dossier:transit
SUCCESS [256713] [2024-03-07 11:49:21] carreau:N2262400E3963200 dossier:transit
SUCCESS [256713] [2024-03-07 11:49:21] carreau:N2262400E3964800 dossier:transit
SUCCESS [256713] [2024-03-07 11:49:22] carreau:N2262400E3966400 dossier:transit
SUCCESS [256713] [2024-03-07 11:49:22] carreau:N2262400E3968000 dossier:transit
SUCCESS [256713] [2024-03-07 11:49:23] carreau:N2262400E3969600 dossier:transit
SUCCESS [256713] [2024-03-07 11:49:24] carreau:N2262400E3971200 dossier:transit
SUCCESS [256713] [2024-03-07 11:49:24] carreau:N2262400E3972800 dossier:transit
SUCCESS [256713] [2024-03-07 11:49:25] carreau:N2262400E3915200 dossier:transit
SUCCESS [256713] [2024-03-07 11:49:25] carreau:N2262400E3916800 dossier:transit
SUCCESS [256713] [2024-03-07 11:49:26] carreau:N2262400E3934400 dossier:transit
SUCCESS [256713] [2024-03-07 11:49:26] carreau:N2262400E3945600 dossier:transit
SUCCESS [256713] [2024-03-07 11:49:27] carreau:N2262400E3921600 dossier:transit
SUCCESS [256713] [2024-03-07 11:49:27] carreau:N2262400E3923200 dossier:transit
SUCCESS [256713] [2024-03-07 11:49:28] carreau:N2262400E3936000 dossier:transit
SUCCESS [256713] [2024-03-07 11:49:28] carreau:N2262400E3920000 dossier:transit
SUCCESS [256713] [2024-03-07 11:49:29] carreau:N2262400E3953600 dossier:transit
SUCCESS [256713] [2024-03-07 11:49:29] carreau:N2264000E3916800 dossier:transit
SUCCESS [256713] [2024-03-07 11:49:30] carreau:N2264000E3918400 dossier:transit
SUCCESS [256713] [2024-03-07 11:49:30] carreau:N2264000E3920000 dossier:transit
SUCCESS [256713] [2024-03-07 11:49:31] carreau:N2264000E3921600 dossier:transit
SUCCESS [256713] [2024-03-07 11:49:31] carreau:N2264000E3923200 dossier:transit
SUCCESS [256713] [2024-03-07 11:49:32] carreau:N2264000E3929600 dossier:transit
SUCCESS [256713] [2024-03-07 11:49:33] carreau:N2264000E3940800 dossier:transit
SUCCESS [256713] [2024-03-07 11:49:33] carreau:N2264000E3942400 dossier:transit
SUCCESS [256713] [2024-03-07 11:49:34] carreau:N2264000E3944000 dossier:transit
SUCCESS [256713] [2024-03-07 11:49:34] carreau:N2264000E3945600 dossier:transit
SUCCESS [256713] [2024-03-07 11:49:35] carreau:N2264000E3958400 dossier:transit
SUCCESS [256713] [2024-03-07 11:49:35] carreau:N2264000E3960000 dossier:transit
SUCCESS [256713] [2024-03-07 11:49:36] carreau:N2264000E3961600 dossier:transit
SUCCESS [256713] [2024-03-07 11:49:36] carreau:N2264000E3963200 dossier:transit
SUCCESS [256713] [2024-03-07 11:49:37] carreau:N2264000E3964800 dossier:transit
SUCCESS [256713] [2024-03-07 11:49:37] carreau:N2264000E3966400 dossier:transit
SUCCESS [256713] [2024-03-07 11:49:38] carreau:N2264000E3969600 dossier:transit
SUCCESS [256713] [2024-03-07 11:49:38] carreau:N2264000E3971200 dossier:transit
SUCCESS [256713] [2024-03-07 11:49:39] carreau:N2264000E3928000 dossier:transit
SUCCESS [256713] [2024-03-07 11:49:39] carreau:N2264000E3932800 dossier:transit
SUCCESS [256713] [2024-03-07 11:49:40] carreau:N2264000E3937600 dossier:transit
SUCCESS [256713] [2024-03-07 11:49:40] carreau:N2264000E3968000 dossier:transit
SUCCESS [256713] [2024-03-07 11:49:41] carreau:N2264000E3972800 dossier:transit
SUCCESS [256713] [2024-03-07 11:49:42] carreau:N2264000E3904000 dossier:transit
SUCCESS [256713] [2024-03-07 11:49:42] carreau:N2264000E3924800 dossier:transit
SUCCESS [256713] [2024-03-07 11:49:43] carreau:N2264000E3931200 dossier:transit
SUCCESS [256713] [2024-03-07 11:49:43] carreau:N2264000E3953600 dossier:transit
SUCCESS [256713] [2024-03-07 11:49:44] carreau:N2264000E3915200 dossier:transit
SUCCESS [256713] [2024-03-07 11:49:44] carreau:N2264000E3939200 dossier:transit
SUCCESS [256713] [2024-03-07 11:49:45] carreau:N2264000E3902400 dossier:transit
SUCCESS [256713] [2024-03-07 11:49:45] carreau:N2264000E3926400 dossier:transit
SUCCESS [256713] [2024-03-07 11:49:46] carreau:N2264000E3934400 dossier:transit
SUCCESS [256713] [2024-03-07 11:49:46] carreau:N2264000E3956800 dossier:transit
SUCCESS [256713] [2024-03-07 11:49:47] carreau:N2265600E3920000 dossier:transit
SUCCESS [256713] [2024-03-07 11:49:47] carreau:N2265600E3926400 dossier:transit
SUCCESS [256713] [2024-03-07 11:49:48] carreau:N2265600E3928000 dossier:transit
SUCCESS [256713] [2024-03-07 11:49:48] carreau:N2265600E3929600 dossier:transit
SUCCESS [256713] [2024-03-07 11:49:49] carreau:N2265600E3931200 dossier:transit
SUCCESS [256713] [2024-03-07 11:49:49] carreau:N2265600E3932800 dossier:transit
SUCCESS [256713] [2024-03-07 11:49:50] carreau:N2265600E3934400 dossier:transit
SUCCESS [256713] [2024-03-07 11:49:51] carreau:N2265600E3936000 dossier:transit
SUCCESS [256713] [2024-03-07 11:49:51] carreau:N2265600E3939200 dossier:transit
SUCCESS [256713] [2024-03-07 11:49:52] carreau:N2265600E3940800 dossier:transit
SUCCESS [256713] [2024-03-07 11:49:52] carreau:N2265600E3942400 dossier:transit
SUCCESS [256713] [2024-03-07 11:49:53] carreau:N2265600E3944000 dossier:transit
SUCCESS [256713] [2024-03-07 11:49:53] carreau:N2265600E3956800 dossier:transit
SUCCESS [256713] [2024-03-07 11:49:54] carreau:N2265600E3958400 dossier:transit
SUCCESS [256713] [2024-03-07 11:49:54] carreau:N2265600E3960000 dossier:transit
SUCCESS [256713] [2024-03-07 11:49:55] carreau:N2265600E3961600 dossier:transit
SUCCESS [256713] [2024-03-07 11:49:55] carreau:N2265600E3963200 dossier:transit
SUCCESS [256713] [2024-03-07 11:49:56] carreau:N2265600E3964800 dossier:transit
SUCCESS [256713] [2024-03-07 11:49:56] carreau:N2265600E3969600 dossier:transit
SUCCESS [256713] [2024-03-07 11:49:57] carreau:N2265600E3902400 dossier:transit
SUCCESS [256713] [2024-03-07 11:49:57] carreau:N2265600E3968000 dossier:transit
SUCCESS [256713] [2024-03-07 11:49:58] carreau:N2265600E3916800 dossier:transit
SUCCESS [256713] [2024-03-07 11:49:59] carreau:N2265600E3937600 dossier:transit
SUCCESS [256713] [2024-03-07 11:49:59] carreau:N2265600E3900800 dossier:transit
SUCCESS [256713] [2024-03-07 11:50:00] carreau:N2265600E3945600 dossier:transit
SUCCESS [256713] [2024-03-07 11:50:00] carreau:N2265600E3948800 dossier:transit
SUCCESS [256713] [2024-03-07 11:50:01] carreau:N2265600E3955200 dossier:transit
SUCCESS [256713] [2024-03-07 11:50:01] carreau:N2265600E3899200 dossier:transit
SUCCESS [256713] [2024-03-07 11:50:02] carreau:N2265600E3924800 dossier:transit
SUCCESS [256713] [2024-03-07 11:50:02] carreau:N2265600E3918400 dossier:transit
SUCCESS [256713] [2024-03-07 11:50:03] carreau:N2265600E3923200 dossier:transit
SUCCESS [256713] [2024-03-07 11:50:03] carreau:N2265600E3950400 dossier:transit
SUCCESS [256713] [2024-03-07 11:50:04] carreau:N2265600E3952000 dossier:transit
SUCCESS [256713] [2024-03-07 11:50:04] carreau:N2265600E3953600 dossier:transit
SUCCESS [256713] [2024-03-07 11:50:05] carreau:N2265600E3971200 dossier:transit
SUCCESS [256713] [2024-03-07 11:50:05] carreau:N2267200E3899200 dossier:transit
SUCCESS [256713] [2024-03-07 11:50:06] carreau:N2267200E3902400 dossier:transit
SUCCESS [256713] [2024-03-07 11:50:06] carreau:N2267200E3916800 dossier:transit
SUCCESS [256713] [2024-03-07 11:50:07] carreau:N2267200E3918400 dossier:transit
SUCCESS [256713] [2024-03-07 11:50:08] carreau:N2267200E3920000 dossier:transit
SUCCESS [256713] [2024-03-07 11:50:08] carreau:N2267200E3921600 dossier:transit
SUCCESS [256713] [2024-03-07 11:50:09] carreau:N2267200E3923200 dossier:transit
SUCCESS [256713] [2024-03-07 11:50:09] carreau:N2267200E3924800 dossier:transit
SUCCESS [256713] [2024-03-07 11:50:10] carreau:N2267200E3931200 dossier:transit
SUCCESS [256713] [2024-03-07 11:50:10] carreau:N2267200E3932800 dossier:transit
SUCCESS [256713] [2024-03-07 11:50:11] carreau:N2267200E3934400 dossier:transit
SUCCESS [256713] [2024-03-07 11:50:11] carreau:N2267200E3936000 dossier:transit
SUCCESS [256713] [2024-03-07 11:50:12] carreau:N2267200E3937600 dossier:transit
SUCCESS [256713] [2024-03-07 11:50:12] carreau:N2267200E3939200 dossier:transit
SUCCESS [256713] [2024-03-07 11:50:13] carreau:N2267200E3940800 dossier:transit
SUCCESS [256713] [2024-03-07 11:50:13] carreau:N2267200E3942400 dossier:transit
SUCCESS [256713] [2024-03-07 11:50:14] carreau:N2267200E3944000 dossier:transit
SUCCESS [256713] [2024-03-07 11:50:14] carreau:N2267200E3945600 dossier:transit
SUCCESS [256713] [2024-03-07 11:50:15] carreau:N2267200E3948800 dossier:transit
SUCCESS [256713] [2024-03-07 11:50:15] carreau:N2267200E3950400 dossier:transit
SUCCESS [256713] [2024-03-07 11:50:16] carreau:N2267200E3952000 dossier:transit
SUCCESS [256713] [2024-03-07 11:50:17] carreau:N2267200E3955200 dossier:transit
SUCCESS [256713] [2024-03-07 11:50:17] carreau:N2267200E3956800 dossier:transit
SUCCESS [256713] [2024-03-07 11:50:18] carreau:N2267200E3958400 dossier:transit
SUCCESS [256713] [2024-03-07 11:50:18] carreau:N2267200E3960000 dossier:transit
SUCCESS [256713] [2024-03-07 11:50:19] carreau:N2267200E3963200 dossier:transit
SUCCESS [256713] [2024-03-07 11:50:19] carreau:N2267200E3968000 dossier:transit
SUCCESS [256713] [2024-03-07 11:50:20] carreau:N2267200E3971200 dossier:transit
SUCCESS [256713] [2024-03-07 11:50:20] carreau:N2267200E3926400 dossier:transit
SUCCESS [256713] [2024-03-07 11:50:21] carreau:N2267200E3961600 dossier:transit
SUCCESS [256713] [2024-03-07 11:50:21] carreau:N2267200E3969600 dossier:transit
SUCCESS [256713] [2024-03-07 11:50:22] carreau:N2267200E3897600 dossier:transit
SUCCESS [256713] [2024-03-07 11:50:22] carreau:N2267200E3953600 dossier:transit
SUCCESS [256713] [2024-03-07 11:50:23] carreau:N2267200E3912000 dossier:transit
SUCCESS [256713] [2024-03-07 11:50:23] carreau:N2267200E3913600 dossier:transit
SUCCESS [256713] [2024-03-07 11:50:24] carreau:N2267200E3929600 dossier:transit
SUCCESS [256713] [2024-03-07 11:50:24] carreau:N2267200E3972800 dossier:transit
SUCCESS [256713] [2024-03-07 11:50:25] carreau:N2267200E3947200 dossier:transit
SUCCESS [256713] [2024-03-07 11:50:26] carreau:N2267200E3915200 dossier:transit
SUCCESS [256713] [2024-03-07 11:50:26] carreau:N2267200E3966400 dossier:transit
SUCCESS [256713] [2024-03-07 11:50:27] carreau:N2268800E3897600 dossier:transit
SUCCESS [256713] [2024-03-07 11:50:27] carreau:N2268800E3912000 dossier:transit
SUCCESS [256713] [2024-03-07 11:50:28] carreau:N2268800E3913600 dossier:transit
SUCCESS [256713] [2024-03-07 11:50:28] carreau:N2268800E3915200 dossier:transit
SUCCESS [256713] [2024-03-07 11:50:29] carreau:N2268800E3916800 dossier:transit
SUCCESS [256713] [2024-03-07 11:50:29] carreau:N2268800E3918400 dossier:transit
SUCCESS [256713] [2024-03-07 11:50:30] carreau:N2268800E3931200 dossier:transit
SUCCESS [256713] [2024-03-07 11:50:30] carreau:N2268800E3932800 dossier:transit
SUCCESS [256713] [2024-03-07 11:50:31] carreau:N2268800E3934400 dossier:transit
SUCCESS [256713] [2024-03-07 11:50:31] carreau:N2268800E3936000 dossier:transit
SUCCESS [256713] [2024-03-07 11:50:32] carreau:N2268800E3937600 dossier:transit
SUCCESS [256713] [2024-03-07 11:50:33] carreau:N2268800E3939200 dossier:transit
SUCCESS [256713] [2024-03-07 11:50:33] carreau:N2268800E3940800 dossier:transit
SUCCESS [256713] [2024-03-07 11:50:34] carreau:N2268800E3942400 dossier:transit
SUCCESS [256713] [2024-03-07 11:50:34] carreau:N2268800E3944000 dossier:transit
SUCCESS [256713] [2024-03-07 11:50:35] carreau:N2268800E3945600 dossier:transit
SUCCESS [256713] [2024-03-07 11:50:35] carreau:N2268800E3947200 dossier:transit
SUCCESS [256713] [2024-03-07 11:50:36] carreau:N2268800E3948800 dossier:transit
SUCCESS [256713] [2024-03-07 11:50:36] carreau:N2268800E3950400 dossier:transit
SUCCESS [256713] [2024-03-07 11:50:37] carreau:N2268800E3952000 dossier:transit
SUCCESS [256713] [2024-03-07 11:50:37] carreau:N2268800E3953600 dossier:transit
SUCCESS [256713] [2024-03-07 11:50:38] carreau:N2268800E3955200 dossier:transit
SUCCESS [256713] [2024-03-07 11:50:38] carreau:N2268800E3956800 dossier:transit
SUCCESS [256713] [2024-03-07 11:50:39] carreau:N2268800E3958400 dossier:transit
SUCCESS [256713] [2024-03-07 11:50:40] carreau:N2268800E3960000 dossier:transit
SUCCESS [256713] [2024-03-07 11:50:40] carreau:N2268800E3961600 dossier:transit
SUCCESS [256713] [2024-03-07 11:50:41] carreau:N2268800E3963200 dossier:transit
SUCCESS [256713] [2024-03-07 11:50:41] carreau:N2268800E3968000 dossier:transit
SUCCESS [256713] [2024-03-07 11:50:42] carreau:N2268800E3969600 dossier:transit
SUCCESS [256713] [2024-03-07 11:50:42] carreau:N2268800E3971200 dossier:transit
SUCCESS [256713] [2024-03-07 11:50:43] carreau:N2268800E3972800 dossier:transit
SUCCESS [256713] [2024-03-07 11:50:43] carreau:N2268800E3899200 dossier:transit
SUCCESS [256713] [2024-03-07 11:50:44] carreau:N2268800E3964800 dossier:transit
SUCCESS [256713] [2024-03-07 11:50:44] carreau:N2268800E3966400 dossier:transit
SUCCESS [256713] [2024-03-07 11:50:45] carreau:N2268800E3920000 dossier:transit
SUCCESS [256713] [2024-03-07 11:50:45] carreau:N2268800E3929600 dossier:transit
SUCCESS [256713] [2024-03-07 11:50:46] carreau:N2268800E3974400 dossier:transit
SUCCESS [256713] [2024-03-07 11:50:46] carreau:N2270400E3912000 dossier:transit
SUCCESS [256713] [2024-03-07 11:50:47] carreau:N2270400E3913600 dossier:transit
SUCCESS [256713] [2024-03-07 11:50:48] carreau:N2270400E3915200 dossier:transit
SUCCESS [256713] [2024-03-07 11:50:48] carreau:N2270400E3916800 dossier:transit
SUCCESS [256713] [2024-03-07 11:50:49] carreau:N2270400E3918400 dossier:transit
SUCCESS [256713] [2024-03-07 11:50:49] carreau:N2270400E3920000 dossier:transit
SUCCESS [256713] [2024-03-07 11:50:50] carreau:N2270400E3929600 dossier:transit
SUCCESS [256713] [2024-03-07 11:50:50] carreau:N2270400E3934400 dossier:transit
SUCCESS [256713] [2024-03-07 11:50:51] carreau:N2270400E3936000 dossier:transit
SUCCESS [256713] [2024-03-07 11:50:51] carreau:N2270400E3937600 dossier:transit
SUCCESS [256713] [2024-03-07 11:50:52] carreau:N2270400E3942400 dossier:transit
SUCCESS [256713] [2024-03-07 11:50:52] carreau:N2270400E3944000 dossier:transit
SUCCESS [256713] [2024-03-07 11:50:53] carreau:N2270400E3945600 dossier:transit
SUCCESS [256713] [2024-03-07 11:50:53] carreau:N2270400E3947200 dossier:transit
SUCCESS [256713] [2024-03-07 11:50:54] carreau:N2270400E3948800 dossier:transit
SUCCESS [256713] [2024-03-07 11:50:54] carreau:N2270400E3950400 dossier:transit
SUCCESS [256713] [2024-03-07 11:50:55] carreau:N2270400E3952000 dossier:transit
SUCCESS [256713] [2024-03-07 11:50:55] carreau:N2270400E3953600 dossier:transit
SUCCESS [256713] [2024-03-07 11:50:56] carreau:N2270400E3956800 dossier:transit
SUCCESS [256713] [2024-03-07 11:50:56] carreau:N2270400E3958400 dossier:transit
SUCCESS [256713] [2024-03-07 11:50:57] carreau:N2270400E3960000 dossier:transit
SUCCESS [256713] [2024-03-07 11:50:58] carreau:N2270400E3961600 dossier:transit
SUCCESS [256713] [2024-03-07 11:50:58] carreau:N2270400E3963200 dossier:transit
SUCCESS [256713] [2024-03-07 11:50:59] carreau:N2270400E3964800 dossier:transit
SUCCESS [256713] [2024-03-07 11:50:59] carreau:N2270400E3966400 dossier:transit
SUCCESS [256713] [2024-03-07 11:51:00] carreau:N2270400E3968000 dossier:transit
SUCCESS [256713] [2024-03-07 11:51:00] carreau:N2270400E3969600 dossier:transit
SUCCESS [256713] [2024-03-07 11:51:01] carreau:N2270400E3971200 dossier:transit
SUCCESS [256713] [2024-03-07 11:51:01] carreau:N2270400E3972800 dossier:transit
SUCCESS [256713] [2024-03-07 11:51:02] carreau:N2270400E3896000 dossier:transit
SUCCESS [256713] [2024-03-07 11:51:02] carreau:N2270400E3955200 dossier:transit
SUCCESS [256713] [2024-03-07 11:51:03] carreau:N2270400E3974400 dossier:transit
SUCCESS [256713] [2024-03-07 11:51:03] carreau:N2270400E3931200 dossier:transit
SUCCESS [256713] [2024-03-07 11:51:04] carreau:N2270400E3910400 dossier:transit
SUCCESS [256713] [2024-03-07 11:51:04] carreau:N2270400E3932800 dossier:transit
SUCCESS [256713] [2024-03-07 11:51:05] carreau:N2270400E3940800 dossier:transit
SUCCESS [256713] [2024-03-07 11:51:06] carreau:N2272000E3910400 dossier:transit
SUCCESS [256713] [2024-03-07 11:51:06] carreau:N2272000E3912000 dossier:transit
SUCCESS [256713] [2024-03-07 11:51:07] carreau:N2272000E3915200 dossier:transit
SUCCESS [256713] [2024-03-07 11:51:07] carreau:N2272000E3916800 dossier:transit
SUCCESS [256713] [2024-03-07 11:51:08] carreau:N2272000E3918400 dossier:transit
SUCCESS [256713] [2024-03-07 11:51:08] carreau:N2272000E3932800 dossier:transit
SUCCESS [256713] [2024-03-07 11:51:09] carreau:N2272000E3934400 dossier:transit
SUCCESS [256713] [2024-03-07 11:51:09] carreau:N2272000E3936000 dossier:transit
SUCCESS [256713] [2024-03-07 11:51:10] carreau:N2272000E3937600 dossier:transit
SUCCESS [256713] [2024-03-07 11:51:10] carreau:N2272000E3939200 dossier:transit
SUCCESS [256713] [2024-03-07 11:51:11] carreau:N2272000E3940800 dossier:transit
SUCCESS [256713] [2024-03-07 11:51:11] carreau:N2272000E3942400 dossier:transit
SUCCESS [256713] [2024-03-07 11:51:12] carreau:N2272000E3944000 dossier:transit
SUCCESS [256713] [2024-03-07 11:51:12] carreau:N2272000E3945600 dossier:transit
SUCCESS [256713] [2024-03-07 11:51:13] carreau:N2272000E3947200 dossier:transit
SUCCESS [256713] [2024-03-07 11:51:13] carreau:N2272000E3948800 dossier:transit
SUCCESS [256713] [2024-03-07 11:51:14] carreau:N2272000E3950400 dossier:transit
SUCCESS [256713] [2024-03-07 11:51:15] carreau:N2272000E3952000 dossier:transit
SUCCESS [256713] [2024-03-07 11:51:15] carreau:N2272000E3953600 dossier:transit
SUCCESS [256713] [2024-03-07 11:51:16] carreau:N2272000E3955200 dossier:transit
SUCCESS [256713] [2024-03-07 11:51:16] carreau:N2272000E3956800 dossier:transit
SUCCESS [256713] [2024-03-07 11:51:17] carreau:N2272000E3958400 dossier:transit
SUCCESS [256713] [2024-03-07 11:51:17] carreau:N2272000E3960000 dossier:transit
SUCCESS [256713] [2024-03-07 11:51:18] carreau:N2272000E3961600 dossier:transit
SUCCESS [256713] [2024-03-07 11:51:18] carreau:N2272000E3963200 dossier:transit
SUCCESS [256713] [2024-03-07 11:51:19] carreau:N2272000E3964800 dossier:transit
SUCCESS [256713] [2024-03-07 11:51:19] carreau:N2272000E3966400 dossier:transit
SUCCESS [256713] [2024-03-07 11:51:20] carreau:N2272000E3968000 dossier:transit
SUCCESS [256713] [2024-03-07 11:51:20] carreau:N2272000E3969600 dossier:transit
SUCCESS [256713] [2024-03-07 11:51:21] carreau:N2272000E3971200 dossier:transit
SUCCESS [256713] [2024-03-07 11:51:21] carreau:N2272000E3972800 dossier:transit
SUCCESS [256713] [2024-03-07 11:51:22] carreau:N2272000E3896000 dossier:transit
SUCCESS [256713] [2024-03-07 11:51:22] carreau:N2272000E3894400 dossier:transit
SUCCESS [256713] [2024-03-07 11:51:23] carreau:N2272000E3913600 dossier:transit
SUCCESS [256713] [2024-03-07 11:51:24] carreau:N2272000E3892800 dossier:transit
SUCCESS [256713] [2024-03-07 11:51:24] carreau:N2273600E3894400 dossier:transit
SUCCESS [256713] [2024-03-07 11:51:25] carreau:N2273600E3908800 dossier:transit
SUCCESS [256713] [2024-03-07 11:51:25] carreau:N2273600E3910400 dossier:transit
SUCCESS [256713] [2024-03-07 11:51:26] carreau:N2273600E3915200 dossier:transit
SUCCESS [256713] [2024-03-07 11:51:26] carreau:N2273600E3916800 dossier:transit
SUCCESS [256713] [2024-03-07 11:51:27] carreau:N2273600E3932800 dossier:transit
SUCCESS [256713] [2024-03-07 11:51:27] carreau:N2273600E3934400 dossier:transit
SUCCESS [256713] [2024-03-07 11:51:28] carreau:N2273600E3936000 dossier:transit
SUCCESS [256713] [2024-03-07 11:51:28] carreau:N2273600E3942400 dossier:transit
SUCCESS [256713] [2024-03-07 11:51:29] carreau:N2273600E3944000 dossier:transit
SUCCESS [256713] [2024-03-07 11:51:29] carreau:N2273600E3945600 dossier:transit
SUCCESS [256713] [2024-03-07 11:51:30] carreau:N2273600E3947200 dossier:transit
SUCCESS [256713] [2024-03-07 11:51:30] carreau:N2273600E3948800 dossier:transit
SUCCESS [256713] [2024-03-07 11:51:31] carreau:N2273600E3952000 dossier:transit
SUCCESS [256713] [2024-03-07 11:51:32] carreau:N2273600E3953600 dossier:transit
SUCCESS [256713] [2024-03-07 11:51:32] carreau:N2273600E3955200 dossier:transit
SUCCESS [256713] [2024-03-07 11:51:33] carreau:N2273600E3956800 dossier:transit
SUCCESS [256713] [2024-03-07 11:51:33] carreau:N2273600E3958400 dossier:transit
SUCCESS [256713] [2024-03-07 11:51:34] carreau:N2273600E3960000 dossier:transit
SUCCESS [256713] [2024-03-07 11:51:34] carreau:N2273600E3961600 dossier:transit
SUCCESS [256713] [2024-03-07 11:51:35] carreau:N2273600E3963200 dossier:transit
SUCCESS [256713] [2024-03-07 11:51:35] carreau:N2273600E3964800 dossier:transit
SUCCESS [256713] [2024-03-07 11:51:36] carreau:N2273600E3966400 dossier:transit
SUCCESS [256713] [2024-03-07 11:51:36] carreau:N2273600E3968000 dossier:transit
SUCCESS [256713] [2024-03-07 11:51:37] carreau:N2273600E3969600 dossier:transit
SUCCESS [256713] [2024-03-07 11:51:37] carreau:N2273600E3971200 dossier:transit
SUCCESS [256713] [2024-03-07 11:51:38] carreau:N2273600E3912000 dossier:transit
SUCCESS [256713] [2024-03-07 11:51:38] carreau:N2273600E3940800 dossier:transit
SUCCESS [256713] [2024-03-07 11:51:39] carreau:N2273600E3950400 dossier:transit
SUCCESS [256713] [2024-03-07 11:51:39] carreau:N2273600E3926400 dossier:transit
SUCCESS [256713] [2024-03-07 11:51:40] carreau:N2273600E3896000 dossier:transit
SUCCESS [256713] [2024-03-07 11:51:40] carreau:N2275200E3908800 dossier:transit
SUCCESS [256713] [2024-03-07 11:51:41] carreau:N2275200E3910400 dossier:transit
SUCCESS [256713] [2024-03-07 11:51:42] carreau:N2275200E3915200 dossier:transit
SUCCESS [256713] [2024-03-07 11:51:42] carreau:N2275200E3916800 dossier:transit
SUCCESS [256713] [2024-03-07 11:51:43] carreau:N2275200E3928000 dossier:transit
SUCCESS [256713] [2024-03-07 11:51:43] carreau:N2275200E3932800 dossier:transit
SUCCESS [256713] [2024-03-07 11:51:44] carreau:N2275200E3934400 dossier:transit
SUCCESS [256713] [2024-03-07 11:51:44] carreau:N2275200E3947200 dossier:transit
SUCCESS [256713] [2024-03-07 11:51:45] carreau:N2275200E3948800 dossier:transit
SUCCESS [256713] [2024-03-07 11:51:45] carreau:N2275200E3950400 dossier:transit
SUCCESS [256713] [2024-03-07 11:51:46] carreau:N2275200E3952000 dossier:transit
SUCCESS [256713] [2024-03-07 11:51:46] carreau:N2275200E3953600 dossier:transit
SUCCESS [256713] [2024-03-07 11:51:47] carreau:N2275200E3955200 dossier:transit
SUCCESS [256713] [2024-03-07 11:51:47] carreau:N2275200E3956800 dossier:transit
SUCCESS [256713] [2024-03-07 11:51:48] carreau:N2275200E3958400 dossier:transit
SUCCESS [256713] [2024-03-07 11:51:48] carreau:N2275200E3960000 dossier:transit
SUCCESS [256713] [2024-03-07 11:51:49] carreau:N2275200E3961600 dossier:transit
SUCCESS [256713] [2024-03-07 11:51:49] carreau:N2275200E3963200 dossier:transit
SUCCESS [256713] [2024-03-07 11:51:50] carreau:N2275200E3964800 dossier:transit
SUCCESS [256713] [2024-03-07 11:51:51] carreau:N2275200E3966400 dossier:transit
SUCCESS [256713] [2024-03-07 11:51:51] carreau:N2275200E3968000 dossier:transit
SUCCESS [256713] [2024-03-07 11:51:52] carreau:N2275200E3969600 dossier:transit
SUCCESS [256713] [2024-03-07 11:51:52] carreau:N2275200E3971200 dossier:transit
SUCCESS [256713] [2024-03-07 11:51:53] carreau:N2275200E3913600 dossier:transit
SUCCESS [256713] [2024-03-07 11:51:53] carreau:N2275200E3940800 dossier:transit
SUCCESS [256713] [2024-03-07 11:51:54] carreau:N2275200E3944000 dossier:transit
SUCCESS [256713] [2024-03-07 11:51:54] carreau:N2275200E3945600 dossier:transit
SUCCESS [256713] [2024-03-07 11:51:55] carreau:N2275200E3929600 dossier:transit
SUCCESS [256713] [2024-03-07 11:51:55] carreau:N2275200E3942400 dossier:transit
SUCCESS [256713] [2024-03-07 11:51:56] carreau:N2275200E3972800 dossier:transit
SUCCESS [256713] [2024-03-07 11:51:56] carreau:N2275200E3936000 dossier:transit
SUCCESS [256713] [2024-03-07 11:51:57] carreau:N2275200E3905600 dossier:transit
SUCCESS [256713] [2024-03-07 11:51:57] carreau:N2275200E3926400 dossier:transit
SUCCESS [256713] [2024-03-07 11:51:58] carreau:N2276800E3904000 dossier:transit
SUCCESS [256713] [2024-03-07 11:51:59] carreau:N2276800E3905600 dossier:transit
SUCCESS [256713] [2024-03-07 11:51:59] carreau:N2276800E3912000 dossier:transit
SUCCESS [256713] [2024-03-07 11:52:00] carreau:N2276800E3915200 dossier:transit
SUCCESS [256713] [2024-03-07 11:52:00] carreau:N2276800E3926400 dossier:transit
SUCCESS [256713] [2024-03-07 11:52:01] carreau:N2276800E3928000 dossier:transit
SUCCESS [256713] [2024-03-07 11:52:01] carreau:N2276800E3929600 dossier:transit
SUCCESS [256713] [2024-03-07 11:52:02] carreau:N2276800E3932800 dossier:transit
SUCCESS [256713] [2024-03-07 11:52:02] carreau:N2276800E3934400 dossier:transit
SUCCESS [256713] [2024-03-07 11:52:03] carreau:N2276800E3944000 dossier:transit
SUCCESS [256713] [2024-03-07 11:52:03] carreau:N2276800E3945600 dossier:transit
SUCCESS [256713] [2024-03-07 11:52:04] carreau:N2276800E3947200 dossier:transit
SUCCESS [256713] [2024-03-07 11:52:04] carreau:N2276800E3948800 dossier:transit
SUCCESS [256713] [2024-03-07 11:52:05] carreau:N2276800E3950400 dossier:transit
SUCCESS [256713] [2024-03-07 11:52:05] carreau:N2276800E3952000 dossier:transit
SUCCESS [256713] [2024-03-07 11:52:06] carreau:N2276800E3953600 dossier:transit
SUCCESS [256713] [2024-03-07 11:52:06] carreau:N2276800E3956800 dossier:transit
SUCCESS [256713] [2024-03-07 11:52:07] carreau:N2276800E3958400 dossier:transit
SUCCESS [256713] [2024-03-07 11:52:08] carreau:N2276800E3960000 dossier:transit
SUCCESS [256713] [2024-03-07 11:52:08] carreau:N2276800E3961600 dossier:transit
SUCCESS [256713] [2024-03-07 11:52:09] carreau:N2276800E3966400 dossier:transit
SUCCESS [256713] [2024-03-07 11:52:09] carreau:N2276800E3968000 dossier:transit
SUCCESS [256713] [2024-03-07 11:52:10] carreau:N2276800E3972800 dossier:transit
SUCCESS [256713] [2024-03-07 11:52:10] carreau:N2276800E3896000 dossier:transit
SUCCESS [256713] [2024-03-07 11:52:11] carreau:N2276800E3913600 dossier:transit
SUCCESS [256713] [2024-03-07 11:52:11] carreau:N2276800E3924800 dossier:transit
SUCCESS [256713] [2024-03-07 11:52:12] carreau:N2276800E3936000 dossier:transit
SUCCESS [256713] [2024-03-07 11:52:12] carreau:N2276800E3940800 dossier:transit
SUCCESS [256713] [2024-03-07 11:52:13] carreau:N2276800E3942400 dossier:transit
SUCCESS [256713] [2024-03-07 11:52:13] carreau:N2276800E3963200 dossier:transit
SUCCESS [256713] [2024-03-07 11:52:14] carreau:N2276800E3971200 dossier:transit
SUCCESS [256713] [2024-03-07 11:52:14] carreau:N2276800E3897600 dossier:transit
SUCCESS [256713] [2024-03-07 11:52:15] carreau:N2276800E3931200 dossier:transit
SUCCESS [256713] [2024-03-07 11:52:15] carreau:N2276800E3955200 dossier:transit
SUCCESS [256713] [2024-03-07 11:52:16] carreau:N2276800E3969600 dossier:transit
SUCCESS [256713] [2024-03-07 11:52:17] carreau:N2276800E3964800 dossier:transit
SUCCESS [256713] [2024-03-07 11:52:17] carreau:N2276800E3899200 dossier:transit
SUCCESS [256713] [2024-03-07 11:52:18] carreau:N2276800E3937600 dossier:transit
SUCCESS [256713] [2024-03-07 11:52:18] carreau:N2278400E3912000 dossier:transit
SUCCESS [256713] [2024-03-07 11:52:19] carreau:N2278400E3913600 dossier:transit
SUCCESS [256713] [2024-03-07 11:52:19] carreau:N2278400E3915200 dossier:transit
SUCCESS [256713] [2024-03-07 11:52:20] carreau:N2278400E3924800 dossier:transit
SUCCESS [256713] [2024-03-07 11:52:20] carreau:N2278400E3926400 dossier:transit
SUCCESS [256713] [2024-03-07 11:52:21] carreau:N2278400E3929600 dossier:transit
SUCCESS [256713] [2024-03-07 11:52:21] carreau:N2278400E3932800 dossier:transit
SUCCESS [256713] [2024-03-07 11:52:22] carreau:N2278400E3934400 dossier:transit
SUCCESS [256713] [2024-03-07 11:52:22] carreau:N2278400E3937600 dossier:transit
SUCCESS [256713] [2024-03-07 11:52:23] carreau:N2278400E3940800 dossier:transit
SUCCESS [256713] [2024-03-07 11:52:23] carreau:N2278400E3942400 dossier:transit
SUCCESS [256713] [2024-03-07 11:52:24] carreau:N2278400E3945600 dossier:transit
SUCCESS [256713] [2024-03-07 11:52:24] carreau:N2278400E3947200 dossier:transit
SUCCESS [256713] [2024-03-07 11:52:25] carreau:N2278400E3948800 dossier:transit
SUCCESS [256713] [2024-03-07 11:52:26] carreau:N2278400E3950400 dossier:transit
SUCCESS [256713] [2024-03-07 11:52:26] carreau:N2278400E3952000 dossier:transit
SUCCESS [256713] [2024-03-07 11:52:27] carreau:N2278400E3953600 dossier:transit
SUCCESS [256713] [2024-03-07 11:52:27] carreau:N2278400E3955200 dossier:transit
SUCCESS [256713] [2024-03-07 11:52:28] carreau:N2278400E3956800 dossier:transit
SUCCESS [256713] [2024-03-07 11:52:28] carreau:N2278400E3958400 dossier:transit
SUCCESS [256713] [2024-03-07 11:52:29] carreau:N2278400E3960000 dossier:transit
SUCCESS [256713] [2024-03-07 11:52:29] carreau:N2278400E3961600 dossier:transit
SUCCESS [256713] [2024-03-07 11:52:30] carreau:N2278400E3969600 dossier:transit
SUCCESS [256713] [2024-03-07 11:52:30] carreau:N2278400E3971200 dossier:transit
SUCCESS [256713] [2024-03-07 11:52:31] carreau:N2278400E3905600 dossier:transit
SUCCESS [256713] [2024-03-07 11:52:31] carreau:N2278400E3928000 dossier:transit
SUCCESS [256713] [2024-03-07 11:52:32] carreau:N2278400E3931200 dossier:transit
SUCCESS [256713] [2024-03-07 11:52:32] carreau:N2278400E3936000 dossier:transit
SUCCESS [256713] [2024-03-07 11:52:33] carreau:N2278400E3944000 dossier:transit
SUCCESS [256713] [2024-03-07 11:52:33] carreau:N2278400E3968000 dossier:transit
SUCCESS [256713] [2024-03-07 11:52:34] carreau:N2278400E3966400 dossier:transit
SUCCESS [256713] [2024-03-07 11:52:35] carreau:N2278400E3939200 dossier:transit
SUCCESS [256713] [2024-03-07 11:52:35] carreau:N2280000E3912000 dossier:transit
SUCCESS [256713] [2024-03-07 11:52:36] carreau:N2280000E3913600 dossier:transit
SUCCESS [256713] [2024-03-07 11:52:36] carreau:N2280000E3915200 dossier:transit
SUCCESS [256713] [2024-03-07 11:52:37] carreau:N2280000E3924800 dossier:transit
SUCCESS [256713] [2024-03-07 11:52:37] carreau:N2280000E3926400 dossier:transit
SUCCESS [256713] [2024-03-07 11:52:38] carreau:N2280000E3928000 dossier:transit
SUCCESS [256713] [2024-03-07 11:52:38] carreau:N2280000E3929600 dossier:transit
SUCCESS [256713] [2024-03-07 11:52:39] carreau:N2280000E3931200 dossier:transit
SUCCESS [256713] [2024-03-07 11:52:39] carreau:N2280000E3932800 dossier:transit
SUCCESS [256713] [2024-03-07 11:52:40] carreau:N2280000E3934400 dossier:transit
SUCCESS [256713] [2024-03-07 11:52:40] carreau:N2280000E3936000 dossier:transit
SUCCESS [256713] [2024-03-07 11:52:41] carreau:N2280000E3937600 dossier:transit
SUCCESS [256713] [2024-03-07 11:52:42] carreau:N2280000E3942400 dossier:transit
SUCCESS [256713] [2024-03-07 11:52:42] carreau:N2280000E3944000 dossier:transit
SUCCESS [256713] [2024-03-07 11:52:43] carreau:N2280000E3945600 dossier:transit
SUCCESS [256713] [2024-03-07 11:52:43] carreau:N2280000E3947200 dossier:transit
SUCCESS [256713] [2024-03-07 11:52:44] carreau:N2280000E3948800 dossier:transit
SUCCESS [256713] [2024-03-07 11:52:44] carreau:N2280000E3950400 dossier:transit
SUCCESS [256713] [2024-03-07 11:52:45] carreau:N2280000E3952000 dossier:transit
SUCCESS [256713] [2024-03-07 11:52:45] carreau:N2280000E3953600 dossier:transit
SUCCESS [256713] [2024-03-07 11:52:46] carreau:N2280000E3939200 dossier:transit
SUCCESS [256713] [2024-03-07 11:52:46] carreau:N2280000E3940800 dossier:transit
SUCCESS [256713] [2024-03-07 11:52:47] carreau:N2280000E3955200 dossier:transit
SUCCESS [256713] [2024-03-07 11:52:47] carreau:N2280000E3956800 dossier:transit
SUCCESS [256713] [2024-03-07 11:52:48] carreau:N2280000E3958400 dossier:transit
SUCCESS [256713] [2024-03-07 11:52:49] carreau:N2280000E3923200 dossier:transit
SUCCESS [256713] [2024-03-07 11:52:49] carreau:N2280000E3971200 dossier:transit
SUCCESS [256713] [2024-03-07 11:52:50] carreau:N2281600E3912000 dossier:transit
SUCCESS [256713] [2024-03-07 11:52:50] carreau:N2281600E3913600 dossier:transit
SUCCESS [256713] [2024-03-07 11:52:51] carreau:N2281600E3915200 dossier:transit
SUCCESS [256713] [2024-03-07 11:52:51] carreau:N2281600E3921600 dossier:transit
SUCCESS [256713] [2024-03-07 11:52:52] carreau:N2281600E3923200 dossier:transit
SUCCESS [256713] [2024-03-07 11:52:52] carreau:N2281600E3926400 dossier:transit
SUCCESS [256713] [2024-03-07 11:52:53] carreau:N2281600E3928000 dossier:transit
SUCCESS [256713] [2024-03-07 11:52:53] carreau:N2281600E3929600 dossier:transit
SUCCESS [256713] [2024-03-07 11:52:54] carreau:N2281600E3931200 dossier:transit
SUCCESS [256713] [2024-03-07 11:52:54] carreau:N2281600E3932800 dossier:transit
SUCCESS [256713] [2024-03-07 11:52:55] carreau:N2281600E3934400 dossier:transit
SUCCESS [256713] [2024-03-07 11:52:56] carreau:N2281600E3936000 dossier:transit
SUCCESS [256713] [2024-03-07 11:52:56] carreau:N2281600E3937600 dossier:transit
SUCCESS [256713] [2024-03-07 11:52:57] carreau:N2281600E3939200 dossier:transit
SUCCESS [256713] [2024-03-07 11:52:57] carreau:N2281600E3940800 dossier:transit
SUCCESS [256713] [2024-03-07 11:52:58] carreau:N2281600E3945600 dossier:transit
SUCCESS [256713] [2024-03-07 11:52:59] carreau:N2281600E3947200 dossier:transit
SUCCESS [256713] [2024-03-07 11:52:59] carreau:N2281600E3948800 dossier:transit
SUCCESS [256713] [2024-03-07 11:53:00] carreau:N2281600E3950400 dossier:transit
SUCCESS [256713] [2024-03-07 11:53:00] carreau:N2281600E3952000 dossier:transit
SUCCESS [256713] [2024-03-07 11:53:01] carreau:N2281600E3953600 dossier:transit
SUCCESS [256713] [2024-03-07 11:53:01] carreau:N2281600E3955200 dossier:transit
SUCCESS [256713] [2024-03-07 11:53:02] carreau:N2281600E3956800 dossier:transit
SUCCESS [256713] [2024-03-07 11:53:03] carreau:N2281600E3958400 dossier:transit
SUCCESS [256713] [2024-03-07 11:53:03] carreau:N2281600E3916800 dossier:transit
SUCCESS [256713] [2024-03-07 11:53:04] carreau:N2281600E3924800 dossier:transit
SUCCESS [256713] [2024-03-07 11:53:04] carreau:N2281600E3942400 dossier:transit
SUCCESS [256713] [2024-03-07 11:53:05] carreau:N2281600E3944000 dossier:transit
SUCCESS [256713] [2024-03-07 11:53:05] carreau:N2281600E3960000 dossier:transit
SUCCESS [256713] [2024-03-07 11:53:06] carreau:N2281600E3963200 dossier:transit
SUCCESS [256713] [2024-03-07 11:53:06] carreau:N2281600E3964800 dossier:transit
SUCCESS [256713] [2024-03-07 11:53:07] carreau:N2281600E3968000 dossier:transit
SUCCESS [256713] [2024-03-07 11:53:08] carreau:N2281600E3961600 dossier:transit
SUCCESS [256713] [2024-03-07 11:53:08] carreau:N2281600E3966400 dossier:transit
SUCCESS [256713] [2024-03-07 11:53:09] carreau:N2281600E3918400 dossier:transit
SUCCESS [256713] [2024-03-07 11:53:09] carreau:N2281600E3969600 dossier:transit
SUCCESS [256713] [2024-03-07 11:53:10] carreau:N2281600E3910400 dossier:transit
SUCCESS [256713] [2024-03-07 11:53:10] carreau:N2281600E3920000 dossier:transit
SUCCESS [256713] [2024-03-07 11:53:11] carreau:N2283200E3912000 dossier:transit
SUCCESS [256713] [2024-03-07 11:53:11] carreau:N2283200E3913600 dossier:transit
SUCCESS [256713] [2024-03-07 11:53:12] carreau:N2283200E3915200 dossier:transit
SUCCESS [256713] [2024-03-07 11:53:13] carreau:N2283200E3918400 dossier:transit
SUCCESS [256713] [2024-03-07 11:53:13] carreau:N2283200E3920000 dossier:transit
SUCCESS [256713] [2024-03-07 11:53:14] carreau:N2283200E3928000 dossier:transit
SUCCESS [256713] [2024-03-07 11:53:14] carreau:N2283200E3929600 dossier:transit
SUCCESS [256713] [2024-03-07 11:53:15] carreau:N2283200E3931200 dossier:transit
SUCCESS [256713] [2024-03-07 11:53:15] carreau:N2283200E3932800 dossier:transit
SUCCESS [256713] [2024-03-07 11:53:16] carreau:N2283200E3934400 dossier:transit
SUCCESS [256713] [2024-03-07 11:53:16] carreau:N2283200E3936000 dossier:transit
SUCCESS [256713] [2024-03-07 11:53:17] carreau:N2283200E3937600 dossier:transit
SUCCESS [256713] [2024-03-07 11:53:17] carreau:N2283200E3939200 dossier:transit
SUCCESS [256713] [2024-03-07 11:53:18] carreau:N2283200E3940800 dossier:transit
SUCCESS [256713] [2024-03-07 11:53:19] carreau:N2283200E3942400 dossier:transit
SUCCESS [256713] [2024-03-07 11:53:19] carreau:N2283200E3944000 dossier:transit
SUCCESS [256713] [2024-03-07 11:53:20] carreau:N2283200E3945600 dossier:transit
SUCCESS [256713] [2024-03-07 11:53:20] carreau:N2283200E3947200 dossier:transit
SUCCESS [256713] [2024-03-07 11:53:21] carreau:N2283200E3948800 dossier:transit
SUCCESS [256713] [2024-03-07 11:53:21] carreau:N2283200E3950400 dossier:transit
SUCCESS [256713] [2024-03-07 11:53:22] carreau:N2283200E3952000 dossier:transit
SUCCESS [256713] [2024-03-07 11:53:22] carreau:N2283200E3953600 dossier:transit
SUCCESS [256713] [2024-03-07 11:53:23] carreau:N2283200E3955200 dossier:transit
SUCCESS [256713] [2024-03-07 11:53:23] carreau:N2283200E3960000 dossier:transit
SUCCESS [256713] [2024-03-07 11:53:24] carreau:N2283200E3921600 dossier:transit
SUCCESS [256713] [2024-03-07 11:53:24] carreau:N2283200E3926400 dossier:transit
SUCCESS [256713] [2024-03-07 11:53:25] carreau:N2283200E3963200 dossier:transit
SUCCESS [256713] [2024-03-07 11:53:26] carreau:N2283200E3916800 dossier:transit
SUCCESS [256713] [2024-03-07 11:53:26] carreau:N2283200E3964800 dossier:transit
SUCCESS [256713] [2024-03-07 11:53:27] carreau:N2283200E3908800 dossier:transit
SUCCESS [256713] [2024-03-07 11:53:27] carreau:N2284800E3912000 dossier:transit
SUCCESS [256713] [2024-03-07 11:53:28] carreau:N2284800E3913600 dossier:transit
SUCCESS [256713] [2024-03-07 11:53:28] carreau:N2284800E3915200 dossier:transit
SUCCESS [256713] [2024-03-07 11:53:29] carreau:N2284800E3916800 dossier:transit
SUCCESS [256713] [2024-03-07 11:53:29] carreau:N2284800E3918400 dossier:transit
SUCCESS [256713] [2024-03-07 11:53:30] carreau:N2284800E3920000 dossier:transit
SUCCESS [256713] [2024-03-07 11:53:30] carreau:N2284800E3921600 dossier:transit
SUCCESS [256713] [2024-03-07 11:53:31] carreau:N2284800E3936000 dossier:transit
SUCCESS [256713] [2024-03-07 11:53:31] carreau:N2284800E3937600 dossier:transit
SUCCESS [256713] [2024-03-07 11:53:32] carreau:N2284800E3939200 dossier:transit
SUCCESS [256713] [2024-03-07 11:53:33] carreau:N2284800E3942400 dossier:transit
SUCCESS [256713] [2024-03-07 11:53:33] carreau:N2284800E3944000 dossier:transit
SUCCESS [256713] [2024-03-07 11:53:34] carreau:N2284800E3945600 dossier:transit
SUCCESS [256713] [2024-03-07 11:53:34] carreau:N2284800E3947200 dossier:transit
SUCCESS [256713] [2024-03-07 11:53:35] carreau:N2284800E3948800 dossier:transit
SUCCESS [256713] [2024-03-07 11:53:35] carreau:N2284800E3950400 dossier:transit
SUCCESS [256713] [2024-03-07 11:53:36] carreau:N2284800E3952000 dossier:transit
SUCCESS [256713] [2024-03-07 11:53:36] carreau:N2284800E3953600 dossier:transit
SUCCESS [256713] [2024-03-07 11:53:37] carreau:N2284800E3955200 dossier:transit
SUCCESS [256713] [2024-03-07 11:53:37] carreau:N2284800E3956800 dossier:transit
SUCCESS [256713] [2024-03-07 11:53:38] carreau:N2284800E3926400 dossier:transit
SUCCESS [256713] [2024-03-07 11:53:38] carreau:N2284800E3940800 dossier:transit
SUCCESS [256713] [2024-03-07 11:53:39] carreau:N2284800E3966400 dossier:transit
SUCCESS [256713] [2024-03-07 11:53:39] carreau:N2284800E3928000 dossier:transit
SUCCESS [256713] [2024-03-07 11:53:40] carreau:N2284800E3968000 dossier:transit
SUCCESS [256713] [2024-03-07 11:53:41] carreau:N2284800E3923200 dossier:transit
SUCCESS [256713] [2024-03-07 11:53:41] carreau:N2284800E3910400 dossier:transit
SUCCESS [256713] [2024-03-07 11:53:42] carreau:N2284800E3932800 dossier:transit
SUCCESS [256713] [2024-03-07 11:53:42] carreau:N2284800E3960000 dossier:transit
SUCCESS [256713] [2024-03-07 11:53:43] carreau:N2286400E3912000 dossier:transit
SUCCESS [256713] [2024-03-07 11:53:43] carreau:N2286400E3916800 dossier:transit
SUCCESS [256713] [2024-03-07 11:53:44] carreau:N2286400E3918400 dossier:transit
SUCCESS [256713] [2024-03-07 11:53:44] carreau:N2286400E3920000 dossier:transit
SUCCESS [256713] [2024-03-07 11:53:45] carreau:N2286400E3921600 dossier:transit
SUCCESS [256713] [2024-03-07 11:53:45] carreau:N2286400E3923200 dossier:transit
SUCCESS [256713] [2024-03-07 11:53:46] carreau:N2286400E3926400 dossier:transit
SUCCESS [256713] [2024-03-07 11:53:46] carreau:N2286400E3928000 dossier:transit
SUCCESS [256713] [2024-03-07 11:53:47] carreau:N2286400E3942400 dossier:transit
SUCCESS [256713] [2024-03-07 11:53:48] carreau:N2286400E3944000 dossier:transit
SUCCESS [256713] [2024-03-07 11:53:48] carreau:N2286400E3945600 dossier:transit
SUCCESS [256713] [2024-03-07 11:53:49] carreau:N2286400E3947200 dossier:transit
SUCCESS [256713] [2024-03-07 11:53:49] carreau:N2286400E3948800 dossier:transit
SUCCESS [256713] [2024-03-07 11:53:50] carreau:N2286400E3950400 dossier:transit
SUCCESS [256713] [2024-03-07 11:53:50] carreau:N2286400E3952000 dossier:transit
SUCCESS [256713] [2024-03-07 11:53:51] carreau:N2286400E3953600 dossier:transit
SUCCESS [256713] [2024-03-07 11:53:51] carreau:N2286400E3955200 dossier:transit
SUCCESS [256713] [2024-03-07 11:53:52] carreau:N2286400E3956800 dossier:transit
SUCCESS [256713] [2024-03-07 11:53:52] carreau:N2286400E3908800 dossier:transit
SUCCESS [256713] [2024-03-07 11:53:53] carreau:N2286400E3913600 dossier:transit
SUCCESS [256713] [2024-03-07 11:53:53] carreau:N2286400E3915200 dossier:transit
SUCCESS [256713] [2024-03-07 11:53:54] carreau:N2286400E3929600 dossier:transit
SUCCESS [256713] [2024-03-07 11:53:55] carreau:N2286400E3936000 dossier:transit
SUCCESS [256713] [2024-03-07 11:53:55] carreau:N2286400E3939200 dossier:transit
SUCCESS [256713] [2024-03-07 11:53:56] carreau:N2286400E3940800 dossier:transit
SUCCESS [256713] [2024-03-07 11:53:56] carreau:N2286400E3960000 dossier:transit
SUCCESS [256713] [2024-03-07 11:53:57] carreau:N2286400E3932800 dossier:transit
SUCCESS [256713] [2024-03-07 11:53:57] carreau:N2286400E3934400 dossier:transit
SUCCESS [256713] [2024-03-07 11:53:58] carreau:N2286400E3924800 dossier:transit
SUCCESS [256713] [2024-03-07 11:53:58] carreau:N2286400E3971200 dossier:transit
SUCCESS [256713] [2024-03-07 11:53:59] carreau:N2286400E3907200 dossier:transit
SUCCESS [256713] [2024-03-07 11:53:59] carreau:N2286400E3931200 dossier:transit
SUCCESS [256713] [2024-03-07 11:54:00] carreau:N2286400E3958400 dossier:transit
SUCCESS [256713] [2024-03-07 11:54:00] carreau:N2286400E3968000 dossier:transit
SUCCESS [256713] [2024-03-07 11:54:01] carreau:N2286400E3969600 dossier:transit
SUCCESS [256713] [2024-03-07 11:54:02] carreau:N2288000E3907200 dossier:transit
SUCCESS [256713] [2024-03-07 11:54:02] carreau:N2288000E3915200 dossier:transit
SUCCESS [256713] [2024-03-07 11:54:03] carreau:N2288000E3916800 dossier:transit
SUCCESS [256713] [2024-03-07 11:54:03] carreau:N2288000E3918400 dossier:transit
SUCCESS [256713] [2024-03-07 11:54:04] carreau:N2288000E3920000 dossier:transit
SUCCESS [256713] [2024-03-07 11:54:04] carreau:N2288000E3921600 dossier:transit
SUCCESS [256713] [2024-03-07 11:54:05] carreau:N2288000E3923200 dossier:transit
SUCCESS [256713] [2024-03-07 11:54:05] carreau:N2288000E3924800 dossier:transit
SUCCESS [256713] [2024-03-07 11:54:06] carreau:N2288000E3926400 dossier:transit
SUCCESS [256713] [2024-03-07 11:54:06] carreau:N2288000E3928000 dossier:transit
SUCCESS [256713] [2024-03-07 11:54:07] carreau:N2288000E3929600 dossier:transit
SUCCESS [256713] [2024-03-07 11:54:07] carreau:N2288000E3931200 dossier:transit
SUCCESS [256713] [2024-03-07 11:54:08] carreau:N2288000E3936000 dossier:transit
SUCCESS [256713] [2024-03-07 11:54:08] carreau:N2288000E3944000 dossier:transit
SUCCESS [256713] [2024-03-07 11:54:09] carreau:N2288000E3945600 dossier:transit
SUCCESS [256713] [2024-03-07 11:54:09] carreau:N2288000E3948800 dossier:transit
SUCCESS [256713] [2024-03-07 11:54:10] carreau:N2288000E3950400 dossier:transit
SUCCESS [256713] [2024-03-07 11:54:10] carreau:N2288000E3952000 dossier:transit
SUCCESS [256713] [2024-03-07 11:54:11] carreau:N2288000E3953600 dossier:transit
SUCCESS [256713] [2024-03-07 11:54:12] carreau:N2288000E3955200 dossier:transit
SUCCESS [256713] [2024-03-07 11:54:12] carreau:N2288000E3966400 dossier:transit
SUCCESS [256713] [2024-03-07 11:54:13] carreau:N2288000E3968000 dossier:transit
SUCCESS [256713] [2024-03-07 11:54:13] carreau:N2288000E3942400 dossier:transit
SUCCESS [256713] [2024-03-07 11:54:14] carreau:N2288000E3947200 dossier:transit
SUCCESS [256713] [2024-03-07 11:54:14] carreau:N2288000E3969600 dossier:transit
SUCCESS [256713] [2024-03-07 11:54:15] carreau:N2288000E3908800 dossier:transit
SUCCESS [256713] [2024-03-07 11:54:15] carreau:N2288000E3910400 dossier:transit
SUCCESS [256713] [2024-03-07 11:54:16] carreau:N2288000E3934400 dossier:transit
SUCCESS [256713] [2024-03-07 11:54:16] carreau:N2288000E3956800 dossier:transit
SUCCESS [256713] [2024-03-07 11:54:17] carreau:N2288000E3905600 dossier:transit
SUCCESS [256713] [2024-03-07 11:54:17] carreau:N2288000E3964800 dossier:transit
SUCCESS [256713] [2024-03-07 11:54:18] carreau:N2288000E3971200 dossier:transit
SUCCESS [256713] [2024-03-07 11:54:18] carreau:N2288000E3932800 dossier:transit
SUCCESS [256713] [2024-03-07 11:54:19] carreau:N2288000E3940800 dossier:transit
SUCCESS [256713] [2024-03-07 11:54:19] carreau:N2288000E3912000 dossier:transit
SUCCESS [256713] [2024-03-07 11:54:20] carreau:N2288000E3939200 dossier:transit
SUCCESS [256713] [2024-03-07 11:54:21] carreau:N2288000E3961600 dossier:transit
SUCCESS [256713] [2024-03-07 11:54:21] carreau:N2288000E3963200 dossier:transit
SUCCESS [256713] [2024-03-07 11:54:22] carreau:N2288000E3958400 dossier:transit
SUCCESS [256713] [2024-03-07 11:54:22] carreau:N2289600E3908800 dossier:transit
SUCCESS [256713] [2024-03-07 11:54:23] carreau:N2289600E3910400 dossier:transit
SUCCESS [256713] [2024-03-07 11:54:23] carreau:N2289600E3915200 dossier:transit
SUCCESS [256713] [2024-03-07 11:54:24] carreau:N2289600E3916800 dossier:transit
SUCCESS [256713] [2024-03-07 11:54:24] carreau:N2289600E3918400 dossier:transit
SUCCESS [256713] [2024-03-07 11:54:25] carreau:N2289600E3920000 dossier:transit
SUCCESS [256713] [2024-03-07 11:54:25] carreau:N2289600E3921600 dossier:transit
SUCCESS [256713] [2024-03-07 11:54:26] carreau:N2289600E3923200 dossier:transit
SUCCESS [256713] [2024-03-07 11:54:26] carreau:N2289600E3924800 dossier:transit
SUCCESS [256713] [2024-03-07 11:54:27] carreau:N2289600E3926400 dossier:transit
SUCCESS [256713] [2024-03-07 11:54:28] carreau:N2289600E3929600 dossier:transit
SUCCESS [256713] [2024-03-07 11:54:28] carreau:N2289600E3932800 dossier:transit
SUCCESS [256713] [2024-03-07 11:54:29] carreau:N2289600E3939200 dossier:transit
SUCCESS [256713] [2024-03-07 11:54:29] carreau:N2289600E3940800 dossier:transit
SUCCESS [256713] [2024-03-07 11:54:30] carreau:N2289600E3942400 dossier:transit
SUCCESS [256713] [2024-03-07 11:54:30] carreau:N2289600E3945600 dossier:transit
SUCCESS [256713] [2024-03-07 11:54:31] carreau:N2289600E3950400 dossier:transit
SUCCESS [256713] [2024-03-07 11:54:31] carreau:N2289600E3953600 dossier:transit
SUCCESS [256713] [2024-03-07 11:54:32] carreau:N2289600E3955200 dossier:transit
SUCCESS [256713] [2024-03-07 11:54:32] carreau:N2289600E3956800 dossier:transit
SUCCESS [256713] [2024-03-07 11:54:33] carreau:N2289600E3958400 dossier:transit
SUCCESS [256713] [2024-03-07 11:54:33] carreau:N2289600E3964800 dossier:transit
SUCCESS [256713] [2024-03-07 11:54:34] carreau:N2289600E3966400 dossier:transit
SUCCESS [256713] [2024-03-07 11:54:35] carreau:N2289600E3968000 dossier:transit
SUCCESS [256713] [2024-03-07 11:54:35] carreau:N2289600E3969600 dossier:transit
SUCCESS [256713] [2024-03-07 11:54:36] carreau:N2289600E3928000 dossier:transit
SUCCESS [256713] [2024-03-07 11:54:36] carreau:N2289600E3931200 dossier:transit
SUCCESS [256713] [2024-03-07 11:54:37] carreau:N2289600E3944000 dossier:transit
SUCCESS [256713] [2024-03-07 11:54:37] carreau:N2289600E3947200 dossier:transit
SUCCESS [256713] [2024-03-07 11:54:38] carreau:N2289600E3952000 dossier:transit
SUCCESS [256713] [2024-03-07 11:54:38] carreau:N2289600E3963200 dossier:transit
SUCCESS [256713] [2024-03-07 11:54:39] carreau:N2289600E3912000 dossier:transit
SUCCESS [256713] [2024-03-07 11:54:39] carreau:N2289600E3937600 dossier:transit
SUCCESS [256713] [2024-03-07 11:54:40] carreau:N2289600E3948800 dossier:transit
SUCCESS [256713] [2024-03-07 11:54:40] carreau:N2289600E3907200 dossier:transit
SUCCESS [256713] [2024-03-07 11:54:41] carreau:N2289600E3961600 dossier:transit
SUCCESS [256713] [2024-03-07 11:54:42] carreau:N2289600E3936000 dossier:transit
SUCCESS [256713] [2024-03-07 11:54:42] carreau:N2291200E3910400 dossier:transit
SUCCESS [256713] [2024-03-07 11:54:43] carreau:N2291200E3918400 dossier:transit
SUCCESS [256713] [2024-03-07 11:54:43] carreau:N2291200E3920000 dossier:transit
SUCCESS [256713] [2024-03-07 11:54:44] carreau:N2291200E3921600 dossier:transit
SUCCESS [256713] [2024-03-07 11:54:44] carreau:N2291200E3923200 dossier:transit
SUCCESS [256713] [2024-03-07 11:54:45] carreau:N2291200E3926400 dossier:transit
SUCCESS [256713] [2024-03-07 11:54:45] carreau:N2291200E3928000 dossier:transit
SUCCESS [256713] [2024-03-07 11:54:46] carreau:N2291200E3929600 dossier:transit
SUCCESS [256713] [2024-03-07 11:54:46] carreau:N2291200E3936000 dossier:transit
SUCCESS [256713] [2024-03-07 11:54:47] carreau:N2291200E3937600 dossier:transit
SUCCESS [256713] [2024-03-07 11:54:47] carreau:N2291200E3939200 dossier:transit
SUCCESS [256713] [2024-03-07 11:54:48] carreau:N2291200E3940800 dossier:transit
SUCCESS [256713] [2024-03-07 11:54:49] carreau:N2291200E3942400 dossier:transit
SUCCESS [256713] [2024-03-07 11:54:49] carreau:N2291200E3948800 dossier:transit
SUCCESS [256713] [2024-03-07 11:54:50] carreau:N2291200E3952000 dossier:transit
SUCCESS [256713] [2024-03-07 11:54:50] carreau:N2291200E3953600 dossier:transit
SUCCESS [256713] [2024-03-07 11:54:51] carreau:N2291200E3955200 dossier:transit
SUCCESS [256713] [2024-03-07 11:54:51] carreau:N2291200E3956800 dossier:transit
SUCCESS [256713] [2024-03-07 11:54:52] carreau:N2291200E3958400 dossier:transit
SUCCESS [256713] [2024-03-07 11:54:52] carreau:N2291200E3961600 dossier:transit
SUCCESS [256713] [2024-03-07 11:54:53] carreau:N2291200E3964800 dossier:transit
SUCCESS [256713] [2024-03-07 11:54:53] carreau:N2291200E3966400 dossier:transit
SUCCESS [256713] [2024-03-07 11:54:54] carreau:N2291200E3968000 dossier:transit
SUCCESS [256713] [2024-03-07 11:54:54] carreau:N2291200E3969600 dossier:transit
SUCCESS [256713] [2024-03-07 11:54:55] carreau:N2291200E3916800 dossier:transit
SUCCESS [256713] [2024-03-07 11:54:55] carreau:N2291200E3924800 dossier:transit
SUCCESS [256713] [2024-03-07 11:54:56] carreau:N2291200E3950400 dossier:transit
SUCCESS [256713] [2024-03-07 11:54:56] carreau:N2291200E3960000 dossier:transit
SUCCESS [256713] [2024-03-07 11:54:57] carreau:N2291200E3963200 dossier:transit
SUCCESS [256713] [2024-03-07 11:54:58] carreau:N2291200E3947200 dossier:transit
SUCCESS [256713] [2024-03-07 11:54:58] carreau:N2291200E3932800 dossier:transit
SUCCESS [256713] [2024-03-07 11:54:59] carreau:N2291200E3971200 dossier:transit
SUCCESS [256713] [2024-03-07 11:54:59] carreau:N2291200E3944000 dossier:transit
SUCCESS [256713] [2024-03-07 11:55:00] carreau:N2291200E3945600 dossier:transit
SUCCESS [256713] [2024-03-07 11:55:00] carreau:N2291200E3931200 dossier:transit
SUCCESS [256713] [2024-03-07 11:55:01] carreau:N2291200E3915200 dossier:transit
SUCCESS [256713] [2024-03-07 11:55:01] carreau:N2292800E3918400 dossier:transit
SUCCESS [256713] [2024-03-07 11:55:02] carreau:N2292800E3920000 dossier:transit
SUCCESS [256713] [2024-03-07 11:55:02] carreau:N2292800E3921600 dossier:transit
SUCCESS [256713] [2024-03-07 11:55:03] carreau:N2292800E3923200 dossier:transit
SUCCESS [256713] [2024-03-07 11:55:03] carreau:N2292800E3924800 dossier:transit
SUCCESS [256713] [2024-03-07 11:55:04] carreau:N2292800E3926400 dossier:transit
SUCCESS [256713] [2024-03-07 11:55:04] carreau:N2292800E3928000 dossier:transit
SUCCESS [256713] [2024-03-07 11:55:05] carreau:N2292800E3929600 dossier:transit
SUCCESS [256713] [2024-03-07 11:55:06] carreau:N2292800E3931200 dossier:transit
SUCCESS [256713] [2024-03-07 11:55:06] carreau:N2292800E3936000 dossier:transit
SUCCESS [256713] [2024-03-07 11:55:07] carreau:N2292800E3937600 dossier:transit
SUCCESS [256713] [2024-03-07 11:55:07] carreau:N2292800E3939200 dossier:transit
SUCCESS [256713] [2024-03-07 11:55:08] carreau:N2292800E3940800 dossier:transit
SUCCESS [256713] [2024-03-07 11:55:08] carreau:N2292800E3945600 dossier:transit
SUCCESS [256713] [2024-03-07 11:55:09] carreau:N2292800E3947200 dossier:transit
SUCCESS [256713] [2024-03-07 11:55:09] carreau:N2292800E3948800 dossier:transit
SUCCESS [256713] [2024-03-07 11:55:10] carreau:N2292800E3950400 dossier:transit
SUCCESS [256713] [2024-03-07 11:55:10] carreau:N2292800E3952000 dossier:transit
SUCCESS [256713] [2024-03-07 11:55:11] carreau:N2292800E3953600 dossier:transit
SUCCESS [256713] [2024-03-07 11:55:11] carreau:N2292800E3958400 dossier:transit
SUCCESS [256713] [2024-03-07 11:55:12] carreau:N2292800E3960000 dossier:transit
SUCCESS [256713] [2024-03-07 11:55:12] carreau:N2292800E3961600 dossier:transit
SUCCESS [256713] [2024-03-07 11:55:13] carreau:N2292800E3963200 dossier:transit
SUCCESS [256713] [2024-03-07 11:55:13] carreau:N2292800E3964800 dossier:transit
SUCCESS [256713] [2024-03-07 11:55:14] carreau:N2292800E3969600 dossier:transit
SUCCESS [256713] [2024-03-07 11:55:15] carreau:N2292800E3915200 dossier:transit
SUCCESS [256713] [2024-03-07 11:55:15] carreau:N2292800E3942400 dossier:transit
SUCCESS [256713] [2024-03-07 11:55:16] carreau:N2292800E3956800 dossier:transit
SUCCESS [256713] [2024-03-07 11:55:16] carreau:N2292800E3966400 dossier:transit
SUCCESS [256713] [2024-03-07 11:55:17] carreau:N2292800E3968000 dossier:transit
SUCCESS [256713] [2024-03-07 11:55:17] carreau:N2292800E3944000 dossier:transit
SUCCESS [256713] [2024-03-07 11:55:18] carreau:N2292800E3955200 dossier:transit
SUCCESS [256713] [2024-03-07 11:55:18] carreau:N2292800E3971200 dossier:transit
SUCCESS [256713] [2024-03-07 11:55:19] carreau:N2292800E3916800 dossier:transit
SUCCESS [256713] [2024-03-07 11:55:19] carreau:N2292800E3972800 dossier:transit
SUCCESS [256713] [2024-03-07 11:55:20] carreau:N2292800E3913600 dossier:transit
SUCCESS [256713] [2024-03-07 11:55:20] carreau:N2292800E3934400 dossier:transit
SUCCESS [256713] [2024-03-07 11:55:21] carreau:N2292800E3976000 dossier:transit
SUCCESS [256713] [2024-03-07 11:55:21] carreau:N2294400E3913600 dossier:transit
SUCCESS [256713] [2024-03-07 11:55:22] carreau:N2294400E3915200 dossier:transit
SUCCESS [256713] [2024-03-07 11:55:23] carreau:N2294400E3916800 dossier:transit
SUCCESS [256713] [2024-03-07 11:55:23] carreau:N2294400E3920000 dossier:transit
SUCCESS [256713] [2024-03-07 11:55:24] carreau:N2294400E3921600 dossier:transit
SUCCESS [256713] [2024-03-07 11:55:24] carreau:N2294400E3923200 dossier:transit
SUCCESS [256713] [2024-03-07 11:55:25] carreau:N2294400E3924800 dossier:transit
SUCCESS [256713] [2024-03-07 11:55:25] carreau:N2294400E3926400 dossier:transit
SUCCESS [256713] [2024-03-07 11:55:26] carreau:N2294400E3928000 dossier:transit
SUCCESS [256713] [2024-03-07 11:55:26] carreau:N2294400E3929600 dossier:transit
SUCCESS [256713] [2024-03-07 11:55:27] carreau:N2294400E3931200 dossier:transit
SUCCESS [256713] [2024-03-07 11:55:27] carreau:N2294400E3932800 dossier:transit
SUCCESS [256713] [2024-03-07 11:55:28] carreau:N2294400E3934400 dossier:transit
SUCCESS [256713] [2024-03-07 11:55:29] carreau:N2294400E3936000 dossier:transit
SUCCESS [256713] [2024-03-07 11:55:29] carreau:N2294400E3937600 dossier:transit
SUCCESS [256713] [2024-03-07 11:55:30] carreau:N2294400E3939200 dossier:transit
SUCCESS [256713] [2024-03-07 11:55:30] carreau:N2294400E3942400 dossier:transit
SUCCESS [256713] [2024-03-07 11:55:31] carreau:N2294400E3944000 dossier:transit
SUCCESS [256713] [2024-03-07 11:55:31] carreau:N2294400E3945600 dossier:transit
SUCCESS [256713] [2024-03-07 11:55:32] carreau:N2294400E3947200 dossier:transit
SUCCESS [256713] [2024-03-07 11:55:32] carreau:N2294400E3948800 dossier:transit
SUCCESS [256713] [2024-03-07 11:55:33] carreau:N2294400E3950400 dossier:transit
SUCCESS [256713] [2024-03-07 11:55:33] carreau:N2294400E3952000 dossier:transit
SUCCESS [256713] [2024-03-07 11:55:34] carreau:N2294400E3953600 dossier:transit
SUCCESS [256713] [2024-03-07 11:55:34] carreau:N2294400E3956800 dossier:transit
SUCCESS [256713] [2024-03-07 11:55:35] carreau:N2294400E3958400 dossier:transit
SUCCESS [256713] [2024-03-07 11:55:36] carreau:N2294400E3960000 dossier:transit
SUCCESS [256713] [2024-03-07 11:55:36] carreau:N2294400E3961600 dossier:transit
SUCCESS [256713] [2024-03-07 11:55:37] carreau:N2294400E3971200 dossier:transit
SUCCESS [256713] [2024-03-07 11:55:37] carreau:N2294400E3912000 dossier:transit
SUCCESS [256713] [2024-03-07 11:55:38] carreau:N2294400E3940800 dossier:transit
SUCCESS [256713] [2024-03-07 11:55:38] carreau:N2294400E3976000 dossier:transit
SUCCESS [256713] [2024-03-07 11:55:39] carreau:N2294400E3963200 dossier:transit
SUCCESS [256713] [2024-03-07 11:55:39] carreau:N2294400E3972800 dossier:transit
SUCCESS [256713] [2024-03-07 11:55:40] carreau:N2294400E3974400 dossier:transit
SUCCESS [256713] [2024-03-07 11:55:40] carreau:N2294400E3918400 dossier:transit
SUCCESS [256713] [2024-03-07 11:55:41] carreau:N2294400E3955200 dossier:transit
SUCCESS [256713] [2024-03-07 11:55:41] carreau:N2296000E3913600 dossier:transit
SUCCESS [256713] [2024-03-07 11:55:42] carreau:N2296000E3920000 dossier:transit
SUCCESS [256713] [2024-03-07 11:55:43] carreau:N2296000E3921600 dossier:transit
SUCCESS [256713] [2024-03-07 11:55:43] carreau:N2296000E3923200 dossier:transit
SUCCESS [256713] [2024-03-07 11:55:44] carreau:N2296000E3924800 dossier:transit
SUCCESS [256713] [2024-03-07 11:55:44] carreau:N2296000E3926400 dossier:transit
SUCCESS [256713] [2024-03-07 11:55:45] carreau:N2296000E3929600 dossier:transit
SUCCESS [256713] [2024-03-07 11:55:45] carreau:N2296000E3931200 dossier:transit
SUCCESS [256713] [2024-03-07 11:55:46] carreau:N2296000E3932800 dossier:transit
SUCCESS [256713] [2024-03-07 11:55:46] carreau:N2296000E3934400 dossier:transit
SUCCESS [256713] [2024-03-07 11:55:47] carreau:N2296000E3936000 dossier:transit
SUCCESS [256713] [2024-03-07 11:55:47] carreau:N2296000E3937600 dossier:transit
SUCCESS [256713] [2024-03-07 11:55:48] carreau:N2296000E3939200 dossier:transit
SUCCESS [256713] [2024-03-07 11:55:48] carreau:N2296000E3942400 dossier:transit
SUCCESS [256713] [2024-03-07 11:55:49] carreau:N2296000E3944000 dossier:transit
SUCCESS [256713] [2024-03-07 11:55:50] carreau:N2296000E3945600 dossier:transit
SUCCESS [256713] [2024-03-07 11:55:50] carreau:N2296000E3950400 dossier:transit
SUCCESS [256713] [2024-03-07 11:55:51] carreau:N2296000E3952000 dossier:transit
SUCCESS [256713] [2024-03-07 11:55:51] carreau:N2296000E3955200 dossier:transit
SUCCESS [256713] [2024-03-07 11:55:52] carreau:N2296000E3956800 dossier:transit
SUCCESS [256713] [2024-03-07 11:55:52] carreau:N2296000E3958400 dossier:transit
SUCCESS [256713] [2024-03-07 11:55:53] carreau:N2296000E3960000 dossier:transit
SUCCESS [256713] [2024-03-07 11:55:53] carreau:N2296000E3961600 dossier:transit
SUCCESS [256713] [2024-03-07 11:55:54] carreau:N2296000E3972800 dossier:transit
SUCCESS [256713] [2024-03-07 11:55:54] carreau:N2296000E3974400 dossier:transit
SUCCESS [256713] [2024-03-07 11:55:55] carreau:N2296000E3976000 dossier:transit
SUCCESS [256713] [2024-03-07 11:55:56] carreau:N2296000E3940800 dossier:transit
SUCCESS [256713] [2024-03-07 11:55:56] carreau:N2296000E3948800 dossier:transit
SUCCESS [256713] [2024-03-07 11:55:57] carreau:N2296000E3928000 dossier:transit
SUCCESS [256713] [2024-03-07 11:55:57] carreau:N2296000E3947200 dossier:transit
SUCCESS [256713] [2024-03-07 11:55:58] carreau:N2296000E3918400 dossier:transit
SUCCESS [256713] [2024-03-07 11:55:58] carreau:N2296000E3971200 dossier:transit
SUCCESS [256713] [2024-03-07 11:55:59] carreau:N2296000E3953600 dossier:transit
SUCCESS [256713] [2024-03-07 11:55:59] carreau:N2297600E3918400 dossier:transit
SUCCESS [256713] [2024-03-07 11:56:00] carreau:N2297600E3920000 dossier:transit
SUCCESS [256713] [2024-03-07 11:56:00] carreau:N2297600E3921600 dossier:transit
SUCCESS [256713] [2024-03-07 11:56:01] carreau:N2297600E3923200 dossier:transit
SUCCESS [256713] [2024-03-07 11:56:02] carreau:N2297600E3924800 dossier:transit
SUCCESS [256713] [2024-03-07 11:56:02] carreau:N2297600E3928000 dossier:transit
SUCCESS [256713] [2024-03-07 11:56:03] carreau:N2297600E3932800 dossier:transit
SUCCESS [256713] [2024-03-07 11:56:03] carreau:N2297600E3934400 dossier:transit
SUCCESS [256713] [2024-03-07 11:56:04] carreau:N2297600E3936000 dossier:transit
SUCCESS [256713] [2024-03-07 11:56:04] carreau:N2297600E3937600 dossier:transit
SUCCESS [256713] [2024-03-07 11:56:05] carreau:N2297600E3939200 dossier:transit
SUCCESS [256713] [2024-03-07 11:56:05] carreau:N2297600E3940800 dossier:transit
SUCCESS [256713] [2024-03-07 11:56:06] carreau:N2297600E3942400 dossier:transit
SUCCESS [256713] [2024-03-07 11:56:06] carreau:N2297600E3944000 dossier:transit
SUCCESS [256713] [2024-03-07 11:56:07] carreau:N2297600E3947200 dossier:transit
SUCCESS [256713] [2024-03-07 11:56:07] carreau:N2297600E3948800 dossier:transit
SUCCESS [256713] [2024-03-07 11:56:08] carreau:N2297600E3952000 dossier:transit
SUCCESS [256713] [2024-03-07 11:56:09] carreau:N2297600E3953600 dossier:transit
SUCCESS [256713] [2024-03-07 11:56:09] carreau:N2297600E3955200 dossier:transit
SUCCESS [256713] [2024-03-07 11:56:10] carreau:N2297600E3956800 dossier:transit
SUCCESS [256713] [2024-03-07 11:56:10] carreau:N2297600E3958400 dossier:transit
SUCCESS [256713] [2024-03-07 11:56:11] carreau:N2297600E3960000 dossier:transit
SUCCESS [256713] [2024-03-07 11:56:11] carreau:N2297600E3961600 dossier:transit
SUCCESS [256713] [2024-03-07 11:56:12] carreau:N2297600E3976000 dossier:transit
SUCCESS [256713] [2024-03-07 11:56:12] carreau:N2297600E3945600 dossier:transit
SUCCESS [256713] [2024-03-07 11:56:13] carreau:N2297600E3915200 dossier:transit
SUCCESS [256713] [2024-03-07 11:56:13] carreau:N2297600E3916800 dossier:transit
SUCCESS [256713] [2024-03-07 11:56:14] carreau:N2297600E3929600 dossier:transit
SUCCESS [256713] [2024-03-07 11:56:14] carreau:N2297600E3931200 dossier:transit
SUCCESS [256713] [2024-03-07 11:56:15] carreau:N2297600E3926400 dossier:transit
SUCCESS [256713] [2024-03-07 11:56:16] carreau:N2297600E3979200 dossier:transit
SUCCESS [256713] [2024-03-07 11:56:16] carreau:N2299200E3915200 dossier:transit
SUCCESS [256713] [2024-03-07 11:56:17] carreau:N2299200E3916800 dossier:transit
SUCCESS [256713] [2024-03-07 11:56:17] carreau:N2299200E3918400 dossier:transit
SUCCESS [256713] [2024-03-07 11:56:18] carreau:N2299200E3920000 dossier:transit
SUCCESS [256713] [2024-03-07 11:56:18] carreau:N2299200E3921600 dossier:transit
SUCCESS [256713] [2024-03-07 11:56:19] carreau:N2299200E3928000 dossier:transit
SUCCESS [256713] [2024-03-07 11:56:19] carreau:N2299200E3929600 dossier:transit
SUCCESS [256713] [2024-03-07 11:56:20] carreau:N2299200E3932800 dossier:transit
SUCCESS [256713] [2024-03-07 11:56:20] carreau:N2299200E3939200 dossier:transit
SUCCESS [256713] [2024-03-07 11:56:21] carreau:N2299200E3944000 dossier:transit
SUCCESS [256713] [2024-03-07 11:56:21] carreau:N2299200E3947200 dossier:transit
SUCCESS [256713] [2024-03-07 11:56:22] carreau:N2299200E3953600 dossier:transit
SUCCESS [256713] [2024-03-07 11:56:23] carreau:N2299200E3955200 dossier:transit
SUCCESS [256713] [2024-03-07 11:56:23] carreau:N2299200E3956800 dossier:transit
SUCCESS [256713] [2024-03-07 11:56:24] carreau:N2299200E3958400 dossier:transit
SUCCESS [256713] [2024-03-07 11:56:24] carreau:N2299200E3960000 dossier:transit
SUCCESS [256713] [2024-03-07 11:56:25] carreau:N2299200E3923200 dossier:transit
SUCCESS [256713] [2024-03-07 11:56:25] carreau:N2299200E3931200 dossier:transit
SUCCESS [256713] [2024-03-07 11:56:26] carreau:N2299200E3924800 dossier:transit
SUCCESS [256713] [2024-03-07 11:56:26] carreau:N2299200E3945600 dossier:transit
SUCCESS [256713] [2024-03-07 11:56:27] carreau:N2299200E3934400 dossier:transit
SUCCESS [256713] [2024-03-07 11:56:27] carreau:N2299200E3926400 dossier:transit
SUCCESS [256713] [2024-03-07 11:56:28] carreau:N2299200E3940800 dossier:transit
SUCCESS [256713] [2024-03-07 11:56:28] carreau:N2299200E3942400 dossier:transit
SUCCESS [256713] [2024-03-07 11:56:29] carreau:N2300800E3916800 dossier:transit
SUCCESS [256713] [2024-03-07 11:56:30] carreau:N2300800E3918400 dossier:transit
SUCCESS [256713] [2024-03-07 11:56:30] carreau:N2300800E3920000 dossier:transit
SUCCESS [256713] [2024-03-07 11:56:31] carreau:N2300800E3923200 dossier:transit
SUCCESS [256713] [2024-03-07 11:56:31] carreau:N2300800E3924800 dossier:transit
SUCCESS [256713] [2024-03-07 11:56:32] carreau:N2300800E3926400 dossier:transit
SUCCESS [256713] [2024-03-07 11:56:32] carreau:N2300800E3928000 dossier:transit
SUCCESS [256713] [2024-03-07 11:56:33] carreau:N2300800E3929600 dossier:transit
SUCCESS [256713] [2024-03-07 11:56:33] carreau:N2300800E3931200 dossier:transit
SUCCESS [256713] [2024-03-07 11:56:34] carreau:N2300800E3932800 dossier:transit
SUCCESS [256713] [2024-03-07 11:56:34] carreau:N2300800E3934400 dossier:transit
SUCCESS [256713] [2024-03-07 11:56:35] carreau:N2300800E3939200 dossier:transit
SUCCESS [256713] [2024-03-07 11:56:35] carreau:N2300800E3940800 dossier:transit
SUCCESS [256713] [2024-03-07 11:56:36] carreau:N2300800E3942400 dossier:transit
SUCCESS [256713] [2024-03-07 11:56:36] carreau:N2300800E3955200 dossier:transit
SUCCESS [256713] [2024-03-07 11:56:37] carreau:N2300800E3956800 dossier:transit
SUCCESS [256713] [2024-03-07 11:56:37] carreau:N2300800E3958400 dossier:transit
SUCCESS [256713] [2024-03-07 11:56:38] carreau:N2300800E3944000 dossier:transit
SUCCESS [256713] [2024-03-07 11:56:39] carreau:N2300800E3937600 dossier:transit
SUCCESS [256713] [2024-03-07 11:56:39] carreau:N2300800E3936000 dossier:transit
SUCCESS [256713] [2024-03-07 11:56:40] carreau:N2302400E3920000 dossier:transit
SUCCESS [256713] [2024-03-07 11:56:40] carreau:N2302400E3923200 dossier:transit
SUCCESS [256713] [2024-03-07 11:56:41] carreau:N2302400E3924800 dossier:transit
SUCCESS [256713] [2024-03-07 11:56:41] carreau:N2302400E3928000 dossier:transit
SUCCESS [256713] [2024-03-07 11:56:42] carreau:N2302400E3929600 dossier:transit
SUCCESS [256713] [2024-03-07 11:56:42] carreau:N2302400E3931200 dossier:transit
SUCCESS [256713] [2024-03-07 11:56:43] carreau:N2302400E3932800 dossier:transit
SUCCESS [256713] [2024-03-07 11:56:43] carreau:N2302400E3934400 dossier:transit
SUCCESS [256713] [2024-03-07 11:56:44] carreau:N2302400E3936000 dossier:transit
SUCCESS [256713] [2024-03-07 11:56:44] carreau:N2302400E3937600 dossier:transit
SUCCESS [256713] [2024-03-07 11:56:45] carreau:N2302400E3939200 dossier:transit
SUCCESS [256713] [2024-03-07 11:56:46] carreau:N2302400E3940800 dossier:transit
SUCCESS [256713] [2024-03-07 11:56:46] carreau:N2302400E3942400 dossier:transit
SUCCESS [256713] [2024-03-07 11:56:47] carreau:N2302400E3921600 dossier:transit
SUCCESS [256713] [2024-03-07 11:56:47] carreau:N2302400E3926400 dossier:transit
SUCCESS [256713] [2024-03-07 11:56:48] carreau:N2302400E3916800 dossier:transit
SUCCESS [256713] [2024-03-07 11:56:48] carreau:N2302400E3918400 dossier:transit
SUCCESS [256713] [2024-03-07 11:56:49] carreau:N2304000E3921600 dossier:transit
SUCCESS [256713] [2024-03-07 11:56:49] carreau:N2304000E3923200 dossier:transit
SUCCESS [256713] [2024-03-07 11:56:50] carreau:N2304000E3924800 dossier:transit
SUCCESS [256713] [2024-03-07 11:56:50] carreau:N2304000E3926400 dossier:transit
SUCCESS [256713] [2024-03-07 11:56:51] carreau:N2304000E3928000 dossier:transit
SUCCESS [256713] [2024-03-07 11:56:51] carreau:N2304000E3929600 dossier:transit
SUCCESS [256713] [2024-03-07 11:56:52] carreau:N2304000E3931200 dossier:transit
SUCCESS [256713] [2024-03-07 11:56:52] carreau:N2304000E3934400 dossier:transit
SUCCESS [256713] [2024-03-07 11:56:53] carreau:N2304000E3936000 dossier:transit
SUCCESS [256713] [2024-03-07 11:56:54] carreau:N2304000E3916800 dossier:transit
SUCCESS [256713] [2024-03-07 11:56:54] carreau:N2304000E3932800 dossier:transit
SUCCESS [256713] [2024-03-07 11:56:55] carreau:N2304000E3937600 dossier:transit
SUCCESS [256713] [2024-03-07 11:56:55] carreau:N2304000E3920000 dossier:transit
SUCCESS [256713] [2024-03-07 11:56:56] carreau:N2305600E3921600 dossier:transit
SUCCESS [256713] [2024-03-07 11:56:56] carreau:N2305600E3923200 dossier:transit
SUCCESS [256713] [2024-03-07 11:56:57] carreau:N2305600E3924800 dossier:transit
SUCCESS [256713] [2024-03-07 11:56:57] carreau:N2305600E3926400 dossier:transit
SUCCESS [256713] [2024-03-07 11:56:58] carreau:N2305600E3928000 dossier:transit
SUCCESS [256713] [2024-03-07 11:56:58] carreau:N2307200E3923200 dossier:transit
SUCCESS [256713] [2024-03-07 11:56:59] carreau:N2307200E3924800 dossier:transit
SUCCESS [256713] [2024-03-07 11:56:59] carreau:N2307200E3921600 dossier:transit

