SUCCESS [2024-03-01 17:08:30] Calcul accessibilite version 2
SUCCESS [2024-03-01 17:08:30] $type
SUCCESS [2024-03-01 17:08:30] [1] "r5"
SUCCESS [2024-03-01 17:08:30] 
SUCCESS [2024-03-01 17:08:30] $path
SUCCESS [2024-03-01 17:08:30] ~/files/localr5/
SUCCESS [2024-03-01 17:08:30] FALSE
SUCCESS [2024-03-01 17:08:30] 
SUCCESS [2024-03-01 17:08:30] $string
SUCCESS [2024-03-01 17:08:30] r5 routing WALK&TRANSIT sur ~/files/localr5/ a 2024-03-01 16:52:58.335029
SUCCESS [2024-03-01 17:08:30] FALSE
SUCCESS [2024-03-01 17:08:30] 
SUCCESS [2024-03-01 17:08:30] $core
SUCCESS [2024-03-01 17:08:30] [1] "Java-Object{org.ipea.r5r.R5RCore@4c1909a3}"
SUCCESS [2024-03-01 17:08:30] 
SUCCESS [2024-03-01 17:08:30] $montecarlo
SUCCESS [2024-03-01 17:08:30] [1] 5
SUCCESS [2024-03-01 17:08:30] 
SUCCESS [2024-03-01 17:08:30] $time_window
SUCCESS [2024-03-01 17:08:30] [1] 1
SUCCESS [2024-03-01 17:08:30] 
SUCCESS [2024-03-01 17:08:30] $departure_datetime
SUCCESS [2024-03-01 17:08:30] [1] "2023-06-14 08:00:00 UTC"
SUCCESS [2024-03-01 17:08:30] 
SUCCESS [2024-03-01 17:08:30] $mode
SUCCESS [2024-03-01 17:08:30] [1] "WALK"    "TRANSIT"
SUCCESS [2024-03-01 17:08:30] 
SUCCESS [2024-03-01 17:08:30] $percentiles
SUCCESS [2024-03-01 17:08:30] [1] 0.5
SUCCESS [2024-03-01 17:08:30] 
SUCCESS [2024-03-01 17:08:30] $max_walk_time
SUCCESS [2024-03-01 17:08:30] [1] Inf
SUCCESS [2024-03-01 17:08:30] 
SUCCESS [2024-03-01 17:08:30] $walk_speed
SUCCESS [2024-03-01 17:08:30] [1] 5
SUCCESS [2024-03-01 17:08:30] 
SUCCESS [2024-03-01 17:08:30] $bike_speed
SUCCESS [2024-03-01 17:08:30] [1] 12
SUCCESS [2024-03-01 17:08:30] 
SUCCESS [2024-03-01 17:08:30] $max_rides
SUCCESS [2024-03-01 17:08:30] [1] 3
SUCCESS [2024-03-01 17:08:30] 
SUCCESS [2024-03-01 17:08:30] $max_lts
SUCCESS [2024-03-01 17:08:30] [1] 2
SUCCESS [2024-03-01 17:08:30] 
SUCCESS [2024-03-01 17:08:30] $elevation
SUCCESS [2024-03-01 17:08:30] [1] "NONE"
SUCCESS [2024-03-01 17:08:30] 
SUCCESS [2024-03-01 17:08:30] $elevation_tif
SUCCESS [2024-03-01 17:08:30] NULL
SUCCESS [2024-03-01 17:08:30] 
SUCCESS [2024-03-01 17:08:30] $pkg
SUCCESS [2024-03-01 17:08:30] [1] "r5r"   "rJava"
SUCCESS [2024-03-01 17:08:30] 
SUCCESS [2024-03-01 17:08:30] $dfMaxLength
SUCCESS [2024-03-01 17:08:30] [1] 10
SUCCESS [2024-03-01 17:08:30] 
SUCCESS [2024-03-01 17:08:30] $extended
SUCCESS [2024-03-01 17:08:30] [1] TRUE
SUCCESS [2024-03-01 17:08:30] 
SUCCESS [2024-03-01 17:08:30] $elevation_data
SUCCESS [2024-03-01 17:08:30] NULL
SUCCESS [2024-03-01 17:08:30] 
SUCCESS [2024-03-01 17:08:30] $max_rows
SUCCESS [2024-03-01 17:08:30] [1] 5000
SUCCESS [2024-03-01 17:08:30] 
SUCCESS [2024-03-01 17:08:30] $n_threads
SUCCESS [2024-03-01 17:08:30] [1] 16
SUCCESS [2024-03-01 17:08:30] 
SUCCESS [2024-03-01 17:08:30] $future
SUCCESS [2024-03-01 17:08:30] [1] TRUE
SUCCESS [2024-03-01 17:08:30] 
SUCCESS [2024-03-01 17:08:30] $jMem
SUCCESS [2024-03-01 17:08:30] [1] "12G"
SUCCESS [2024-03-01 17:08:30] 
SUCCESS [2024-03-01 17:08:30] $r5r_jar
SUCCESS [2024-03-01 17:08:30] [1] "/usr/local/lib/R/site-library/r5r/jar/r5r_0_6_0.jar"
SUCCESS [2024-03-01 17:08:30] 
SUCCESS [2024-03-01 17:08:30] $r5_jar
SUCCESS [2024-03-01 17:08:30] character(0)
SUCCESS [2024-03-01 17:08:30] 
SUCCESS [2024-03-01 17:08:30] $future_routing
SUCCESS [2024-03-01 17:08:30] function(routing) {
SUCCESS [2024-03-01 17:08:30]       rout <- routing
SUCCESS [2024-03-01 17:08:30]       rout$elevation_data <- NULL
SUCCESS [2024-03-01 17:08:30]       return(rout)}
SUCCESS [2024-03-01 17:08:30] <bytecode: 0x55beebf8d878>
SUCCESS [2024-03-01 17:08:30] <environment: 0x55beebf469c0>
SUCCESS [2024-03-01 17:08:30] 
SUCCESS [2024-03-01 17:08:30] $core_init
SUCCESS [2024-03-01 17:08:30] function(routing){
SUCCESS [2024-03-01 17:08:30]       options(java.parameters = glue::glue('-Xmx{routing$jMem}'))
SUCCESS [2024-03-01 17:08:30]       rJava::.jinit(silent=TRUE)
SUCCESS [2024-03-01 17:08:30]       r5r::stop_r5()
SUCCESS [2024-03-01 17:08:30]       rJava::.jgc(R.gc = TRUE)
SUCCESS [2024-03-01 17:08:30]       options(r5r.montecarlo_draws = routing$montecarlo)
SUCCESS [2024-03-01 17:08:30]       core <- r5r::setup_r5(data_path = routing$path, verbose=FALSE,
SUCCESS [2024-03-01 17:08:30]                             elevation=routing$elevation)
SUCCESS [2024-03-01 17:08:30]       out <- routing
SUCCESS [2024-03-01 17:08:30]       out$core <- core
SUCCESS [2024-03-01 17:08:30]       if(!is.null(routing$elevation_tif))
SUCCESS [2024-03-01 17:08:30]         out$elevation_data <- terra::rast(str_c(routing$path, "/", routing$elevation_tif))
SUCCESS [2024-03-01 17:08:30]       return(out)
SUCCESS [2024-03-01 17:08:30]     }
SUCCESS [2024-03-01 17:08:30] <bytecode: 0x55beebf5dc68>
SUCCESS [2024-03-01 17:08:30] <environment: 0x55beebf469c0>
SUCCESS [2024-03-01 17:08:30] 
SUCCESS [2024-03-01 17:08:30] 
SUCCESS [2024-03-01 17:08:30] tmax:120
SUCCESS [2024-03-01 17:08:30] pdt:1
SUCCESS [2024-03-01 17:08:30] chunk:1M
SUCCESS [2024-03-01 17:08:30] resolution:200
SUCCESS [2024-03-01 17:08:30] out:200
SUCCESS [2024-03-01 17:08:30] les variables sont emp_resident
SUCCESS [2024-03-01 17:08:31] taille:2.2M gr:2 res_gr:1600
SUCCESS [2024-03-01 17:08:31] 100 ou, 24.8k quoi
SUCCESS [2024-03-01 17:08:31] 7 carreaux, 1 subsampling
SUCCESS [2024-03-01 17:08:31] future:TRUE, 2 workers
SUCCESS [3718] [2024-03-01 17:08:39] carreau:N2238400E3961600 dossier:transit
SUCCESS [3718] [2024-03-01 17:08:40] carreau:N2238400E3960000 dossier:transit
SUCCESS [3719] [2024-03-01 17:08:40] carreau:N2240000E3963200 dossier:transit
SUCCESS [3718] [2024-03-01 17:08:40] carreau:N2240000E3960000 dossier:transit
SUCCESS [3719] [2024-03-01 17:08:40] carreau:N2240000E3968000 dossier:transit
SUCCESS [3718] [2024-03-01 17:08:40] carreau:N2240000E3961600 dossier:transit
SUCCESS [3719] [2024-03-01 17:08:40] carreau:N2240000E3966400 dossier:transit
SUCCESS [2024-03-01 17:08:41] 
