SUCCESS [2023-10-26 07:00:19] Calcul accessibilite version 2
SUCCESS [2023-10-26 07:00:19] $type
SUCCESS [2023-10-26 07:00:19] [1] "dodgr"
SUCCESS [2023-10-26 07:00:19] 
SUCCESS [2023-10-26 07:00:19] $path
SUCCESS [2023-10-26 07:00:19] /space_mounts/data/marseille//dodgr/
SUCCESS [2023-10-26 07:00:19] FALSE
SUCCESS [2023-10-26 07:00:19] 
SUCCESS [2023-10-26 07:00:19] $pg
SUCCESS [2023-10-26 07:00:19] NULL
SUCCESS [2023-10-26 07:00:19] 
SUCCESS [2023-10-26 07:00:19] $distances
SUCCESS [2023-10-26 07:00:19] [1] TRUE
SUCCESS [2023-10-26 07:00:19] 
SUCCESS [2023-10-26 07:00:19] $denivele
SUCCESS [2023-10-26 07:00:19] [1] TRUE
SUCCESS [2023-10-26 07:00:19] 
SUCCESS [2023-10-26 07:00:19] $pkg
SUCCESS [2023-10-26 07:00:19] [1] "dodgr"
SUCCESS [2023-10-26 07:00:19] 
SUCCESS [2023-10-26 07:00:19] $turn_penalty
SUCCESS [2023-10-26 07:00:19] [1] FALSE
SUCCESS [2023-10-26 07:00:19] 
SUCCESS [2023-10-26 07:00:19] $graph_name
SUCCESS [2023-10-26 07:00:19] /space_mounts/data/marseille//dodgr//marseille.foot.dodgrnet
SUCCESS [2023-10-26 07:00:19] FALSE
SUCCESS [2023-10-26 07:00:19] 
SUCCESS [2023-10-26 07:00:19] $string
SUCCESS [2023-10-26 07:00:19] dodgr routing foot sur /space_mounts/data/marseille//dodgr/ a 2023-10-26 07:00:18.519018
SUCCESS [2023-10-26 07:00:19] FALSE
SUCCESS [2023-10-26 07:00:19] 
SUCCESS [2023-10-26 07:00:19] $departure_datetime
SUCCESS [2023-10-26 07:00:19] [1] "2019-12-17 08:00:00 UTC"
SUCCESS [2023-10-26 07:00:19] 
SUCCESS [2023-10-26 07:00:19] $mode
SUCCESS [2023-10-26 07:00:19] [1] "foot"
SUCCESS [2023-10-26 07:00:19] 
SUCCESS [2023-10-26 07:00:19] $n_threads
SUCCESS [2023-10-26 07:00:19] [1] 8
SUCCESS [2023-10-26 07:00:19] 
SUCCESS [2023-10-26 07:00:19] $future
SUCCESS [2023-10-26 07:00:19] [1] TRUE
SUCCESS [2023-10-26 07:00:19] 
SUCCESS [2023-10-26 07:00:19] $future_routing
SUCCESS [2023-10-26 07:00:19] function (routing) 
SUCCESS [2023-10-26 07:00:19] {
SUCCESS [2023-10-26 07:00:19]     rout <- routing
SUCCESS [2023-10-26 07:00:19]     rout$processed_graph <- NULL
SUCCESS [2023-10-26 07:00:19]     rout$elevation_data <- NULL
SUCCESS [2023-10-26 07:00:19]     return(rout)
SUCCESS [2023-10-26 07:00:19] }
SUCCESS [2023-10-26 07:00:19] <bytecode: 0x55b311b792c8>
SUCCESS [2023-10-26 07:00:19] <environment: 0x55b311b76020>
SUCCESS [2023-10-26 07:00:19] 
SUCCESS [2023-10-26 07:00:19] $core_init
SUCCESS [2023-10-26 07:00:19] function (routing) 
SUCCESS [2023-10-26 07:00:19] {
SUCCESS [2023-10-26 07:00:19]     RcppParallel::setThreadOptions(numThreads = routing$n_threads)
SUCCESS [2023-10-26 07:00:19]     rout <- routing
SUCCESS [2023-10-26 07:00:19]     rout$pg <- load_streetnet(routing$graph_name)
SUCCESS [2023-10-26 07:00:19]     if ("dz" %in% names(rout$pg$graph)) {
SUCCESS [2023-10-26 07:00:19]         rout$pg$graph$dzplus <- rout$pg$graph$dz * rout$pg$graph$d * 
SUCCESS [2023-10-26 07:00:19]             (rout$pg$graph$dz > 0)
SUCCESS [2023-10-26 07:00:19]         rout$pg$graph_compound$dzplus <- rout$pg$graph_compound$dz * 
SUCCESS [2023-10-26 07:00:19]             rout$pg$graph_compound$d * (rout$pg$graph_compound$dz > 
SUCCESS [2023-10-26 07:00:19]             0)
SUCCESS [2023-10-26 07:00:19]         rout$pg$graph_compound$dzplus[is.na(rout$pg$graph_compound$dzplus)] <- 0
SUCCESS [2023-10-26 07:00:19]     }
SUCCESS [2023-10-26 07:00:19]     logger::log_info("router {graph_name} chargé")
SUCCESS [2023-10-26 07:00:19]     return(rout)
SUCCESS [2023-10-26 07:00:19] }
SUCCESS [2023-10-26 07:00:19] <bytecode: 0x55b311b79bc0>
SUCCESS [2023-10-26 07:00:19] <environment: 0x55b311b76020>
SUCCESS [2023-10-26 07:00:19] 
SUCCESS [2023-10-26 07:00:19] 
SUCCESS [2023-10-26 07:00:19] tmax:120
SUCCESS [2023-10-26 07:00:19] pdt:1
SUCCESS [2023-10-26 07:00:20] chunk:20M
SUCCESS [2023-10-26 07:00:20] resolution:200
SUCCESS [2023-10-26 07:00:20] out:200
SUCCESS [2023-10-26 07:00:20] les variables sont emplois
SUCCESS [2023-10-26 07:00:20] taille:333.6M gr:17 res_gr:12800
SUCCESS [2023-10-26 07:00:20] 26k ou, 12.8k quoi
SUCCESS [2023-10-26 07:00:20] 33 carreaux, 8 subsampling
SUCCESS [2023-10-26 07:00:20] future:TRUE, 2 workers
INFO [21427] [2023-10-26 07:04:03] router /space_mounts/data/marseille//dodgr//marseille.foot.dodgrnet chargé
INFO [21426] [2023-10-26 07:04:03] router /space_mounts/data/marseille//dodgr//marseille.foot.dodgrnet chargé
INFO [21427] [2023-10-26 07:04:06] dodgr_ttm called, TRUE, 7x21
INFO [21426] [2023-10-26 07:04:06] dodgr_ttm called, TRUE, 8x96
INFO [21427] [2023-10-26 07:04:44] dodgr_ttm called, FALSE, 7x12829
INFO [21426] [2023-10-26 07:04:45] dodgr_ttm called, FALSE, 8x12829
INFO [21427] [2023-10-26 07:07:16] dodgr_ttm called, FALSE, 4x164
INFO [21426] [2023-10-26 07:07:16] dodgr_ttm called, FALSE, 8x4
INFO [21426] [2023-10-26 07:08:36] paquet:N2265600E3891200 ppou:8923 ttm ok 30
INFO [21426] [2023-10-26 07:08:36] dodgr_ttm called, FALSE, 13x25
INFO [21427] [2023-10-26 07:08:37] paquet:N2227200E3955200 ppou:11 ttm ok 642
INFO [21427] [2023-10-26 07:08:37] dodgr_ttm called, FALSE, 1x162
INFO [21426] [2023-10-26 07:09:55] paquet:N2265600E3891200 ppou:9681 ttm ok 325
INFO [21426] [2023-10-26 07:09:55] dodgr_ttm called, FALSE, 15x19
INFO [21427] [2023-10-26 07:09:56] paquet:N2227200E3955200 ppou:12 ttm ok 161
INFO [21427] [2023-10-26 07:09:56] dodgr_ttm called, FALSE, 2x158
INFO [21426] [2023-10-26 07:11:16] paquet:N2265600E3891200 ppou:9686 ttm ok 278
INFO [21426] [2023-10-26 07:11:16] dodgr_ttm called, FALSE, 5x24
INFO [21427] [2023-10-26 07:11:17] paquet:N2227200E3955200 ppou:15 ttm ok 308
INFO [21427] [2023-10-26 07:11:17] dodgr_ttm called, FALSE, 4x159
INFO [21426] [2023-10-26 07:12:36] paquet:N2265600E3891200 ppou:9948 ttm ok 119
INFO [21426] [2023-10-26 07:12:37] dodgr_ttm called, FALSE, 8x20
INFO [21427] [2023-10-26 07:12:38] paquet:N2227200E3955200 ppou:16 ttm ok 625
INFO [21427] [2023-10-26 07:12:38] dodgr_ttm called, FALSE, 3x156
INFO [21426] [2023-10-26 07:13:57] paquet:N2265600E3891200 ppou:10092 ttm ok 155
INFO [21426] [2023-10-26 07:13:57] dodgr_ttm called, FALSE, 7x18
INFO [21427] [2023-10-26 07:13:59] paquet:N2227200E3955200 ppou:22 ttm ok 460
INFO [21427] [2023-10-26 07:13:59] dodgr_ttm called, FALSE, 7x226
INFO [21426] [2023-10-26 07:15:16] paquet:N2265600E3891200 ppou:10094 ttm ok 126
INFO [21426] [2023-10-26 07:15:16] dodgr_ttm called, FALSE, 2x18
INFO [21427] [2023-10-26 07:15:18] paquet:N2227200E3955200 ppou:27 ttm ok 1183
SUCCESS [21427] [2023-10-26 07:15:18] carreau:N2227200E3955200 6 ancres 93.6k@139.4p/s demandees, 4.7k@7.1p/s retenues
INFO [21427] [2023-10-26 07:15:20] dodgr_ttm called, TRUE, 8x1333
INFO [21427] [2023-10-26 07:15:50] dodgr_ttm called, FALSE, 8x12829
INFO [21426] [2023-10-26 07:16:39] paquet:N2265600E3891200 ppou:10424 ttm ok 36
INFO [21426] [2023-10-26 07:16:39] dodgr_ttm called, FALSE, 2x20
INFO [21427] [2023-10-26 07:18:00] dodgr_ttm called, FALSE, 307x547
INFO [21426] [2023-10-26 07:18:04] paquet:N2265600E3891200 ppou:10589 ttm ok 40
SUCCESS [21426] [2023-10-26 07:18:04] carreau:N2265600E3891200 8 ancres 103.8k@123.8p/s demandees, 1.3k@1.5p/s retenues
INFO [21426] [2023-10-26 07:18:07] dodgr_ttm called, TRUE, 8x500
INFO [21426] [2023-10-26 07:18:37] dodgr_ttm called, FALSE, 8x12829
INFO [21427] [2023-10-26 07:19:48] paquet:N2240000E3955200 ppou:189 ttm ok 68293
INFO [21427] [2023-10-26 07:19:48] dodgr_ttm called, FALSE, 231x418
INFO [21426] [2023-10-26 07:20:54] dodgr_ttm called, FALSE, 81x222
INFO [21427] [2023-10-26 07:21:26] paquet:N2240000E3955200 ppou:345 ttm ok 54086
INFO [21427] [2023-10-26 07:21:26] dodgr_ttm called, FALSE, 32x512
INFO [21426] [2023-10-26 07:22:22] paquet:N2265600E3904000 ppou:9957 ttm ok 15935
INFO [21426] [2023-10-26 07:22:22] dodgr_ttm called, FALSE, 71x194
INFO [21427] [2023-10-26 07:22:49] paquet:N2240000E3955200 ppou:795 ttm ok 5427
INFO [21427] [2023-10-26 07:22:49] dodgr_ttm called, FALSE, 274x748
INFO [21426] [2023-10-26 07:23:49] paquet:N2265600E3904000 ppou:10924 ttm ok 12079
INFO [21426] [2023-10-26 07:23:49] dodgr_ttm called, FALSE, 30x204
INFO [21427] [2023-10-26 07:24:38] paquet:N2240000E3955200 ppou:1075 ttm ok 55475
INFO [21427] [2023-10-26 07:24:38] dodgr_ttm called, FALSE, 120x929
INFO [21426] [2023-10-26 07:25:15] paquet:N2265600E3904000 ppou:11201 ttm ok 4815
INFO [21426] [2023-10-26 07:25:15] dodgr_ttm called, FALSE, 28x146
INFO [21427] [2023-10-26 07:26:11] paquet:N2240000E3955200 ppou:1401 ttm ok 34804
INFO [21427] [2023-10-26 07:26:11] dodgr_ttm called, FALSE, 46x1167
INFO [21426] [2023-10-26 07:26:36] paquet:N2265600E3904000 ppou:12398 ttm ok 4022
INFO [21426] [2023-10-26 07:26:36] dodgr_ttm called, FALSE, 36x112
INFO [21427] [2023-10-26 07:27:38] paquet:N2240000E3955200 ppou:1755 ttm ok 23202
INFO [21427] [2023-10-26 07:27:38] dodgr_ttm called, FALSE, 107x577
INFO [21426] [2023-10-26 07:27:59] paquet:N2265600E3904000 ppou:12495 ttm ok 3450
INFO [21426] [2023-10-26 07:27:59] dodgr_ttm called, FALSE, 44x140
INFO [21427] [2023-10-26 07:29:06] paquet:N2240000E3955200 ppou:2088 ttm ok 32132
INFO [21427] [2023-10-26 07:29:06] dodgr_ttm called, FALSE, 171x1918
INFO [21426] [2023-10-26 07:29:25] paquet:N2265600E3904000 ppou:14030 ttm ok 5308
INFO [21426] [2023-10-26 07:29:25] dodgr_ttm called, FALSE, 62x147
INFO [21427] [2023-10-26 07:30:50] paquet:N2240000E3955200 ppou:2135 ttm ok 88846
SUCCESS [21427] [2023-10-26 07:30:50] carreau:N2240000E3955200 8 ancres 1.1M@1.2kp/s demandees, 370.5k@398.5p/s retenues
INFO [21426] [2023-10-26 07:30:51] paquet:N2265600E3904000 ppou:14035 ttm ok 8137
INFO [21426] [2023-10-26 07:30:51] dodgr_ttm called, FALSE, 108x285
INFO [21427] [2023-10-26 07:30:53] dodgr_ttm called, TRUE, 8x203
INFO [21427] [2023-10-26 07:31:20] dodgr_ttm called, FALSE, 8x12829
INFO [21426] [2023-10-26 07:32:21] paquet:N2265600E3904000 ppou:14545 ttm ok 18052
SUCCESS [21426] [2023-10-26 07:32:21] carreau:N2265600E3904000 8 ancres 194.7k@228p/s demandees, 73.4k@86p/s retenues
INFO [21426] [2023-10-26 07:32:24] dodgr_ttm called, TRUE, 8x554
INFO [21426] [2023-10-26 07:32:54] dodgr_ttm called, FALSE, 8x12829
INFO [21427] [2023-10-26 07:33:35] dodgr_ttm called, FALSE, 14x325
INFO [21427] [2023-10-26 07:35:00] paquet:N2240000E3968000 ppou:78 ttm ok 3943
INFO [21427] [2023-10-26 07:35:00] dodgr_ttm called, FALSE, 6x287
INFO [21426] [2023-10-26 07:35:09] dodgr_ttm called, FALSE, 59x178
INFO [21427] [2023-10-26 07:36:18] paquet:N2240000E3968000 ppou:777 ttm ok 1186
INFO [21427] [2023-10-26 07:36:18] dodgr_ttm called, FALSE, 43x62
INFO [21426] [2023-10-26 07:36:32] paquet:N2278400E3904000 ppou:16015 ttm ok 7839
INFO [21426] [2023-10-26 07:36:32] dodgr_ttm called, FALSE, 84x241
INFO [21427] [2023-10-26 07:37:39] paquet:N2240000E3968000 ppou:1313 ttm ok 1215
INFO [21427] [2023-10-26 07:37:39] dodgr_ttm called, FALSE, 24x166
INFO [21426] [2023-10-26 07:37:56] paquet:N2278400E3904000 ppou:16195 ttm ok 11335
INFO [21426] [2023-10-26 07:37:56] dodgr_ttm called, FALSE, 44x146
INFO [21427] [2023-10-26 07:38:59] paquet:N2240000E3968000 ppou:1319 ttm ok 994
INFO [21427] [2023-10-26 07:38:59] dodgr_ttm called, FALSE, 73x191
INFO [21426] [2023-10-26 07:39:18] paquet:N2278400E3904000 ppou:16386 ttm ok 5628
INFO [21426] [2023-10-26 07:39:18] dodgr_ttm called, FALSE, 99x252
INFO [21427] [2023-10-26 07:40:24] paquet:N2240000E3968000 ppou:1607 ttm ok 2157
INFO [21427] [2023-10-26 07:40:24] dodgr_ttm called, FALSE, 39x203
INFO [21426] [2023-10-26 07:40:45] paquet:N2278400E3904000 ppou:16795 ttm ok 12313
INFO [21426] [2023-10-26 07:40:45] dodgr_ttm called, FALSE, 51x174
INFO [21427] [2023-10-26 07:41:46] paquet:N2240000E3968000 ppou:1669 ttm ok 1202
INFO [21427] [2023-10-26 07:41:46] dodgr_ttm called, FALSE, 1x28
INFO [21426] [2023-10-26 07:42:08] paquet:N2278400E3904000 ppou:17577 ttm ok 5343
INFO [21426] [2023-10-26 07:42:08] dodgr_ttm called, FALSE, 30x214
INFO [21427] [2023-10-26 07:43:02] paquet:N2240000E3968000 ppou:1727 ttm ok 28
INFO [21427] [2023-10-26 07:43:02] dodgr_ttm called, FALSE, 2x29
INFO [21426] [2023-10-26 07:43:28] paquet:N2278400E3904000 ppou:18250 ttm ok 4847
INFO [21426] [2023-10-26 07:43:28] dodgr_ttm called, FALSE, 75x458
INFO [21427] [2023-10-26 07:44:18] paquet:N2240000E3968000 ppou:1866 ttm ok 58
SUCCESS [21427] [2023-10-26 07:44:18] carreau:N2240000E3968000 8 ancres 137.5k@170.7p/s demandees, 13.7k@17.1p/s retenues
INFO [21427] [2023-10-26 07:44:21] dodgr_ttm called, TRUE, 8x768
INFO [21427] [2023-10-26 07:44:49] dodgr_ttm called, FALSE, 8x12829
INFO [21426] [2023-10-26 07:44:52] paquet:N2278400E3904000 ppou:20262 ttm ok 12741
INFO [21426] [2023-10-26 07:44:52] dodgr_ttm called, FALSE, 88x280
INFO [21426] [2023-10-26 07:46:22] paquet:N2278400E3904000 ppou:20575 ttm ok 5195
SUCCESS [21426] [2023-10-26 07:46:22] carreau:N2278400E3904000 8 ancres 239k@285.3p/s demandees, 68k@81.2p/s retenues
INFO [21426] [2023-10-26 07:46:24] dodgr_ttm called, TRUE, 8x1121
INFO [21426] [2023-10-26 07:46:56] dodgr_ttm called, FALSE, 8x12829
INFO [21427] [2023-10-26 07:46:59] dodgr_ttm called, FALSE, 126x1543
INFO [21427] [2023-10-26 07:48:37] paquet:N2240000E3942400 ppou:819 ttm ok 91103
INFO [21427] [2023-10-26 07:48:37] dodgr_ttm called, FALSE, 146x621
INFO [21426] [2023-10-26 07:49:09] dodgr_ttm called, FALSE, 33x163
INFO [21427] [2023-10-26 07:50:11] paquet:N2240000E3942400 ppou:1104 ttm ok 43803
INFO [21427] [2023-10-26 07:50:11] dodgr_ttm called, FALSE, 211x1769
INFO [21426] [2023-10-26 07:50:31] paquet:N2278400E3916800 ppou:17438 ttm ok 4045
INFO [21426] [2023-10-26 07:50:31] dodgr_ttm called, FALSE, 264x390
INFO [21427] [2023-10-26 07:51:55] paquet:N2240000E3942400 ppou:1490 ttm ok 236097
INFO [21427] [2023-10-26 07:51:55] dodgr_ttm called, FALSE, 28x1151
INFO [21426] [2023-10-26 07:52:09] paquet:N2278400E3916800 ppou:17815 ttm ok 42931
INFO [21426] [2023-10-26 07:52:09] dodgr_ttm called, FALSE, 18x315
INFO [21427] [2023-10-26 07:53:19] paquet:N2240000E3942400 ppou:1798 ttm ok 26140
INFO [21427] [2023-10-26 07:53:19] dodgr_ttm called, FALSE, 186x1865
INFO [21426] [2023-10-26 07:53:28] paquet:N2278400E3916800 ppou:19651 ttm ok 3814
INFO [21426] [2023-10-26 07:53:28] dodgr_ttm called, FALSE, 158x726
INFO [21427] [2023-10-26 07:54:59] paquet:N2240000E3942400 ppou:1950 ttm ok 226456
INFO [21427] [2023-10-26 07:54:59] dodgr_ttm called, FALSE, 2x855
INFO [21426] [2023-10-26 07:55:02] paquet:N2278400E3916800 ppou:19734 ttm ok 32582
INFO [21426] [2023-10-26 07:55:02] dodgr_ttm called, FALSE, 125x538
INFO [21427] [2023-10-26 07:56:18] paquet:N2240000E3942400 ppou:2012 ttm ok 1574
INFO [21427] [2023-10-26 07:56:18] dodgr_ttm called, FALSE, 39x1835
INFO [21426] [2023-10-26 07:56:32] paquet:N2278400E3916800 ppou:20221 ttm ok 40241
INFO [21426] [2023-10-26 07:56:32] dodgr_ttm called, FALSE, 135x525
INFO [21427] [2023-10-26 07:57:46] paquet:N2240000E3942400 ppou:2125 ttm ok 34269
INFO [21427] [2023-10-26 07:57:46] dodgr_ttm called, FALSE, 20x1218
INFO [21426] [2023-10-26 07:57:59] paquet:N2278400E3916800 ppou:20278 ttm ok 38601
INFO [21426] [2023-10-26 07:57:59] dodgr_ttm called, FALSE, 262x578
INFO [21427] [2023-10-26 07:59:09] paquet:N2240000E3942400 ppou:2178 ttm ok 18173
SUCCESS [21427] [2023-10-26 07:59:09] carreau:N2240000E3942400 8 ancres 1.2M@1.4kp/s demandees, 690.8k@777.4p/s retenues
INFO [21427] [2023-10-26 07:59:12] dodgr_ttm called, TRUE, 2x9
INFO [21426] [2023-10-26 07:59:36] paquet:N2278400E3916800 ppou:20517 ttm ok 85853
SUCCESS [21426] [2023-10-26 07:59:36] carreau:N2278400E3916800 7 ancres 620.9k@784.7p/s demandees, 252.3k@318.8p/s retenues
INFO [21427] [2023-10-26 07:59:38] dodgr_ttm called, FALSE, 2x12829
INFO [21426] [2023-10-26 07:59:39] dodgr_ttm called, TRUE, 8x1157
INFO [21426] [2023-10-26 08:00:10] dodgr_ttm called, FALSE, 8x12829
INFO [21427] [2023-10-26 08:01:50] dodgr_ttm called, FALSE, 2x11
INFO [21426] [2023-10-26 08:02:26] dodgr_ttm called, FALSE, 84x581
INFO [21427] [2023-10-26 08:03:08] paquet:N2240000E3929600 ppou:713 ttm ok 22
INFO [21427] [2023-10-26 08:03:08] dodgr_ttm called, FALSE, 7x128
INFO [21426] [2023-10-26 08:03:49] paquet:N2278400E3929600 ppou:15848 ttm ok 18161
INFO [21426] [2023-10-26 08:03:49] dodgr_ttm called, FALSE, 123x377
INFO [21427] [2023-10-26 08:04:25] paquet:N2240000E3929600 ppou:759 ttm ok 622
SUCCESS [21427] [2023-10-26 08:04:25] carreau:N2240000E3929600 2 ancres 26.6k@84.9p/s demandees, 787@2.5p/s retenues
INFO [21427] [2023-10-26 08:04:28] dodgr_ttm called, TRUE, 8x2602
INFO [21427] [2023-10-26 08:04:58] dodgr_ttm called, FALSE, 8x12829
INFO [21426] [2023-10-26 08:05:18] paquet:N2278400E3929600 ppou:16039 ttm ok 32081
INFO [21426] [2023-10-26 08:05:18] dodgr_ttm called, FALSE, 120x721
INFO [21427] [2023-10-26 08:07:23] dodgr_ttm called, FALSE, 192x2068
INFO [21426] [2023-10-26 08:08:18] paquet:N2278400E3929600 ppou:17051 ttm ok 24492
INFO [21426] [2023-10-26 08:08:18] dodgr_ttm called, FALSE, 175x487
INFO [21427] [2023-10-26 08:09:09] paquet:N2252800E3942400 ppou:2398 ttm ok 276540
INFO [21427] [2023-10-26 08:09:09] dodgr_ttm called, FALSE, 330x2022
INFO [21426] [2023-10-26 08:09:54] paquet:N2278400E3929600 ppou:17940 ttm ok 38298
INFO [21426] [2023-10-26 08:09:54] dodgr_ttm called, FALSE, 125x649
INFO [21427] [2023-10-26 08:11:08] paquet:N2252800E3942400 ppou:3312 ttm ok 379821
INFO [21427] [2023-10-26 08:11:08] dodgr_ttm called, FALSE, 147x1809
INFO [21426] [2023-10-26 08:11:32] paquet:N2278400E3929600 ppou:18056 ttm ok 25874
INFO [21426] [2023-10-26 08:11:32] dodgr_ttm called, FALSE, 328x750
INFO [21427] [2023-10-26 08:12:56] paquet:N2252800E3942400 ppou:3610 ttm ok 222696
INFO [21427] [2023-10-26 08:12:56] dodgr_ttm called, FALSE, 161x1962
INFO [21427] [2023-10-26 08:14:44] paquet:N2252800E3942400 ppou:4169 ttm ok 247648
INFO [21427] [2023-10-26 08:14:44] dodgr_ttm called, FALSE, 352x2035
INFO [21427] [2023-10-26 08:17:04] paquet:N2252800E3942400 ppou:4333 ttm ok 507599
INFO [21427] [2023-10-26 08:17:04] dodgr_ttm called, FALSE, 486x2039
INFO [21426] [2023-10-26 08:17:19] paquet:N2278400E3929600 ppou:18077 ttm ok 56091
INFO [21426] [2023-10-26 08:17:19] dodgr_ttm called, FALSE, 25x873
INFO [21426] [2023-10-26 08:19:13] paquet:N2278400E3929600 ppou:18906 ttm ok 4835
INFO [21426] [2023-10-26 08:19:13] dodgr_ttm called, FALSE, 132x551
INFO [21427] [2023-10-26 08:19:40] paquet:N2252800E3942400 ppou:4942 ttm ok 552762
INFO [21427] [2023-10-26 08:19:40] dodgr_ttm called, FALSE, 565x2135
INFO [21427] [2023-10-26 08:22:21] paquet:N2252800E3942400 ppou:5314 ttm ok 473188
INFO [21427] [2023-10-26 08:22:21] dodgr_ttm called, FALSE, 167x2067
INFO [21426] [2023-10-26 08:23:10] paquet:N2278400E3929600 ppou:20694 ttm ok 18045
SUCCESS [21426] [2023-10-26 08:23:10] carreau:N2278400E3929600 8 ancres 791.2k@560.5p/s demandees, 224.6k@159.1p/s retenues
INFO [21426] [2023-10-26 08:23:13] dodgr_ttm called, TRUE, 8x2310
INFO [21426] [2023-10-26 08:23:46] dodgr_ttm called, FALSE, 8x12829
INFO [21427] [2023-10-26 08:24:17] paquet:N2252800E3942400 ppou:5806 ttm ok 172633
SUCCESS [21427] [2023-10-26 08:24:17] carreau:N2252800E3942400 8 ancres 5M@4.2kp/s demandees, 2.8M@2.4kp/s retenues
INFO [21427] [2023-10-26 08:24:21] dodgr_ttm called, TRUE, 8x1890
INFO [21427] [2023-10-26 08:24:52] dodgr_ttm called, FALSE, 8x12829
INFO [21426] [2023-10-26 08:26:06] dodgr_ttm called, FALSE, 215x1055
INFO [21427] [2023-10-26 08:27:14] dodgr_ttm called, FALSE, 54x911
INFO [21427] [2023-10-26 08:28:47] paquet:N2252800E3955200 ppou:2640 ttm ok 28058
INFO [21427] [2023-10-26 08:28:47] dodgr_ttm called, FALSE, 222x1938
INFO [21427] [2023-10-26 08:30:45] paquet:N2252800E3955200 ppou:2813 ttm ok 138998
INFO [21427] [2023-10-26 08:30:45] dodgr_ttm called, FALSE, 130x1401
INFO [21426] [2023-10-26 08:31:04] paquet:N2278400E3942400 ppou:15353 ttm ok 121633
INFO [21426] [2023-10-26 08:31:04] dodgr_ttm called, FALSE, 700x1114
INFO [21427] [2023-10-26 08:32:28] paquet:N2252800E3955200 ppou:3039 ttm ok 62343
INFO [21427] [2023-10-26 08:32:28] dodgr_ttm called, FALSE, 486x891
INFO [21427] [2023-10-26 08:34:55] paquet:N2252800E3955200 ppou:3651 ttm ok 182959
INFO [21427] [2023-10-26 08:34:55] dodgr_ttm called, FALSE, 478x546
INFO [21427] [2023-10-26 08:37:10] paquet:N2252800E3955200 ppou:5343 ttm ok 116100
INFO [21427] [2023-10-26 08:37:10] dodgr_ttm called, FALSE, 259x515
INFO [21427] [2023-10-26 08:39:05] paquet:N2252800E3955200 ppou:7221 ttm ok 44843
INFO [21427] [2023-10-26 08:39:05] dodgr_ttm called, FALSE, 126x426
INFO [21427] [2023-10-26 08:40:42] paquet:N2252800E3955200 ppou:7759 ttm ok 23491
INFO [21427] [2023-10-26 08:40:42] dodgr_ttm called, FALSE, 97x506
INFO [21427] [2023-10-26 08:42:22] paquet:N2252800E3955200 ppou:8120 ttm ok 15235
SUCCESS [21427] [2023-10-26 08:42:22] carreau:N2252800E3955200 8 ancres 1.7M@1.6kp/s demandees, 620.8k@574p/s retenues
INFO [21427] [2023-10-26 08:42:25] dodgr_ttm called, TRUE, 8x465
INFO [21427] [2023-10-26 08:42:56] dodgr_ttm called, FALSE, 8x12829
INFO [21426] [2023-10-26 08:42:58] paquet:N2278400E3942400 ppou:16265 ttm ok 412028
INFO [21426] [2023-10-26 08:42:58] dodgr_ttm called, FALSE, 166x826
INFO [21427] [2023-10-26 08:45:14] dodgr_ttm called, FALSE, 26x184
INFO [21427] [2023-10-26 08:46:36] paquet:N2252800E3929600 ppou:5898 ttm ok 1359
INFO [21427] [2023-10-26 08:46:36] dodgr_ttm called, FALSE, 25x531
INFO [21426] [2023-10-26 08:47:14] paquet:N2278400E3942400 ppou:18529 ttm ok 81120
INFO [21426] [2023-10-26 08:47:14] dodgr_ttm called, FALSE, 293x991
INFO [21427] [2023-10-26 08:48:03] paquet:N2252800E3929600 ppou:6445 ttm ok 2160
INFO [21427] [2023-10-26 08:48:03] dodgr_ttm called, FALSE, 44x439
INFO [21427] [2023-10-26 08:49:33] paquet:N2252800E3929600 ppou:6539 ttm ok 4127
INFO [21427] [2023-10-26 08:49:33] dodgr_ttm called, FALSE, 98x2018
INFO [21427] [2023-10-26 08:51:18] paquet:N2252800E3929600 ppou:6648 ttm ok 49935
INFO [21427] [2023-10-26 08:51:18] dodgr_ttm called, FALSE, 40x632
INFO [21427] [2023-10-26 08:52:46] paquet:N2252800E3929600 ppou:6815 ttm ok 7893
INFO [21427] [2023-10-26 08:52:46] dodgr_ttm called, FALSE, 48x1867
INFO [21426] [2023-10-26 08:53:22] paquet:N2278400E3942400 ppou:18837 ttm ok 89617
INFO [21426] [2023-10-26 08:53:22] dodgr_ttm called, FALSE, 230x941
INFO [21427] [2023-10-26 08:54:23] paquet:N2252800E3929600 ppou:7185 ttm ok 20832
INFO [21427] [2023-10-26 08:54:23] dodgr_ttm called, FALSE, 27x1055
INFO [21427] [2023-10-26 08:55:52] paquet:N2252800E3929600 ppou:7375 ttm ok 7703
INFO [21427] [2023-10-26 08:55:52] dodgr_ttm called, FALSE, 133x992
INFO [21427] [2023-10-26 08:57:30] paquet:N2252800E3929600 ppou:7460 ttm ok 41843
SUCCESS [21427] [2023-10-26 08:57:30] carreau:N2252800E3929600 8 ancres 613.1k@677.9p/s demandees, 144.8k@160.1p/s retenues
INFO [21427] [2023-10-26 08:57:33] dodgr_ttm called, TRUE, 8x369
INFO [21427] [2023-10-26 08:58:04] dodgr_ttm called, FALSE, 8x12829
INFO [21426] [2023-10-26 08:58:31] paquet:N2278400E3942400 ppou:19004 ttm ok 103616
INFO [21426] [2023-10-26 08:58:31] dodgr_ttm called, FALSE, 75x853
INFO [21427] [2023-10-26 09:00:24] dodgr_ttm called, FALSE, 60x260
INFO [21426] [2023-10-26 09:01:29] paquet:N2278400E3942400 ppou:19678 ttm ok 24908
INFO [21426] [2023-10-26 09:01:29] dodgr_ttm called, FALSE, 472x935
INFO [21427] [2023-10-26 09:01:49] paquet:N2252800E3968000 ppou:5982 ttm ok 7263
INFO [21427] [2023-10-26 09:01:49] dodgr_ttm called, FALSE, 13x214
INFO [21427] [2023-10-26 09:03:25] paquet:N2252800E3968000 ppou:6616 ttm ok 1853
INFO [21427] [2023-10-26 09:03:25] dodgr_ttm called, FALSE, 76x326
INFO [21427] [2023-10-26 09:05:02] paquet:N2252800E3968000 ppou:6617 ttm ok 10080
INFO [21427] [2023-10-26 09:05:02] dodgr_ttm called, FALSE, 67x303
INFO [21427] [2023-10-26 09:06:39] paquet:N2252800E3968000 ppou:6897 ttm ok 4198
INFO [21427] [2023-10-26 09:06:39] dodgr_ttm called, FALSE, 30x172
INFO [21427] [2023-10-26 09:08:12] paquet:N2252800E3968000 ppou:6978 ttm ok 2374
INFO [21427] [2023-10-26 09:08:12] dodgr_ttm called, FALSE, 53x218
INFO [21426] [2023-10-26 09:09:03] paquet:N2278400E3942400 ppou:19683 ttm ok 196044
INFO [21426] [2023-10-26 09:09:03] dodgr_ttm called, FALSE, 124x680
INFO [21427] [2023-10-26 09:09:39] paquet:N2252800E3968000 ppou:7058 ttm ok 5937
INFO [21427] [2023-10-26 09:09:39] dodgr_ttm called, FALSE, 69x229
INFO [21426] [2023-10-26 09:10:36] paquet:N2278400E3942400 ppou:21113 ttm ok 26562
SUCCESS [21426] [2023-10-26 09:10:36] carreau:N2278400E3942400 8 ancres 2.3M@824.1p/s demandees, 1.1M@374.1p/s retenues
INFO [21426] [2023-10-26 09:10:39] dodgr_ttm called, TRUE, 8x599
INFO [21427] [2023-10-26 09:11:06] paquet:N2252800E3968000 ppou:7346 ttm ok 5620
SUCCESS [21427] [2023-10-26 09:11:06] carreau:N2252800E3968000 7 ancres 198.6k@244.3p/s demandees, 40.3k@49.6p/s retenues
INFO [21427] [2023-10-26 09:11:08] dodgr_ttm called, TRUE, 8x573
INFO [21426] [2023-10-26 09:11:08] dodgr_ttm called, FALSE, 8x12829
INFO [21427] [2023-10-26 09:11:38] dodgr_ttm called, FALSE, 8x12829
INFO [21426] [2023-10-26 09:13:29] dodgr_ttm called, FALSE, 56x982
INFO [21427] [2023-10-26 09:13:54] dodgr_ttm called, FALSE, 65x156
INFO [21426] [2023-10-26 09:15:42] paquet:N2278400E3955200 ppou:15469 ttm ok 12705
INFO [21426] [2023-10-26 09:15:42] dodgr_ttm called, FALSE, 46x766
INFO [21427] [2023-10-26 09:16:20] paquet:N2252800E3916800 ppou:5476 ttm ok 6279
INFO [21427] [2023-10-26 09:16:20] dodgr_ttm called, FALSE, 107x278
INFO [21426] [2023-10-26 09:18:10] paquet:N2278400E3955200 ppou:15698 ttm ok 19644
INFO [21426] [2023-10-26 09:18:10] dodgr_ttm called, FALSE, 66x822
INFO [21427] [2023-10-26 09:19:21] paquet:N2252800E3916800 ppou:5499 ttm ok 9866
INFO [21427] [2023-10-26 09:19:21] dodgr_ttm called, FALSE, 118x250
INFO [21426] [2023-10-26 09:20:47] paquet:N2278400E3955200 ppou:16099 ttm ok 25758
INFO [21426] [2023-10-26 09:20:47] dodgr_ttm called, FALSE, 103x549
INFO [21426] [2023-10-26 09:22:23] paquet:N2278400E3955200 ppou:17917 ttm ok 7138
INFO [21426] [2023-10-26 09:22:23] dodgr_ttm called, FALSE, 39x678
INFO [21427] [2023-10-26 09:22:47] paquet:N2252800E3916800 ppou:5886 ttm ok 13293
INFO [21427] [2023-10-26 09:22:47] dodgr_ttm called, FALSE, 43x124
INFO [21427] [2023-10-26 09:24:07] paquet:N2252800E3916800 ppou:6092 ttm ok 3407
INFO [21427] [2023-10-26 09:24:07] dodgr_ttm called, FALSE, 35x137
INFO [21426] [2023-10-26 09:24:36] paquet:N2278400E3955200 ppou:18022 ttm ok 16871
INFO [21426] [2023-10-26 09:24:36] dodgr_ttm called, FALSE, 55x709
INFO [21427] [2023-10-26 09:25:53] paquet:N2252800E3916800 ppou:6717 ttm ok 2941
INFO [21427] [2023-10-26 09:25:53] dodgr_ttm called, FALSE, 159x211
INFO [21426] [2023-10-26 09:27:20] paquet:N2278400E3955200 ppou:19402 ttm ok 13305
INFO [21426] [2023-10-26 09:27:20] dodgr_ttm called, FALSE, 118x830
INFO [21427] [2023-10-26 09:29:59] paquet:N2252800E3916800 ppou:7703 ttm ok 20927
INFO [21427] [2023-10-26 09:29:59] dodgr_ttm called, FALSE, 16x335
INFO [21426] [2023-10-26 09:31:01] paquet:N2278400E3955200 ppou:19545 ttm ok 20913
INFO [21426] [2023-10-26 09:31:01] dodgr_ttm called, FALSE, 110x223
INFO [21427] [2023-10-26 09:31:21] paquet:N2252800E3916800 ppou:7975 ttm ok 4378
INFO [21427] [2023-10-26 09:31:21] dodgr_ttm called, FALSE, 24x442
INFO [21426] [2023-10-26 09:32:31] paquet:N2278400E3955200 ppou:21220 ttm ok 4335
SUCCESS [21426] [2023-10-26 09:32:31] carreau:N2278400E3955200 8 ancres 491.6k@374.6p/s demandees, 127.2k@96.9p/s retenues
INFO [21426] [2023-10-26 09:32:34] dodgr_ttm called, TRUE, 8x160
INFO [21427] [2023-10-26 09:32:58] paquet:N2252800E3916800 ppou:8151 ttm ok 4369
SUCCESS [21427] [2023-10-26 09:32:58] carreau:N2252800E3916800 8 ancres 231.7k@176.8p/s demandees, 67.8k@51.7p/s retenues
INFO [21427] [2023-10-26 09:33:01] dodgr_ttm called, TRUE, 1x6
INFO [21426] [2023-10-26 09:33:03] dodgr_ttm called, FALSE, 8x12829
INFO [21427] [2023-10-26 09:33:29] dodgr_ttm called, FALSE, 1x12829
INFO [21426] [2023-10-26 09:35:18] dodgr_ttm called, FALSE, 34x119
INFO [21427] [2023-10-26 09:35:42] dodgr_ttm called, FALSE, 2x135
INFO [21426] [2023-10-26 09:36:40] paquet:N2278400E3968000 ppou:15606 ttm ok 2278
INFO [21426] [2023-10-26 09:36:40] dodgr_ttm called, FALSE, 10x17
INFO [21427] [2023-10-26 09:37:03] paquet:N2252800E3904000 ppou:7865 ttm ok 147
SUCCESS [21427] [2023-10-26 09:37:03] carreau:N2252800E3904000 1 ancres 13.1k@54.1p/s demandees, 285@1.2p/s retenues
INFO [21427] [2023-10-26 09:37:06] dodgr_ttm called, FALSE, 1x12819
INFO [21426] [2023-10-26 09:38:02] paquet:N2278400E3968000 ppou:17426 ttm ok 140
INFO [21426] [2023-10-26 09:38:02] dodgr_ttm called, FALSE, 4x45
SUCCESS [21427] [2023-10-26 09:39:12] carreau:N2252800E3891200 0 ancres 12.8k@101.5p/s demandees, 6@47.4mp/s retenues
INFO [21427] [2023-10-26 09:39:15] dodgr_ttm called, TRUE, 8x637
INFO [21426] [2023-10-26 09:39:25] paquet:N2278400E3968000 ppou:17568 ttm ok 57
INFO [21426] [2023-10-26 09:39:25] dodgr_ttm called, FALSE, 53x70
INFO [21427] [2023-10-26 09:39:43] dodgr_ttm called, FALSE, 8x12829
INFO [21426] [2023-10-26 09:40:57] paquet:N2278400E3968000 ppou:20413 ttm ok 1581
INFO [21426] [2023-10-26 09:40:57] dodgr_ttm called, FALSE, 11x56
INFO [21427] [2023-10-26 09:41:57] dodgr_ttm called, FALSE, 105x211
INFO [21426] [2023-10-26 09:42:19] paquet:N2278400E3968000 ppou:20421 ttm ok 416
INFO [21426] [2023-10-26 09:42:19] dodgr_ttm called, FALSE, 20x47
INFO [21426] [2023-10-26 09:43:43] paquet:N2278400E3968000 ppou:20902 ttm ok 627
INFO [21426] [2023-10-26 09:43:43] dodgr_ttm called, FALSE, 12x46
INFO [21427] [2023-10-26 09:44:39] paquet:N2265600E3916800 ppou:9038 ttm ok 10233
INFO [21427] [2023-10-26 09:44:39] dodgr_ttm called, FALSE, 42x229
INFO [21426] [2023-10-26 09:45:06] paquet:N2278400E3968000 ppou:20975 ttm ok 384
INFO [21426] [2023-10-26 09:45:07] dodgr_ttm called, FALSE, 16x49
INFO [21427] [2023-10-26 09:46:00] paquet:N2265600E3916800 ppou:9691 ttm ok 7210
INFO [21427] [2023-10-26 09:46:00] dodgr_ttm called, FALSE, 17x182
INFO [21426] [2023-10-26 09:46:30] paquet:N2278400E3968000 ppou:21236 ttm ok 486
SUCCESS [21426] [2023-10-26 09:46:30] carreau:N2278400E3968000 8 ancres 113.6k@136p/s demandees, 6.6k@7.9p/s retenues
INFO [21426] [2023-10-26 09:46:34] dodgr_ttm called, TRUE, 8x47
INFO [21426] [2023-10-26 09:47:02] dodgr_ttm called, FALSE, 8x12829
INFO [21427] [2023-10-26 09:47:20] paquet:N2265600E3916800 ppou:10109 ttm ok 2983
INFO [21427] [2023-10-26 09:47:20] dodgr_ttm called, FALSE, 120x188
INFO [21427] [2023-10-26 09:48:47] paquet:N2265600E3916800 ppou:10447 ttm ok 21270
INFO [21427] [2023-10-26 09:48:47] dodgr_ttm called, FALSE, 93x224
INFO [21426] [2023-10-26 09:49:18] dodgr_ttm called, FALSE, 3x75
INFO [21427] [2023-10-26 09:50:11] paquet:N2265600E3916800 ppou:13083 ttm ok 11238
INFO [21427] [2023-10-26 09:50:12] dodgr_ttm called, FALSE, 22x101
INFO [21426] [2023-10-26 09:50:38] paquet:N2291200E3904000 ppou:22717 ttm ok 201
INFO [21426] [2023-10-26 09:50:38] dodgr_ttm called, FALSE, 18x568
INFO [21427] [2023-10-26 09:51:32] paquet:N2265600E3916800 ppou:13863 ttm ok 1919
INFO [21427] [2023-10-26 09:51:32] dodgr_ttm called, FALSE, 3x99
INFO [21426] [2023-10-26 09:52:13] paquet:N2291200E3904000 ppou:22811 ttm ok 1215
INFO [21426] [2023-10-26 09:52:13] dodgr_ttm called, FALSE, 12x127
INFO [21427] [2023-10-26 09:52:51] paquet:N2265600E3916800 ppou:13866 ttm ok 139
INFO [21427] [2023-10-26 09:52:51] dodgr_ttm called, FALSE, 80x260
INFO [21426] [2023-10-26 09:53:33] paquet:N2291200E3904000 ppou:23530 ttm ok 579
INFO [21426] [2023-10-26 09:53:33] dodgr_ttm called, FALSE, 5x120
INFO [21427] [2023-10-26 09:54:11] paquet:N2265600E3916800 ppou:14552 ttm ok 14444
SUCCESS [21427] [2023-10-26 09:54:11] carreau:N2265600E3916800 8 ancres 204.2k@227.7p/s demandees, 71.3k@79.5p/s retenues
INFO [21427] [2023-10-26 09:54:14] dodgr_ttm called, TRUE, 8x1306
INFO [21427] [2023-10-26 09:54:43] dodgr_ttm called, FALSE, 8x12829
INFO [21426] [2023-10-26 09:54:57] paquet:N2291200E3904000 ppou:24664 ttm ok 355
INFO [21426] [2023-10-26 09:54:57] dodgr_ttm called, FALSE, 2x116
INFO [21426] [2023-10-26 09:56:27] paquet:N2291200E3904000 ppou:24781 ttm ok 136
INFO [21426] [2023-10-26 09:56:27] dodgr_ttm called, FALSE, 3x75
INFO [21427] [2023-10-26 09:56:51] dodgr_ttm called, FALSE, 34x946
INFO [21426] [2023-10-26 09:57:52] paquet:N2291200E3904000 ppou:24814 ttm ok 153
SUCCESS [21426] [2023-10-26 09:57:52] carreau:N2291200E3904000 6 ancres 115.7k@170.4p/s demandees, 6.8k@10p/s retenues
INFO [21426] [2023-10-26 09:57:55] dodgr_ttm called, TRUE, 8x1385
INFO [21427] [2023-10-26 09:58:14] paquet:N2265600E3929600 ppou:8518 ttm ok 16479
INFO [21427] [2023-10-26 09:58:14] dodgr_ttm called, FALSE, 234x852
INFO [21426] [2023-10-26 09:58:25] dodgr_ttm called, FALSE, 8x12829
INFO [21427] [2023-10-26 10:00:01] paquet:N2265600E3929600 ppou:8588 ttm ok 105729
INFO [21427] [2023-10-26 10:00:01] dodgr_ttm called, FALSE, 177x532
INFO [21426] [2023-10-26 10:00:42] dodgr_ttm called, FALSE, 86x435
INFO [21427] [2023-10-26 10:01:35] paquet:N2265600E3929600 ppou:9711 ttm ok 73435
INFO [21427] [2023-10-26 10:01:35] dodgr_ttm called, FALSE, 277x967
INFO [21426] [2023-10-26 10:02:12] paquet:N2291200E3916800 ppou:21832 ttm ok 29199
INFO [21426] [2023-10-26 10:02:12] dodgr_ttm called, FALSE, 205x581
INFO [21427] [2023-10-26 10:03:23] paquet:N2265600E3929600 ppou:10008 ttm ok 123768
INFO [21427] [2023-10-26 10:03:23] dodgr_ttm called, FALSE, 149x555
INFO [21426] [2023-10-26 10:03:52] paquet:N2291200E3916800 ppou:22034 ttm ok 72970
INFO [21426] [2023-10-26 10:03:52] dodgr_ttm called, FALSE, 263x682
INFO [21427] [2023-10-26 10:04:56] paquet:N2265600E3929600 ppou:10120 ttm ok 52655
INFO [21427] [2023-10-26 10:04:56] dodgr_ttm called, FALSE, 57x1415
INFO [21426] [2023-10-26 10:05:36] paquet:N2291200E3916800 ppou:22254 ttm ok 84053
INFO [21426] [2023-10-26 10:05:36] dodgr_ttm called, FALSE, 254x688
INFO [21427] [2023-10-26 10:07:15] paquet:N2265600E3929600 ppou:10501 ttm ok 21339
INFO [21427] [2023-10-26 10:07:15] dodgr_ttm called, FALSE, 24x619
INFO [21426] [2023-10-26 10:07:22] paquet:N2291200E3916800 ppou:23036 ttm ok 89345
INFO [21426] [2023-10-26 10:07:22] dodgr_ttm called, FALSE, 110x592
INFO [21427] [2023-10-26 10:08:39] paquet:N2265600E3929600 ppou:10666 ttm ok 9539
INFO [21427] [2023-10-26 10:08:39] dodgr_ttm called, FALSE, 233x823
INFO [21426] [2023-10-26 10:08:55] paquet:N2291200E3916800 ppou:23974 ttm ok 34550
INFO [21426] [2023-10-26 10:08:55] dodgr_ttm called, FALSE, 169x630
INFO [21427] [2023-10-26 10:10:26] paquet:N2265600E3929600 ppou:11930 ttm ok 74575
SUCCESS [21427] [2023-10-26 10:10:26] carreau:N2265600E3929600 8 ancres 1.1M@1.1kp/s demandees, 486.9k@501p/s retenues
INFO [21427] [2023-10-26 10:10:28] dodgr_ttm called, TRUE, 8x2110
INFO [21427] [2023-10-26 10:11:00] dodgr_ttm called, FALSE, 8x12829
INFO [21426] [2023-10-26 10:12:57] paquet:N2291200E3916800 ppou:24031 ttm ok 44961
INFO [21426] [2023-10-26 10:12:57] dodgr_ttm called, FALSE, 183x624
INFO [21427] [2023-10-26 10:13:26] dodgr_ttm called, FALSE, 583x1183
INFO [21426] [2023-10-26 10:14:56] paquet:N2291200E3916800 ppou:24932 ttm ok 31875
INFO [21426] [2023-10-26 10:14:56] dodgr_ttm called, FALSE, 20x358
INFO [21426] [2023-10-26 10:16:35] paquet:N2291200E3916800 ppou:25189 ttm ok 2125
SUCCESS [21426] [2023-10-26 10:16:35] carreau:N2291200E3916800 8 ancres 906.2k@809.2p/s demandees, 394.4k@352.2p/s retenues
INFO [21426] [2023-10-26 10:16:39] dodgr_ttm called, TRUE, 8x1203
INFO [21426] [2023-10-26 10:17:14] dodgr_ttm called, FALSE, 8x12829
INFO [21426] [2023-10-26 10:20:06] dodgr_ttm called, FALSE, 89x494
INFO [21426] [2023-10-26 10:21:50] paquet:N2291200E3929600 ppou:21960 ttm ok 22993
INFO [21426] [2023-10-26 10:21:50] dodgr_ttm called, FALSE, 49x427
INFO [21426] [2023-10-26 10:23:29] paquet:N2291200E3929600 ppou:22070 ttm ok 14620
INFO [21426] [2023-10-26 10:23:29] dodgr_ttm called, FALSE, 310x408
INFO [21427] [2023-10-26 10:24:09] paquet:N2265600E3942400 ppou:11408 ttm ok 203551
INFO [21427] [2023-10-26 10:24:09] dodgr_ttm called, FALSE, 135x1051
INFO [21426] [2023-10-26 10:25:19] paquet:N2291200E3929600 ppou:22283 ttm ok 36822
INFO [21426] [2023-10-26 10:25:19] dodgr_ttm called, FALSE, 79x449
INFO [21426] [2023-10-26 10:26:50] paquet:N2291200E3929600 ppou:23485 ttm ok 9072
INFO [21426] [2023-10-26 10:26:50] dodgr_ttm called, FALSE, 108x374
INFO [21427] [2023-10-26 10:27:35] paquet:N2265600E3942400 ppou:12093 ttm ok 59996
INFO [21427] [2023-10-26 10:27:35] dodgr_ttm called, FALSE, 605x1594
INFO [21426] [2023-10-26 10:28:27] paquet:N2291200E3929600 ppou:24181 ttm ok 13558
INFO [21426] [2023-10-26 10:28:27] dodgr_ttm called, FALSE, 94x500
INFO [21426] [2023-10-26 10:30:03] paquet:N2291200E3929600 ppou:24304 ttm ok 15170
INFO [21426] [2023-10-26 10:30:03] dodgr_ttm called, FALSE, 43x545
INFO [21426] [2023-10-26 10:31:32] paquet:N2291200E3929600 ppou:24466 ttm ok 8788
INFO [21426] [2023-10-26 10:31:32] dodgr_ttm called, FALSE, 358x620
INFO [21426] [2023-10-26 10:33:33] paquet:N2291200E3929600 ppou:25337 ttm ok 53639
SUCCESS [21426] [2023-10-26 10:33:33] carreau:N2291200E3929600 8 ancres 662.3k@653p/s demandees, 179.6k@177p/s retenues
INFO [21426] [2023-10-26 10:33:36] dodgr_ttm called, TRUE, 8x790
INFO [21426] [2023-10-26 10:34:05] dodgr_ttm called, FALSE, 8x12829
INFO [21426] [2023-10-26 10:36:32] dodgr_ttm called, FALSE, 13x293
INFO [21427] [2023-10-26 10:37:51] paquet:N2265600E3942400 ppou:12632 ttm ok 234189
INFO [21427] [2023-10-26 10:37:51] dodgr_ttm called, FALSE, 154x966
INFO [21426] [2023-10-26 10:37:59] paquet:N2291200E3942400 ppou:21374 ttm ok 1486
INFO [21426] [2023-10-26 10:37:59] dodgr_ttm called, FALSE, 86x296
INFO [21426] [2023-10-26 10:39:31] paquet:N2291200E3942400 ppou:22204 ttm ok 6345
INFO [21426] [2023-10-26 10:39:31] dodgr_ttm called, FALSE, 91x339
INFO [21426] [2023-10-26 10:41:02] paquet:N2291200E3942400 ppou:22790 ttm ok 8193
INFO [21426] [2023-10-26 10:41:02] dodgr_ttm called, FALSE, 196x412
INFO [21427] [2023-10-26 10:41:24] paquet:N2265600E3942400 ppou:13705 ttm ok 102432
INFO [21427] [2023-10-26 10:41:24] dodgr_ttm called, FALSE, 172x1078
INFO [21426] [2023-10-26 10:42:47] paquet:N2291200E3942400 ppou:23217 ttm ok 26053
INFO [21426] [2023-10-26 10:42:47] dodgr_ttm called, FALSE, 138x192
INFO [21426] [2023-10-26 10:44:23] paquet:N2291200E3942400 ppou:23494 ttm ok 15102
INFO [21426] [2023-10-26 10:44:23] dodgr_ttm called, FALSE, 183x279
INFO [21427] [2023-10-26 10:45:32] paquet:N2265600E3942400 ppou:14356 ttm ok 95133
INFO [21427] [2023-10-26 10:45:32] dodgr_ttm called, FALSE, 198x1264
INFO [21426] [2023-10-26 10:46:02] paquet:N2291200E3942400 ppou:23881 ttm ok 16712
INFO [21426] [2023-10-26 10:46:02] dodgr_ttm called, FALSE, 25x294
INFO [21426] [2023-10-26 10:47:32] paquet:N2291200E3942400 ppou:24203 ttm ok 4409
INFO [21426] [2023-10-26 10:47:32] dodgr_ttm called, FALSE, 56x390
INFO [21426] [2023-10-26 10:49:02] paquet:N2291200E3942400 ppou:25082 ttm ok 5352
SUCCESS [21426] [2023-10-26 10:49:02] carreau:N2291200E3942400 8 ancres 350.2k@378.3p/s demandees, 87.1k@94.1p/s retenues
INFO [21426] [2023-10-26 10:49:05] dodgr_ttm called, TRUE, 8x808
INFO [21426] [2023-10-26 10:49:38] dodgr_ttm called, FALSE, 8x12829
INFO [21427] [2023-10-26 10:49:49] paquet:N2265600E3942400 ppou:14825 ttm ok 109086
INFO [21427] [2023-10-26 10:49:49] dodgr_ttm called, FALSE, 24x1093
INFO [21427] [2023-10-26 10:51:38] paquet:N2265600E3942400 ppou:14905 ttm ok 14527
INFO [21427] [2023-10-26 10:51:38] dodgr_ttm called, FALSE, 138x1009
INFO [21426] [2023-10-26 10:51:53] dodgr_ttm called, FALSE, 78x185
INFO [21426] [2023-10-26 10:53:22] paquet:N2291200E3955200 ppou:21306 ttm ok 6683
INFO [21426] [2023-10-26 10:53:22] dodgr_ttm called, FALSE, 127x166
INFO [21426] [2023-10-26 10:54:52] paquet:N2291200E3955200 ppou:22126 ttm ok 5641
INFO [21426] [2023-10-26 10:54:52] dodgr_ttm called, FALSE, 2x183
INFO [21427] [2023-10-26 10:55:10] paquet:N2265600E3942400 ppou:15245 ttm ok 88419
SUCCESS [21427] [2023-10-26 10:55:10] carreau:N2265600E3942400 8 ancres 2.6M@987.5p/s demandees, 917.9k@342.2p/s retenues
INFO [21427] [2023-10-26 10:55:13] dodgr_ttm called, TRUE, 8x1710
INFO [21427] [2023-10-26 10:55:42] dodgr_ttm called, FALSE, 8x12829
INFO [21426] [2023-10-26 10:56:16] paquet:N2291200E3955200 ppou:22514 ttm ok 363
INFO [21426] [2023-10-26 10:56:16] dodgr_ttm called, FALSE, 110x342
INFO [21426] [2023-10-26 10:57:51] paquet:N2291200E3955200 ppou:22714 ttm ok 20867
INFO [21426] [2023-10-26 10:57:51] dodgr_ttm called, FALSE, 58x319
INFO [21427] [2023-10-26 10:57:53] dodgr_ttm called, FALSE, 127x731
INFO [21426] [2023-10-26 10:59:17] paquet:N2291200E3955200 ppou:23012 ttm ok 8508
INFO [21426] [2023-10-26 10:59:17] dodgr_ttm called, FALSE, 56x264
INFO [21427] [2023-10-26 10:59:25] paquet:N2265600E3955200 ppou:9005 ttm ok 32208
INFO [21427] [2023-10-26 10:59:25] dodgr_ttm called, FALSE, 182x753
INFO [21426] [2023-10-26 11:00:41] paquet:N2291200E3955200 ppou:24012 ttm ok 11141
INFO [21426] [2023-10-26 11:00:41] dodgr_ttm called, FALSE, 240x383
INFO [21427] [2023-10-26 11:01:03] paquet:N2265600E3955200 ppou:10707 ttm ok 56919
INFO [21427] [2023-10-26 11:01:03] dodgr_ttm called, FALSE, 519x780
INFO [21426] [2023-10-26 11:02:25] paquet:N2291200E3955200 ppou:24076 ttm ok 47672
INFO [21426] [2023-10-26 11:02:25] dodgr_ttm called, FALSE, 137x285
INFO [21427] [2023-10-26 11:03:21] paquet:N2265600E3955200 ppou:11299 ttm ok 121976
INFO [21427] [2023-10-26 11:03:21] dodgr_ttm called, FALSE, 320x397
INFO [21426] [2023-10-26 11:04:01] paquet:N2291200E3955200 ppou:24223 ttm ok 23241
SUCCESS [21426] [2023-10-26 11:04:01] carreau:N2291200E3955200 8 ancres 340.4k@379.7p/s demandees, 127k@141.7p/s retenues
INFO [21426] [2023-10-26 11:04:04] dodgr_ttm called, TRUE, 8x107
INFO [21426] [2023-10-26 11:04:35] dodgr_ttm called, FALSE, 8x12829
INFO [21427] [2023-10-26 11:05:09] paquet:N2265600E3955200 ppou:12030 ttm ok 44699
INFO [21427] [2023-10-26 11:05:09] dodgr_ttm called, FALSE, 214x874
INFO [21427] [2023-10-26 11:06:53] paquet:N2265600E3955200 ppou:13542 ttm ok 47484
INFO [21427] [2023-10-26 11:06:53] dodgr_ttm called, FALSE, 96x685
INFO [21426] [2023-10-26 11:06:54] dodgr_ttm called, FALSE, 27x50
INFO [21426] [2023-10-26 11:08:16] paquet:N2291200E3968000 ppou:21808 ttm ok 858
INFO [21426] [2023-10-26 11:08:16] dodgr_ttm called, FALSE, 2x48
INFO [21427] [2023-10-26 11:08:22] paquet:N2265600E3955200 ppou:14454 ttm ok 26067
INFO [21427] [2023-10-26 11:08:22] dodgr_ttm called, FALSE, 194x950
INFO [21426] [2023-10-26 11:09:42] paquet:N2291200E3968000 ppou:22026 ttm ok 65
INFO [21426] [2023-10-26 11:09:42] dodgr_ttm called, FALSE, 10x51
INFO [21426] [2023-10-26 11:11:08] paquet:N2291200E3968000 ppou:22028 ttm ok 284
INFO [21426] [2023-10-26 11:11:08] dodgr_ttm called, FALSE, 5x36
INFO [21426] [2023-10-26 11:12:33] paquet:N2291200E3968000 ppou:22314 ttm ok 169
INFO [21426] [2023-10-26 11:12:34] dodgr_ttm called, FALSE, 6x56
INFO [21427] [2023-10-26 11:12:48] paquet:N2265600E3955200 ppou:14687 ttm ok 70799
INFO [21427] [2023-10-26 11:12:48] dodgr_ttm called, FALSE, 38x951
INFO [21426] [2023-10-26 11:13:57] paquet:N2291200E3968000 ppou:22420 ttm ok 246
INFO [21426] [2023-10-26 11:13:57] dodgr_ttm called, FALSE, 6x50
INFO [21427] [2023-10-26 11:14:57] paquet:N2265600E3955200 ppou:15182 ttm ok 17907
SUCCESS [21427] [2023-10-26 11:14:57] carreau:N2265600E3955200 8 ancres 1.3M@1.1kp/s demandees, 425.5k@359.4p/s retenues
INFO [21427] [2023-10-26 11:15:00] dodgr_ttm called, TRUE, 8x561
INFO [21426] [2023-10-26 11:15:20] paquet:N2291200E3968000 ppou:22423 ttm ok 208
INFO [21426] [2023-10-26 11:15:20] dodgr_ttm called, FALSE, 25x100
INFO [21427] [2023-10-26 11:15:28] dodgr_ttm called, FALSE, 8x12829
INFO [21426] [2023-10-26 11:16:45] paquet:N2291200E3968000 ppou:22520 ttm ok 705
INFO [21426] [2023-10-26 11:16:45] dodgr_ttm called, FALSE, 23x135
INFO [21427] [2023-10-26 11:17:38] dodgr_ttm called, FALSE, 39x251
INFO [21426] [2023-10-26 11:18:11] paquet:N2291200E3968000 ppou:23616 ttm ok 685
SUCCESS [21426] [2023-10-26 11:18:11] carreau:N2291200E3968000 8 ancres 111k@131.2p/s demandees, 4.1k@4.8p/s retenues
INFO [21426] [2023-10-26 11:18:13] dodgr_ttm called, TRUE, 8x313
INFO [21426] [2023-10-26 11:18:42] dodgr_ttm called, FALSE, 8x12829
INFO [21427] [2023-10-26 11:19:01] paquet:N2265600E3968000 ppou:10079 ttm ok 4360
INFO [21427] [2023-10-26 11:19:01] dodgr_ttm called, FALSE, 211x295
INFO [21427] [2023-10-26 11:20:40] paquet:N2265600E3968000 ppou:10745 ttm ok 21701
INFO [21427] [2023-10-26 11:20:40] dodgr_ttm called, FALSE, 78x209
INFO [21426] [2023-10-26 11:20:55] dodgr_ttm called, FALSE, 59x241
INFO [21427] [2023-10-26 11:22:04] paquet:N2265600E3968000 ppou:11477 ttm ok 8745
INFO [21427] [2023-10-26 11:22:04] dodgr_ttm called, FALSE, 34x223
INFO [21426] [2023-10-26 11:22:19] paquet:N2304000E3916800 ppou:25757 ttm ok 9586
INFO [21426] [2023-10-26 11:22:19] dodgr_ttm called, FALSE, 65x781
INFO [21427] [2023-10-26 11:23:24] paquet:N2265600E3968000 ppou:11756 ttm ok 4058
INFO [21427] [2023-10-26 11:23:24] dodgr_ttm called, FALSE, 92x138
INFO [21426] [2023-10-26 11:23:44] paquet:N2304000E3916800 ppou:25830 ttm ok 7741
INFO [21426] [2023-10-26 11:23:44] dodgr_ttm called, FALSE, 90x297
INFO [21427] [2023-10-26 11:24:48] paquet:N2265600E3968000 ppou:11913 ttm ok 9203
INFO [21427] [2023-10-26 11:24:48] dodgr_ttm called, FALSE, 61x166
INFO [21426] [2023-10-26 11:25:10] paquet:N2304000E3916800 ppou:25903 ttm ok 12613
INFO [21426] [2023-10-26 11:25:10] dodgr_ttm called, FALSE, 24x190
INFO [21427] [2023-10-26 11:26:11] paquet:N2265600E3968000 ppou:14211 ttm ok 7034
INFO [21427] [2023-10-26 11:26:11] dodgr_ttm called, FALSE, 16x117
INFO [21426] [2023-10-26 11:26:29] paquet:N2304000E3916800 ppou:25926 ttm ok 3572
INFO [21426] [2023-10-26 11:26:29] dodgr_ttm called, FALSE, 37x321
INFO [21427] [2023-10-26 11:27:29] paquet:N2265600E3968000 ppou:14465 ttm ok 1078
INFO [21427] [2023-10-26 11:27:29] dodgr_ttm called, FALSE, 30x124
INFO [21426] [2023-10-26 11:27:50] paquet:N2304000E3916800 ppou:25936 ttm ok 5193
INFO [21426] [2023-10-26 11:27:50] dodgr_ttm called, FALSE, 17x239
INFO [21427] [2023-10-26 11:28:48] paquet:N2265600E3968000 ppou:14539 ttm ok 2806
SUCCESS [21427] [2023-10-26 11:28:48] carreau:N2265600E3968000 8 ancres 227k@274.1p/s demandees, 60.8k@73.4p/s retenues
INFO [21426] [2023-10-26 11:29:06] paquet:N2304000E3916800 ppou:25963 ttm ok 2063
INFO [21426] [2023-10-26 11:29:06] dodgr_ttm called, FALSE, 19x275
INFO [21426] [2023-10-26 11:30:22] paquet:N2304000E3916800 ppou:25996 ttm ok 2462
SUCCESS [21426] [2023-10-26 11:30:22] carreau:N2304000E3916800 7 ancres 220.1k@301.8p/s demandees, 49.6k@68p/s retenues
INFO [21426] [2023-10-26 11:30:25] dodgr_ttm called, TRUE, 8x44
INFO [21426] [2023-10-26 11:30:52] dodgr_ttm called, FALSE, 8x12829
INFO [21426] [2023-10-26 11:32:57] dodgr_ttm called, FALSE, 1x185
INFO [21426] [2023-10-26 11:34:11] paquet:N2304000E3929600 ppou:25645 ttm ok 177
INFO [21426] [2023-10-26 11:34:11] dodgr_ttm called, FALSE, 6x158
INFO [21426] [2023-10-26 11:35:26] paquet:N2304000E3929600 ppou:25656 ttm ok 810
INFO [21426] [2023-10-26 11:35:26] dodgr_ttm called, FALSE, 6x190
INFO [21426] [2023-10-26 11:36:41] paquet:N2304000E3929600 ppou:25685 ttm ok 1051
INFO [21426] [2023-10-26 11:36:41] dodgr_ttm called, FALSE, 11x197
INFO [21426] [2023-10-26 11:37:58] paquet:N2304000E3929600 ppou:25687 ttm ok 1839
INFO [21426] [2023-10-26 11:37:58] dodgr_ttm called, FALSE, 17x155
INFO [21426] [2023-10-26 11:39:11] paquet:N2304000E3929600 ppou:25718 ttm ok 2158
INFO [21426] [2023-10-26 11:39:11] dodgr_ttm called, FALSE, 2x188
INFO [21426] [2023-10-26 11:40:28] paquet:N2304000E3929600 ppou:25742 ttm ok 365
INFO [21426] [2023-10-26 11:40:28] dodgr_ttm called, FALSE, 1x189
INFO [21426] [2023-10-26 11:41:47] paquet:N2304000E3929600 ppou:25764 ttm ok 187
SUCCESS [21426] [2023-10-26 11:41:47] carreau:N2304000E3929600 7 ancres 110.3k@161.7p/s demandees, 8.1k@11.9p/s retenues
SUCCESS [2023-10-26 11:41:55] 
