SUCCESS [2024-03-01 17:14:59] Calcul accessibilite version 2
SUCCESS [2024-03-01 17:14:59] $type
SUCCESS [2024-03-01 17:14:59] [1] "r5"
SUCCESS [2024-03-01 17:14:59] 
SUCCESS [2024-03-01 17:14:59] $path
SUCCESS [2024-03-01 17:14:59] ~/files/localr5/
SUCCESS [2024-03-01 17:14:59] FALSE
SUCCESS [2024-03-01 17:14:59] 
SUCCESS [2024-03-01 17:14:59] $string
SUCCESS [2024-03-01 17:14:59] r5 routing WALK&TRANSIT sur ~/files/localr5/ a 2024-03-01 16:52:58.335029
SUCCESS [2024-03-01 17:14:59] FALSE
SUCCESS [2024-03-01 17:14:59] 
SUCCESS [2024-03-01 17:14:59] $core
SUCCESS [2024-03-01 17:14:59] [1] "Java-Object{org.ipea.r5r.R5RCore@4c1909a3}"
SUCCESS [2024-03-01 17:14:59] 
SUCCESS [2024-03-01 17:14:59] $montecarlo
SUCCESS [2024-03-01 17:14:59] [1] 5
SUCCESS [2024-03-01 17:14:59] 
SUCCESS [2024-03-01 17:14:59] $time_window
SUCCESS [2024-03-01 17:14:59] [1] 1
SUCCESS [2024-03-01 17:14:59] 
SUCCESS [2024-03-01 17:14:59] $departure_datetime
SUCCESS [2024-03-01 17:14:59] [1] "2023-06-14 08:00:00 UTC"
SUCCESS [2024-03-01 17:14:59] 
SUCCESS [2024-03-01 17:14:59] $mode
SUCCESS [2024-03-01 17:14:59] [1] "WALK"    "TRANSIT"
SUCCESS [2024-03-01 17:14:59] 
SUCCESS [2024-03-01 17:14:59] $percentiles
SUCCESS [2024-03-01 17:14:59] [1] 0.5
SUCCESS [2024-03-01 17:14:59] 
SUCCESS [2024-03-01 17:14:59] $max_walk_time
SUCCESS [2024-03-01 17:14:59] [1] Inf
SUCCESS [2024-03-01 17:14:59] 
SUCCESS [2024-03-01 17:14:59] $walk_speed
SUCCESS [2024-03-01 17:14:59] [1] 5
SUCCESS [2024-03-01 17:14:59] 
SUCCESS [2024-03-01 17:14:59] $bike_speed
SUCCESS [2024-03-01 17:14:59] [1] 12
SUCCESS [2024-03-01 17:14:59] 
SUCCESS [2024-03-01 17:14:59] $max_rides
SUCCESS [2024-03-01 17:14:59] [1] 3
SUCCESS [2024-03-01 17:14:59] 
SUCCESS [2024-03-01 17:14:59] $max_lts
SUCCESS [2024-03-01 17:14:59] [1] 2
SUCCESS [2024-03-01 17:14:59] 
SUCCESS [2024-03-01 17:14:59] $elevation
SUCCESS [2024-03-01 17:14:59] [1] "NONE"
SUCCESS [2024-03-01 17:14:59] 
SUCCESS [2024-03-01 17:14:59] $elevation_tif
SUCCESS [2024-03-01 17:14:59] NULL
SUCCESS [2024-03-01 17:14:59] 
SUCCESS [2024-03-01 17:14:59] $pkg
SUCCESS [2024-03-01 17:14:59] [1] "r5r"   "rJava"
SUCCESS [2024-03-01 17:14:59] 
SUCCESS [2024-03-01 17:14:59] $dfMaxLength
SUCCESS [2024-03-01 17:14:59] [1] 10
SUCCESS [2024-03-01 17:14:59] 
SUCCESS [2024-03-01 17:14:59] $extended
SUCCESS [2024-03-01 17:14:59] [1] TRUE
SUCCESS [2024-03-01 17:14:59] 
SUCCESS [2024-03-01 17:14:59] $elevation_data
SUCCESS [2024-03-01 17:14:59] NULL
SUCCESS [2024-03-01 17:14:59] 
SUCCESS [2024-03-01 17:14:59] $max_rows
SUCCESS [2024-03-01 17:14:59] [1] 5000
SUCCESS [2024-03-01 17:14:59] 
SUCCESS [2024-03-01 17:14:59] $n_threads
SUCCESS [2024-03-01 17:14:59] [1] 16
SUCCESS [2024-03-01 17:14:59] 
SUCCESS [2024-03-01 17:14:59] $future
SUCCESS [2024-03-01 17:14:59] [1] TRUE
SUCCESS [2024-03-01 17:14:59] 
SUCCESS [2024-03-01 17:14:59] $jMem
SUCCESS [2024-03-01 17:14:59] [1] "12G"
SUCCESS [2024-03-01 17:14:59] 
SUCCESS [2024-03-01 17:14:59] $r5r_jar
SUCCESS [2024-03-01 17:14:59] [1] "/usr/local/lib/R/site-library/r5r/jar/r5r_0_6_0.jar"
SUCCESS [2024-03-01 17:14:59] 
SUCCESS [2024-03-01 17:14:59] $r5_jar
SUCCESS [2024-03-01 17:14:59] character(0)
SUCCESS [2024-03-01 17:14:59] 
SUCCESS [2024-03-01 17:14:59] $future_routing
SUCCESS [2024-03-01 17:14:59] function(routing) {
SUCCESS [2024-03-01 17:14:59]       rout <- routing
SUCCESS [2024-03-01 17:14:59]       rout$elevation_data <- NULL
SUCCESS [2024-03-01 17:14:59]       return(rout)}
SUCCESS [2024-03-01 17:14:59] <bytecode: 0x55beebf8d878>
SUCCESS [2024-03-01 17:14:59] <environment: 0x55beebf469c0>
SUCCESS [2024-03-01 17:14:59] 
SUCCESS [2024-03-01 17:14:59] $core_init
SUCCESS [2024-03-01 17:14:59] function(routing){
SUCCESS [2024-03-01 17:14:59]       options(java.parameters = glue::glue('-Xmx{routing$jMem}'))
SUCCESS [2024-03-01 17:14:59]       rJava::.jinit(silent=TRUE)
SUCCESS [2024-03-01 17:14:59]       r5r::stop_r5()
SUCCESS [2024-03-01 17:14:59]       rJava::.jgc(R.gc = TRUE)
SUCCESS [2024-03-01 17:14:59]       options(r5r.montecarlo_draws = routing$montecarlo)
SUCCESS [2024-03-01 17:14:59]       core <- r5r::setup_r5(data_path = routing$path, verbose=FALSE,
SUCCESS [2024-03-01 17:14:59]                             elevation=routing$elevation)
SUCCESS [2024-03-01 17:14:59]       out <- routing
SUCCESS [2024-03-01 17:14:59]       out$core <- core
SUCCESS [2024-03-01 17:14:59]       if(!is.null(routing$elevation_tif))
SUCCESS [2024-03-01 17:14:59]         out$elevation_data <- terra::rast(str_c(routing$path, "/", routing$elevation_tif))
SUCCESS [2024-03-01 17:14:59]       return(out)
SUCCESS [2024-03-01 17:14:59]     }
SUCCESS [2024-03-01 17:14:59] <bytecode: 0x55beebf5dc68>
SUCCESS [2024-03-01 17:14:59] <environment: 0x55beebf469c0>
SUCCESS [2024-03-01 17:14:59] 
SUCCESS [2024-03-01 17:14:59] 
SUCCESS [2024-03-01 17:14:59] tmax:120
SUCCESS [2024-03-01 17:14:59] pdt:1
SUCCESS [2024-03-01 17:14:59] chunk:1M
SUCCESS [2024-03-01 17:14:59] resolution:200
SUCCESS [2024-03-01 17:14:59] out:200
SUCCESS [2024-03-01 17:14:59] les variables sont emp_resident
SUCCESS [2024-03-01 17:14:59] taille:2.2M gr:2 res_gr:1600
SUCCESS [2024-03-01 17:14:59] 100 ou, 24.8k quoi
SUCCESS [2024-03-01 17:14:59] 7 carreaux, 1 subsampling
SUCCESS [2024-03-01 17:14:59] future:TRUE, 2 workers
INFO [4924] [2024-03-01 17:15:24] paquet:N2240000E3963200 ppou:54 ttm ok 35777
SUCCESS [4924] [2024-03-01 17:15:25] carreau:N2240000E3963200 1 ancres 66.5k@4kp/s demandees, 41.3k@2.5kp/s retenues
INFO [4924] [2024-03-01 17:15:31] paquet:N2240000E3968000 ppou:78 ttm ok 12773
SUCCESS [4924] [2024-03-01 17:15:31] carreau:N2240000E3968000 1 ancres 42.6k@6.5kp/s demandees, 17.6k@2.7kp/s retenues
INFO [4924] [2024-03-01 17:15:38] paquet:N2240000E3966400 ppou:77 ttm ok 12680
SUCCESS [4924] [2024-03-01 17:15:38] carreau:N2240000E3966400 1 ancres 42.1k@6.7kp/s demandees, 17.3k@2.8kp/s retenues
INFO [4925] [2024-03-01 17:15:39] paquet:N2238400E3961600 ppou:18 ttm ok 80464
SUCCESS [4925] [2024-03-01 17:15:39] carreau:N2238400E3961600 1 ancres 130.3k@4.2kp/s demandees, 84.8k@2.7kp/s retenues
SUCCESS [4925] [2024-03-01 17:15:40] carreau:N2238400E3960000 0 ancres 24.8k@23kp/s demandees, 1.8k@1.6kp/s retenues
INFO [4925] [2024-03-01 17:15:47] paquet:N2240000E3960000 ppou:44 ttm ok 11620
SUCCESS [4925] [2024-03-01 17:15:47] carreau:N2240000E3960000 1 ancres 56.5k@9.5kp/s demandees, 15.7k@2.7kp/s retenues
INFO [4925] [2024-03-01 17:16:44] paquet:N2240000E3961600 ppou:82 ttm ok 170397
SUCCESS [4925] [2024-03-01 17:16:44] carreau:N2240000E3961600 1 ancres 261.3k@4.6kp/s demandees, 176.1k@3.1kp/s retenues
SUCCESS [2024-03-01 17:16:45] 
