SUCCESS [2023-10-23 15:44:25] Calcul accessibilite version 2
SUCCESS [2023-10-23 15:44:25] $type
SUCCESS [2023-10-23 15:44:25] [1] "dodgr"
SUCCESS [2023-10-23 15:44:25] 
SUCCESS [2023-10-23 15:44:25] $path
SUCCESS [2023-10-23 15:44:25] /space_mounts/data/marseille//dodgr/
SUCCESS [2023-10-23 15:44:25] FALSE
SUCCESS [2023-10-23 15:44:25] 
SUCCESS [2023-10-23 15:44:25] $graph
SUCCESS [2023-10-23 15:44:25] NULL
SUCCESS [2023-10-23 15:44:25] 
SUCCESS [2023-10-23 15:44:25] $vertices
SUCCESS [2023-10-23 15:44:25] NULL
SUCCESS [2023-10-23 15:44:25] 
SUCCESS [2023-10-23 15:44:25] $distances
SUCCESS [2023-10-23 15:44:25] [1] TRUE
SUCCESS [2023-10-23 15:44:25] 
SUCCESS [2023-10-23 15:44:25] $denivele
SUCCESS [2023-10-23 15:44:25] [1] FALSE
SUCCESS [2023-10-23 15:44:25] 
SUCCESS [2023-10-23 15:44:25] $pkg
SUCCESS [2023-10-23 15:44:25] [1] "dodgr"
SUCCESS [2023-10-23 15:44:25] 
SUCCESS [2023-10-23 15:44:25] $turn_penalty
SUCCESS [2023-10-23 15:44:25] [1] FALSE
SUCCESS [2023-10-23 15:44:25] 
SUCCESS [2023-10-23 15:44:25] $graph_name
SUCCESS [2023-10-23 15:44:25] /space_mounts/data/marseille//dodgr//marseille.foot.dodgrnet
SUCCESS [2023-10-23 15:44:25] FALSE
SUCCESS [2023-10-23 15:44:25] 
SUCCESS [2023-10-23 15:44:25] $string
SUCCESS [2023-10-23 15:44:25] dodgr routing foot sur /space_mounts/data/marseille//dodgr/ a 2023-10-23 15:43:16.966949
SUCCESS [2023-10-23 15:44:25] FALSE
SUCCESS [2023-10-23 15:44:25] 
SUCCESS [2023-10-23 15:44:25] $departure_datetime
SUCCESS [2023-10-23 15:44:25] [1] "2019-12-17 08:00:00 UTC"
SUCCESS [2023-10-23 15:44:25] 
SUCCESS [2023-10-23 15:44:25] $mode
SUCCESS [2023-10-23 15:44:25] [1] "foot"
SUCCESS [2023-10-23 15:44:25] 
SUCCESS [2023-10-23 15:44:25] $n_threads
SUCCESS [2023-10-23 15:44:25] [1] 8
SUCCESS [2023-10-23 15:44:25] 
SUCCESS [2023-10-23 15:44:25] $future
SUCCESS [2023-10-23 15:44:25] [1] TRUE
SUCCESS [2023-10-23 15:44:25] 
SUCCESS [2023-10-23 15:44:25] $future_routing
SUCCESS [2023-10-23 15:44:25] function (routing) 
SUCCESS [2023-10-23 15:44:25] {
SUCCESS [2023-10-23 15:44:25]     rout <- routing
SUCCESS [2023-10-23 15:44:25]     rout$graph <- NULL
SUCCESS [2023-10-23 15:44:25]     rout$vertices <- NULL
SUCCESS [2023-10-23 15:44:25]     rout$elevation_data <- NULL
SUCCESS [2023-10-23 15:44:25]     return(rout)
SUCCESS [2023-10-23 15:44:25] }
SUCCESS [2023-10-23 15:44:25] <bytecode: 0x564a6c80a8e8>
SUCCESS [2023-10-23 15:44:25] <environment: 0x564a68df2428>
SUCCESS [2023-10-23 15:44:25] 
SUCCESS [2023-10-23 15:44:25] $core_init
SUCCESS [2023-10-23 15:44:25] function (routing) 
SUCCESS [2023-10-23 15:44:25] {
SUCCESS [2023-10-23 15:44:25]     RcppParallel::setThreadOptions(numThreads = routing$n_threads)
SUCCESS [2023-10-23 15:44:25]     rout <- routing
SUCCESS [2023-10-23 15:44:25]     net <- dgr_load_streetnet(routing$graph_name)
SUCCESS [2023-10-23 15:44:25]     rout$graph <- net$graph
SUCCESS [2023-10-23 15:44:25]     rout$vertices <- net$verts_c
SUCCESS [2023-10-23 15:44:25]     if ("dz" %in% names(rout$graph)) 
SUCCESS [2023-10-23 15:44:25]         rout$graph$dzplus <- rout$graph$dz * (rout$graph$dz > 
SUCCESS [2023-10-23 15:44:25]             0)
SUCCESS [2023-10-23 15:44:25]     logger::log_info("router {graph_name} chargé")
SUCCESS [2023-10-23 15:44:25]     return(rout)
SUCCESS [2023-10-23 15:44:25] }
SUCCESS [2023-10-23 15:44:25] <bytecode: 0x564a6c809ca8>
SUCCESS [2023-10-23 15:44:25] <environment: 0x564a68df2428>
SUCCESS [2023-10-23 15:44:25] 
SUCCESS [2023-10-23 15:44:25] 
SUCCESS [2023-10-23 15:44:25] tmax:120
SUCCESS [2023-10-23 15:44:25] pdt:1
SUCCESS [2023-10-23 15:44:25] chunk:20M
SUCCESS [2023-10-23 15:44:25] resolution:200
SUCCESS [2023-10-23 15:44:25] out:200
SUCCESS [2023-10-23 15:44:25] les variables sont emplois
SUCCESS [2023-10-23 15:44:26] taille:333.6M gr:17 res_gr:12800
SUCCESS [2023-10-23 15:44:26] 26k ou, 12.8k quoi
SUCCESS [2023-10-23 15:44:26] 33 carreaux, 8 subsampling
SUCCESS [2023-10-23 15:44:26] future:TRUE, 1 workers
INFO [1186] [2023-10-23 15:46:35] router /space_mounts/data/marseille//dodgr//marseille.foot.dodgrnet chargé
INFO [1186] [2023-10-23 15:46:39] dodgr_ttm called, TRUE, 7x21
INFO [1186] [2023-10-23 15:47:27] dodgr_ttm called, FALSE, 7x12829
