SUCCESS [2023-10-21 14:15:02] Calcul accessibilite version 2
SUCCESS [2023-10-21 14:15:02] $type
SUCCESS [2023-10-21 14:15:02] [1] "dodgr"
SUCCESS [2023-10-21 14:15:02] 
SUCCESS [2023-10-21 14:15:02] $path
SUCCESS [2023-10-21 14:15:02] /space_mounts/data/marseille//dodgr/
SUCCESS [2023-10-21 14:15:02] FALSE
SUCCESS [2023-10-21 14:15:02] 
SUCCESS [2023-10-21 14:15:02] $graph
SUCCESS [2023-10-21 14:15:02] # A tibble: 6,305,979 × 21
SUCCESS [2023-10-21 14:15:02]    .vx0       .vx1    edge_ .vx0_x .vx0_y .vx1_x .vx1_y     d      dz object_
SUCCESS [2023-10-21 14:15:02]    <chr>      <chr>   <chr>  <dbl>  <dbl>  <dbl>  <dbl> <dbl>   <dbl> <chr>  
SUCCESS [2023-10-21 14:15:02]  1 1645147773 716126… jJgX…   4.40   43.5   4.40   43.5  3.60 NA      151673…
SUCCESS [2023-10-21 14:15:02]  2 7161262231 164514… bazv…   4.40   43.5   4.40   43.5 50.1  NA      151673…
SUCCESS [2023-10-21 14:15:02]  3 1645147776 164514… sRfN…   4.40   43.5   4.40   43.5 42.3   0.614  151673…
SUCCESS [2023-10-21 14:15:02]  4 1645147778 164514… TST2…   4.40   43.5   4.40   43.5 15.1  -0.182  151673…
SUCCESS [2023-10-21 14:15:02]  5 1645147780 164514… 04rR…   4.40   43.5   4.40   43.5 14.5  -0.355  151673…
SUCCESS [2023-10-21 14:15:02]  6 1645147781 164514… Ef50…   4.40   43.5   4.40   43.5 17.9  -0.0935 151673…
SUCCESS [2023-10-21 14:15:02]  7 1645147789 164514… 9z1z…   4.40   43.5   4.39   43.5 35.6  NA      151673…
SUCCESS [2023-10-21 14:15:02]  8 1645147790 164514… gjHA…   4.39   43.5   4.39   43.5 56.5  NA      151673…
SUCCESS [2023-10-21 14:15:02]  9 1645147791 164514… manl…   4.39   43.5   4.39   43.5 56.6  NA      151673…
SUCCESS [2023-10-21 14:15:02] 10 1645147792 164514… 06Cm…   4.39   43.5   4.39   43.5 51.9  NA      151673…
SUCCESS [2023-10-21 14:15:02] # ℹ 6,305,969 more rows
SUCCESS [2023-10-21 14:15:02] # ℹ 11 more variables: bicycle <chr>, foot <chr>, highway <chr>,
SUCCESS [2023-10-21 14:15:02] #   oneway_bicycle <lgl>, lanes <chr>, junction <chr>, d_weighted <dbl>,
SUCCESS [2023-10-21 14:15:02] #   time <dbl>, time_weighted <dbl>, component <int>, dzplus <dbl>
SUCCESS [2023-10-21 14:15:02] # ℹ Use `print(n = ...)` to see more rows
SUCCESS [2023-10-21 14:15:02] 
SUCCESS [2023-10-21 14:15:02] $vertices
SUCCESS [2023-10-21 14:15:02]             id        x        y component   n
SUCCESS [2023-10-21 14:15:02] 1   1645147773 4.395142 43.46925         1   0
SUCCESS [2023-10-21 14:15:02] 2   7161262231 4.395142 43.46929         1   1
SUCCESS [2023-10-21 14:15:02] 3   1645147776 4.395148 43.46974         1   2
SUCCESS [2023-10-21 14:15:02] 4   1645147778 4.395143 43.47012         1   3
SUCCESS [2023-10-21 14:15:02] 5   1645147780 4.395133 43.47025         1   4
SUCCESS [2023-10-21 14:15:02] 6   1645147781 4.395100 43.47038         1   5
SUCCESS [2023-10-21 14:15:02] 7   1645147789 4.395046 43.47054         1   6
SUCCESS [2023-10-21 14:15:02] 8   1645147790 4.394918 43.47084         1   7
SUCCESS [2023-10-21 14:15:02] 9   1645147791 4.394705 43.47133         1   8
SUCCESS [2023-10-21 14:15:02] 10  1645147792 4.394486 43.47181         1   9
SUCCESS [2023-10-21 14:15:02] 11  1645147793 4.394293 43.47226         1  10
SUCCESS [2023-10-21 14:15:02] 12  1645147795 4.394041 43.47282         1  11
SUCCESS [2023-10-21 14:15:02] 13  1645147797 4.393821 43.47332         1  12
SUCCESS [2023-10-21 14:15:02] 14  1645147798 4.393541 43.47395         1  13
SUCCESS [2023-10-21 14:15:02] 15  1645147800 4.393394 43.47427         1  14
SUCCESS [2023-10-21 14:15:02] 16  1645147802 4.393248 43.47460         1  15
SUCCESS [2023-10-21 14:15:02] 17  1645147804 4.393150 43.47480         1  16
SUCCESS [2023-10-21 14:15:02] 18  1645147806 4.393078 43.47492         1  17
SUCCESS [2023-10-21 14:15:02] 19  1645147811 4.392946 43.47511         1  18
SUCCESS [2023-10-21 14:15:02] 20  1645147812 4.392851 43.47522         1  19
SUCCESS [2023-10-21 14:15:02] 21  1645147813 4.392689 43.47543         1  20
SUCCESS [2023-10-21 14:15:02] 22  6704293682 4.392323 43.47588         1  21
SUCCESS [2023-10-21 14:15:02] 23  7403059338 4.392259 43.47596         1  22
SUCCESS [2023-10-21 14:15:02] 24  7403056326 4.392230 43.47600         1  23
SUCCESS [2023-10-21 14:15:02] 25  1645147815 4.392162 43.47608         1  24
SUCCESS [2023-10-21 14:15:02] 26  1645147817 4.391685 43.47667         1  25
SUCCESS [2023-10-21 14:15:02] 27  2429136392 4.391192 43.47728         1  26
SUCCESS [2023-10-21 14:15:02] 28  1645147819 4.391132 43.47736         1  27
SUCCESS [2023-10-21 14:15:02] 29  1645147820 4.390589 43.47803         1  28
SUCCESS [2023-10-21 14:15:02] 30  1645147822 4.390165 43.47855         1  29
SUCCESS [2023-10-21 14:15:02] 31  1645147824 4.389990 43.47877         1  30
SUCCESS [2023-10-21 14:15:02] 32  1645147826 4.389823 43.47899         1  31
SUCCESS [2023-10-21 14:15:02] 33  1645147827 4.389734 43.47915         1  32
SUCCESS [2023-10-21 14:15:02] 34  1645147832 4.389666 43.47933         1  33
SUCCESS [2023-10-21 14:15:02] 35  1645147833 4.389563 43.47969         1  34
SUCCESS [2023-10-21 14:15:02] 36  1645147835 4.389466 43.48001         1  35
SUCCESS [2023-10-21 14:15:02] 37  1645147837 4.389305 43.48057         1  36
SUCCESS [2023-10-21 14:15:02] 38  3724788195 4.389279 43.48067         1  37
SUCCESS [2023-10-21 14:15:02] 39  1645147839 4.389078 43.48138         1  38
SUCCESS [2023-10-21 14:15:02] 40  1645147840 4.388997 43.48166         1  39
SUCCESS [2023-10-21 14:15:02] 41  1645147842 4.388869 43.48214         1  40
SUCCESS [2023-10-21 14:15:02] 42  1645147844 4.388702 43.48267         1  41
SUCCESS [2023-10-21 14:15:02] 43  1645147846 4.388638 43.48285         1  42
SUCCESS [2023-10-21 14:15:02] 44  1645147848 4.388610 43.48289         1  43
SUCCESS [2023-10-21 14:15:02] 45  1645147849 4.388469 43.48310         1  44
SUCCESS [2023-10-21 14:15:02] 46  1645147851 4.388316 43.48328         1  45
SUCCESS [2023-10-21 14:15:02] 47  1645147855 4.388162 43.48342         1  46
SUCCESS [2023-10-21 14:15:02] 48  1645147857 4.388012 43.48353         1  47
SUCCESS [2023-10-21 14:15:02] 49  1645147859 4.387760 43.48369         1  48
SUCCESS [2023-10-21 14:15:02] 50  1645147860 4.387162 43.48403         1  49
SUCCESS [2023-10-21 14:15:02] 51  1645147862 4.386959 43.48416         1  50
SUCCESS [2023-10-21 14:15:02] 52  3724788256 4.386793 43.48430         1  51
SUCCESS [2023-10-21 14:15:02] 53  1645147864 4.386699 43.48438         1  52
SUCCESS [2023-10-21 14:15:02] 54  1645147866 4.386536 43.48456         1  53
SUCCESS [2023-10-21 14:15:02] 55  1645147868 4.386463 43.48465         1  54
SUCCESS [2023-10-21 14:15:02] 56  1645147869 4.386397 43.48475         1  55
SUCCESS [2023-10-21 14:15:02] 57  1645147871 4.386338 43.48486         1  56
SUCCESS [2023-10-21 14:15:02] 58  1645147872 4.386251 43.48508         1  57
SUCCESS [2023-10-21 14:15:02] 59  3724788274 4.386231 43.48518         1  58
SUCCESS [2023-10-21 14:15:02] 60  1645147875 4.386206 43.48530         1  59
SUCCESS [2023-10-21 14:15:02] 61  1645147877 4.386198 43.48541         1  60
SUCCESS [2023-10-21 14:15:02] 62  1645147879 4.386196 43.48554         1  61
SUCCESS [2023-10-21 14:15:02] 63  1645147882 4.386209 43.48599         1  62
SUCCESS [2023-10-21 14:15:02] 64  1645147883 4.386205 43.48633         1  63
SUCCESS [2023-10-21 14:15:02] 66  3723359358 4.395079 43.47140         1  64
SUCCESS [2023-10-21 14:15:02] 67  3723359377 4.396072 43.47157         1  65
SUCCESS [2023-10-21 14:15:02] 68  3723359388 4.396922 43.47172         1  66
SUCCESS [2023-10-21 14:15:02] 69  2429136362 4.397202 43.47177         1  67
SUCCESS [2023-10-21 14:15:02] 70  2429136363 4.397558 43.47183         1  68
SUCCESS [2023-10-21 14:15:02] 71  2429136365 4.397901 43.47187         1  69
SUCCESS [2023-10-21 14:15:02] 72  2429136367 4.398050 43.47190         1  70
SUCCESS [2023-10-21 14:15:02] 73  1270217616 4.398196 43.47195         1  71
SUCCESS [2023-10-21 14:15:02] 74  2429136378 4.398384 43.47208         1  72
SUCCESS [2023-10-21 14:15:02] 75  3723359484 4.399018 43.47258         1  73
SUCCESS [2023-10-21 14:15:02] 76  3723359510 4.399466 43.47292         1  74
SUCCESS [2023-10-21 14:15:02] 77  6720770967 4.399569 43.47300         1  75
SUCCESS [2023-10-21 14:15:02] 78  2429136384 4.399624 43.47304         1  76
SUCCESS [2023-10-21 14:15:02] 79  2429136387 4.399694 43.47310         1  77
SUCCESS [2023-10-21 14:15:02] 80  2915562426 4.168319 43.48048       272  78
SUCCESS [2023-10-21 14:15:02] 81  2915567647 4.172015 43.48045       272  79
SUCCESS [2023-10-21 14:15:02] 82  2915567648 4.172162 43.48037       272  80
SUCCESS [2023-10-21 14:15:02] 83  2915567671 4.172594 43.47942       272  81
SUCCESS [2023-10-21 14:15:02] 84  2915567650 4.173042 43.47843       272  82
SUCCESS [2023-10-21 14:15:02] 85  2915567677 4.172916 43.47831       272  83
SUCCESS [2023-10-21 14:15:02] 86  2915567641 4.172312 43.47803       272  84
SUCCESS [2023-10-21 14:15:02] 87  2915567679 4.170381 43.47776       272  85
SUCCESS [2023-10-21 14:15:02] 88  2915567670 4.169432 43.47779       272  86
SUCCESS [2023-10-21 14:15:02] 89  2915567684 4.168389 43.47782       272  87
SUCCESS [2023-10-21 14:15:02] 90  2915567662 4.165830 43.47865       272  88
SUCCESS [2023-10-21 14:15:02] 91  2915567676 4.165751 43.47873       272  89
SUCCESS [2023-10-21 14:15:02] 92  2915567666 4.165739 43.47936       272  90
SUCCESS [2023-10-21 14:15:02] 93  2915567660 4.166018 43.47950       272  91
SUCCESS [2023-10-21 14:15:02] 94  2915567672 4.167375 43.48002       272  92
SUCCESS [2023-10-21 14:15:02] 95  2915567646 4.168099 43.47987       272  93
SUCCESS [2023-10-21 14:15:02] 96  2915567643 4.168380 43.47996       272  94
SUCCESS [2023-10-21 14:15:02] 97  2915567652 4.168460 43.48010       272  95
SUCCESS [2023-10-21 14:15:02] 98  2915567673 4.169456 43.47881       272  96
SUCCESS [2023-10-21 14:15:02] 99  2915567694 4.169346 43.47820       272  97
SUCCESS [2023-10-21 14:15:02] 100 2915567683 4.171125 43.47904       272  98
SUCCESS [2023-10-21 14:15:02] 101 2915567678 4.168292 43.47926       272  99
SUCCESS [2023-10-21 14:15:02] 102 4608697476 4.176107 43.49924         1 100
SUCCESS [2023-10-21 14:15:02] 103 4608697474 4.176214 43.49922         1 101
SUCCESS [2023-10-21 14:15:02] 104 4608697473 4.176716 43.49875         1 102
SUCCESS [2023-10-21 14:15:02] 105 4608697472 4.177378 43.49819         1 103
SUCCESS [2023-10-21 14:15:02] 106 4608697471 4.178531 43.49693         1 104
SUCCESS [2023-10-21 14:15:02] 107 4608697470 4.179264 43.49613         1 105
SUCCESS [2023-10-21 14:15:02] 108 4608697469 4.179746 43.49556         1 106
SUCCESS [2023-10-21 14:15:02] 109 4608697468 4.180012 43.49526         1 107
SUCCESS [2023-10-21 14:15:02] 110 4608697467 4.180114 43.49516         1 108
SUCCESS [2023-10-21 14:15:02] 111 4608697466 4.180251 43.49507         1 109
SUCCESS [2023-10-21 14:15:02] 112 4608697465 4.180449 43.49496         1 110
SUCCESS [2023-10-21 14:15:02] 113 4608697464 4.180747 43.49480         1 111
SUCCESS [2023-10-21 14:15:02] 114 4608697463 4.180940 43.49464         1 112
SUCCESS [2023-10-21 14:15:02] 115 4608697462 4.181088 43.49450         1 113
SUCCESS [2023-10-21 14:15:02] 116 4608697461 4.181305 43.49421         1 114
SUCCESS [2023-10-21 14:15:02] 117 4608697460 4.181450 43.49404         1 115
SUCCESS [2023-10-21 14:15:02] 118 4608697459 4.181653 43.49386         1 116
SUCCESS [2023-10-21 14:15:02] 119 4608697458 4.181930 43.49365         1 117
SUCCESS [2023-10-21 14:15:02] 120 4608697457 4.182029 43.49355         1 118
SUCCESS [2023-10-21 14:15:02] 121 4608697456 4.182235 43.49328         1 119
SUCCESS [2023-10-21 14:15:02] 122 4608697455 4.182482 43.49298         1 120
SUCCESS [2023-10-21 14:15:02] 123 4608697454 4.182756 43.49273         1 121
SUCCESS [2023-10-21 14:15:02] 124 4608697453 4.183166 43.49242         1 122
SUCCESS [2023-10-21 14:15:02] 125 4608697452 4.183421 43.49227         1 123
SUCCESS [2023-10-21 14:15:02] 126 4608697451 4.183861 43.49193         1 124
SUCCESS [2023-10-21 14:15:02] 127 4608697450 4.184612 43.49130         1 125
SUCCESS [2023-10-21 14:15:02] 128 4608697449 4.184877 43.49109         1 126
SUCCESS [2023-10-21 14:15:02] 129 4608697448 4.184974 43.49099         1 127
SUCCESS [2023-10-21 14:15:02] 130 4608697447 4.185422 43.49034         1 128
SUCCESS [2023-10-21 14:15:02] 131 4608697446 4.185785 43.48993         1 129
SUCCESS [2023-10-21 14:15:02] 132 4608697445 4.185987 43.48951         1 130
SUCCESS [2023-10-21 14:15:02] 133 4608697444 4.186111 43.48941         1 131
SUCCESS [2023-10-21 14:15:02] 134 4608697443 4.186255 43.48939         1 132
SUCCESS [2023-10-21 14:15:02] 135 4608697442 4.186945 43.48937         1 133
SUCCESS [2023-10-21 14:15:02] 136 4608697441 4.187175 43.48934         1 134
SUCCESS [2023-10-21 14:15:02] 137 4608697440 4.187302 43.48928         1 135
SUCCESS [2023-10-21 14:15:02] 138 4608697439 4.187484 43.48916         1 136
SUCCESS [2023-10-21 14:15:02] 139 4608697438 4.187716 43.48892         1 137
SUCCESS [2023-10-21 14:15:02] 140 4608697437 4.188701 43.48798         1 138
SUCCESS [2023-10-21 14:15:02] 141 4608697436 4.189197 43.48759         1 139
SUCCESS [2023-10-21 14:15:02] 142 4608697435 4.190069 43.48686         1 140
SUCCESS [2023-10-21 14:15:02] 143 4608697434 4.190723 43.48620         1 141
SUCCESS [2023-10-21 14:15:02] 144 4608697433 4.191426 43.48549         1 142
SUCCESS [2023-10-21 14:15:02] 145 4608697432 4.192426 43.48460         1 143
SUCCESS [2023-10-21 14:15:02] 146 4608697431 4.193459 43.48390         1 144
SUCCESS [2023-10-21 14:15:02] 147 4608697430 4.194666 43.48286         1 145
SUCCESS [2023-10-21 14:15:02] 148 4608697429 4.195423 43.48223         1 146
SUCCESS [2023-10-21 14:15:02] 149 4608697428 4.196509 43.48140         1 147
SUCCESS [2023-10-21 14:15:02] 150 4608697427 4.196723 43.48119         1 148
SUCCESS [2023-10-21 14:15:02] 151 4608697426 4.197281 43.48055         1 149
SUCCESS [2023-10-21 14:15:02] 152 4608697425 4.198013 43.47973         1 150
SUCCESS [2023-10-21 14:15:02] 153 4608697424 4.198789 43.47884         1 151
SUCCESS [2023-10-21 14:15:02] 154 4608697423 4.198896 43.47868         1 152
SUCCESS [2023-10-21 14:15:02] 155 4608697422 4.199143 43.47802         1 153
SUCCESS [2023-10-21 14:15:02] 156 4608697421 4.199266 43.47776         1 154
SUCCESS [2023-10-21 14:15:02] 157 4608697420 4.199508 43.47739         1 155
SUCCESS [2023-10-21 14:15:02] 158 4608697419 4.200191 43.47644         1 156
SUCCESS [2023-10-21 14:15:02] 159 4608697418 4.200524 43.47602         1 157
SUCCESS [2023-10-21 14:15:02] 160 4608697417 4.200800 43.47570         1 158
SUCCESS [2023-10-21 14:15:02] 161 4608697416 4.201439 43.47467         1 159
SUCCESS [2023-10-21 14:15:02] 162 4608697415 4.201621 43.47427         1 160
SUCCESS [2023-10-21 14:15:02] 163 4608697414 4.201707 43.47414         1 161
SUCCESS [2023-10-21 14:15:02] 164 4608697413 4.202257 43.47344         1 162
SUCCESS [2023-10-21 14:15:02] 165 4608697412 4.203198 43.47230         1 163
SUCCESS [2023-10-21 14:15:02] 166 4608697411 4.203542 43.47188         1 164
SUCCESS [2023-10-21 14:15:02] 167 4608697410 4.203641 43.47177         1 165
SUCCESS [2023-10-21 14:15:02] 168 4608697409 4.203775 43.47167         1 166
SUCCESS [2023-10-21 14:15:02] 169 4608697408 4.204027 43.47158         1 167
SUCCESS [2023-10-21 14:15:02] 170 4608697407 4.204867 43.47138         1 168
SUCCESS [2023-10-21 14:15:02] 171 4608697406 4.205220 43.47134         1 169
SUCCESS [2023-10-21 14:15:02] 172 4608697405 4.205400 43.47130         1 170
SUCCESS [2023-10-21 14:15:02] 173 7727082288 4.353889 43.46786       155 171
SUCCESS [2023-10-21 14:15:02] 174 7727082289 4.353924 43.46795       155 172
SUCCESS [2023-10-21 14:15:02] 175 7727082290 4.353967 43.46801       155 173
SUCCESS [2023-10-21 14:15:02] 176 7727082291 4.354056 43.46804       155 174
SUCCESS [2023-10-21 14:15:02] 177 7727082292 4.354169 43.46804       155 175
SUCCESS [2023-10-21 14:15:02] 178 7727082293 4.354392 43.46802       155 176
SUCCESS [2023-10-21 14:15:02] 179 7727082294 4.354547 43.46801       155 177
SUCCESS [2023-10-21 14:15:02] 180 7727082295 4.354664 43.46801       155 178
SUCCESS [2023-10-21 14:15:02] 181 7727082296 4.354753 43.46806       155 179
SUCCESS [2023-10-21 14:15:02] 182 7727082297 4.354792 43.46812       155 180
SUCCESS [2023-10-21 14:15:02] 183 7727082298 4.354827 43.46839       155 181
SUCCESS [2023-10-21 14:15:02] 184 9460040354 4.395258 43.46725         1 182
SUCCESS [2023-10-21 14:15:02] 185 9460040355 4.395080 43.46724         1 183
SUCCESS [2023-10-21 14:15:02] 186 9460040356 4.394895 43.46725         1 184
SUCCESS [2023-10-21 14:15:02] 187 9460040357 4.394808 43.46729         1 185
SUCCESS [2023-10-21 14:15:02] 188 9460040358 4.394812 43.46748         1 186
SUCCESS [2023-10-21 14:15:02] 189 9460040359 4.394757 43.46756         1 187
SUCCESS [2023-10-21 14:15:02] 190 2844683130 3.940383 43.61168         1 188
SUCCESS [2023-10-21 14:15:02] 191 2844683128 3.939548 43.61106         1 189
SUCCESS [2023-10-21 14:15:02] 192 2844683126 3.938846 43.61052         1 190
SUCCESS [2023-10-21 14:15:02] 193  175444650 3.937525 43.60949         1 191
SUCCESS [2023-10-21 14:15:02] 194 2844683124 3.936958 43.60909         1 192
SUCCESS [2023-10-21 14:15:02] 195   25647543 4.065873 43.67485         1 193
SUCCESS [2023-10-21 14:15:02] 196   25647558 4.068727 43.67420         1 194
SUCCESS [2023-10-21 14:15:02] 197 7814927704 4.068767 43.67417         1 195
SUCCESS [2023-10-21 14:15:02] 198 1644551763 4.068777 43.67416         1 196
SUCCESS [2023-10-21 14:15:02] 199 1644551750 4.068828 43.67413         1 197
SUCCESS [2023-10-21 14:15:02] 200 1644551707 4.068883 43.67408         1 198
SUCCESS [2023-10-21 14:15:02] 201   25647564 4.068938 43.67402         1 199
SUCCESS [2023-10-21 14:15:02]  [ reached 'max' / getOption("max.print") -- omitted 3282083 rows ]
SUCCESS [2023-10-21 14:15:02] 
SUCCESS [2023-10-21 14:15:02] $distances
SUCCESS [2023-10-21 14:15:02] [1] TRUE
SUCCESS [2023-10-21 14:15:02] 
SUCCESS [2023-10-21 14:15:02] $denivele
SUCCESS [2023-10-21 14:15:02] [1] FALSE
SUCCESS [2023-10-21 14:15:02] 
SUCCESS [2023-10-21 14:15:02] $pkg
SUCCESS [2023-10-21 14:15:02] [1] "dodgr"
SUCCESS [2023-10-21 14:15:02] 
SUCCESS [2023-10-21 14:15:02] $turn_penalty
SUCCESS [2023-10-21 14:15:02] [1] TRUE
SUCCESS [2023-10-21 14:15:02] 
SUCCESS [2023-10-21 14:15:02] $graph_name
SUCCESS [2023-10-21 14:15:02] /space_mounts/data/marseille//dodgr//marseille.motorcar.dodgrnet
SUCCESS [2023-10-21 14:15:02] FALSE
SUCCESS [2023-10-21 14:15:02] 
SUCCESS [2023-10-21 14:15:02] $string
SUCCESS [2023-10-21 14:15:02] dodgr routing motorcar sur /space_mounts/data/marseille//dodgr/ a 2023-10-21 14:13:11.239377
SUCCESS [2023-10-21 14:15:02] FALSE
SUCCESS [2023-10-21 14:15:02] 
SUCCESS [2023-10-21 14:15:02] $departure_datetime
SUCCESS [2023-10-21 14:15:02] [1] "2019-12-17 08:00:00 UTC"
SUCCESS [2023-10-21 14:15:02] 
SUCCESS [2023-10-21 14:15:02] $mode
SUCCESS [2023-10-21 14:15:02] [1] "motorcar"
SUCCESS [2023-10-21 14:15:02] 
SUCCESS [2023-10-21 14:15:02] $n_threads
SUCCESS [2023-10-21 14:15:02] [1] 8
SUCCESS [2023-10-21 14:15:02] 
SUCCESS [2023-10-21 14:15:02] $future
SUCCESS [2023-10-21 14:15:02] [1] TRUE
SUCCESS [2023-10-21 14:15:02] 
SUCCESS [2023-10-21 14:15:02] $future_routing
SUCCESS [2023-10-21 14:15:02] function(routing) {
SUCCESS [2023-10-21 14:15:02]       rout <- routing
SUCCESS [2023-10-21 14:15:02]       rout$graph <- NULL
SUCCESS [2023-10-21 14:15:02]       # rout$graph.dt <- NULL
SUCCESS [2023-10-21 14:15:02]       rout$vertices <- NULL
SUCCESS [2023-10-21 14:15:02]       rout$elevation_data <- NULL
SUCCESS [2023-10-21 14:15:02]       return(rout)
SUCCESS [2023-10-21 14:15:02]     }
SUCCESS [2023-10-21 14:15:02] <bytecode: 0x55b313ebaad0>
SUCCESS [2023-10-21 14:15:02] <environment: 0x55b3179f9828>
SUCCESS [2023-10-21 14:15:02] 
SUCCESS [2023-10-21 14:15:02] $core_init
SUCCESS [2023-10-21 14:15:02] function(routing){
SUCCESS [2023-10-21 14:15:02]       RcppParallel::setThreadOptions(numThreads = routing$n_threads)
SUCCESS [2023-10-21 14:15:02]       rout <- routing
SUCCESS [2023-10-21 14:15:02]       rout$graph <- load_street_network(routing$graph_name)
SUCCESS [2023-10-21 14:15:02]       rout$vertices <- dodgr::dodgr_vertices(rout$graph)
SUCCESS [2023-10-21 14:15:02]       if("dz"%in% names(rout$graph))
SUCCESS [2023-10-21 14:15:02]         rout$graph$dzplus <- rout$graph$dz * (rout$graph$dz >0)
SUCCESS [2023-10-21 14:15:02]       # rout$graph.dt <- data.table(
SUCCESS [2023-10-21 14:15:02]       #   from=graph$.vx0,
SUCCESS [2023-10-21 14:15:02]       #   to=graph$.vx1,
SUCCESS [2023-10-21 14:15:02]       #   d = graph$d,
SUCCESS [2023-10-21 14:15:02]       #   time = graph$time,
SUCCESS [2023-10-21 14:15:02]       #   dz = graph$time,
SUCCESS [2023-10-21 14:15:02]       #   dz_plus =(graph$dz>0)*graph$dz)
SUCCESS [2023-10-21 14:15:02]       # setkey(rout$graph.dt, from, to)
SUCCESS [2023-10-21 14:15:02]       logger::log_info("router {graph_name} chargé")
SUCCESS [2023-10-21 14:15:02]       return(rout)
SUCCESS [2023-10-21 14:15:02]     }
SUCCESS [2023-10-21 14:15:02] <bytecode: 0x55b313ea6970>
SUCCESS [2023-10-21 14:15:02] <environment: 0x55b3179f9828>
SUCCESS [2023-10-21 14:15:02] 
SUCCESS [2023-10-21 14:15:02] 
SUCCESS [2023-10-21 14:15:02] tmax:120
SUCCESS [2023-10-21 14:15:03] pdt:1
SUCCESS [2023-10-21 14:15:06] chunk:5M
SUCCESS [2023-10-21 14:15:06] resolution:200
SUCCESS [2023-10-21 14:15:06] out:200
SUCCESS [2023-10-21 14:15:06] les variables sont emplois
SUCCESS [2023-10-21 14:15:06] les variables sont ind
SUCCESS [2023-10-21 14:15:08] taille:331.2M gr:66 res_gr:6400
SUCCESS [2023-10-21 14:15:08] 22.8k ou, 14.5k quoi
SUCCESS [2023-10-21 14:15:08] 98 carreaux, 8 subsampling
SUCCESS [2023-10-21 14:15:08] future:TRUE, 4 workers
INFO [1407] [2023-10-21 14:21:19] router /space_mounts/data/marseille//dodgr//marseille.motorcar.dodgrnet chargé
INFO [1407] [2023-10-21 14:21:19] dodgr_ttm called, TRUE, 6x21
INFO [1405] [2023-10-21 14:22:32] router /space_mounts/data/marseille//dodgr//marseille.motorcar.dodgrnet chargé
INFO [1405] [2023-10-21 14:22:32] dodgr_ttm called, TRUE, 8x303
INFO [1407] [2023-10-21 14:22:36] dodgr_ttm called, FALSE, 6x14516
INFO [1408] [2023-10-21 14:23:49] router /space_mounts/data/marseille//dodgr//marseille.motorcar.dodgrnet chargé
INFO [1408] [2023-10-21 14:23:49] dodgr_ttm called, TRUE, 1x1
INFO [1405] [2023-10-21 14:23:57] dodgr_ttm called, FALSE, 8x14518
INFO [1406] [2023-10-21 14:25:13] router /space_mounts/data/marseille//dodgr//marseille.motorcar.dodgrnet chargé
INFO [1406] [2023-10-21 14:25:13] dodgr_ttm called, TRUE, 8x582
WARN [1408] [2023-10-21 14:25:15] dodgr::travel_time_matrix empty
WARN [1408] [2023-10-21 14:25:15] erreur de routeur ttm_ou dodgr::travel_time_matrix empty
WARN [1408] [2023-10-21 14:25:15] carreau:N2272000E3897600 ou_id:11598 ttm_ou vide
WARN [1408] [2023-10-21 14:25:15] la matrice des distances interne au carreau est vide
INFO [1408] [2023-10-21 14:25:15] dodgr_ttm called, TRUE, 8x365
INFO [1407] [2023-10-21 14:25:19] dodgr_ttm called, FALSE, 5x14383
INFO [1408] [2023-10-21 14:26:20] dodgr_ttm called, FALSE, 8x14509
INFO [1406] [2023-10-21 14:26:32] dodgr_ttm called, FALSE, 8x14518
INFO [1407] [2023-10-21 14:27:57] paquet:N2233600E3961600 ppou:5 ttm ok 71915
INFO [1407] [2023-10-21 14:27:57] dodgr_ttm called, FALSE, 8x14383
INFO [1408] [2023-10-21 14:29:10] dodgr_ttm called, FALSE, 86x14386
INFO [1406] [2023-10-21 14:29:19] dodgr_ttm called, FALSE, 219x14386
INFO [1407] [2023-10-21 14:30:57] paquet:N2233600E3961600 ppou:7 ttm ok 115064
INFO [1407] [2023-10-21 14:30:57] dodgr_ttm called, FALSE, 3x14384
INFO [1407] [2023-10-21 14:33:44] paquet:N2233600E3961600 ppou:13 ttm ok 43152
INFO [1407] [2023-10-21 14:33:44] dodgr_ttm called, FALSE, 4x14384
INFO [1406] [2023-10-21 14:34:03] paquet:N2291200E3923200 ppou:18761 ttm ok 3150534
INFO [1406] [2023-10-21 14:34:04] dodgr_ttm called, FALSE, 33x14386
INFO [1407] [2023-10-21 14:36:18] paquet:N2233600E3961600 ppou:20 ttm ok 57536
SUCCESS [1407] [2023-10-21 14:36:19] carreau:N2233600E3961600 4 ancres 374.8k@416.7p/s demandees, 374k@415.8p/s retenues
INFO [1407] [2023-10-21 14:36:19] dodgr_ttm called, FALSE, 1x14478
INFO [1406] [2023-10-21 14:36:52] paquet:N2291200E3923200 ppou:19072 ttm ok 474738
INFO [1406] [2023-10-21 14:36:52] dodgr_ttm called, FALSE, 85x14386
SUCCESS [1407] [2023-10-21 14:38:53] carreau:N2233600E3955200 0 ancres 14.5k@94.3p/s demandees, 14.3k@93.2p/s retenues
INFO [1407] [2023-10-21 14:38:53] dodgr_ttm called, TRUE, 8x174
INFO [1406] [2023-10-21 14:39:53] paquet:N2291200E3923200 ppou:19078 ttm ok 1222810
INFO [1406] [2023-10-21 14:39:53] dodgr_ttm called, FALSE, 1x14386
INFO [1407] [2023-10-21 14:39:54] dodgr_ttm called, FALSE, 8x14518
INFO [1406] [2023-10-21 14:42:31] paquet:N2291200E3923200 ppou:19176 ttm ok 14386
INFO [1406] [2023-10-21 14:42:31] dodgr_ttm called, FALSE, 53x14386
INFO [1407] [2023-10-21 14:42:31] dodgr_ttm called, FALSE, 10x14386
INFO [1407] [2023-10-21 14:45:09] paquet:N2240000E3955200 ppou:42 ttm ok 143855
INFO [1407] [2023-10-21 14:45:09] dodgr_ttm called, FALSE, 7x14386
INFO [1406] [2023-10-21 14:45:28] paquet:N2291200E3923200 ppou:19363 ttm ok 762458
INFO [1406] [2023-10-21 14:45:28] dodgr_ttm called, FALSE, 126x14386
INFO [1407] [2023-10-21 14:47:36] paquet:N2240000E3955200 ppou:487 ttm ok 100700
INFO [1407] [2023-10-21 14:47:36] dodgr_ttm called, FALSE, 9x14385
INFO [1406] [2023-10-21 14:48:43] paquet:N2291200E3923200 ppou:20452 ttm ok 1798250
INFO [1406] [2023-10-21 14:48:43] dodgr_ttm called, FALSE, 3x14386
INFO [1407] [2023-10-21 14:50:02] paquet:N2240000E3955200 ppou:556 ttm ok 129465
INFO [1407] [2023-10-21 14:50:02] dodgr_ttm called, FALSE, 33x14386
INFO [1406] [2023-10-21 14:51:11] paquet:N2291200E3923200 ppou:20607 ttm ok 43158
INFO [1406] [2023-10-21 14:51:11] dodgr_ttm called, FALSE, 51x14386
INFO [1407] [2023-10-21 14:52:40] paquet:N2240000E3955200 ppou:686 ttm ok 474738
INFO [1407] [2023-10-21 14:52:40] dodgr_ttm called, FALSE, 53x14386
INFO [1406] [2023-10-21 14:54:01] paquet:N2291200E3923200 ppou:20796 ttm ok 733686
SUCCESS [1406] [2023-10-21 14:54:01] carreau:N2291200E3923200 8 ancres 8.3M@4.8kp/s demandees, 8.3M@4.8kp/s retenues
INFO [1406] [2023-10-21 14:54:04] dodgr_ttm called, TRUE, 8x200
INFO [1406] [2023-10-21 14:55:05] dodgr_ttm called, FALSE, 8x14518
INFO [1407] [2023-10-21 14:55:33] paquet:N2240000E3955200 ppou:701 ttm ok 762458
INFO [1407] [2023-10-21 14:55:33] dodgr_ttm called, FALSE, 32x14386
INFO [1406] [2023-10-21 14:57:37] dodgr_ttm called, FALSE, 65x14386
INFO [1407] [2023-10-21 14:58:12] paquet:N2240000E3955200 ppou:718 ttm ok 460352
INFO [1407] [2023-10-21 14:58:12] dodgr_ttm called, FALSE, 9x14386
INFO [1406] [2023-10-21 15:00:25] paquet:N2291200E3929600 ppou:18457 ttm ok 935090
INFO [1406] [2023-10-21 15:00:25] dodgr_ttm called, FALSE, 6x14386
INFO [1407] [2023-10-21 15:00:35] paquet:N2240000E3955200 ppou:743 ttm ok 129474
INFO [1407] [2023-10-21 15:00:35] dodgr_ttm called, FALSE, 18x14386
INFO [1406] [2023-10-21 15:02:47] paquet:N2291200E3929600 ppou:18557 ttm ok 86316
INFO [1406] [2023-10-21 15:02:47] dodgr_ttm called, FALSE, 59x14386
INFO [1407] [2023-10-21 15:03:05] paquet:N2240000E3955200 ppou:747 ttm ok 258948
SUCCESS [1407] [2023-10-21 15:03:06] carreau:N2240000E3955200 8 ancres 2.6M@1.8kp/s demandees, 2.6M@1.8kp/s retenues
INFO [1407] [2023-10-21 15:03:06] dodgr_ttm called, TRUE, 8x538
INFO [1407] [2023-10-21 15:04:11] dodgr_ttm called, FALSE, 8x14518
INFO [1406] [2023-10-21 15:05:41] paquet:N2291200E3929600 ppou:18670 ttm ok 848774
INFO [1406] [2023-10-21 15:05:41] dodgr_ttm called, FALSE, 5x14386
INFO [1407] [2023-10-21 15:06:41] dodgr_ttm called, FALSE, 56x14386
INFO [1406] [2023-10-21 15:08:06] paquet:N2291200E3929600 ppou:18672 ttm ok 71930
INFO [1406] [2023-10-21 15:08:06] dodgr_ttm called, FALSE, 12x14386
INFO [1407] [2023-10-21 15:09:24] paquet:N2240000E3961600 ppou:107 ttm ok 805616
INFO [1407] [2023-10-21 15:09:24] dodgr_ttm called, FALSE, 58x14386
INFO [1406] [2023-10-21 15:10:37] paquet:N2291200E3929600 ppou:19978 ttm ok 172632
INFO [1406] [2023-10-21 15:10:37] dodgr_ttm called, FALSE, 11x14386
INFO [1407] [2023-10-21 15:12:22] paquet:N2240000E3961600 ppou:121 ttm ok 834388
INFO [1407] [2023-10-21 15:12:22] dodgr_ttm called, FALSE, 48x14386
INFO [1406] [2023-10-21 15:13:04] paquet:N2291200E3929600 ppou:20677 ttm ok 158246
INFO [1406] [2023-10-21 15:13:04] dodgr_ttm called, FALSE, 39x14386
INFO [1407] [2023-10-21 15:15:11] paquet:N2240000E3961600 ppou:207 ttm ok 690528
INFO [1407] [2023-10-21 15:15:11] dodgr_ttm called, FALSE, 44x14386
INFO [1406] [2023-10-21 15:16:06] paquet:N2291200E3929600 ppou:20855 ttm ok 561054
INFO [1406] [2023-10-21 15:16:06] dodgr_ttm called, FALSE, 1x14386
INFO [1407] [2023-10-21 15:18:03] paquet:N2240000E3961600 ppou:257 ttm ok 632960
INFO [1407] [2023-10-21 15:18:03] dodgr_ttm called, FALSE, 38x14386
INFO [1406] [2023-10-21 15:18:36] paquet:N2291200E3929600 ppou:20857 ttm ok 14386
SUCCESS [1406] [2023-10-21 15:18:36] carreau:N2291200E3929600 8 ancres 3M@2kp/s demandees, 3M@2kp/s retenues
INFO [1406] [2023-10-21 15:18:37] dodgr_ttm called, TRUE, 8x440
INFO [1406] [2023-10-21 15:19:40] dodgr_ttm called, FALSE, 8x14518
INFO [1407] [2023-10-21 15:20:57] paquet:N2240000E3961600 ppou:298 ttm ok 546668
INFO [1407] [2023-10-21 15:20:57] dodgr_ttm called, FALSE, 142x14386
INFO [1406] [2023-10-21 15:22:15] dodgr_ttm called, FALSE, 84x14386
INFO [1407] [2023-10-21 15:24:47] paquet:N2240000E3961600 ppou:371 ttm ok 2042736
INFO [1407] [2023-10-21 15:24:47] dodgr_ttm called, FALSE, 97x14386
INFO [1406] [2023-10-21 15:25:35] paquet:N2291200E3936000 ppou:18184 ttm ok 1208424
INFO [1406] [2023-10-21 15:25:35] dodgr_ttm called, FALSE, 107x14386
INFO [1407] [2023-10-21 15:28:17] paquet:N2240000E3961600 ppou:381 ttm ok 1395366
INFO [1407] [2023-10-21 15:28:17] dodgr_ttm called, FALSE, 48x14386
INFO [1406] [2023-10-21 15:28:59] paquet:N2291200E3936000 ppou:19583 ttm ok 1539302
INFO [1406] [2023-10-21 15:28:59] dodgr_ttm called, FALSE, 11x14386
INFO [1407] [2023-10-21 15:31:11] paquet:N2240000E3961600 ppou:423 ttm ok 690527
SUCCESS [1407] [2023-10-21 15:31:12] carreau:N2240000E3961600 8 ancres 7.8M@4.6kp/s demandees, 7.8M@4.6kp/s retenues
INFO [1407] [2023-10-21 15:31:14] dodgr_ttm called, TRUE, 4x15
INFO [1406] [2023-10-21 15:31:36] paquet:N2291200E3936000 ppou:19587 ttm ok 158246
INFO [1406] [2023-10-21 15:31:36] dodgr_ttm called, FALSE, 161x14386
INFO [1407] [2023-10-21 15:32:14] dodgr_ttm called, FALSE, 4x14474
INFO [1407] [2023-10-21 15:34:53] dodgr_ttm called, FALSE, 6x14342
INFO [1406] [2023-10-21 15:35:19] paquet:N2291200E3936000 ppou:19684 ttm ok 2287374
INFO [1406] [2023-10-21 15:35:20] dodgr_ttm called, FALSE, 22x14386
INFO [1407] [2023-10-21 15:37:33] paquet:N2240000E3968000 ppou:95 ttm ok 86049
INFO [1407] [2023-10-21 15:37:33] dodgr_ttm called, FALSE, 7x14342
INFO [1406] [2023-10-21 15:38:03] paquet:N2291200E3936000 ppou:19999 ttm ok 316492
INFO [1406] [2023-10-21 15:38:03] dodgr_ttm called, FALSE, 22x14386
INFO [1407] [2023-10-21 15:40:06] paquet:N2240000E3968000 ppou:167 ttm ok 100394
INFO [1407] [2023-10-21 15:40:06] dodgr_ttm called, FALSE, 2x14342
INFO [1406] [2023-10-21 15:40:44] paquet:N2291200E3936000 ppou:20102 ttm ok 316492
INFO [1406] [2023-10-21 15:40:45] dodgr_ttm called, FALSE, 13x14386
INFO [1407] [2023-10-21 15:42:38] paquet:N2240000E3968000 ppou:758 ttm ok 28684
SUCCESS [1407] [2023-10-21 15:42:38] carreau:N2240000E3968000 3 ancres 273.2k@399.8p/s demandees, 272.5k@398.7p/s retenues
INFO [1407] [2023-10-21 15:42:38] dodgr_ttm called, TRUE, 8x376
INFO [1406] [2023-10-21 15:43:17] paquet:N2291200E3936000 ppou:20931 ttm ok 187018
SUCCESS [1406] [2023-10-21 15:43:18] carreau:N2291200E3936000 7 ancres 6.1M@4.1kp/s demandees, 6.1M@4.1kp/s retenues
INFO [1406] [2023-10-21 15:43:19] dodgr_ttm called, TRUE, 8x343
INFO [1407] [2023-10-21 15:43:41] dodgr_ttm called, FALSE, 8x14518
INFO [1406] [2023-10-21 15:44:26] dodgr_ttm called, FALSE, 8x14518
INFO [1407] [2023-10-21 15:46:17] dodgr_ttm called, FALSE, 53x14386
INFO [1406] [2023-10-21 15:47:02] dodgr_ttm called, FALSE, 77x14386
