SUCCESS [2023-10-25 07:14:17] Calcul accessibilite version 2
SUCCESS [2023-10-25 07:14:17] $type
SUCCESS [2023-10-25 07:14:17] [1] "dodgr"
SUCCESS [2023-10-25 07:14:17] 
SUCCESS [2023-10-25 07:14:17] $path
SUCCESS [2023-10-25 07:14:17] /space_mounts/data/marseille//dodgr/
SUCCESS [2023-10-25 07:14:17] FALSE
SUCCESS [2023-10-25 07:14:17] 
SUCCESS [2023-10-25 07:14:17] $pg
SUCCESS [2023-10-25 07:14:17] NULL
SUCCESS [2023-10-25 07:14:17] 
SUCCESS [2023-10-25 07:14:17] $distances
SUCCESS [2023-10-25 07:14:17] [1] TRUE
SUCCESS [2023-10-25 07:14:17] 
SUCCESS [2023-10-25 07:14:17] $denivele
SUCCESS [2023-10-25 07:14:17] [1] TRUE
SUCCESS [2023-10-25 07:14:17] 
SUCCESS [2023-10-25 07:14:17] $pkg
SUCCESS [2023-10-25 07:14:17] [1] "dodgr"
SUCCESS [2023-10-25 07:14:17] 
SUCCESS [2023-10-25 07:14:17] $turn_penalty
SUCCESS [2023-10-25 07:14:17] [1] TRUE
SUCCESS [2023-10-25 07:14:17] 
SUCCESS [2023-10-25 07:14:17] $graph_name
SUCCESS [2023-10-25 07:14:17] /space_mounts/data/marseille//dodgr//marseille.bicycle.dodgrnet
SUCCESS [2023-10-25 07:14:17] FALSE
SUCCESS [2023-10-25 07:14:17] 
SUCCESS [2023-10-25 07:14:17] $string
SUCCESS [2023-10-25 07:14:17] dodgr routing bicycle sur /space_mounts/data/marseille//dodgr/ a 2023-10-25 07:01:59.411378
SUCCESS [2023-10-25 07:14:17] FALSE
SUCCESS [2023-10-25 07:14:17] 
SUCCESS [2023-10-25 07:14:17] $departure_datetime
SUCCESS [2023-10-25 07:14:17] [1] "2019-12-17 08:00:00 UTC"
SUCCESS [2023-10-25 07:14:17] 
SUCCESS [2023-10-25 07:14:17] $mode
SUCCESS [2023-10-25 07:14:17] [1] "bicycle"
SUCCESS [2023-10-25 07:14:17] 
SUCCESS [2023-10-25 07:14:17] $n_threads
SUCCESS [2023-10-25 07:14:17] [1] 8
SUCCESS [2023-10-25 07:14:17] 
SUCCESS [2023-10-25 07:14:17] $future
SUCCESS [2023-10-25 07:14:17] [1] TRUE
SUCCESS [2023-10-25 07:14:17] 
SUCCESS [2023-10-25 07:14:17] $future_routing
SUCCESS [2023-10-25 07:14:17] function(routing) {
SUCCESS [2023-10-25 07:14:17]       rout <- routing
SUCCESS [2023-10-25 07:14:17]       rout$processed_graph <- NULL
SUCCESS [2023-10-25 07:14:17]       rout$elevation_data <- NULL
SUCCESS [2023-10-25 07:14:17]       return(rout)
SUCCESS [2023-10-25 07:14:17]     }
SUCCESS [2023-10-25 07:14:17] <environment: 0x55df1df9aec8>
SUCCESS [2023-10-25 07:14:17] 
SUCCESS [2023-10-25 07:14:17] $core_init
SUCCESS [2023-10-25 07:14:17] function(routing){
SUCCESS [2023-10-25 07:14:17]       RcppParallel::setThreadOptions(numThreads = routing$n_threads)
SUCCESS [2023-10-25 07:14:17]       rout <- routing
SUCCESS [2023-10-25 07:14:17]       rout$pg <- load_streetnet(routing$graph_name)
SUCCESS [2023-10-25 07:14:17]       if("dz"%in% names(rout$pg$graph)) {
SUCCESS [2023-10-25 07:14:17]         rout$pg$graph$dzplus <-
SUCCESS [2023-10-25 07:14:17]           rout$pg$graph$dz * rout$pg$graph$d * (rout$pg$graph$dz >0)
SUCCESS [2023-10-25 07:14:17]         rout$pg$graph_compound$dzplus <- 
SUCCESS [2023-10-25 07:14:17]           rout$pg$graph_compound$dz * prout$g$graph_compound$d * (rout$pg$graph_compound$dz >0)
SUCCESS [2023-10-25 07:14:17]         rout$pg$graph_compound$dzplus[is.na(rout$pg$graph_compound$dzplus)] <- 0
SUCCESS [2023-10-25 07:14:17]         }
SUCCESS [2023-10-25 07:14:17]       logger::log_info("router {graph_name} chargé")
SUCCESS [2023-10-25 07:14:17]       return(rout)
SUCCESS [2023-10-25 07:14:17]     }
SUCCESS [2023-10-25 07:14:17] <environment: 0x55df1df9aec8>
SUCCESS [2023-10-25 07:14:17] 
SUCCESS [2023-10-25 07:14:17] 
SUCCESS [2023-10-25 07:14:17] tmax:120
SUCCESS [2023-10-25 07:14:17] pdt:1
SUCCESS [2023-10-25 07:14:17] chunk:20M
SUCCESS [2023-10-25 07:14:17] resolution:200
SUCCESS [2023-10-25 07:14:17] out:200
SUCCESS [2023-10-25 07:14:17] les variables sont emplois
SUCCESS [2023-10-25 07:14:18] taille:333.6M gr:17 res_gr:12800
SUCCESS [2023-10-25 07:14:18] 26k ou, 12.8k quoi
SUCCESS [2023-10-25 07:14:18] 33 carreaux, 8 subsampling
SUCCESS [2023-10-25 07:14:18] future:TRUE, 3 workers
