SUCCESS [2023-10-25 21:32:22] Calcul accessibilite version 2
SUCCESS [2023-10-25 21:32:22] $type
SUCCESS [2023-10-25 21:32:22] [1] "dodgr"
SUCCESS [2023-10-25 21:32:22] 
SUCCESS [2023-10-25 21:32:22] $path
SUCCESS [2023-10-25 21:32:22] /space_mounts/data/marseille//dodgr/
SUCCESS [2023-10-25 21:32:22] FALSE
SUCCESS [2023-10-25 21:32:22] 
SUCCESS [2023-10-25 21:32:22] $pg
SUCCESS [2023-10-25 21:32:22] NULL
SUCCESS [2023-10-25 21:32:22] 
SUCCESS [2023-10-25 21:32:22] $distances
SUCCESS [2023-10-25 21:32:22] [1] TRUE
SUCCESS [2023-10-25 21:32:22] 
SUCCESS [2023-10-25 21:32:22] $denivele
SUCCESS [2023-10-25 21:32:22] [1] TRUE
SUCCESS [2023-10-25 21:32:22] 
SUCCESS [2023-10-25 21:32:22] $pkg
SUCCESS [2023-10-25 21:32:22] [1] "dodgr"
SUCCESS [2023-10-25 21:32:22] 
SUCCESS [2023-10-25 21:32:22] $turn_penalty
SUCCESS [2023-10-25 21:32:22] [1] TRUE
SUCCESS [2023-10-25 21:32:22] 
SUCCESS [2023-10-25 21:32:22] $graph_name
SUCCESS [2023-10-25 21:32:22] /space_mounts/data/marseille//dodgr//marseille.bicycle.dodgrnet
SUCCESS [2023-10-25 21:32:22] FALSE
SUCCESS [2023-10-25 21:32:22] 
SUCCESS [2023-10-25 21:32:22] $string
SUCCESS [2023-10-25 21:32:22] dodgr routing bicycle sur /space_mounts/data/marseille//dodgr/ a 2023-10-25 21:32:10.767255
SUCCESS [2023-10-25 21:32:22] FALSE
SUCCESS [2023-10-25 21:32:22] 
SUCCESS [2023-10-25 21:32:22] $departure_datetime
SUCCESS [2023-10-25 21:32:22] [1] "2019-12-17 08:00:00 UTC"
SUCCESS [2023-10-25 21:32:22] 
SUCCESS [2023-10-25 21:32:22] $mode
SUCCESS [2023-10-25 21:32:22] [1] "bicycle"
SUCCESS [2023-10-25 21:32:22] 
SUCCESS [2023-10-25 21:32:22] $n_threads
SUCCESS [2023-10-25 21:32:22] [1] 8
SUCCESS [2023-10-25 21:32:22] 
SUCCESS [2023-10-25 21:32:22] $future
SUCCESS [2023-10-25 21:32:22] [1] TRUE
SUCCESS [2023-10-25 21:32:22] 
SUCCESS [2023-10-25 21:32:22] $future_routing
SUCCESS [2023-10-25 21:32:22] function (routing) 
SUCCESS [2023-10-25 21:32:22] {
SUCCESS [2023-10-25 21:32:22]     rout <- routing
SUCCESS [2023-10-25 21:32:22]     rout$processed_graph <- NULL
SUCCESS [2023-10-25 21:32:22]     rout$elevation_data <- NULL
SUCCESS [2023-10-25 21:32:22]     return(rout)
SUCCESS [2023-10-25 21:32:22] }
SUCCESS [2023-10-25 21:32:22] <bytecode: 0x55631a0fcf50>
SUCCESS [2023-10-25 21:32:22] <environment: 0x55631a0f7df8>
SUCCESS [2023-10-25 21:32:22] 
SUCCESS [2023-10-25 21:32:22] $core_init
SUCCESS [2023-10-25 21:32:22] function (routing) 
SUCCESS [2023-10-25 21:32:22] {
SUCCESS [2023-10-25 21:32:22]     RcppParallel::setThreadOptions(numThreads = routing$n_threads)
SUCCESS [2023-10-25 21:32:22]     rout <- routing
SUCCESS [2023-10-25 21:32:22]     rout$pg <- load_streetnet(routing$graph_name)
SUCCESS [2023-10-25 21:32:22]     if ("dz" %in% names(rout$pg$graph)) {
SUCCESS [2023-10-25 21:32:22]         rout$pg$graph$dzplus <- rout$pg$graph$dz * rout$pg$graph$d * 
SUCCESS [2023-10-25 21:32:22]             (rout$pg$graph$dz > 0)
SUCCESS [2023-10-25 21:32:22]         rout$pg$graph_compound$dzplus <- rout$pg$graph_compound$dz * 
SUCCESS [2023-10-25 21:32:22]             rout$pg$graph_compound$d * (rout$pg$graph_compound$dz > 
SUCCESS [2023-10-25 21:32:22]             0)
SUCCESS [2023-10-25 21:32:22]         rout$pg$graph_compound$dzplus[is.na(rout$pg$graph_compound$dzplus)] <- 0
SUCCESS [2023-10-25 21:32:22]     }
SUCCESS [2023-10-25 21:32:22]     logger::log_info("router {graph_name} chargé")
SUCCESS [2023-10-25 21:32:22]     return(rout)
SUCCESS [2023-10-25 21:32:22] }
SUCCESS [2023-10-25 21:32:22] <bytecode: 0x55631a0fd880>
SUCCESS [2023-10-25 21:32:22] <environment: 0x55631a0f7df8>
SUCCESS [2023-10-25 21:32:22] 
SUCCESS [2023-10-25 21:32:22] 
SUCCESS [2023-10-25 21:32:22] tmax:120
SUCCESS [2023-10-25 21:32:22] pdt:1
SUCCESS [2023-10-25 21:32:22] chunk:20M
SUCCESS [2023-10-25 21:32:22] resolution:200
SUCCESS [2023-10-25 21:32:22] out:200
SUCCESS [2023-10-25 21:32:22] les variables sont emplois
SUCCESS [2023-10-25 21:32:23] taille:333.6M gr:17 res_gr:12800
SUCCESS [2023-10-25 21:32:23] 26k ou, 12.8k quoi
SUCCESS [2023-10-25 21:32:23] 33 carreaux, 8 subsampling
SUCCESS [2023-10-25 21:32:23] future:TRUE, 2 workers
INFO [552] [2023-10-25 21:36:43] router /space_mounts/data/marseille//dodgr//marseille.bicycle.dodgrnet chargé
INFO [551] [2023-10-25 21:36:43] router /space_mounts/data/marseille//dodgr//marseille.bicycle.dodgrnet chargé
INFO [552] [2023-10-25 21:36:47] dodgr_ttm called, TRUE, 8x96
INFO [551] [2023-10-25 21:36:47] dodgr_ttm called, TRUE, 7x21
INFO [552] [2023-10-25 21:37:28] dodgr_ttm called, FALSE, 8x12829
INFO [551] [2023-10-25 21:37:28] dodgr_ttm called, FALSE, 7x12829
INFO [551] [2023-10-25 21:40:03] dodgr_ttm called, FALSE, 6x1908
INFO [552] [2023-10-25 21:40:05] dodgr_ttm called, FALSE, 9x269
INFO [552] [2023-10-25 21:41:29] paquet:N2265600E3891200 ppou:8634 ttm ok 700
INFO [552] [2023-10-25 21:41:29] dodgr_ttm called, FALSE, 2x177
INFO [551] [2023-10-25 21:41:37] paquet:N2227200E3955200 ppou:4 ttm ok 10507
INFO [551] [2023-10-25 21:41:37] dodgr_ttm called, FALSE, 2x1679
INFO [552] [2023-10-25 21:42:55] paquet:N2265600E3891200 ppou:8921 ttm ok 338
INFO [552] [2023-10-25 21:42:55] dodgr_ttm called, FALSE, 15x295
INFO [551] [2023-10-25 21:43:12] paquet:N2227200E3955200 ppou:7 ttm ok 3205
INFO [551] [2023-10-25 21:43:12] dodgr_ttm called, FALSE, 5x1751
INFO [552] [2023-10-25 21:44:20] paquet:N2265600E3891200 ppou:9033 ttm ok 2923
INFO [552] [2023-10-25 21:44:20] dodgr_ttm called, FALSE, 28x372
INFO [551] [2023-10-25 21:44:46] paquet:N2227200E3955200 ppou:15 ttm ok 8351
INFO [551] [2023-10-25 21:44:46] dodgr_ttm called, FALSE, 2x1838
INFO [552] [2023-10-25 21:45:47] paquet:N2265600E3891200 ppou:9428 ttm ok 6436
INFO [552] [2023-10-25 21:45:47] dodgr_ttm called, FALSE, 16x330
INFO [551] [2023-10-25 21:46:20] paquet:N2227200E3955200 ppou:17 ttm ok 3491
INFO [551] [2023-10-25 21:46:21] dodgr_ttm called, FALSE, 5x1870
INFO [552] [2023-10-25 21:47:13] paquet:N2265600E3891200 ppou:10255 ttm ok 4440
INFO [552] [2023-10-25 21:47:13] dodgr_ttm called, FALSE, 1x297
INFO [551] [2023-10-25 21:47:55] paquet:N2227200E3955200 ppou:19 ttm ok 9288
INFO [551] [2023-10-25 21:47:55] dodgr_ttm called, FALSE, 1x2028
INFO [552] [2023-10-25 21:48:37] paquet:N2265600E3891200 ppou:10421 ttm ok 297
INFO [552] [2023-10-25 21:48:37] dodgr_ttm called, FALSE, 7x319
INFO [551] [2023-10-25 21:49:31] paquet:N2227200E3955200 ppou:25 ttm ok 1861
SUCCESS [551] [2023-10-25 21:49:31] carreau:N2227200E3955200 6 ancres 128.4k@167.9p/s demandees, 51.7k@67.6p/s retenues
INFO [551] [2023-10-25 21:49:35] dodgr_ttm called, TRUE, 8x1333
INFO [552] [2023-10-25 21:50:03] paquet:N2265600E3891200 ppou:10424 ttm ok 1875
INFO [552] [2023-10-25 21:50:03] dodgr_ttm called, FALSE, 18x1010
INFO [551] [2023-10-25 21:50:06] dodgr_ttm called, FALSE, 8x12829
INFO [552] [2023-10-25 21:51:50] paquet:N2265600E3891200 ppou:10588 ttm ok 5000
SUCCESS [552] [2023-10-25 21:51:50] carreau:N2265600E3891200 8 ancres 146.2k@161.9p/s demandees, 29.4k@32.5p/s retenues
INFO [552] [2023-10-25 21:51:54] dodgr_ttm called, TRUE, 8x500
INFO [552] [2023-10-25 21:52:26] dodgr_ttm called, FALSE, 8x12829
INFO [551] [2023-10-25 21:52:26] dodgr_ttm called, FALSE, 240x3540
INFO [552] [2023-10-25 21:54:57] dodgr_ttm called, FALSE, 9x1071
INFO [552] [2023-10-25 21:56:42] paquet:N2265600E3904000 ppou:9820 ttm ok 9146
INFO [552] [2023-10-25 21:56:42] dodgr_ttm called, FALSE, 25x1172
INFO [551] [2023-10-25 21:57:27] paquet:N2240000E3955200 ppou:272 ttm ok 509334
INFO [551] [2023-10-25 21:57:27] dodgr_ttm called, FALSE, 76x2478
INFO [552] [2023-10-25 21:58:42] paquet:N2265600E3904000 ppou:10095 ttm ok 27182
INFO [552] [2023-10-25 21:58:42] dodgr_ttm called, FALSE, 100x1536
INFO [551] [2023-10-25 22:00:40] paquet:N2240000E3955200 ppou:386 ttm ok 136321
INFO [551] [2023-10-25 22:00:40] dodgr_ttm called, FALSE, 42x2643
INFO [552] [2023-10-25 22:01:53] paquet:N2265600E3904000 ppou:10603 ttm ok 118463
INFO [552] [2023-10-25 22:01:53] dodgr_ttm called, FALSE, 34x1395
INFO [551] [2023-10-25 22:02:49] paquet:N2240000E3955200 ppou:400 ttm ok 92416
INFO [551] [2023-10-25 22:02:49] dodgr_ttm called, FALSE, 85x2927
INFO [552] [2023-10-25 22:04:01] paquet:N2265600E3904000 ppou:10908 ttm ok 36411
INFO [552] [2023-10-25 22:04:01] dodgr_ttm called, FALSE, 34x1458
INFO [551] [2023-10-25 22:05:45] paquet:N2240000E3955200 ppou:406 ttm ok 170073
INFO [551] [2023-10-25 22:05:45] dodgr_ttm called, FALSE, 120x3396
INFO [552] [2023-10-25 22:06:13] paquet:N2265600E3904000 ppou:12047 ttm ok 36508
INFO [552] [2023-10-25 22:06:13] dodgr_ttm called, FALSE, 121x1845
INFO [551] [2023-10-25 22:09:05] paquet:N2240000E3955200 ppou:495 ttm ok 253445
INFO [551] [2023-10-25 22:09:05] dodgr_ttm called, FALSE, 205x4294
INFO [552] [2023-10-25 22:10:01] paquet:N2265600E3904000 ppou:13478 ttm ok 155509
INFO [552] [2023-10-25 22:10:01] dodgr_ttm called, FALSE, 2x1260
INFO [552] [2023-10-25 22:11:44] paquet:N2265600E3904000 ppou:13583 ttm ok 2513
INFO [552] [2023-10-25 22:11:44] dodgr_ttm called, FALSE, 169x2596
INFO [551] [2023-10-25 22:14:08] paquet:N2240000E3955200 ppou:722 ttm ok 537005
INFO [551] [2023-10-25 22:14:08] dodgr_ttm called, FALSE, 220x3684
INFO [552] [2023-10-25 22:16:07] paquet:N2265600E3904000 ppou:13857 ttm ok 164352
SUCCESS [552] [2023-10-25 22:16:07] carreau:N2265600E3904000 8 ancres 1.1M@726.8p/s demandees, 575k@395.5p/s retenues
INFO [552] [2023-10-25 22:16:11] dodgr_ttm called, TRUE, 8x554
INFO [552] [2023-10-25 22:16:43] dodgr_ttm called, FALSE, 8x12829
INFO [552] [2023-10-25 22:19:16] dodgr_ttm called, FALSE, 3x1328
INFO [551] [2023-10-25 22:19:28] paquet:N2240000E3955200 ppou:1298 ttm ok 615314
INFO [551] [2023-10-25 22:19:28] dodgr_ttm called, FALSE, 335x4190
INFO [552] [2023-10-25 22:20:57] paquet:N2278400E3904000 ppou:15302 ttm ok 3902
INFO [552] [2023-10-25 22:20:57] dodgr_ttm called, FALSE, 96x2896
INFO [552] [2023-10-25 22:24:04] paquet:N2278400E3904000 ppou:15621 ttm ok 121820
INFO [552] [2023-10-25 22:24:04] dodgr_ttm called, FALSE, 86x1626
INFO [551] [2023-10-25 22:26:50] paquet:N2240000E3955200 ppou:1928 ttm ok 1034403
SUCCESS [551] [2023-10-25 22:26:51] carreau:N2240000E3955200 8 ancres 5M@2.2kp/s demandees, 3.4M@1.5kp/s retenues
INFO [551] [2023-10-25 22:26:56] dodgr_ttm called, TRUE, 8x203
INFO [552] [2023-10-25 22:27:08] paquet:N2278400E3904000 ppou:16469 ttm ok 107550
INFO [552] [2023-10-25 22:27:08] dodgr_ttm called, FALSE, 196x1884
INFO [551] [2023-10-25 22:27:26] dodgr_ttm called, FALSE, 8x12829
INFO [551] [2023-10-25 22:29:58] dodgr_ttm called, FALSE, 14x2069
INFO [552] [2023-10-25 22:31:39] paquet:N2278400E3904000 ppou:16482 ttm ok 253441
INFO [552] [2023-10-25 22:31:39] dodgr_ttm called, FALSE, 10x1419
INFO [551] [2023-10-25 22:31:48] paquet:N2240000E3968000 ppou:167 ttm ok 25377
INFO [551] [2023-10-25 22:31:48] dodgr_ttm called, FALSE, 13x2400
INFO [552] [2023-10-25 22:33:17] paquet:N2278400E3904000 ppou:20111 ttm ok 10289
INFO [552] [2023-10-25 22:33:17] dodgr_ttm called, FALSE, 22x1807
INFO [551] [2023-10-25 22:33:29] paquet:N2240000E3968000 ppou:1310 ttm ok 27123
INFO [551] [2023-10-25 22:33:29] dodgr_ttm called, FALSE, 20x3031
INFO [552] [2023-10-25 22:35:12] paquet:N2278400E3904000 ppou:20493 ttm ok 29830
INFO [552] [2023-10-25 22:35:12] dodgr_ttm called, FALSE, 78x2164
INFO [551] [2023-10-25 22:35:20] paquet:N2240000E3968000 ppou:1365 ttm ok 40677
INFO [551] [2023-10-25 22:35:20] dodgr_ttm called, FALSE, 19x3993
INFO [551] [2023-10-25 22:37:22] paquet:N2240000E3968000 ppou:1460 ttm ok 42666
INFO [551] [2023-10-25 22:37:22] dodgr_ttm called, FALSE, 13x2541
INFO [552] [2023-10-25 22:38:01] paquet:N2278400E3904000 ppou:20577 ttm ok 119526
INFO [552] [2023-10-25 22:38:01] dodgr_ttm called, FALSE, 56x2616
INFO [551] [2023-10-25 22:39:09] paquet:N2240000E3968000 ppou:1582 ttm ok 27455
INFO [551] [2023-10-25 22:39:09] dodgr_ttm called, FALSE, 41x2953
INFO [552] [2023-10-25 22:40:24] paquet:N2278400E3904000 ppou:20982 ttm ok 80484
SUCCESS [552] [2023-10-25 22:40:24] carreau:N2278400E3904000 8 ancres 1.3M@869.3p/s demandees, 754.1k@519.1p/s retenues
INFO [552] [2023-10-25 22:40:28] dodgr_ttm called, TRUE, 8x1121
INFO [552] [2023-10-25 22:41:01] dodgr_ttm called, FALSE, 8x12829
INFO [551] [2023-10-25 22:41:29] paquet:N2240000E3968000 ppou:1610 ttm ok 95168
INFO [551] [2023-10-25 22:41:29] dodgr_ttm called, FALSE, 76x4069
INFO [552] [2023-10-25 22:43:30] dodgr_ttm called, FALSE, 193x3243
INFO [551] [2023-10-25 22:44:54] paquet:N2240000E3968000 ppou:1663 ttm ok 152987
INFO [551] [2023-10-25 22:44:55] dodgr_ttm called, FALSE, 7x2617
INFO [551] [2023-10-25 22:46:42] paquet:N2240000E3968000 ppou:1783 ttm ok 13946
SUCCESS [551] [2023-10-25 22:46:43] carreau:N2240000E3968000 8 ancres 781k@658p/s demandees, 457.8k@385.7p/s retenues
INFO [551] [2023-10-25 22:46:46] dodgr_ttm called, TRUE, 8x768
INFO [551] [2023-10-25 22:47:18] dodgr_ttm called, FALSE, 8x12829
INFO [552] [2023-10-25 22:48:24] paquet:N2278400E3916800 ppou:16602 ttm ok 411001
INFO [552] [2023-10-25 22:48:24] dodgr_ttm called, FALSE, 40x2496
INFO [551] [2023-10-25 22:49:46] dodgr_ttm called, FALSE, 134x3986
INFO [552] [2023-10-25 22:50:37] paquet:N2278400E3916800 ppou:18041 ttm ok 67124
INFO [552] [2023-10-25 22:50:37] dodgr_ttm called, FALSE, 156x2234
INFO [551] [2023-10-25 22:51:57] paquet:N2240000E3942400 ppou:836 ttm ok 361041
INFO [551] [2023-10-25 22:51:57] dodgr_ttm called, FALSE, 174x3754
INFO [551] [2023-10-25 22:54:18] paquet:N2240000E3942400 ppou:1326 ttm ok 470020
INFO [551] [2023-10-25 22:54:18] dodgr_ttm called, FALSE, 101x3455
INFO [552] [2023-10-25 22:54:45] paquet:N2278400E3916800 ppou:18261 ttm ok 247591
INFO [552] [2023-10-25 22:54:45] dodgr_ttm called, FALSE, 218x2143
INFO [551] [2023-10-25 22:56:22] paquet:N2240000E3942400 ppou:1552 ttm ok 299754
INFO [551] [2023-10-25 22:56:22] dodgr_ttm called, FALSE, 29x3589
INFO [551] [2023-10-25 22:58:12] paquet:N2240000E3942400 ppou:1740 ttm ok 88274
INFO [551] [2023-10-25 22:58:12] dodgr_ttm called, FALSE, 102x3614
INFO [552] [2023-10-25 22:59:40] paquet:N2278400E3916800 ppou:19413 ttm ok 343295
INFO [552] [2023-10-25 22:59:40] dodgr_ttm called, FALSE, 87x2182
INFO [551] [2023-10-25 23:00:20] paquet:N2240000E3942400 ppou:1808 ttm ok 310734
INFO [551] [2023-10-25 23:00:20] dodgr_ttm called, FALSE, 180x3787
INFO [551] [2023-10-25 23:02:38] paquet:N2240000E3942400 ppou:1881 ttm ok 553574
INFO [551] [2023-10-25 23:02:38] dodgr_ttm called, FALSE, 22x3670
INFO [552] [2023-10-25 23:02:51] paquet:N2278400E3916800 ppou:19563 ttm ok 143660
INFO [552] [2023-10-25 23:02:51] dodgr_ttm called, FALSE, 68x2817
INFO [551] [2023-10-25 23:04:22] paquet:N2240000E3942400 ppou:2316 ttm ok 68569
INFO [551] [2023-10-25 23:04:22] dodgr_ttm called, FALSE, 16x5135
INFO [552] [2023-10-25 23:05:56] paquet:N2278400E3916800 ppou:19644 ttm ok 128944
INFO [552] [2023-10-25 23:05:56] dodgr_ttm called, FALSE, 197x3322
INFO [551] [2023-10-25 23:06:25] paquet:N2240000E3942400 ppou:2317 ttm ok 49050
SUCCESS [551] [2023-10-25 23:06:25] carreau:N2240000E3942400 8 ancres 3M@2.5kp/s demandees, 2.2M@1.9kp/s retenues
INFO [551] [2023-10-25 23:06:29] dodgr_ttm called, TRUE, 2x9
INFO [551] [2023-10-25 23:06:59] dodgr_ttm called, FALSE, 2x12829
INFO [551] [2023-10-25 23:09:29] dodgr_ttm called, FALSE, 9x2350
INFO [552] [2023-10-25 23:10:38] paquet:N2278400E3916800 ppou:19896 ttm ok 406486
INFO [552] [2023-10-25 23:10:38] dodgr_ttm called, FALSE, 158x2768
INFO [551] [2023-10-25 23:11:12] paquet:N2240000E3929600 ppou:741 ttm ok 20427
SUCCESS [551] [2023-10-25 23:11:12] carreau:N2240000E3929600 1 ancres 34k@120.1p/s demandees, 22.8k@80.7p/s retenues
INFO [551] [2023-10-25 23:11:16] dodgr_ttm called, TRUE, 8x2602
INFO [551] [2023-10-25 23:11:53] dodgr_ttm called, FALSE, 8x12829
INFO [551] [2023-10-25 23:14:21] dodgr_ttm called, FALSE, 334x3920
INFO [552] [2023-10-25 23:15:01] paquet:N2278400E3916800 ppou:20668 ttm ok 272801
SUCCESS [552] [2023-10-25 23:15:01] carreau:N2278400E3916800 8 ancres 3.1M@1.5kp/s demandees, 2M@986.3p/s retenues
INFO [552] [2023-10-25 23:15:05] dodgr_ttm called, TRUE, 8x1157
INFO [552] [2023-10-25 23:15:38] dodgr_ttm called, FALSE, 8x12829
INFO [551] [2023-10-25 23:17:11] paquet:N2252800E3942400 ppou:2891 ttm ok 1091000
INFO [551] [2023-10-25 23:17:11] dodgr_ttm called, FALSE, 305x4439
INFO [552] [2023-10-25 23:18:07] dodgr_ttm called, FALSE, 138x3501
INFO [552] [2023-10-25 23:22:30] paquet:N2278400E3929600 ppou:16615 ttm ok 361405
INFO [552] [2023-10-25 23:22:30] dodgr_ttm called, FALSE, 164x3172
INFO [551] [2023-10-25 23:24:02] paquet:N2252800E3942400 ppou:3855 ttm ok 1001064
INFO [551] [2023-10-25 23:24:02] dodgr_ttm called, FALSE, 93x3690
INFO [551] [2023-10-25 23:26:03] paquet:N2252800E3942400 ppou:3936 ttm ok 317683
INFO [551] [2023-10-25 23:26:03] dodgr_ttm called, FALSE, 333x4365
INFO [552] [2023-10-25 23:27:00] paquet:N2278400E3929600 ppou:16725 ttm ok 441034
INFO [552] [2023-10-25 23:27:00] dodgr_ttm called, FALSE, 254x5522
INFO [552] [2023-10-25 23:33:15] paquet:N2278400E3929600 ppou:17074 ttm ok 691376
INFO [552] [2023-10-25 23:33:16] dodgr_ttm called, FALSE, 13x2876
INFO [551] [2023-10-25 23:33:32] paquet:N2252800E3942400 ppou:4329 ttm ok 1181661
INFO [551] [2023-10-25 23:33:32] dodgr_ttm called, FALSE, 438x4393
INFO [552] [2023-10-25 23:35:06] paquet:N2278400E3929600 ppou:17458 ttm ok 33168
INFO [552] [2023-10-25 23:35:06] dodgr_ttm called, FALSE, 124x2962
INFO [552] [2023-10-25 23:39:18] paquet:N2278400E3929600 ppou:17839 ttm ok 335403
INFO [552] [2023-10-25 23:39:18] dodgr_ttm called, FALSE, 243x3557
INFO [551] [2023-10-25 23:42:33] paquet:N2252800E3942400 ppou:4583 ttm ok 1535284
INFO [551] [2023-10-25 23:42:33] dodgr_ttm called, FALSE, 441x4793
INFO [552] [2023-10-25 23:45:29] paquet:N2278400E3929600 ppou:18383 ttm ok 626748
INFO [552] [2023-10-25 23:45:29] dodgr_ttm called, FALSE, 54x3047
INFO [552] [2023-10-25 23:48:32] paquet:N2278400E3929600 ppou:19910 ttm ok 125062
INFO [552] [2023-10-25 23:48:32] dodgr_ttm called, FALSE, 166x4478
INFO [551] [2023-10-25 23:51:21] paquet:N2252800E3942400 ppou:4891 ttm ok 1613208
INFO [551] [2023-10-25 23:51:21] dodgr_ttm called, FALSE, 269x4455
INFO [552] [2023-10-25 23:53:31] paquet:N2278400E3929600 ppou:20532 ttm ok 396315
SUCCESS [552] [2023-10-25 23:53:31] carreau:N2278400E3929600 8 ancres 4.7M@2kp/s demandees, 3.1M@1.3kp/s retenues
INFO [552] [2023-10-25 23:53:35] dodgr_ttm called, TRUE, 8x2310
INFO [552] [2023-10-25 23:54:08] dodgr_ttm called, FALSE, 8x12829
INFO [552] [2023-10-25 23:56:39] dodgr_ttm called, FALSE, 519x5711
INFO [551] [2023-10-25 23:57:36] paquet:N2252800E3942400 ppou:6132 ttm ok 1021804
INFO [551] [2023-10-25 23:57:36] dodgr_ttm called, FALSE, 373x4658
INFO [551] [2023-10-26 00:05:46] paquet:N2252800E3942400 ppou:6558 ttm ok 1493428
SUCCESS [551] [2023-10-26 00:05:46] carreau:N2252800E3942400 8 ancres 11.5M@3.5kp/s demandees, 9.3M@2.8kp/s retenues
INFO [551] [2023-10-26 00:05:52] dodgr_ttm called, TRUE, 8x1890
INFO [551] [2023-10-26 00:06:28] dodgr_ttm called, FALSE, 8x12829
INFO [552] [2023-10-26 00:07:10] paquet:N2278400E3942400 ppou:15533 ttm ok 1472432
INFO [552] [2023-10-26 00:07:10] dodgr_ttm called, FALSE, 544x4356
INFO [551] [2023-10-26 00:09:02] dodgr_ttm called, FALSE, 295x3769
INFO [551] [2023-10-26 00:15:53] paquet:N2252800E3955200 ppou:3367 ttm ok 942872
INFO [551] [2023-10-26 00:15:53] dodgr_ttm called, FALSE, 289x3895
INFO [552] [2023-10-26 00:17:01] paquet:N2278400E3942400 ppou:16364 ttm ok 1439221
INFO [552] [2023-10-26 00:17:01] dodgr_ttm called, FALSE, 58x3336
INFO [551] [2023-10-26 00:18:37] paquet:N2252800E3955200 ppou:3820 ttm ok 931563
INFO [551] [2023-10-26 00:18:37] dodgr_ttm called, FALSE, 196x4170
INFO [552] [2023-10-26 00:19:49] paquet:N2278400E3942400 ppou:16369 ttm ok 138545
INFO [552] [2023-10-26 00:19:49] dodgr_ttm called, FALSE, 76x3014
INFO [551] [2023-10-26 00:20:57] paquet:N2252800E3955200 ppou:3883 ttm ok 635137
INFO [551] [2023-10-26 00:20:58] dodgr_ttm called, FALSE, 59x4658
INFO [552] [2023-10-26 00:23:11] paquet:N2278400E3942400 ppou:16463 ttm ok 169937
INFO [552] [2023-10-26 00:23:11] dodgr_ttm called, FALSE, 214x5644
INFO [551] [2023-10-26 00:23:53] paquet:N2252800E3955200 ppou:4119 ttm ok 199628
INFO [551] [2023-10-26 00:23:53] dodgr_ttm called, FALSE, 244x3928
INFO [551] [2023-10-26 00:26:34] paquet:N2252800E3955200 ppou:4539 ttm ok 801643
INFO [551] [2023-10-26 00:26:34] dodgr_ttm called, FALSE, 92x3903
INFO [551] [2023-10-26 00:28:38] paquet:N2252800E3955200 ppou:4904 ttm ok 303860
INFO [551] [2023-10-26 00:28:38] dodgr_ttm called, FALSE, 352x4336
INFO [552] [2023-10-26 00:28:39] paquet:N2278400E3942400 ppou:17783 ttm ok 519680
INFO [552] [2023-10-26 00:28:39] dodgr_ttm called, FALSE, 110x2894
INFO [552] [2023-10-26 00:32:44] paquet:N2278400E3942400 ppou:18459 ttm ok 235933
INFO [552] [2023-10-26 00:32:44] dodgr_ttm called, FALSE, 692x5725
INFO [551] [2023-10-26 00:35:29] paquet:N2252800E3955200 ppou:6507 ttm ok 1036719
INFO [551] [2023-10-26 00:35:29] dodgr_ttm called, FALSE, 359x4807
INFO [551] [2023-10-26 00:43:20] paquet:N2252800E3955200 ppou:7583 ttm ok 1272453
SUCCESS [551] [2023-10-26 00:43:20] carreau:N2252800E3955200 8 ancres 8M@3.6kp/s demandees, 6.2M@2.7kp/s retenues
INFO [551] [2023-10-26 00:43:25] dodgr_ttm called, TRUE, 8x465
INFO [551] [2023-10-26 00:43:58] dodgr_ttm called, FALSE, 8x12829
INFO [552] [2023-10-26 00:46:27] paquet:N2278400E3942400 ppou:19022 ttm ok 1619646
INFO [552] [2023-10-26 00:46:27] dodgr_ttm called, FALSE, 84x2684
INFO [551] [2023-10-26 00:46:29] dodgr_ttm called, FALSE, 55x4207
INFO [552] [2023-10-26 00:49:25] paquet:N2278400E3942400 ppou:20807 ttm ok 154284
SUCCESS [552] [2023-10-26 00:49:26] carreau:N2278400E3942400 8 ancres 11.6M@3.5kp/s demandees, 5.8M@1.7kp/s retenues
INFO [552] [2023-10-26 00:49:30] dodgr_ttm called, TRUE, 8x599
INFO [551] [2023-10-26 00:49:30] paquet:N2252800E3929600 ppou:6909 ttm ok 203638
INFO [551] [2023-10-26 00:49:30] dodgr_ttm called, FALSE, 59x4492
INFO [552] [2023-10-26 00:50:01] dodgr_ttm called, FALSE, 8x12829
INFO [551] [2023-10-26 00:52:23] paquet:N2252800E3929600 ppou:6919 ttm ok 229175
INFO [551] [2023-10-26 00:52:23] dodgr_ttm called, FALSE, 219x4573
INFO [552] [2023-10-26 00:52:24] dodgr_ttm called, FALSE, 20x1780
INFO [552] [2023-10-26 00:54:15] paquet:N2278400E3955200 ppou:17404 ttm ok 32727
INFO [552] [2023-10-26 00:54:15] dodgr_ttm called, FALSE, 90x3126
INFO [551] [2023-10-26 00:57:39] paquet:N2252800E3929600 ppou:7278 ttm ok 627346
INFO [551] [2023-10-26 00:57:40] dodgr_ttm called, FALSE, 4x4023
INFO [552] [2023-10-26 00:57:54] paquet:N2278400E3955200 ppou:17406 ttm ok 152505
INFO [552] [2023-10-26 00:57:55] dodgr_ttm called, FALSE, 146x3356
INFO [551] [2023-10-26 00:59:28] paquet:N2252800E3929600 ppou:7723 ttm ok 15438
INFO [551] [2023-10-26 00:59:28] dodgr_ttm called, FALSE, 8x4073
INFO [551] [2023-10-26 01:01:16] paquet:N2252800E3929600 ppou:8082 ttm ok 31692
INFO [551] [2023-10-26 01:01:16] dodgr_ttm called, FALSE, 89x4541
INFO [552] [2023-10-26 01:02:19] paquet:N2278400E3955200 ppou:17543 ttm ok 292041
INFO [552] [2023-10-26 01:02:19] dodgr_ttm called, FALSE, 47x3956
INFO [551] [2023-10-26 01:04:47] paquet:N2252800E3929600 ppou:8263 ttm ok 269903
INFO [551] [2023-10-26 01:04:47] dodgr_ttm called, FALSE, 1x3413
INFO [552] [2023-10-26 01:05:10] paquet:N2278400E3955200 ppou:17914 ttm ok 98653
INFO [552] [2023-10-26 01:05:10] dodgr_ttm called, FALSE, 43x3021
INFO [551] [2023-10-26 01:06:31] paquet:N2252800E3929600 ppou:8264 ttm ok 3373
INFO [551] [2023-10-26 01:06:31] dodgr_ttm called, FALSE, 26x4485
INFO [552] [2023-10-26 01:07:29] paquet:N2278400E3955200 ppou:18956 ttm ok 81974
INFO [552] [2023-10-26 01:07:29] dodgr_ttm called, FALSE, 87x2560
INFO [551] [2023-10-26 01:08:46] paquet:N2252800E3929600 ppou:8272 ttm ok 104119
SUCCESS [551] [2023-10-26 01:08:46] carreau:N2252800E3929600 8 ancres 2.2M@1.4kp/s demandees, 1.5M@1kp/s retenues
INFO [551] [2023-10-26 01:08:50] dodgr_ttm called, TRUE, 8x369
INFO [551] [2023-10-26 01:09:21] dodgr_ttm called, FALSE, 8x12829
INFO [552] [2023-10-26 01:10:40] paquet:N2278400E3955200 ppou:19404 ttm ok 163371
INFO [552] [2023-10-26 01:10:40] dodgr_ttm called, FALSE, 110x2051
INFO [551] [2023-10-26 01:11:46] dodgr_ttm called, FALSE, 4x2038
INFO [551] [2023-10-26 01:13:20] paquet:N2252800E3968000 ppou:6899 ttm ok 5306
INFO [551] [2023-10-26 01:13:20] dodgr_ttm called, FALSE, 107x4329
INFO [552] [2023-10-26 01:14:22] paquet:N2278400E3955200 ppou:20965 ttm ok 124407
INFO [552] [2023-10-26 01:14:22] dodgr_ttm called, FALSE, 56x2147
INFO [552] [2023-10-26 01:16:46] paquet:N2278400E3955200 ppou:21039 ttm ok 94903
SUCCESS [552] [2023-10-26 01:16:46] carreau:N2278400E3955200 8 ancres 1.8M@1.1kp/s demandees, 1.1M@652.9p/s retenues
INFO [552] [2023-10-26 01:16:50] dodgr_ttm called, TRUE, 8x160
INFO [551] [2023-10-26 01:16:52] paquet:N2252800E3968000 ppou:6962 ttm ok 235276
INFO [551] [2023-10-26 01:16:52] dodgr_ttm called, FALSE, 47x5231
INFO [552] [2023-10-26 01:17:19] dodgr_ttm called, FALSE, 8x12829
INFO [552] [2023-10-26 01:19:39] dodgr_ttm called, FALSE, 24x2409
INFO [551] [2023-10-26 01:19:44] paquet:N2252800E3968000 ppou:6983 ttm ok 70441
INFO [551] [2023-10-26 01:19:45] dodgr_ttm called, FALSE, 83x3249
INFO [552] [2023-10-26 01:21:31] paquet:N2278400E3968000 ppou:15598 ttm ok 34787
INFO [552] [2023-10-26 01:21:31] dodgr_ttm called, FALSE, 25x2649
INFO [551] [2023-10-26 01:21:40] paquet:N2252800E3968000 ppou:7054 ttm ok 166472
INFO [551] [2023-10-26 01:21:40] dodgr_ttm called, FALSE, 40x2107
INFO [551] [2023-10-26 01:23:18] paquet:N2252800E3968000 ppou:7257 ttm ok 59914
INFO [551] [2023-10-26 01:23:18] dodgr_ttm called, FALSE, 42x2414
INFO [552] [2023-10-26 01:23:31] paquet:N2278400E3968000 ppou:15606 ttm ok 35891
INFO [552] [2023-10-26 01:23:31] dodgr_ttm called, FALSE, 1x983
INFO [551] [2023-10-26 01:24:55] paquet:N2252800E3968000 ppou:7343 ttm ok 68983
INFO [551] [2023-10-26 01:24:55] dodgr_ttm called, FALSE, 18x2007
INFO [552] [2023-10-26 01:24:56] paquet:N2278400E3968000 ppou:19949 ttm ok 850
INFO [552] [2023-10-26 01:24:56] dodgr_ttm called, FALSE, 18x1505
INFO [551] [2023-10-26 01:26:27] paquet:N2252800E3968000 ppou:7778 ttm ok 26964
INFO [551] [2023-10-26 01:26:27] dodgr_ttm called, FALSE, 28x1707
INFO [552] [2023-10-26 01:26:36] paquet:N2278400E3968000 ppou:20032 ttm ok 18585
INFO [552] [2023-10-26 01:26:36] dodgr_ttm called, FALSE, 36x1345
INFO [551] [2023-10-26 01:27:59] paquet:N2252800E3968000 ppou:7947 ttm ok 38185
SUCCESS [551] [2023-10-26 01:27:59] carreau:N2252800E3968000 8 ancres 1.4M@1.2kp/s demandees, 713.7k@621.1p/s retenues
INFO [551] [2023-10-26 01:28:02] dodgr_ttm called, TRUE, 8x573
INFO [551] [2023-10-26 01:28:32] dodgr_ttm called, FALSE, 8x12829
INFO [552] [2023-10-26 01:28:39] paquet:N2278400E3968000 ppou:20254 ttm ok 36786
INFO [552] [2023-10-26 01:28:39] dodgr_ttm called, FALSE, 4x1031
INFO [552] [2023-10-26 01:30:10] paquet:N2278400E3968000 ppou:20255 ttm ok 3971
INFO [552] [2023-10-26 01:30:10] dodgr_ttm called, FALSE, 27x1319
INFO [551] [2023-10-26 01:30:46] dodgr_ttm called, FALSE, 110x2669
INFO [552] [2023-10-26 01:32:03] paquet:N2278400E3968000 ppou:20485 ttm ok 28493
INFO [552] [2023-10-26 01:32:04] dodgr_ttm called, FALSE, 25x1367
INFO [552] [2023-10-26 01:33:40] paquet:N2278400E3968000 ppou:20490 ttm ok 21687
SUCCESS [552] [2023-10-26 01:33:40] carreau:N2278400E3968000 8 ancres 377.1k@373.4p/s demandees, 200k@198.1p/s retenues
INFO [552] [2023-10-26 01:33:43] dodgr_ttm called, TRUE, 8x47
INFO [552] [2023-10-26 01:34:15] dodgr_ttm called, FALSE, 8x12829
INFO [551] [2023-10-26 01:34:17] paquet:N2252800E3916800 ppou:5375 ttm ok 178551
INFO [551] [2023-10-26 01:34:17] dodgr_ttm called, FALSE, 50x1092
INFO [552] [2023-10-26 01:36:34] dodgr_ttm called, FALSE, 8x2455
INFO [551] [2023-10-26 01:36:37] paquet:N2252800E3916800 ppou:5869 ttm ok 43209
INFO [551] [2023-10-26 01:36:37] dodgr_ttm called, FALSE, 63x1738
INFO [552] [2023-10-26 01:38:16] paquet:N2291200E3904000 ppou:22812 ttm ok 11380
INFO [552] [2023-10-26 01:38:16] dodgr_ttm called, FALSE, 7x2442
INFO [551] [2023-10-26 01:39:03] paquet:N2252800E3916800 ppou:6215 ttm ok 79845
INFO [551] [2023-10-26 01:39:03] dodgr_ttm called, FALSE, 57x1177
INFO [552] [2023-10-26 01:39:58] paquet:N2291200E3904000 ppou:22915 ttm ok 9922
INFO [552] [2023-10-26 01:39:58] dodgr_ttm called, FALSE, 11x3211
INFO [551] [2023-10-26 01:41:27] paquet:N2252800E3916800 ppou:6435 ttm ok 55547
INFO [551] [2023-10-26 01:41:27] dodgr_ttm called, FALSE, 113x1710
INFO [552] [2023-10-26 01:41:47] paquet:N2291200E3904000 ppou:23019 ttm ok 16395
INFO [552] [2023-10-26 01:41:47] dodgr_ttm called, FALSE, 3x1498
INFO [552] [2023-10-26 01:43:27] paquet:N2291200E3904000 ppou:23430 ttm ok 4182
INFO [552] [2023-10-26 01:43:27] dodgr_ttm called, FALSE, 5x1427
INFO [551] [2023-10-26 01:44:35] paquet:N2252800E3916800 ppou:6436 ttm ok 137631
INFO [551] [2023-10-26 01:44:35] dodgr_ttm called, FALSE, 140x1329
INFO [552] [2023-10-26 01:45:04] paquet:N2291200E3904000 ppou:23530 ttm ok 6884
INFO [552] [2023-10-26 01:45:04] dodgr_ttm called, FALSE, 5x2213
INFO [552] [2023-10-26 01:46:47] paquet:N2291200E3904000 ppou:24618 ttm ok 9026
INFO [552] [2023-10-26 01:46:47] dodgr_ttm called, FALSE, 8x1885
INFO [551] [2023-10-26 01:47:59] paquet:N2252800E3916800 ppou:7868 ttm ok 151864
INFO [551] [2023-10-26 01:47:59] dodgr_ttm called, FALSE, 29x2945
INFO [552] [2023-10-26 01:48:28] paquet:N2291200E3904000 ppou:24666 ttm ok 14130
SUCCESS [552] [2023-10-26 01:48:28] carreau:N2291200E3904000 7 ancres 212.5k@239.9p/s demandees, 98.8k@111.6p/s retenues
INFO [552] [2023-10-26 01:48:32] dodgr_ttm called, TRUE, 8x1385
INFO [552] [2023-10-26 01:49:04] dodgr_ttm called, FALSE, 8x12829
INFO [551] [2023-10-26 01:50:00] paquet:N2252800E3916800 ppou:7977 ttm ok 74090
INFO [551] [2023-10-26 01:50:00] dodgr_ttm called, FALSE, 11x3559
INFO [552] [2023-10-26 01:51:25] dodgr_ttm called, FALSE, 41x2762
INFO [551] [2023-10-26 01:51:47] paquet:N2252800E3916800 ppou:8236 ttm ok 25238
SUCCESS [551] [2023-10-26 01:51:48] carreau:N2252800E3916800 8 ancres 1.1M@793.8p/s demandees, 765.3k@537p/s retenues
INFO [551] [2023-10-26 01:51:51] dodgr_ttm called, TRUE, 1x6
INFO [551] [2023-10-26 01:52:17] dodgr_ttm called, FALSE, 1x12829
INFO [552] [2023-10-26 01:53:42] paquet:N2291200E3916800 ppou:21456 ttm ok 84591
INFO [552] [2023-10-26 01:53:42] dodgr_ttm called, FALSE, 317x3864
INFO [551] [2023-10-26 01:54:32] dodgr_ttm called, FALSE, 4x1153
INFO [551] [2023-10-26 01:56:08] paquet:N2252800E3904000 ppou:7866 ttm ok 3759
SUCCESS [551] [2023-10-26 01:56:08] carreau:N2252800E3904000 1 ancres 17.4k@68p/s demandees, 5k@19.3p/s retenues
INFO [551] [2023-10-26 01:56:11] dodgr_ttm called, FALSE, 1x12819
SUCCESS [551] [2023-10-26 01:58:32] carreau:N2252800E3891200 0 ancres 12.8k@90.7p/s demandees, 54@381.9mp/s retenues
INFO [551] [2023-10-26 01:58:35] dodgr_ttm called, TRUE, 8x637
INFO [551] [2023-10-26 01:59:06] dodgr_ttm called, FALSE, 8x12829
INFO [552] [2023-10-26 02:00:22] paquet:N2291200E3916800 ppou:21821 ttm ok 543272
INFO [552] [2023-10-26 02:00:22] dodgr_ttm called, FALSE, 167x2947
INFO [551] [2023-10-26 02:01:32] dodgr_ttm called, FALSE, 45x1485
INFO [551] [2023-10-26 02:03:51] paquet:N2265600E3916800 ppou:8636 ttm ok 54019
INFO [551] [2023-10-26 02:03:51] dodgr_ttm called, FALSE, 108x2923
INFO [552] [2023-10-26 02:04:58] paquet:N2291200E3916800 ppou:21947 ttm ok 313063
INFO [552] [2023-10-26 02:04:58] dodgr_ttm called, FALSE, 205x2818
INFO [551] [2023-10-26 02:07:25] paquet:N2265600E3916800 ppou:8731 ttm ok 241368
INFO [551] [2023-10-26 02:07:25] dodgr_ttm called, FALSE, 34x2450
INFO [551] [2023-10-26 02:09:38] paquet:N2265600E3916800 ppou:9058 ttm ok 56606
INFO [551] [2023-10-26 02:09:38] dodgr_ttm called, FALSE, 21x2381
INFO [552] [2023-10-26 02:09:53] paquet:N2291200E3916800 ppou:22936 ttm ok 375074
INFO [552] [2023-10-26 02:09:53] dodgr_ttm called, FALSE, 197x3418
INFO [551] [2023-10-26 02:11:34] paquet:N2265600E3916800 ppou:9191 ttm ok 33232
INFO [551] [2023-10-26 02:11:34] dodgr_ttm called, FALSE, 149x1717
INFO [552] [2023-10-26 02:14:41] paquet:N2291200E3916800 ppou:23634 ttm ok 365296
INFO [552] [2023-10-26 02:14:41] dodgr_ttm called, FALSE, 49x2506
INFO [551] [2023-10-26 02:15:33] paquet:N2265600E3916800 ppou:10931 ttm ok 191782
INFO [551] [2023-10-26 02:15:33] dodgr_ttm called, FALSE, 144x2163
INFO [552] [2023-10-26 02:17:09] paquet:N2291200E3916800 ppou:24464 ttm ok 88395
INFO [552] [2023-10-26 02:17:09] dodgr_ttm called, FALSE, 256x3104
INFO [551] [2023-10-26 02:19:11] paquet:N2265600E3916800 ppou:11361 ttm ok 180826
INFO [551] [2023-10-26 02:19:11] dodgr_ttm called, FALSE, 52x1997
INFO [551] [2023-10-26 02:21:50] paquet:N2265600E3916800 ppou:11655 ttm ok 64915
INFO [551] [2023-10-26 02:21:50] dodgr_ttm called, FALSE, 84x2730
INFO [552] [2023-10-26 02:22:25] paquet:N2291200E3916800 ppou:24751 ttm ok 492371
INFO [552] [2023-10-26 02:22:25] dodgr_ttm called, FALSE, 149x2850
INFO [551] [2023-10-26 02:24:45] paquet:N2265600E3916800 ppou:14790 ttm ok 183200
SUCCESS [551] [2023-10-26 02:24:46] carreau:N2265600E3916800 8 ancres 1.5M@967p/s demandees, 1M@655p/s retenues
INFO [551] [2023-10-26 02:24:50] dodgr_ttm called, TRUE, 8x1306
INFO [551] [2023-10-26 02:25:21] dodgr_ttm called, FALSE, 8x12829
INFO [552] [2023-10-26 02:26:32] paquet:N2291200E3916800 ppou:25152 ttm ok 284038
SUCCESS [552] [2023-10-26 02:26:33] carreau:N2291200E3916800 8 ancres 4.5M@2kp/s demandees, 2.6M@1.1kp/s retenues
INFO [552] [2023-10-26 02:26:37] dodgr_ttm called, TRUE, 8x1203
INFO [552] [2023-10-26 02:27:08] dodgr_ttm called, FALSE, 8x12829
INFO [551] [2023-10-26 02:27:43] dodgr_ttm called, FALSE, 116x4150
INFO [552] [2023-10-26 02:29:30] dodgr_ttm called, FALSE, 149x3216
INFO [551] [2023-10-26 02:31:24] paquet:N2265600E3929600 ppou:8506 ttm ok 432311
INFO [551] [2023-10-26 02:31:24] dodgr_ttm called, FALSE, 111x4689
INFO [552] [2023-10-26 02:33:42] paquet:N2291200E3929600 ppou:22176 ttm ok 284662
INFO [552] [2023-10-26 02:33:42] dodgr_ttm called, FALSE, 427x4148
INFO [551] [2023-10-26 02:35:24] paquet:N2265600E3929600 ppou:9223 ttm ok 443726
INFO [551] [2023-10-26 02:35:24] dodgr_ttm called, FALSE, 211x4690
INFO [551] [2023-10-26 02:40:33] paquet:N2265600E3929600 ppou:9330 ttm ok 636198
INFO [551] [2023-10-26 02:40:33] dodgr_ttm called, FALSE, 161x5463
INFO [552] [2023-10-26 02:42:28] paquet:N2291200E3929600 ppou:22484 ttm ok 948309
INFO [552] [2023-10-26 02:42:28] dodgr_ttm called, FALSE, 47x2631
INFO [551] [2023-10-26 02:44:58] paquet:N2265600E3929600 ppou:9482 ttm ok 657221
INFO [551] [2023-10-26 02:44:58] dodgr_ttm called, FALSE, 164x4737
INFO [552] [2023-10-26 02:45:16] paquet:N2291200E3929600 ppou:23371 ttm ok 99467
INFO [552] [2023-10-26 02:45:16] dodgr_ttm called, FALSE, 94x3102
INFO [552] [2023-10-26 02:48:43] paquet:N2291200E3929600 ppou:23983 ttm ok 199875
INFO [552] [2023-10-26 02:48:43] dodgr_ttm called, FALSE, 182x2955
INFO [551] [2023-10-26 02:49:25] paquet:N2265600E3929600 ppou:9730 ttm ok 641363
INFO [551] [2023-10-26 02:49:25] dodgr_ttm called, FALSE, 177x4785
INFO [552] [2023-10-26 02:53:21] paquet:N2291200E3929600 ppou:25115 ttm ok 332456
INFO [552] [2023-10-26 02:53:22] dodgr_ttm called, FALSE, 27x2083
INFO [551] [2023-10-26 02:54:02] paquet:N2265600E3929600 ppou:9844 ttm ok 569903
INFO [551] [2023-10-26 02:54:02] dodgr_ttm called, FALSE, 81x4981
INFO [552] [2023-10-26 02:55:17] paquet:N2291200E3929600 ppou:25483 ttm ok 50755
INFO [552] [2023-10-26 02:55:17] dodgr_ttm called, FALSE, 33x2113
INFO [551] [2023-10-26 02:57:14] paquet:N2265600E3929600 ppou:11665 ttm ok 299304
INFO [551] [2023-10-26 02:57:14] dodgr_ttm called, FALSE, 284x5481
INFO [552] [2023-10-26 02:57:22] paquet:N2291200E3929600 ppou:25520 ttm ok 60478
INFO [552] [2023-10-26 02:57:22] dodgr_ttm called, FALSE, 243x3906
INFO [552] [2023-10-26 03:03:32] paquet:N2291200E3929600 ppou:25532 ttm ok 429209
SUCCESS [552] [2023-10-26 03:03:32] carreau:N2291200E3929600 8 ancres 4.4M@2kp/s demandees, 2.4M@1.1kp/s retenues
INFO [552] [2023-10-26 03:03:36] dodgr_ttm called, TRUE, 8x790
INFO [551] [2023-10-26 03:03:49] paquet:N2265600E3929600 ppou:13089 ttm ok 858435
SUCCESS [551] [2023-10-26 03:03:50] carreau:N2265600E3929600 8 ancres 6.6M@2.8kp/s demandees, 4.6M@2kp/s retenues
INFO [551] [2023-10-26 03:03:54] dodgr_ttm called, TRUE, 8x2110
INFO [552] [2023-10-26 03:04:07] dodgr_ttm called, FALSE, 8x12829
INFO [551] [2023-10-26 03:04:27] dodgr_ttm called, FALSE, 8x12829
INFO [552] [2023-10-26 03:06:30] dodgr_ttm called, FALSE, 72x2895
INFO [551] [2023-10-26 03:06:45] dodgr_ttm called, FALSE, 688x5725
INFO [552] [2023-10-26 03:09:20] paquet:N2291200E3942400 ppou:22293 ttm ok 148550
INFO [552] [2023-10-26 03:09:20] dodgr_ttm called, FALSE, 162x3272
INFO [552] [2023-10-26 03:14:01] paquet:N2291200E3942400 ppou:23090 ttm ok 335301
INFO [552] [2023-10-26 03:14:01] dodgr_ttm called, FALSE, 263x3458
INFO [551] [2023-10-26 03:18:18] paquet:N2265600E3942400 ppou:10201 ttm ok 2814551
INFO [551] [2023-10-26 03:18:18] dodgr_ttm called, FALSE, 99x4336
INFO [552] [2023-10-26 03:20:36] paquet:N2291200E3942400 ppou:23116 ttm ok 443414
INFO [552] [2023-10-26 03:20:36] dodgr_ttm called, FALSE, 82x2756
INFO [551] [2023-10-26 03:21:38] paquet:N2265600E3942400 ppou:11570 ttm ok 377792
INFO [551] [2023-10-26 03:21:38] dodgr_ttm called, FALSE, 59x4031
INFO [552] [2023-10-26 03:23:58] paquet:N2291200E3942400 ppou:23312 ttm ok 156149
INFO [552] [2023-10-26 03:23:58] dodgr_ttm called, FALSE, 82x2751
INFO [551] [2023-10-26 03:24:21] paquet:N2265600E3942400 ppou:12349 ttm ok 217441
INFO [551] [2023-10-26 03:24:21] dodgr_ttm called, FALSE, 157x4557
INFO [552] [2023-10-26 03:27:19] paquet:N2291200E3942400 ppou:23818 ttm ok 160026
INFO [552] [2023-10-26 03:27:19] dodgr_ttm called, FALSE, 77x2266
INFO [551] [2023-10-26 03:28:40] paquet:N2265600E3942400 ppou:13315 ttm ok 500348
INFO [551] [2023-10-26 03:28:40] dodgr_ttm called, FALSE, 246x4797
INFO [552] [2023-10-26 03:30:13] paquet:N2291200E3942400 ppou:24532 ttm ok 147761
INFO [552] [2023-10-26 03:30:13] dodgr_ttm called, FALSE, 33x2818
INFO [552] [2023-10-26 03:32:25] paquet:N2291200E3942400 ppou:25080 ttm ok 58138
INFO [552] [2023-10-26 03:32:25] dodgr_ttm called, FALSE, 17x2097
INFO [551] [2023-10-26 03:34:13] paquet:N2265600E3942400 ppou:13618 ttm ok 854076
INFO [551] [2023-10-26 03:34:13] dodgr_ttm called, FALSE, 582x5652
INFO [552] [2023-10-26 03:34:22] paquet:N2291200E3942400 ppou:25236 ttm ok 29400
SUCCESS [552] [2023-10-26 03:34:22] carreau:N2291200E3942400 8 ancres 2.5M@1.4kp/s demandees, 1.5M@818.1p/s retenues
INFO [552] [2023-10-26 03:34:25] dodgr_ttm called, TRUE, 8x808
INFO [552] [2023-10-26 03:34:58] dodgr_ttm called, FALSE, 8x12829
INFO [552] [2023-10-26 03:37:31] dodgr_ttm called, FALSE, 57x1851
INFO [552] [2023-10-26 03:40:07] paquet:N2291200E3955200 ppou:21390 ttm ok 93546
INFO [552] [2023-10-26 03:40:07] dodgr_ttm called, FALSE, 55x1810
INFO [552] [2023-10-26 03:43:09] paquet:N2291200E3955200 ppou:21400 ttm ok 85026
INFO [552] [2023-10-26 03:43:09] dodgr_ttm called, FALSE, 100x1665
INFO [551] [2023-10-26 03:44:55] paquet:N2265600E3942400 ppou:14427 ttm ok 2181339
INFO [551] [2023-10-26 03:44:55] dodgr_ttm called, FALSE, 109x4965
INFO [552] [2023-10-26 03:46:33] paquet:N2291200E3955200 ppou:21502 ttm ok 131579
INFO [552] [2023-10-26 03:46:33] dodgr_ttm called, FALSE, 28x1483
INFO [552] [2023-10-26 03:48:33] paquet:N2291200E3955200 ppou:21592 ttm ok 32519
INFO [552] [2023-10-26 03:48:33] dodgr_ttm called, FALSE, 46x1555
INFO [551] [2023-10-26 03:48:37] paquet:N2265600E3942400 ppou:14900 ttm ok 348096
INFO [551] [2023-10-26 03:48:37] dodgr_ttm called, FALSE, 164x4406
INFO [552] [2023-10-26 03:51:13] paquet:N2291200E3955200 ppou:22024 ttm ok 54005
INFO [552] [2023-10-26 03:51:13] dodgr_ttm called, FALSE, 66x2128
INFO [551] [2023-10-26 03:53:02] paquet:N2265600E3942400 ppou:15161 ttm ok 471905
SUCCESS [551] [2023-10-26 03:53:03] carreau:N2265600E3942400 8 ancres 11.2M@3.8kp/s demandees, 7.8M@2.6kp/s retenues
INFO [551] [2023-10-26 03:53:08] dodgr_ttm called, TRUE, 8x1710
INFO [551] [2023-10-26 03:53:39] dodgr_ttm called, FALSE, 8x12829
INFO [552] [2023-10-26 03:54:03] paquet:N2291200E3955200 ppou:22806 ttm ok 94685
INFO [552] [2023-10-26 03:54:03] dodgr_ttm called, FALSE, 340x2533
INFO [551] [2023-10-26 03:56:05] dodgr_ttm called, FALSE, 134x4393
INFO [551] [2023-10-26 03:59:59] paquet:N2265600E3955200 ppou:9288 ttm ok 352587
INFO [551] [2023-10-26 03:59:59] dodgr_ttm called, FALSE, 44x4246
INFO [552] [2023-10-26 04:01:23] paquet:N2291200E3955200 ppou:24387 ttm ok 432126
INFO [552] [2023-10-26 04:01:23] dodgr_ttm called, FALSE, 114x1815
INFO [551] [2023-10-26 04:02:32] paquet:N2265600E3955200 ppou:9659 ttm ok 159088
INFO [551] [2023-10-26 04:02:32] dodgr_ttm called, FALSE, 317x4551
INFO [552] [2023-10-26 04:04:53] paquet:N2291200E3955200 ppou:24660 ttm ok 143519
SUCCESS [552] [2023-10-26 04:04:54] carreau:N2291200E3955200 8 ancres 1.8M@982.4p/s demandees, 1.1M@595.6p/s retenues
INFO [552] [2023-10-26 04:04:57] dodgr_ttm called, TRUE, 8x107
INFO [552] [2023-10-26 04:05:27] dodgr_ttm called, FALSE, 8x12829
INFO [552] [2023-10-26 04:07:56] dodgr_ttm called, FALSE, 3x986
INFO [551] [2023-10-26 04:09:04] paquet:N2265600E3955200 ppou:10381 ttm ok 1207951
INFO [551] [2023-10-26 04:09:04] dodgr_ttm called, FALSE, 368x4557
INFO [552] [2023-10-26 04:09:31] paquet:N2291200E3968000 ppou:21324 ttm ok 2390
INFO [552] [2023-10-26 04:09:31] dodgr_ttm called, FALSE, 9x1419
INFO [552] [2023-10-26 04:11:16] paquet:N2291200E3968000 ppou:21598 ttm ok 9994
INFO [552] [2023-10-26 04:11:16] dodgr_ttm called, FALSE, 16x1249
INFO [552] [2023-10-26 04:12:53] paquet:N2291200E3968000 ppou:21603 ttm ok 13726
INFO [552] [2023-10-26 04:12:54] dodgr_ttm called, FALSE, 8x1252
INFO [552] [2023-10-26 04:14:27] paquet:N2291200E3968000 ppou:21700 ttm ok 5762
INFO [552] [2023-10-26 04:14:27] dodgr_ttm called, FALSE, 12x1067
INFO [551] [2023-10-26 04:15:36] paquet:N2265600E3955200 ppou:11586 ttm ok 1011973
INFO [551] [2023-10-26 04:15:36] dodgr_ttm called, FALSE, 98x4311
INFO [552] [2023-10-26 04:16:03] paquet:N2291200E3968000 ppou:21918 ttm ok 8569
INFO [552] [2023-10-26 04:16:03] dodgr_ttm called, FALSE, 7x1231
INFO [552] [2023-10-26 04:17:37] paquet:N2291200E3968000 ppou:22314 ttm ok 5227
INFO [552] [2023-10-26 04:17:37] dodgr_ttm called, FALSE, 16x998
INFO [551] [2023-10-26 04:18:40] paquet:N2265600E3955200 ppou:11722 ttm ok 297201
INFO [551] [2023-10-26 04:18:40] dodgr_ttm called, FALSE, 31x4384
INFO [552] [2023-10-26 04:19:10] paquet:N2291200E3968000 ppou:23227 ttm ok 11425
INFO [552] [2023-10-26 04:19:10] dodgr_ttm called, FALSE, 35x859
INFO [552] [2023-10-26 04:20:44] paquet:N2291200E3968000 ppou:23969 ttm ok 23374
SUCCESS [552] [2023-10-26 04:20:44] carreau:N2291200E3968000 8 ancres 215.8k@227.9p/s demandees, 92k@97.2p/s retenues
INFO [552] [2023-10-26 04:20:47] dodgr_ttm called, TRUE, 8x313
INFO [551] [2023-10-26 04:20:59] paquet:N2265600E3955200 ppou:11852 ttm ok 112783
INFO [551] [2023-10-26 04:20:59] dodgr_ttm called, FALSE, 378x4850
INFO [552] [2023-10-26 04:21:18] dodgr_ttm called, FALSE, 8x12829
INFO [552] [2023-10-26 04:23:51] dodgr_ttm called, FALSE, 24x2359
INFO [552] [2023-10-26 04:25:51] paquet:N2304000E3916800 ppou:25730 ttm ok 49377
INFO [552] [2023-10-26 04:25:51] dodgr_ttm called, FALSE, 53x2402
INFO [551] [2023-10-26 04:28:30] paquet:N2265600E3955200 ppou:13630 ttm ok 1000902
INFO [551] [2023-10-26 04:28:30] dodgr_ttm called, FALSE, 336x3460
INFO [552] [2023-10-26 04:28:40] paquet:N2304000E3916800 ppou:25740 ttm ok 97357
INFO [552] [2023-10-26 04:28:40] dodgr_ttm called, FALSE, 18x2263
INFO [552] [2023-10-26 04:30:35] paquet:N2304000E3916800 ppou:25750 ttm ok 38495
INFO [552] [2023-10-26 04:30:35] dodgr_ttm called, FALSE, 9x2364
INFO [552] [2023-10-26 04:32:26] paquet:N2304000E3916800 ppou:25772 ttm ok 18953
INFO [552] [2023-10-26 04:32:26] dodgr_ttm called, FALSE, 67x2533
INFO [551] [2023-10-26 04:34:40] paquet:N2265600E3955200 ppou:14296 ttm ok 659193
SUCCESS [551] [2023-10-26 04:34:40] carreau:N2265600E3955200 8 ancres 7.6M@3kp/s demandees, 4.8M@1.9kp/s retenues
INFO [551] [2023-10-26 04:34:45] dodgr_ttm called, TRUE, 8x561
INFO [551] [2023-10-26 04:35:15] dodgr_ttm called, FALSE, 8x12829
INFO [552] [2023-10-26 04:35:25] paquet:N2304000E3916800 ppou:25835 ttm ok 138429
INFO [552] [2023-10-26 04:35:25] dodgr_ttm called, FALSE, 94x3699
INFO [551] [2023-10-26 04:37:37] dodgr_ttm called, FALSE, 20x2263
INFO [552] [2023-10-26 04:38:43] paquet:N2304000E3916800 ppou:25859 ttm ok 202930
INFO [552] [2023-10-26 04:38:43] dodgr_ttm called, FALSE, 31x2556
INFO [551] [2023-10-26 04:39:24] paquet:N2265600E3968000 ppou:9161 ttm ok 32580
INFO [551] [2023-10-26 04:39:24] dodgr_ttm called, FALSE, 26x1807
INFO [552] [2023-10-26 04:40:55] paquet:N2304000E3916800 ppou:25932 ttm ok 65773
INFO [552] [2023-10-26 04:40:55] dodgr_ttm called, FALSE, 15x2443
INFO [551] [2023-10-26 04:40:59] paquet:N2265600E3968000 ppou:9551 ttm ok 40090
INFO [551] [2023-10-26 04:40:59] dodgr_ttm called, FALSE, 69x2221
INFO [552] [2023-10-26 04:42:45] paquet:N2304000E3916800 ppou:25990 ttm ok 32893
SUCCESS [552] [2023-10-26 04:42:45] carreau:N2304000E3916800 8 ancres 981.9k@745.2p/s demandees, 674.3k@511.7p/s retenues
INFO [552] [2023-10-26 04:42:48] dodgr_ttm called, TRUE, 8x44
INFO [552] [2023-10-26 04:43:18] dodgr_ttm called, FALSE, 8x12829
INFO [551] [2023-10-26 04:44:01] paquet:N2265600E3968000 ppou:9802 ttm ok 109475
INFO [551] [2023-10-26 04:44:01] dodgr_ttm called, FALSE, 14x1722
INFO [551] [2023-10-26 04:45:34] paquet:N2265600E3968000 ppou:10088 ttm ok 20379
INFO [551] [2023-10-26 04:45:34] dodgr_ttm called, FALSE, 83x1831
INFO [552] [2023-10-26 04:45:35] dodgr_ttm called, FALSE, 1x1815
INFO [552] [2023-10-26 04:47:11] paquet:N2304000E3929600 ppou:25645 ttm ok 1768
INFO [552] [2023-10-26 04:47:11] dodgr_ttm called, FALSE, 5x2044
INFO [551] [2023-10-26 04:48:44] paquet:N2265600E3968000 ppou:10248 ttm ok 111904
INFO [551] [2023-10-26 04:48:44] dodgr_ttm called, FALSE, 96x2661
INFO [552] [2023-10-26 04:48:48] paquet:N2304000E3929600 ppou:25646 ttm ok 9216
INFO [552] [2023-10-26 04:48:48] dodgr_ttm called, FALSE, 3x2319
INFO [552] [2023-10-26 04:50:31] paquet:N2304000E3929600 ppou:25654 ttm ok 5185
INFO [552] [2023-10-26 04:50:31] dodgr_ttm called, FALSE, 16x2088
INFO [551] [2023-10-26 04:51:34] paquet:N2265600E3968000 ppou:11621 ttm ok 169547
INFO [551] [2023-10-26 04:51:34] dodgr_ttm called, FALSE, 253x3129
INFO [552] [2023-10-26 04:52:20] paquet:N2304000E3929600 ppou:25661 ttm ok 27080
INFO [552] [2023-10-26 04:52:20] dodgr_ttm called, FALSE, 7x1974
INFO [552] [2023-10-26 04:54:02] paquet:N2304000E3929600 ppou:25684 ttm ok 13304
INFO [552] [2023-10-26 04:54:02] dodgr_ttm called, FALSE, 4x1956
INFO [552] [2023-10-26 04:55:43] paquet:N2304000E3929600 ppou:25689 ttm ok 7579
INFO [552] [2023-10-26 04:55:43] dodgr_ttm called, FALSE, 2x1787
INFO [551] [2023-10-26 04:56:56] paquet:N2265600E3968000 ppou:12158 ttm ok 365396
SUCCESS [551] [2023-10-26 04:56:56] carreau:N2265600E3968000 7 ancres 1.6M@1.2kp/s demandees, 878k@659.3p/s retenues
INFO [552] [2023-10-26 04:57:22] paquet:N2304000E3929600 ppou:25715 ttm ok 3573
INFO [552] [2023-10-26 04:57:22] dodgr_ttm called, FALSE, 6x1838
INFO [552] [2023-10-26 04:58:48] paquet:N2304000E3929600 ppou:25721 ttm ok 9967
SUCCESS [552] [2023-10-26 04:58:48] carreau:N2304000E3929600 8 ancres 191.3k@199.2p/s demandees, 96.5k@100.5p/s retenues
SUCCESS [2023-10-26 04:59:20] 
