SUCCESS [2023-10-23 19:20:18] Calcul accessibilite version 2
SUCCESS [2023-10-23 19:20:18] $type
SUCCESS [2023-10-23 19:20:18] [1] "dodgr"
SUCCESS [2023-10-23 19:20:18] 
SUCCESS [2023-10-23 19:20:18] $path
SUCCESS [2023-10-23 19:20:18] /space_mounts/data/marseille//dodgr/
SUCCESS [2023-10-23 19:20:18] FALSE
SUCCESS [2023-10-23 19:20:18] 
SUCCESS [2023-10-23 19:20:18] $graph
SUCCESS [2023-10-23 19:20:18] NULL
SUCCESS [2023-10-23 19:20:18] 
SUCCESS [2023-10-23 19:20:18] $vertices
SUCCESS [2023-10-23 19:20:18] NULL
SUCCESS [2023-10-23 19:20:18] 
SUCCESS [2023-10-23 19:20:18] $distances
SUCCESS [2023-10-23 19:20:18] [1] TRUE
SUCCESS [2023-10-23 19:20:18] 
SUCCESS [2023-10-23 19:20:18] $denivele
SUCCESS [2023-10-23 19:20:18] [1] FALSE
SUCCESS [2023-10-23 19:20:18] 
SUCCESS [2023-10-23 19:20:18] $pkg
SUCCESS [2023-10-23 19:20:18] [1] "dodgr"
SUCCESS [2023-10-23 19:20:18] 
SUCCESS [2023-10-23 19:20:18] $turn_penalty
SUCCESS [2023-10-23 19:20:18] [1] FALSE
SUCCESS [2023-10-23 19:20:18] 
SUCCESS [2023-10-23 19:20:18] $graph_name
SUCCESS [2023-10-23 19:20:18] /space_mounts/data/marseille//dodgr//marseille.foot.dodgrnet
SUCCESS [2023-10-23 19:20:18] FALSE
SUCCESS [2023-10-23 19:20:18] 
SUCCESS [2023-10-23 19:20:18] $string
SUCCESS [2023-10-23 19:20:18] dodgr routing foot sur /space_mounts/data/marseille//dodgr/ a 2023-10-23 19:20:02.622811
SUCCESS [2023-10-23 19:20:18] FALSE
SUCCESS [2023-10-23 19:20:18] 
SUCCESS [2023-10-23 19:20:18] $departure_datetime
SUCCESS [2023-10-23 19:20:18] [1] "2019-12-17 08:00:00 UTC"
SUCCESS [2023-10-23 19:20:18] 
SUCCESS [2023-10-23 19:20:18] $mode
SUCCESS [2023-10-23 19:20:18] [1] "foot"
SUCCESS [2023-10-23 19:20:18] 
SUCCESS [2023-10-23 19:20:18] $n_threads
SUCCESS [2023-10-23 19:20:18] [1] 8
SUCCESS [2023-10-23 19:20:18] 
SUCCESS [2023-10-23 19:20:18] $future
SUCCESS [2023-10-23 19:20:18] [1] TRUE
SUCCESS [2023-10-23 19:20:18] 
SUCCESS [2023-10-23 19:20:18] $future_routing
SUCCESS [2023-10-23 19:20:18] function(routing) {
SUCCESS [2023-10-23 19:20:18]       rout <- routing
SUCCESS [2023-10-23 19:20:18]       rout$graph <- NULL
SUCCESS [2023-10-23 19:20:18]       # rout$graph.dt <- NULL
SUCCESS [2023-10-23 19:20:18]       rout$vertices <- NULL
SUCCESS [2023-10-23 19:20:18]       rout$elevation_data <- NULL
SUCCESS [2023-10-23 19:20:18]       return(rout)
SUCCESS [2023-10-23 19:20:18]     }
SUCCESS [2023-10-23 19:20:18] <environment: 0x55f0f816c5f0>
SUCCESS [2023-10-23 19:20:18] 
SUCCESS [2023-10-23 19:20:18] $core_init
SUCCESS [2023-10-23 19:20:18] function(routing){
SUCCESS [2023-10-23 19:20:18]       RcppParallel::setThreadOptions(numThreads = routing$n_threads)
SUCCESS [2023-10-23 19:20:18]       rout <- routing
SUCCESS [2023-10-23 19:20:18]       net <- dgr_load_streetnet(routing$graph_name)
SUCCESS [2023-10-23 19:20:18]       rout$graph <- net$graph
SUCCESS [2023-10-23 19:20:18]       rout$vertices <- net$verts_c
SUCCESS [2023-10-23 19:20:18]       if("dz"%in% names(rout$graph))
SUCCESS [2023-10-23 19:20:18]         rout$graph$dzplus <- rout$graph$dz * rout$graph$d * (rout$graph$dz >0)
SUCCESS [2023-10-23 19:20:18]       logger::log_info("router {graph_name} chargé")
SUCCESS [2023-10-23 19:20:18]       return(rout)
SUCCESS [2023-10-23 19:20:18]     }
SUCCESS [2023-10-23 19:20:18] <environment: 0x55f0f816c5f0>
SUCCESS [2023-10-23 19:20:18] 
SUCCESS [2023-10-23 19:20:18] 
SUCCESS [2023-10-23 19:20:18] tmax:120
SUCCESS [2023-10-23 19:20:18] pdt:1
SUCCESS [2023-10-23 19:20:18] chunk:20M
SUCCESS [2023-10-23 19:20:18] resolution:200
SUCCESS [2023-10-23 19:20:18] out:200
SUCCESS [2023-10-23 19:20:18] les variables sont emplois
SUCCESS [2023-10-23 19:20:19] taille:333.6M gr:17 res_gr:12800
SUCCESS [2023-10-23 19:20:19] 26k ou, 12.8k quoi
SUCCESS [2023-10-23 19:20:19] 33 carreaux, 8 subsampling
SUCCESS [2023-10-23 19:20:19] future:TRUE, 4 workers
INFO [4311] [2023-10-23 19:31:00] router /space_mounts/data/marseille//dodgr//marseille.foot.dodgrnet chargé
INFO [4311] [2023-10-23 19:31:05] dodgr_ttm called, TRUE, 7x21
INFO [4311] [2023-10-23 19:32:12] dodgr_ttm called, FALSE, 7x12829
INFO [4313] [2023-10-23 19:33:25] router /space_mounts/data/marseille//dodgr//marseille.foot.dodgrnet chargé
INFO [4313] [2023-10-23 19:33:30] dodgr_ttm called, TRUE, 8x573
INFO [4313] [2023-10-23 19:34:46] dodgr_ttm called, FALSE, 8x12829
INFO [4311] [2023-10-23 19:34:52] dodgr_ttm called, FALSE, 3x164
INFO [4314] [2023-10-23 19:35:42] router /space_mounts/data/marseille//dodgr//marseille.foot.dodgrnet chargé
INFO [4314] [2023-10-23 19:35:47] dodgr_ttm called, TRUE, 8x500
INFO [4311] [2023-10-23 19:36:31] paquet:N2227200E3955200 ppou:3 ttm ok 478
INFO [4311] [2023-10-23 19:36:31] dodgr_ttm called, FALSE, 4x169
INFO [4314] [2023-10-23 19:37:02] dodgr_ttm called, FALSE, 8x12829
INFO [4313] [2023-10-23 19:37:11] dodgr_ttm called, FALSE, 47x163
INFO [4311] [2023-10-23 19:38:17] paquet:N2227200E3955200 ppou:6 ttm ok 656
INFO [4311] [2023-10-23 19:38:17] dodgr_ttm called, FALSE, 3x159
INFO [4313] [2023-10-23 19:38:59] paquet:N2252800E3916800 ppou:5889 ttm ok 4499
INFO [4313] [2023-10-23 19:38:59] dodgr_ttm called, FALSE, 97x281
INFO [4314] [2023-10-23 19:39:28] dodgr_ttm called, FALSE, 60x247
INFO [4311] [2023-10-23 19:39:56] paquet:N2227200E3955200 ppou:9 ttm ok 468
INFO [4311] [2023-10-23 19:39:56] dodgr_ttm called, FALSE, 2x158
INFO [4313] [2023-10-23 19:40:48] paquet:N2252800E3916800 ppou:5890 ttm ok 8930
INFO [4313] [2023-10-23 19:40:48] dodgr_ttm called, FALSE, 68x208
INFO [4314] [2023-10-23 19:41:09] paquet:N2265600E3904000 ppou:10274 ttm ok 11080
INFO [4314] [2023-10-23 19:41:09] dodgr_ttm called, FALSE, 97x324
INFO [4311] [2023-10-23 19:41:31] paquet:N2227200E3955200 ppou:15 ttm ok 308
INFO [4311] [2023-10-23 19:41:31] dodgr_ttm called, FALSE, 6x203
INFO [4314] [2023-10-23 19:43:02] paquet:N2265600E3904000 ppou:10427 ttm ok 20547
INFO [4314] [2023-10-23 19:43:02] dodgr_ttm called, FALSE, 38x252
INFO [4311] [2023-10-23 19:43:13] paquet:N2227200E3955200 ppou:18 ttm ok 1020
INFO [4311] [2023-10-23 19:43:13] dodgr_ttm called, FALSE, 3x156
INFO [4313] [2023-10-23 19:43:30] paquet:N2252800E3916800 ppou:5997 ttm ok 7077
INFO [4313] [2023-10-23 19:43:30] dodgr_ttm called, FALSE, 126x167
INFO [4314] [2023-10-23 19:44:43] paquet:N2265600E3904000 ppou:12172 ttm ok 5474
INFO [4314] [2023-10-23 19:44:43] dodgr_ttm called, FALSE, 32x161
INFO [4311] [2023-10-23 19:44:49] paquet:N2227200E3955200 ppou:22 ttm ok 460
SUCCESS [4311] [2023-10-23 19:44:49] carreau:N2227200E3955200 6 ancres 93.4k@113.5p/s demandees, 4.7k@5.7p/s retenues
INFO [4314] [2023-10-23 19:46:23] paquet:N2265600E3904000 ppou:12285 ttm ok 3281
INFO [4314] [2023-10-23 19:46:23] dodgr_ttm called, FALSE, 31x289
INFO [4313] [2023-10-23 19:46:27] paquet:N2252800E3916800 ppou:6200 ttm ok 11107
INFO [4313] [2023-10-23 19:46:27] dodgr_ttm called, FALSE, 71x171
INFO [4314] [2023-10-23 19:47:59] paquet:N2265600E3904000 ppou:12812 ttm ok 4556
INFO [4314] [2023-10-23 19:47:59] dodgr_ttm called, FALSE, 29x221
INFO [4313] [2023-10-23 19:48:45] paquet:N2252800E3916800 ppou:7444 ttm ok 7549
INFO [4313] [2023-10-23 19:48:45] dodgr_ttm called, FALSE, 84x210
INFO [4314] [2023-10-23 19:49:35] paquet:N2265600E3904000 ppou:13588 ttm ok 4825
INFO [4314] [2023-10-23 19:49:35] dodgr_ttm called, FALSE, 65x226
INFO [4313] [2023-10-23 19:51:15] paquet:N2252800E3916800 ppou:7802 ttm ok 13606
INFO [4313] [2023-10-23 19:51:16] dodgr_ttm called, FALSE, 40x368
INFO [4314] [2023-10-23 19:51:22] paquet:N2265600E3904000 ppou:13951 ttm ok 9727
INFO [4314] [2023-10-23 19:51:22] dodgr_ttm called, FALSE, 111x145
INFO [4313] [2023-10-23 19:52:50] paquet:N2252800E3916800 ppou:8063 ttm ok 9238
INFO [4313] [2023-10-23 19:52:50] dodgr_ttm called, FALSE, 36x170
INFO [4314] [2023-10-23 19:53:04] paquet:N2265600E3904000 ppou:14034 ttm ok 13944
SUCCESS [4314] [2023-10-23 19:53:04] carreau:N2265600E3904000 8 ancres 209.8k@202.4p/s demandees, 75.4k@72.7p/s retenues
INFO [4313] [2023-10-23 19:54:43] paquet:N2252800E3916800 ppou:8140 ttm ok 4079
SUCCESS [4313] [2023-10-23 19:54:44] carreau:N2252800E3916800 8 ancres 223.4k@175.4p/s demandees, 68.4k@53.7p/s retenues
