SUCCESS [2024-03-01 17:11:29] Calcul accessibilite version 2
SUCCESS [2024-03-01 17:11:29] $type
SUCCESS [2024-03-01 17:11:29] [1] "r5"
SUCCESS [2024-03-01 17:11:29] 
SUCCESS [2024-03-01 17:11:29] $path
SUCCESS [2024-03-01 17:11:29] ~/files/localr5/
SUCCESS [2024-03-01 17:11:29] FALSE
SUCCESS [2024-03-01 17:11:29] 
SUCCESS [2024-03-01 17:11:29] $string
SUCCESS [2024-03-01 17:11:29] r5 routing WALK&TRANSIT sur ~/files/localr5/ a 2024-03-01 16:52:58.335029
SUCCESS [2024-03-01 17:11:29] FALSE
SUCCESS [2024-03-01 17:11:29] 
SUCCESS [2024-03-01 17:11:29] $core
SUCCESS [2024-03-01 17:11:29] [1] "Java-Object{org.ipea.r5r.R5RCore@4c1909a3}"
SUCCESS [2024-03-01 17:11:29] 
SUCCESS [2024-03-01 17:11:29] $montecarlo
SUCCESS [2024-03-01 17:11:29] [1] 5
SUCCESS [2024-03-01 17:11:29] 
SUCCESS [2024-03-01 17:11:29] $time_window
SUCCESS [2024-03-01 17:11:29] [1] 1
SUCCESS [2024-03-01 17:11:29] 
SUCCESS [2024-03-01 17:11:29] $departure_datetime
SUCCESS [2024-03-01 17:11:29] [1] "2023-06-14 08:00:00 UTC"
SUCCESS [2024-03-01 17:11:29] 
SUCCESS [2024-03-01 17:11:29] $mode
SUCCESS [2024-03-01 17:11:29] [1] "WALK"    "TRANSIT"
SUCCESS [2024-03-01 17:11:29] 
SUCCESS [2024-03-01 17:11:29] $percentiles
SUCCESS [2024-03-01 17:11:29] [1] 0.5
SUCCESS [2024-03-01 17:11:29] 
SUCCESS [2024-03-01 17:11:29] $max_walk_time
SUCCESS [2024-03-01 17:11:29] [1] Inf
SUCCESS [2024-03-01 17:11:29] 
SUCCESS [2024-03-01 17:11:29] $walk_speed
SUCCESS [2024-03-01 17:11:29] [1] 5
SUCCESS [2024-03-01 17:11:29] 
SUCCESS [2024-03-01 17:11:29] $bike_speed
SUCCESS [2024-03-01 17:11:29] [1] 12
SUCCESS [2024-03-01 17:11:29] 
SUCCESS [2024-03-01 17:11:29] $max_rides
SUCCESS [2024-03-01 17:11:29] [1] 3
SUCCESS [2024-03-01 17:11:29] 
SUCCESS [2024-03-01 17:11:29] $max_lts
SUCCESS [2024-03-01 17:11:29] [1] 2
SUCCESS [2024-03-01 17:11:29] 
SUCCESS [2024-03-01 17:11:29] $elevation
SUCCESS [2024-03-01 17:11:29] [1] "NONE"
SUCCESS [2024-03-01 17:11:29] 
SUCCESS [2024-03-01 17:11:29] $elevation_tif
SUCCESS [2024-03-01 17:11:29] NULL
SUCCESS [2024-03-01 17:11:29] 
SUCCESS [2024-03-01 17:11:29] $pkg
SUCCESS [2024-03-01 17:11:29] [1] "r5r"   "rJava"
SUCCESS [2024-03-01 17:11:29] 
SUCCESS [2024-03-01 17:11:29] $dfMaxLength
SUCCESS [2024-03-01 17:11:29] [1] 10
SUCCESS [2024-03-01 17:11:29] 
SUCCESS [2024-03-01 17:11:29] $extended
SUCCESS [2024-03-01 17:11:29] [1] TRUE
SUCCESS [2024-03-01 17:11:29] 
SUCCESS [2024-03-01 17:11:29] $elevation_data
SUCCESS [2024-03-01 17:11:29] NULL
SUCCESS [2024-03-01 17:11:29] 
SUCCESS [2024-03-01 17:11:29] $max_rows
SUCCESS [2024-03-01 17:11:29] [1] 5000
SUCCESS [2024-03-01 17:11:29] 
SUCCESS [2024-03-01 17:11:29] $n_threads
SUCCESS [2024-03-01 17:11:29] [1] 16
SUCCESS [2024-03-01 17:11:29] 
SUCCESS [2024-03-01 17:11:29] $future
SUCCESS [2024-03-01 17:11:29] [1] TRUE
SUCCESS [2024-03-01 17:11:29] 
SUCCESS [2024-03-01 17:11:29] $jMem
SUCCESS [2024-03-01 17:11:29] [1] "12G"
SUCCESS [2024-03-01 17:11:29] 
SUCCESS [2024-03-01 17:11:29] $r5r_jar
SUCCESS [2024-03-01 17:11:29] [1] "/usr/local/lib/R/site-library/r5r/jar/r5r_0_6_0.jar"
SUCCESS [2024-03-01 17:11:29] 
SUCCESS [2024-03-01 17:11:29] $r5_jar
SUCCESS [2024-03-01 17:11:29] character(0)
SUCCESS [2024-03-01 17:11:29] 
SUCCESS [2024-03-01 17:11:29] $future_routing
SUCCESS [2024-03-01 17:11:29] function(routing) {
SUCCESS [2024-03-01 17:11:29]       rout <- routing
SUCCESS [2024-03-01 17:11:29]       rout$elevation_data <- NULL
SUCCESS [2024-03-01 17:11:29]       return(rout)}
SUCCESS [2024-03-01 17:11:29] <bytecode: 0x55beebf8d878>
SUCCESS [2024-03-01 17:11:29] <environment: 0x55beebf469c0>
SUCCESS [2024-03-01 17:11:29] 
SUCCESS [2024-03-01 17:11:29] $core_init
SUCCESS [2024-03-01 17:11:29] function(routing){
SUCCESS [2024-03-01 17:11:29]       options(java.parameters = glue::glue('-Xmx{routing$jMem}'))
SUCCESS [2024-03-01 17:11:29]       rJava::.jinit(silent=TRUE)
SUCCESS [2024-03-01 17:11:29]       r5r::stop_r5()
SUCCESS [2024-03-01 17:11:29]       rJava::.jgc(R.gc = TRUE)
SUCCESS [2024-03-01 17:11:29]       options(r5r.montecarlo_draws = routing$montecarlo)
SUCCESS [2024-03-01 17:11:29]       core <- r5r::setup_r5(data_path = routing$path, verbose=FALSE,
SUCCESS [2024-03-01 17:11:29]                             elevation=routing$elevation)
SUCCESS [2024-03-01 17:11:29]       out <- routing
SUCCESS [2024-03-01 17:11:29]       out$core <- core
SUCCESS [2024-03-01 17:11:29]       if(!is.null(routing$elevation_tif))
SUCCESS [2024-03-01 17:11:29]         out$elevation_data <- terra::rast(str_c(routing$path, "/", routing$elevation_tif))
SUCCESS [2024-03-01 17:11:29]       return(out)
SUCCESS [2024-03-01 17:11:29]     }
SUCCESS [2024-03-01 17:11:29] <bytecode: 0x55beebf5dc68>
SUCCESS [2024-03-01 17:11:29] <environment: 0x55beebf469c0>
SUCCESS [2024-03-01 17:11:29] 
SUCCESS [2024-03-01 17:11:29] 
SUCCESS [2024-03-01 17:11:29] tmax:120
SUCCESS [2024-03-01 17:11:29] pdt:1
SUCCESS [2024-03-01 17:11:29] chunk:1M
SUCCESS [2024-03-01 17:11:29] resolution:200
SUCCESS [2024-03-01 17:11:29] out:200
SUCCESS [2024-03-01 17:11:29] les variables sont emp_resident
SUCCESS [2024-03-01 17:11:29] taille:2.2M gr:2 res_gr:1600
SUCCESS [2024-03-01 17:11:29] 100 ou, 24.8k quoi
SUCCESS [2024-03-01 17:11:29] 7 carreaux, 1 subsampling
SUCCESS [2024-03-01 17:11:29] future:TRUE, 2 workers
INFO [3957] [2024-03-01 17:11:56] paquet:N2240000E3963200 ppou:89 ttm ok 35489
SUCCESS [3957] [2024-03-01 17:11:56] carreau:N2240000E3963200 1 ancres 75.9k@4.5kp/s demandees, 42.1k@2.5kp/s retenues
INFO [3957] [2024-03-01 17:12:02] paquet:N2240000E3968000 ppou:95 ttm ok 12782
SUCCESS [3957] [2024-03-01 17:12:02] carreau:N2240000E3968000 1 ancres 43.3k@6.6kp/s demandees, 17.8k@2.7kp/s retenues
INFO [3957] [2024-03-01 17:12:09] paquet:N2240000E3966400 ppou:93 ttm ok 12683
SUCCESS [3957] [2024-03-01 17:12:09] carreau:N2240000E3966400 1 ancres 40.3k@6.6kp/s demandees, 16.9k@2.8kp/s retenues
INFO [3956] [2024-03-01 17:12:09] paquet:N2238400E3961600 ppou:11 ttm ok 80468
SUCCESS [3956] [2024-03-01 17:12:09] carreau:N2238400E3961600 1 ancres 130.1k@4.2kp/s demandees, 84.8k@2.7kp/s retenues
SUCCESS [3956] [2024-03-01 17:12:11] carreau:N2238400E3960000 0 ancres 24.8k@22.4kp/s demandees, 1.8k@1.6kp/s retenues
INFO [3956] [2024-03-01 17:12:16] paquet:N2240000E3960000 ppou:42 ttm ok 10014
SUCCESS [3956] [2024-03-01 17:12:16] carreau:N2240000E3960000 1 ancres 42.4k@8.9kp/s demandees, 12.4k@2.6kp/s retenues
INFO [3956] [2024-03-01 17:13:11] paquet:N2240000E3961600 ppou:33 ttm ok 164795
SUCCESS [3956] [2024-03-01 17:13:11] carreau:N2240000E3961600 1 ancres 217.8k@4kp/s demandees, 169.4k@3.1kp/s retenues
SUCCESS [2024-03-01 17:13:11] 
