SUCCESS [2024-03-03 17:00:38] Calcul accessibilite version 2
SUCCESS [2024-03-03 17:00:38] $type
SUCCESS [2024-03-03 17:00:38] [1] "r5"
SUCCESS [2024-03-03 17:00:38] 
SUCCESS [2024-03-03 17:00:38] $path
SUCCESS [2024-03-03 17:00:38] ~/files/localr5/
SUCCESS [2024-03-03 17:00:38] FALSE
SUCCESS [2024-03-03 17:00:38] 
SUCCESS [2024-03-03 17:00:38] $string
SUCCESS [2024-03-03 17:00:38] r5 routing WALK&TRANSIT sur ~/files/localr5/ a 2024-03-03 17:00:15.261513
SUCCESS [2024-03-03 17:00:38] FALSE
SUCCESS [2024-03-03 17:00:38] 
SUCCESS [2024-03-03 17:00:38] $core
SUCCESS [2024-03-03 17:00:38] [1] "Java-Object{org.ipea.r5r.R5RCore@865dd6}"
SUCCESS [2024-03-03 17:00:38] 
SUCCESS [2024-03-03 17:00:38] $montecarlo
SUCCESS [2024-03-03 17:00:38] [1] 5
SUCCESS [2024-03-03 17:00:38] 
SUCCESS [2024-03-03 17:00:38] $time_window
SUCCESS [2024-03-03 17:00:38] [1] 1
SUCCESS [2024-03-03 17:00:38] 
SUCCESS [2024-03-03 17:00:38] $departure_datetime
SUCCESS [2024-03-03 17:00:38] [1] "2023-06-14 08:00:00 UTC"
SUCCESS [2024-03-03 17:00:38] 
SUCCESS [2024-03-03 17:00:38] $mode
SUCCESS [2024-03-03 17:00:38] [1] "WALK"    "TRANSIT"
SUCCESS [2024-03-03 17:00:38] 
SUCCESS [2024-03-03 17:00:38] $percentiles
SUCCESS [2024-03-03 17:00:38] [1] 0.5
SUCCESS [2024-03-03 17:00:38] 
SUCCESS [2024-03-03 17:00:38] $max_walk_time
SUCCESS [2024-03-03 17:00:38] [1] Inf
SUCCESS [2024-03-03 17:00:38] 
SUCCESS [2024-03-03 17:00:38] $walk_speed
SUCCESS [2024-03-03 17:00:38] [1] 5
SUCCESS [2024-03-03 17:00:38] 
SUCCESS [2024-03-03 17:00:38] $bike_speed
SUCCESS [2024-03-03 17:00:38] [1] 12
SUCCESS [2024-03-03 17:00:38] 
SUCCESS [2024-03-03 17:00:38] $max_rides
SUCCESS [2024-03-03 17:00:38] [1] 3
SUCCESS [2024-03-03 17:00:38] 
SUCCESS [2024-03-03 17:00:38] $max_lts
SUCCESS [2024-03-03 17:00:38] [1] 2
SUCCESS [2024-03-03 17:00:38] 
SUCCESS [2024-03-03 17:00:38] $elevation
SUCCESS [2024-03-03 17:00:38] [1] "NONE"
SUCCESS [2024-03-03 17:00:38] 
SUCCESS [2024-03-03 17:00:38] $elevation_tif
SUCCESS [2024-03-03 17:00:38] NULL
SUCCESS [2024-03-03 17:00:38] 
SUCCESS [2024-03-03 17:00:38] $pkg
SUCCESS [2024-03-03 17:00:38] [1] "r5r"   "rJava"
SUCCESS [2024-03-03 17:00:38] 
SUCCESS [2024-03-03 17:00:38] $dfMaxLength
SUCCESS [2024-03-03 17:00:38] [1] 10
SUCCESS [2024-03-03 17:00:38] 
SUCCESS [2024-03-03 17:00:38] $extended
SUCCESS [2024-03-03 17:00:38] [1] TRUE
SUCCESS [2024-03-03 17:00:38] 
SUCCESS [2024-03-03 17:00:38] $elevation_data
SUCCESS [2024-03-03 17:00:38] NULL
SUCCESS [2024-03-03 17:00:38] 
SUCCESS [2024-03-03 17:00:38] $max_rows
SUCCESS [2024-03-03 17:00:38] [1] 5000
SUCCESS [2024-03-03 17:00:38] 
SUCCESS [2024-03-03 17:00:38] $n_threads
SUCCESS [2024-03-03 17:00:38] [1] 16
SUCCESS [2024-03-03 17:00:38] 
SUCCESS [2024-03-03 17:00:38] $future
SUCCESS [2024-03-03 17:00:38] [1] TRUE
SUCCESS [2024-03-03 17:00:38] 
SUCCESS [2024-03-03 17:00:38] $jMem
SUCCESS [2024-03-03 17:00:38] [1] "12G"
SUCCESS [2024-03-03 17:00:38] 
SUCCESS [2024-03-03 17:00:38] $r5r_jar
SUCCESS [2024-03-03 17:00:38] [1] "/usr/local/lib/R/site-library/r5r/jar/r5r_0_6_0.jar"
SUCCESS [2024-03-03 17:00:38] 
SUCCESS [2024-03-03 17:00:38] $r5_jar
SUCCESS [2024-03-03 17:00:38] character(0)
SUCCESS [2024-03-03 17:00:38] 
SUCCESS [2024-03-03 17:00:38] $future_routing
SUCCESS [2024-03-03 17:00:38] function(routing) {
SUCCESS [2024-03-03 17:00:38]       rout <- routing
SUCCESS [2024-03-03 17:00:38]       rout$elevation_data <- NULL
SUCCESS [2024-03-03 17:00:38]       return(rout)}
SUCCESS [2024-03-03 17:00:38] <bytecode: 0x5566e0c19ac0>
SUCCESS [2024-03-03 17:00:38] <environment: 0x5566e56ab7b8>
SUCCESS [2024-03-03 17:00:38] 
SUCCESS [2024-03-03 17:00:38] $core_init
SUCCESS [2024-03-03 17:00:38] function(routing){
SUCCESS [2024-03-03 17:00:38]       options(java.parameters = glue::glue('-Xmx{routing$jMem}'))
SUCCESS [2024-03-03 17:00:38]       rJava::.jinit(silent=TRUE)
SUCCESS [2024-03-03 17:00:38]       r5r::stop_r5()
SUCCESS [2024-03-03 17:00:38]       rJava::.jgc(R.gc = TRUE)
SUCCESS [2024-03-03 17:00:38]       options(r5r.montecarlo_draws = routing$montecarlo)
SUCCESS [2024-03-03 17:00:38]       core <- r5r::setup_r5(data_path = routing$path, verbose=FALSE,
SUCCESS [2024-03-03 17:00:38]                             elevation=routing$elevation)
SUCCESS [2024-03-03 17:00:38]       out <- routing
SUCCESS [2024-03-03 17:00:38]       out$core <- core
SUCCESS [2024-03-03 17:00:38]       if(!is.null(routing$elevation_tif))
SUCCESS [2024-03-03 17:00:38]         out$elevation_data <- terra::rast(str_c(routing$path, "/", routing$elevation_tif))
SUCCESS [2024-03-03 17:00:38]       return(out)
SUCCESS [2024-03-03 17:00:38]     }
SUCCESS [2024-03-03 17:00:38] <bytecode: 0x5566e0c1de40>
SUCCESS [2024-03-03 17:00:38] <environment: 0x5566e56ab7b8>
SUCCESS [2024-03-03 17:00:38] 
SUCCESS [2024-03-03 17:00:38] 
SUCCESS [2024-03-03 17:00:38] tmax:120
SUCCESS [2024-03-03 17:00:38] pdt:1
SUCCESS [2024-03-03 17:00:38] chunk:1M
SUCCESS [2024-03-03 17:00:38] resolution:200
SUCCESS [2024-03-03 17:00:38] out:200
SUCCESS [2024-03-03 17:00:38] les variables sont emp_resident
SUCCESS [2024-03-03 17:00:38] taille:633.9M gr:634 res_gr:1600
SUCCESS [2024-03-03 17:00:38] 26k ou, 24.8k quoi
SUCCESS [2024-03-03 17:00:38] 1095 carreaux, 2 subsampling
SUCCESS [2024-03-03 17:00:38] future:TRUE, 4 workers
SUCCESS [12724] [2024-03-03 17:00:49] carreau:N2238400E3961600 dossier:transit
SUCCESS [12720] [2024-03-03 17:00:49] carreau:N2264000E3968000 dossier:transit
SUCCESS [12724] [2024-03-03 17:00:49] carreau:N2238400E3960000 dossier:transit
SUCCESS [12724] [2024-03-03 17:00:50] carreau:N2240000E3960000 dossier:transit
SUCCESS [12720] [2024-03-03 17:00:50] carreau:N2264000E3972800 dossier:transit
SUCCESS [12724] [2024-03-03 17:00:50] carreau:N2240000E3961600 dossier:transit
SUCCESS [12720] [2024-03-03 17:00:50] carreau:N2264000E3904000 dossier:transit
SUCCESS [12724] [2024-03-03 17:00:50] carreau:N2240000E3963200 dossier:transit
SUCCESS [12720] [2024-03-03 17:00:50] carreau:N2264000E3924800 dossier:transit
SUCCESS [12722] [2024-03-03 17:00:50] carreau:N2276800E3953600 dossier:transit
SUCCESS [12724] [2024-03-03 17:00:50] carreau:N2240000E3968000 dossier:transit
SUCCESS [12720] [2024-03-03 17:00:50] carreau:N2264000E3931200 dossier:transit
SUCCESS [12722] [2024-03-03 17:00:50] carreau:N2276800E3956800 dossier:transit
SUCCESS [12724] [2024-03-03 17:00:50] carreau:N2240000E3966400 dossier:transit
SUCCESS [12720] [2024-03-03 17:00:50] carreau:N2264000E3953600 dossier:transit
SUCCESS [12721] [2024-03-03 17:00:50] carreau:N2289600E3964800 dossier:transit
SUCCESS [12722] [2024-03-03 17:00:51] carreau:N2276800E3958400 dossier:transit
SUCCESS [12724] [2024-03-03 17:00:51] carreau:N2240000E3964800 dossier:transit
SUCCESS [12720] [2024-03-03 17:00:51] carreau:N2264000E3915200 dossier:transit
SUCCESS [12721] [2024-03-03 17:00:51] carreau:N2289600E3966400 dossier:transit
SUCCESS [12722] [2024-03-03 17:00:51] carreau:N2276800E3960000 dossier:transit
SUCCESS [12724] [2024-03-03 17:00:51] carreau:N2241600E3961600 dossier:transit
SUCCESS [12720] [2024-03-03 17:00:51] carreau:N2264000E3939200 dossier:transit
SUCCESS [12721] [2024-03-03 17:00:51] carreau:N2289600E3968000 dossier:transit
SUCCESS [12722] [2024-03-03 17:00:51] carreau:N2276800E3961600 dossier:transit
SUCCESS [12724] [2024-03-03 17:00:51] carreau:N2241600E3963200 dossier:transit
SUCCESS [12720] [2024-03-03 17:00:51] carreau:N2264000E3902400 dossier:transit
SUCCESS [12721] [2024-03-03 17:00:51] carreau:N2289600E3969600 dossier:transit
SUCCESS [12722] [2024-03-03 17:00:51] carreau:N2276800E3966400 dossier:transit
SUCCESS [12724] [2024-03-03 17:00:51] carreau:N2241600E3964800 dossier:transit
SUCCESS [12720] [2024-03-03 17:00:51] carreau:N2264000E3926400 dossier:transit
SUCCESS [12721] [2024-03-03 17:00:51] carreau:N2289600E3928000 dossier:transit
SUCCESS [12722] [2024-03-03 17:00:51] carreau:N2276800E3968000 dossier:transit
SUCCESS [12724] [2024-03-03 17:00:51] carreau:N2241600E3966400 dossier:transit
SUCCESS [12720] [2024-03-03 17:00:51] carreau:N2264000E3934400 dossier:transit
SUCCESS [12721] [2024-03-03 17:00:51] carreau:N2289600E3931200 dossier:transit
SUCCESS [12722] [2024-03-03 17:00:51] carreau:N2276800E3972800 dossier:transit
SUCCESS [12724] [2024-03-03 17:00:52] carreau:N2241600E3968000 dossier:transit
SUCCESS [12720] [2024-03-03 17:00:52] carreau:N2264000E3956800 dossier:transit
SUCCESS [12721] [2024-03-03 17:00:52] carreau:N2289600E3944000 dossier:transit
SUCCESS [12722] [2024-03-03 17:00:52] carreau:N2276800E3896000 dossier:transit
SUCCESS [12724] [2024-03-03 17:00:52] carreau:N2241600E3960000 dossier:transit
SUCCESS [12720] [2024-03-03 17:00:52] carreau:N2265600E3920000 dossier:transit
SUCCESS [12721] [2024-03-03 17:00:52] carreau:N2289600E3947200 dossier:transit
SUCCESS [12722] [2024-03-03 17:00:52] carreau:N2276800E3913600 dossier:transit
SUCCESS [12724] [2024-03-03 17:00:52] carreau:N2243200E3961600 dossier:transit
SUCCESS [12720] [2024-03-03 17:00:52] carreau:N2265600E3926400 dossier:transit
SUCCESS [12722] [2024-03-03 17:00:52] carreau:N2276800E3924800 dossier:transit
SUCCESS [12721] [2024-03-03 17:00:52] carreau:N2289600E3952000 dossier:transit
SUCCESS [12724] [2024-03-03 17:00:52] carreau:N2243200E3963200 dossier:transit
SUCCESS [12720] [2024-03-03 17:00:52] carreau:N2265600E3928000 dossier:transit
SUCCESS [12722] [2024-03-03 17:00:52] carreau:N2276800E3936000 dossier:transit
SUCCESS [12721] [2024-03-03 17:00:52] carreau:N2289600E3963200 dossier:transit
SUCCESS [12724] [2024-03-03 17:00:52] carreau:N2243200E3964800 dossier:transit
SUCCESS [12720] [2024-03-03 17:00:52] carreau:N2265600E3929600 dossier:transit
SUCCESS [12722] [2024-03-03 17:00:52] carreau:N2276800E3940800 dossier:transit
SUCCESS [12721] [2024-03-03 17:00:52] carreau:N2289600E3912000 dossier:transit
SUCCESS [12724] [2024-03-03 17:00:53] carreau:N2243200E3966400 dossier:transit
SUCCESS [12722] [2024-03-03 17:00:53] carreau:N2276800E3942400 dossier:transit
SUCCESS [12720] [2024-03-03 17:00:53] carreau:N2265600E3931200 dossier:transit
SUCCESS [12721] [2024-03-03 17:00:53] carreau:N2289600E3937600 dossier:transit
SUCCESS [12724] [2024-03-03 17:00:53] carreau:N2243200E3955200 dossier:transit
SUCCESS [12722] [2024-03-03 17:00:53] carreau:N2276800E3963200 dossier:transit
SUCCESS [12720] [2024-03-03 17:00:53] carreau:N2265600E3932800 dossier:transit
SUCCESS [12721] [2024-03-03 17:00:53] carreau:N2289600E3948800 dossier:transit
SUCCESS [12724] [2024-03-03 17:00:53] carreau:N2243200E3958400 dossier:transit
SUCCESS [12722] [2024-03-03 17:00:53] carreau:N2276800E3971200 dossier:transit
SUCCESS [12721] [2024-03-03 17:00:53] carreau:N2289600E3907200 dossier:transit
SUCCESS [12720] [2024-03-03 17:00:53] carreau:N2265600E3934400 dossier:transit
SUCCESS [12724] [2024-03-03 17:00:53] carreau:N2243200E3956800 dossier:transit
SUCCESS [12722] [2024-03-03 17:00:53] carreau:N2276800E3897600 dossier:transit
SUCCESS [12721] [2024-03-03 17:00:53] carreau:N2289600E3961600 dossier:transit
SUCCESS [12720] [2024-03-03 17:00:53] carreau:N2265600E3936000 dossier:transit
SUCCESS [12724] [2024-03-03 17:00:53] carreau:N2244800E3956800 dossier:transit
SUCCESS [12722] [2024-03-03 17:00:53] carreau:N2276800E3931200 dossier:transit
SUCCESS [12721] [2024-03-03 17:00:53] carreau:N2289600E3936000 dossier:transit
SUCCESS [12720] [2024-03-03 17:00:53] carreau:N2265600E3939200 dossier:transit
SUCCESS [12724] [2024-03-03 17:00:53] carreau:N2244800E3958400 dossier:transit
SUCCESS [12722] [2024-03-03 17:00:53] carreau:N2276800E3955200 dossier:transit
SUCCESS [12721] [2024-03-03 17:00:53] carreau:N2291200E3910400 dossier:transit
SUCCESS [12720] [2024-03-03 17:00:54] carreau:N2265600E3940800 dossier:transit
SUCCESS [12724] [2024-03-03 17:00:54] carreau:N2244800E3963200 dossier:transit
SUCCESS [12722] [2024-03-03 17:00:54] carreau:N2276800E3969600 dossier:transit
SUCCESS [12721] [2024-03-03 17:00:54] carreau:N2291200E3918400 dossier:transit
SUCCESS [12720] [2024-03-03 17:00:54] carreau:N2265600E3942400 dossier:transit
SUCCESS [12722] [2024-03-03 17:00:54] carreau:N2276800E3964800 dossier:transit
SUCCESS [12724] [2024-03-03 17:00:54] carreau:N2244800E3964800 dossier:transit
SUCCESS [12721] [2024-03-03 17:00:54] carreau:N2291200E3920000 dossier:transit
SUCCESS [12720] [2024-03-03 17:00:54] carreau:N2265600E3944000 dossier:transit
SUCCESS [12722] [2024-03-03 17:00:54] carreau:N2276800E3899200 dossier:transit
SUCCESS [12724] [2024-03-03 17:00:54] carreau:N2244800E3966400 dossier:transit
SUCCESS [12721] [2024-03-03 17:00:54] carreau:N2291200E3921600 dossier:transit
SUCCESS [12720] [2024-03-03 17:00:54] carreau:N2265600E3956800 dossier:transit
SUCCESS [12722] [2024-03-03 17:00:54] carreau:N2276800E3937600 dossier:transit
SUCCESS [12724] [2024-03-03 17:00:54] carreau:N2244800E3947200 dossier:transit
SUCCESS [12721] [2024-03-03 17:00:54] carreau:N2291200E3923200 dossier:transit
SUCCESS [12720] [2024-03-03 17:00:54] carreau:N2265600E3958400 dossier:transit
SUCCESS [12722] [2024-03-03 17:00:54] carreau:N2278400E3912000 dossier:transit
SUCCESS [12724] [2024-03-03 17:00:54] carreau:N2244800E3948800 dossier:transit
SUCCESS [12721] [2024-03-03 17:00:54] carreau:N2291200E3926400 dossier:transit
SUCCESS [12720] [2024-03-03 17:00:54] carreau:N2265600E3960000 dossier:transit
SUCCESS [12722] [2024-03-03 17:00:55] carreau:N2278400E3913600 dossier:transit
SUCCESS [12724] [2024-03-03 17:00:55] carreau:N2244800E3960000 dossier:transit
SUCCESS [12721] [2024-03-03 17:00:55] carreau:N2291200E3928000 dossier:transit
SUCCESS [12720] [2024-03-03 17:00:55] carreau:N2265600E3961600 dossier:transit
SUCCESS [12722] [2024-03-03 17:00:55] carreau:N2278400E3915200 dossier:transit
SUCCESS [12724] [2024-03-03 17:00:55] carreau:N2244800E3942400 dossier:transit
SUCCESS [12721] [2024-03-03 17:00:55] carreau:N2291200E3929600 dossier:transit
SUCCESS [12720] [2024-03-03 17:00:55] carreau:N2265600E3963200 dossier:transit
SUCCESS [12722] [2024-03-03 17:00:55] carreau:N2278400E3924800 dossier:transit
SUCCESS [12724] [2024-03-03 17:00:55] carreau:N2244800E3940800 dossier:transit
SUCCESS [12721] [2024-03-03 17:00:55] carreau:N2291200E3936000 dossier:transit
SUCCESS [12720] [2024-03-03 17:00:55] carreau:N2265600E3964800 dossier:transit
SUCCESS [12722] [2024-03-03 17:00:55] carreau:N2278400E3926400 dossier:transit
SUCCESS [12724] [2024-03-03 17:00:55] carreau:N2244800E3953600 dossier:transit
SUCCESS [12721] [2024-03-03 17:00:55] carreau:N2291200E3937600 dossier:transit
SUCCESS [12720] [2024-03-03 17:00:55] carreau:N2265600E3969600 dossier:transit
SUCCESS [12722] [2024-03-03 17:00:55] carreau:N2278400E3929600 dossier:transit
SUCCESS [12724] [2024-03-03 17:00:55] carreau:N2244800E3968000 dossier:transit
SUCCESS [12721] [2024-03-03 17:00:55] carreau:N2291200E3939200 dossier:transit
SUCCESS [12720] [2024-03-03 17:00:55] carreau:N2265600E3902400 dossier:transit
SUCCESS [12722] [2024-03-03 17:00:56] carreau:N2278400E3932800 dossier:transit
SUCCESS [12724] [2024-03-03 17:00:56] carreau:N2244800E3945600 dossier:transit
SUCCESS [12721] [2024-03-03 17:00:56] carreau:N2291200E3940800 dossier:transit
SUCCESS [12720] [2024-03-03 17:00:56] carreau:N2265600E3968000 dossier:transit
SUCCESS [12722] [2024-03-03 17:00:56] carreau:N2278400E3934400 dossier:transit
SUCCESS [12724] [2024-03-03 17:00:56] carreau:N2246400E3945600 dossier:transit
SUCCESS [12721] [2024-03-03 17:00:56] carreau:N2291200E3942400 dossier:transit
SUCCESS [12720] [2024-03-03 17:00:56] carreau:N2265600E3916800 dossier:transit
SUCCESS [12722] [2024-03-03 17:00:56] carreau:N2278400E3937600 dossier:transit
SUCCESS [12724] [2024-03-03 17:00:56] carreau:N2246400E3947200 dossier:transit
SUCCESS [12721] [2024-03-03 17:00:56] carreau:N2291200E3948800 dossier:transit
SUCCESS [12720] [2024-03-03 17:00:56] carreau:N2265600E3937600 dossier:transit
SUCCESS [12722] [2024-03-03 17:00:56] carreau:N2278400E3940800 dossier:transit
SUCCESS [12721] [2024-03-03 17:00:56] carreau:N2291200E3952000 dossier:transit
SUCCESS [12724] [2024-03-03 17:00:56] carreau:N2246400E3948800 dossier:transit
SUCCESS [12720] [2024-03-03 17:00:56] carreau:N2265600E3900800 dossier:transit
SUCCESS [12722] [2024-03-03 17:00:56] carreau:N2278400E3942400 dossier:transit
SUCCESS [12721] [2024-03-03 17:00:56] carreau:N2291200E3953600 dossier:transit
SUCCESS [12724] [2024-03-03 17:00:56] carreau:N2246400E3956800 dossier:transit
SUCCESS [12720] [2024-03-03 17:00:56] carreau:N2265600E3945600 dossier:transit
SUCCESS [12722] [2024-03-03 17:00:56] carreau:N2278400E3945600 dossier:transit
SUCCESS [12721] [2024-03-03 17:00:57] carreau:N2291200E3955200 dossier:transit
SUCCESS [12724] [2024-03-03 17:00:57] carreau:N2246400E3958400 dossier:transit
SUCCESS [12720] [2024-03-03 17:00:57] carreau:N2265600E3948800 dossier:transit
SUCCESS [12722] [2024-03-03 17:00:57] carreau:N2278400E3947200 dossier:transit
SUCCESS [12721] [2024-03-03 17:00:57] carreau:N2291200E3956800 dossier:transit
SUCCESS [12724] [2024-03-03 17:00:57] carreau:N2246400E3960000 dossier:transit
SUCCESS [12720] [2024-03-03 17:00:57] carreau:N2265600E3955200 dossier:transit
SUCCESS [12722] [2024-03-03 17:00:57] carreau:N2278400E3948800 dossier:transit
SUCCESS [12721] [2024-03-03 17:00:57] carreau:N2291200E3958400 dossier:transit
SUCCESS [12724] [2024-03-03 17:00:57] carreau:N2246400E3968000 dossier:transit
SUCCESS [12720] [2024-03-03 17:00:57] carreau:N2265600E3899200 dossier:transit
SUCCESS [12722] [2024-03-03 17:00:57] carreau:N2278400E3950400 dossier:transit
SUCCESS [12721] [2024-03-03 17:00:57] carreau:N2291200E3961600 dossier:transit
SUCCESS [12724] [2024-03-03 17:00:57] carreau:N2246400E3940800 dossier:transit
SUCCESS [12720] [2024-03-03 17:00:57] carreau:N2265600E3924800 dossier:transit
SUCCESS [12722] [2024-03-03 17:00:57] carreau:N2278400E3952000 dossier:transit
SUCCESS [12721] [2024-03-03 17:00:57] carreau:N2291200E3964800 dossier:transit
SUCCESS [12724] [2024-03-03 17:00:57] carreau:N2246400E3942400 dossier:transit
SUCCESS [12720] [2024-03-03 17:00:57] carreau:N2265600E3918400 dossier:transit
SUCCESS [12722] [2024-03-03 17:00:57] carreau:N2278400E3953600 dossier:transit
SUCCESS [12721] [2024-03-03 17:00:57] carreau:N2291200E3966400 dossier:transit
SUCCESS [12724] [2024-03-03 17:00:57] carreau:N2246400E3961600 dossier:transit
SUCCESS [12720] [2024-03-03 17:00:58] carreau:N2265600E3923200 dossier:transit
SUCCESS [12722] [2024-03-03 17:00:58] carreau:N2278400E3955200 dossier:transit
SUCCESS [12721] [2024-03-03 17:00:58] carreau:N2291200E3968000 dossier:transit
SUCCESS [12724] [2024-03-03 17:00:58] carreau:N2246400E3953600 dossier:transit
SUCCESS [12720] [2024-03-03 17:00:58] carreau:N2265600E3950400 dossier:transit
SUCCESS [12722] [2024-03-03 17:00:58] carreau:N2278400E3956800 dossier:transit
SUCCESS [12721] [2024-03-03 17:00:58] carreau:N2291200E3969600 dossier:transit
SUCCESS [12724] [2024-03-03 17:00:58] carreau:N2246400E3944000 dossier:transit
SUCCESS [12720] [2024-03-03 17:00:58] carreau:N2265600E3952000 dossier:transit
SUCCESS [12722] [2024-03-03 17:00:58] carreau:N2278400E3958400 dossier:transit
SUCCESS [12721] [2024-03-03 17:00:58] carreau:N2291200E3916800 dossier:transit
SUCCESS [12724] [2024-03-03 17:00:58] carreau:N2246400E3963200 dossier:transit
SUCCESS [12720] [2024-03-03 17:00:58] carreau:N2265600E3953600 dossier:transit
SUCCESS [12722] [2024-03-03 17:00:58] carreau:N2278400E3960000 dossier:transit
SUCCESS [12721] [2024-03-03 17:00:58] carreau:N2291200E3924800 dossier:transit
SUCCESS [12724] [2024-03-03 17:00:58] carreau:N2248000E3942400 dossier:transit
SUCCESS [12720] [2024-03-03 17:00:58] carreau:N2265600E3971200 dossier:transit
SUCCESS [12722] [2024-03-03 17:00:58] carreau:N2278400E3961600 dossier:transit
SUCCESS [12721] [2024-03-03 17:00:58] carreau:N2291200E3950400 dossier:transit
SUCCESS [12724] [2024-03-03 17:00:58] carreau:N2248000E3944000 dossier:transit
SUCCESS [12720] [2024-03-03 17:00:58] carreau:N2267200E3899200 dossier:transit
SUCCESS [12722] [2024-03-03 17:00:59] carreau:N2278400E3969600 dossier:transit
SUCCESS [12721] [2024-03-03 17:00:59] carreau:N2291200E3960000 dossier:transit
SUCCESS [12724] [2024-03-03 17:00:59] carreau:N2248000E3945600 dossier:transit
SUCCESS [12720] [2024-03-03 17:00:59] carreau:N2267200E3902400 dossier:transit
SUCCESS [12722] [2024-03-03 17:00:59] carreau:N2278400E3971200 dossier:transit
SUCCESS [12721] [2024-03-03 17:00:59] carreau:N2291200E3963200 dossier:transit
SUCCESS [12724] [2024-03-03 17:00:59] carreau:N2248000E3947200 dossier:transit
SUCCESS [12720] [2024-03-03 17:00:59] carreau:N2267200E3916800 dossier:transit
SUCCESS [12722] [2024-03-03 17:00:59] carreau:N2278400E3905600 dossier:transit
SUCCESS [12721] [2024-03-03 17:00:59] carreau:N2291200E3947200 dossier:transit
SUCCESS [12724] [2024-03-03 17:00:59] carreau:N2248000E3958400 dossier:transit
SUCCESS [12720] [2024-03-03 17:00:59] carreau:N2267200E3918400 dossier:transit
SUCCESS [12722] [2024-03-03 17:00:59] carreau:N2278400E3928000 dossier:transit
SUCCESS [12721] [2024-03-03 17:00:59] carreau:N2291200E3932800 dossier:transit
SUCCESS [12724] [2024-03-03 17:00:59] carreau:N2248000E3960000 dossier:transit
SUCCESS [12720] [2024-03-03 17:00:59] carreau:N2267200E3920000 dossier:transit
SUCCESS [12722] [2024-03-03 17:00:59] carreau:N2278400E3931200 dossier:transit
SUCCESS [12721] [2024-03-03 17:00:59] carreau:N2291200E3971200 dossier:transit
SUCCESS [12724] [2024-03-03 17:00:59] carreau:N2248000E3961600 dossier:transit
SUCCESS [12722] [2024-03-03 17:00:59] carreau:N2278400E3936000 dossier:transit
SUCCESS [12720] [2024-03-03 17:00:59] carreau:N2267200E3921600 dossier:transit
SUCCESS [12721] [2024-03-03 17:01:00] carreau:N2291200E3944000 dossier:transit
SUCCESS [12724] [2024-03-03 17:01:00] carreau:N2248000E3963200 dossier:transit
SUCCESS [12722] [2024-03-03 17:01:00] carreau:N2278400E3944000 dossier:transit
SUCCESS [12720] [2024-03-03 17:01:00] carreau:N2267200E3923200 dossier:transit
SUCCESS [12721] [2024-03-03 17:01:00] carreau:N2291200E3945600 dossier:transit
SUCCESS [12724] [2024-03-03 17:01:00] carreau:N2248000E3950400 dossier:transit
SUCCESS [12722] [2024-03-03 17:01:00] carreau:N2278400E3968000 dossier:transit
SUCCESS [12720] [2024-03-03 17:01:00] carreau:N2267200E3924800 dossier:transit
SUCCESS [12721] [2024-03-03 17:01:00] carreau:N2291200E3931200 dossier:transit
SUCCESS [12724] [2024-03-03 17:01:00] carreau:N2248000E3964800 dossier:transit
SUCCESS [12722] [2024-03-03 17:01:00] carreau:N2278400E3966400 dossier:transit
SUCCESS [12720] [2024-03-03 17:01:00] carreau:N2267200E3931200 dossier:transit
SUCCESS [12721] [2024-03-03 17:01:00] carreau:N2291200E3915200 dossier:transit
SUCCESS [12724] [2024-03-03 17:01:00] carreau:N2248000E3968000 dossier:transit
SUCCESS [12722] [2024-03-03 17:01:00] carreau:N2278400E3939200 dossier:transit
SUCCESS [12720] [2024-03-03 17:01:00] carreau:N2267200E3932800 dossier:transit
SUCCESS [12721] [2024-03-03 17:01:00] carreau:N2292800E3918400 dossier:transit
SUCCESS [12724] [2024-03-03 17:01:00] carreau:N2248000E3971200 dossier:transit
SUCCESS [12722] [2024-03-03 17:01:00] carreau:N2280000E3912000 dossier:transit
SUCCESS [12720] [2024-03-03 17:01:00] carreau:N2267200E3934400 dossier:transit
SUCCESS [12721] [2024-03-03 17:01:00] carreau:N2292800E3920000 dossier:transit
SUCCESS [12724] [2024-03-03 17:01:01] carreau:N2248000E3955200 dossier:transit
SUCCESS [12722] [2024-03-03 17:01:01] carreau:N2280000E3913600 dossier:transit
SUCCESS [12720] [2024-03-03 17:01:01] carreau:N2267200E3936000 dossier:transit
SUCCESS [12721] [2024-03-03 17:01:01] carreau:N2292800E3921600 dossier:transit
SUCCESS [12724] [2024-03-03 17:01:01] carreau:N2248000E3948800 dossier:transit
SUCCESS [12722] [2024-03-03 17:01:01] carreau:N2280000E3915200 dossier:transit
SUCCESS [12720] [2024-03-03 17:01:01] carreau:N2267200E3937600 dossier:transit
SUCCESS [12721] [2024-03-03 17:01:01] carreau:N2292800E3923200 dossier:transit
SUCCESS [12724] [2024-03-03 17:01:01] carreau:N2248000E3966400 dossier:transit
SUCCESS [12722] [2024-03-03 17:01:01] carreau:N2280000E3924800 dossier:transit
SUCCESS [12720] [2024-03-03 17:01:01] carreau:N2267200E3939200 dossier:transit
SUCCESS [12721] [2024-03-03 17:01:01] carreau:N2292800E3924800 dossier:transit
SUCCESS [12724] [2024-03-03 17:01:01] carreau:N2248000E3969600 dossier:transit
SUCCESS [12722] [2024-03-03 17:01:01] carreau:N2280000E3926400 dossier:transit
SUCCESS [12720] [2024-03-03 17:01:01] carreau:N2267200E3940800 dossier:transit
SUCCESS [12721] [2024-03-03 17:01:01] carreau:N2292800E3926400 dossier:transit
SUCCESS [12724] [2024-03-03 17:01:01] carreau:N2248000E3972800 dossier:transit
SUCCESS [12722] [2024-03-03 17:01:01] carreau:N2280000E3928000 dossier:transit
SUCCESS [12720] [2024-03-03 17:01:01] carreau:N2267200E3942400 dossier:transit
SUCCESS [12721] [2024-03-03 17:01:01] carreau:N2292800E3928000 dossier:transit
SUCCESS [12722] [2024-03-03 17:01:01] carreau:N2280000E3929600 dossier:transit
SUCCESS [12724] [2024-03-03 17:01:01] carreau:N2248000E3974400 dossier:transit
SUCCESS [12720] [2024-03-03 17:01:02] carreau:N2267200E3944000 dossier:transit
SUCCESS [12721] [2024-03-03 17:01:02] carreau:N2292800E3929600 dossier:transit
SUCCESS [12722] [2024-03-03 17:01:02] carreau:N2280000E3931200 dossier:transit
SUCCESS [12724] [2024-03-03 17:01:02] carreau:N2249600E3944000 dossier:transit
SUCCESS [12720] [2024-03-03 17:01:02] carreau:N2267200E3945600 dossier:transit
SUCCESS [12721] [2024-03-03 17:01:02] carreau:N2292800E3931200 dossier:transit
SUCCESS [12722] [2024-03-03 17:01:02] carreau:N2280000E3932800 dossier:transit
SUCCESS [12724] [2024-03-03 17:01:02] carreau:N2249600E3945600 dossier:transit
SUCCESS [12720] [2024-03-03 17:01:02] carreau:N2267200E3948800 dossier:transit
SUCCESS [12721] [2024-03-03 17:01:02] carreau:N2292800E3936000 dossier:transit
SUCCESS [12722] [2024-03-03 17:01:02] carreau:N2280000E3934400 dossier:transit
SUCCESS [12724] [2024-03-03 17:01:02] carreau:N2249600E3947200 dossier:transit
SUCCESS [12720] [2024-03-03 17:01:02] carreau:N2267200E3950400 dossier:transit
SUCCESS [12721] [2024-03-03 17:01:02] carreau:N2292800E3937600 dossier:transit
SUCCESS [12722] [2024-03-03 17:01:02] carreau:N2280000E3936000 dossier:transit
SUCCESS [12724] [2024-03-03 17:01:02] carreau:N2249600E3948800 dossier:transit
SUCCESS [12720] [2024-03-03 17:01:02] carreau:N2267200E3952000 dossier:transit
SUCCESS [12721] [2024-03-03 17:01:02] carreau:N2292800E3939200 dossier:transit
SUCCESS [12722] [2024-03-03 17:01:02] carreau:N2280000E3937600 dossier:transit
SUCCESS [12724] [2024-03-03 17:01:02] carreau:N2249600E3958400 dossier:transit
SUCCESS [12720] [2024-03-03 17:01:02] carreau:N2267200E3955200 dossier:transit
SUCCESS [12721] [2024-03-03 17:01:03] carreau:N2292800E3940800 dossier:transit
SUCCESS [12722] [2024-03-03 17:01:03] carreau:N2280000E3942400 dossier:transit
SUCCESS [12724] [2024-03-03 17:01:03] carreau:N2249600E3960000 dossier:transit
SUCCESS [12720] [2024-03-03 17:01:03] carreau:N2267200E3956800 dossier:transit
SUCCESS [12721] [2024-03-03 17:01:03] carreau:N2292800E3945600 dossier:transit
SUCCESS [12722] [2024-03-03 17:01:03] carreau:N2280000E3944000 dossier:transit
SUCCESS [12724] [2024-03-03 17:01:03] carreau:N2249600E3963200 dossier:transit
SUCCESS [12720] [2024-03-03 17:01:03] carreau:N2267200E3958400 dossier:transit
SUCCESS [12721] [2024-03-03 17:01:03] carreau:N2292800E3947200 dossier:transit
SUCCESS [12722] [2024-03-03 17:01:03] carreau:N2280000E3945600 dossier:transit
SUCCESS [12724] [2024-03-03 17:01:03] carreau:N2249600E3964800 dossier:transit
SUCCESS [12720] [2024-03-03 17:01:03] carreau:N2267200E3960000 dossier:transit
SUCCESS [12721] [2024-03-03 17:01:03] carreau:N2292800E3948800 dossier:transit
SUCCESS [12722] [2024-03-03 17:01:03] carreau:N2280000E3947200 dossier:transit
SUCCESS [12724] [2024-03-03 17:01:03] carreau:N2249600E3969600 dossier:transit
SUCCESS [12720] [2024-03-03 17:01:03] carreau:N2267200E3963200 dossier:transit
SUCCESS [12721] [2024-03-03 17:01:03] carreau:N2292800E3950400 dossier:transit
SUCCESS [12722] [2024-03-03 17:01:03] carreau:N2280000E3948800 dossier:transit
SUCCESS [12724] [2024-03-03 17:01:03] carreau:N2249600E3971200 dossier:transit
SUCCESS [12720] [2024-03-03 17:01:03] carreau:N2267200E3968000 dossier:transit
SUCCESS [12721] [2024-03-03 17:01:03] carreau:N2292800E3952000 dossier:transit
SUCCESS [12722] [2024-03-03 17:01:04] carreau:N2280000E3950400 dossier:transit
SUCCESS [12724] [2024-03-03 17:01:04] carreau:N2249600E3972800 dossier:transit
SUCCESS [12721] [2024-03-03 17:01:04] carreau:N2292800E3953600 dossier:transit
SUCCESS [12720] [2024-03-03 17:01:04] carreau:N2267200E3971200 dossier:transit
SUCCESS [12722] [2024-03-03 17:01:04] carreau:N2280000E3952000 dossier:transit
SUCCESS [12724] [2024-03-03 17:01:04] carreau:N2249600E3968000 dossier:transit
SUCCESS [12721] [2024-03-03 17:01:04] carreau:N2292800E3958400 dossier:transit
SUCCESS [12720] [2024-03-03 17:01:04] carreau:N2267200E3926400 dossier:transit
SUCCESS [12722] [2024-03-03 17:01:04] carreau:N2280000E3953600 dossier:transit
SUCCESS [12724] [2024-03-03 17:01:04] carreau:N2249600E3956800 dossier:transit
SUCCESS [12721] [2024-03-03 17:01:04] carreau:N2292800E3960000 dossier:transit
SUCCESS [12720] [2024-03-03 17:01:04] carreau:N2267200E3961600 dossier:transit
SUCCESS [12722] [2024-03-03 17:01:04] carreau:N2280000E3939200 dossier:transit
SUCCESS [12724] [2024-03-03 17:01:04] carreau:N2249600E3966400 dossier:transit
SUCCESS [12721] [2024-03-03 17:01:04] carreau:N2292800E3961600 dossier:transit
SUCCESS [12720] [2024-03-03 17:01:04] carreau:N2267200E3969600 dossier:transit
SUCCESS [12722] [2024-03-03 17:01:04] carreau:N2280000E3940800 dossier:transit
SUCCESS [12724] [2024-03-03 17:01:04] carreau:N2249600E3974400 dossier:transit
SUCCESS [12721] [2024-03-03 17:01:04] carreau:N2292800E3963200 dossier:transit
SUCCESS [12720] [2024-03-03 17:01:04] carreau:N2267200E3897600 dossier:transit
SUCCESS [12722] [2024-03-03 17:01:04] carreau:N2280000E3955200 dossier:transit
SUCCESS [12724] [2024-03-03 17:01:05] carreau:N2251200E3944000 dossier:transit
SUCCESS [12721] [2024-03-03 17:01:05] carreau:N2292800E3964800 dossier:transit
SUCCESS [12720] [2024-03-03 17:01:05] carreau:N2267200E3953600 dossier:transit
SUCCESS [12722] [2024-03-03 17:01:05] carreau:N2280000E3956800 dossier:transit
SUCCESS [12724] [2024-03-03 17:01:05] carreau:N2251200E3945600 dossier:transit
SUCCESS [12721] [2024-03-03 17:01:05] carreau:N2292800E3969600 dossier:transit
SUCCESS [12720] [2024-03-03 17:01:05] carreau:N2267200E3912000 dossier:transit
SUCCESS [12722] [2024-03-03 17:01:05] carreau:N2280000E3958400 dossier:transit
SUCCESS [12724] [2024-03-03 17:01:05] carreau:N2251200E3947200 dossier:transit
SUCCESS [12721] [2024-03-03 17:01:05] carreau:N2292800E3915200 dossier:transit
SUCCESS [12720] [2024-03-03 17:01:05] carreau:N2267200E3913600 dossier:transit
SUCCESS [12722] [2024-03-03 17:01:05] carreau:N2280000E3923200 dossier:transit
SUCCESS [12724] [2024-03-03 17:01:05] carreau:N2251200E3948800 dossier:transit
SUCCESS [12721] [2024-03-03 17:01:05] carreau:N2292800E3942400 dossier:transit
SUCCESS [12720] [2024-03-03 17:01:05] carreau:N2267200E3929600 dossier:transit
SUCCESS [12722] [2024-03-03 17:01:05] carreau:N2280000E3971200 dossier:transit
SUCCESS [12724] [2024-03-03 17:01:05] carreau:N2251200E3956800 dossier:transit
SUCCESS [12721] [2024-03-03 17:01:05] carreau:N2292800E3956800 dossier:transit
SUCCESS [12720] [2024-03-03 17:01:05] carreau:N2267200E3972800 dossier:transit
SUCCESS [12722] [2024-03-03 17:01:05] carreau:N2281600E3912000 dossier:transit
SUCCESS [12724] [2024-03-03 17:01:06] carreau:N2251200E3958400 dossier:transit
SUCCESS [12721] [2024-03-03 17:01:06] carreau:N2292800E3966400 dossier:transit
SUCCESS [12720] [2024-03-03 17:01:06] carreau:N2267200E3947200 dossier:transit
SUCCESS [12722] [2024-03-03 17:01:06] carreau:N2281600E3913600 dossier:transit
SUCCESS [12721] [2024-03-03 17:01:06] carreau:N2292800E3968000 dossier:transit
SUCCESS [12724] [2024-03-03 17:01:06] carreau:N2251200E3960000 dossier:transit
SUCCESS [12720] [2024-03-03 17:01:06] carreau:N2267200E3915200 dossier:transit
SUCCESS [12722] [2024-03-03 17:01:06] carreau:N2281600E3915200 dossier:transit
SUCCESS [12721] [2024-03-03 17:01:06] carreau:N2292800E3944000 dossier:transit
SUCCESS [12724] [2024-03-03 17:01:06] carreau:N2251200E3961600 dossier:transit
SUCCESS [12720] [2024-03-03 17:01:06] carreau:N2267200E3966400 dossier:transit
SUCCESS [12722] [2024-03-03 17:01:06] carreau:N2281600E3921600 dossier:transit
SUCCESS [12721] [2024-03-03 17:01:06] carreau:N2292800E3955200 dossier:transit
SUCCESS [12724] [2024-03-03 17:01:06] carreau:N2251200E3963200 dossier:transit
SUCCESS [12720] [2024-03-03 17:01:06] carreau:N2268800E3897600 dossier:transit
SUCCESS [12722] [2024-03-03 17:01:06] carreau:N2281600E3923200 dossier:transit
SUCCESS [12721] [2024-03-03 17:01:06] carreau:N2292800E3971200 dossier:transit
SUCCESS [12724] [2024-03-03 17:01:06] carreau:N2251200E3964800 dossier:transit
SUCCESS [12720] [2024-03-03 17:01:06] carreau:N2268800E3912000 dossier:transit
SUCCESS [12722] [2024-03-03 17:01:06] carreau:N2281600E3926400 dossier:transit
SUCCESS [12721] [2024-03-03 17:01:06] carreau:N2292800E3916800 dossier:transit
SUCCESS [12724] [2024-03-03 17:01:06] carreau:N2251200E3968000 dossier:transit
SUCCESS [12722] [2024-03-03 17:01:07] carreau:N2281600E3928000 dossier:transit
SUCCESS [12720] [2024-03-03 17:01:07] carreau:N2268800E3913600 dossier:transit
SUCCESS [12721] [2024-03-03 17:01:07] carreau:N2292800E3972800 dossier:transit
SUCCESS [12724] [2024-03-03 17:01:07] carreau:N2251200E3969600 dossier:transit
SUCCESS [12722] [2024-03-03 17:01:07] carreau:N2281600E3929600 dossier:transit
SUCCESS [12720] [2024-03-03 17:01:07] carreau:N2268800E3915200 dossier:transit
SUCCESS [12721] [2024-03-03 17:01:07] carreau:N2292800E3913600 dossier:transit
SUCCESS [12724] [2024-03-03 17:01:07] carreau:N2251200E3971200 dossier:transit
SUCCESS [12722] [2024-03-03 17:01:07] carreau:N2281600E3931200 dossier:transit
SUCCESS [12720] [2024-03-03 17:01:07] carreau:N2268800E3916800 dossier:transit
SUCCESS [12721] [2024-03-03 17:01:07] carreau:N2292800E3934400 dossier:transit
SUCCESS [12724] [2024-03-03 17:01:07] carreau:N2251200E3972800 dossier:transit
SUCCESS [12722] [2024-03-03 17:01:07] carreau:N2281600E3932800 dossier:transit
SUCCESS [12720] [2024-03-03 17:01:07] carreau:N2268800E3918400 dossier:transit
SUCCESS [12721] [2024-03-03 17:01:07] carreau:N2292800E3976000 dossier:transit
SUCCESS [12724] [2024-03-03 17:01:07] carreau:N2251200E3974400 dossier:transit
SUCCESS [12722] [2024-03-03 17:01:07] carreau:N2281600E3934400 dossier:transit
SUCCESS [12720] [2024-03-03 17:01:07] carreau:N2268800E3931200 dossier:transit
SUCCESS [12721] [2024-03-03 17:01:07] carreau:N2294400E3913600 dossier:transit
SUCCESS [12724] [2024-03-03 17:01:07] carreau:N2251200E3950400 dossier:transit
SUCCESS [12722] [2024-03-03 17:01:07] carreau:N2281600E3936000 dossier:transit
SUCCESS [12720] [2024-03-03 17:01:07] carreau:N2268800E3932800 dossier:transit
SUCCESS [12721] [2024-03-03 17:01:08] carreau:N2294400E3915200 dossier:transit
SUCCESS [12724] [2024-03-03 17:01:08] carreau:N2251200E3955200 dossier:transit
SUCCESS [12722] [2024-03-03 17:01:08] carreau:N2281600E3937600 dossier:transit
SUCCESS [12720] [2024-03-03 17:01:08] carreau:N2268800E3934400 dossier:transit
SUCCESS [12721] [2024-03-03 17:01:08] carreau:N2294400E3916800 dossier:transit
SUCCESS [12724] [2024-03-03 17:01:08] carreau:N2251200E3953600 dossier:transit
SUCCESS [12722] [2024-03-03 17:01:08] carreau:N2281600E3939200 dossier:transit
SUCCESS [12720] [2024-03-03 17:01:08] carreau:N2268800E3936000 dossier:transit
SUCCESS [12721] [2024-03-03 17:01:08] carreau:N2294400E3920000 dossier:transit
SUCCESS [12724] [2024-03-03 17:01:08] carreau:N2251200E3942400 dossier:transit
SUCCESS [12722] [2024-03-03 17:01:08] carreau:N2281600E3940800 dossier:transit
SUCCESS [12720] [2024-03-03 17:01:08] carreau:N2268800E3937600 dossier:transit
SUCCESS [12721] [2024-03-03 17:01:08] carreau:N2294400E3921600 dossier:transit
SUCCESS [12722] [2024-03-03 17:01:08] carreau:N2281600E3945600 dossier:transit
SUCCESS [12724] [2024-03-03 17:01:08] carreau:N2251200E3952000 dossier:transit
SUCCESS [12720] [2024-03-03 17:01:08] carreau:N2268800E3939200 dossier:transit
SUCCESS [12721] [2024-03-03 17:01:08] carreau:N2294400E3923200 dossier:transit
SUCCESS [12722] [2024-03-03 17:01:08] carreau:N2281600E3947200 dossier:transit
SUCCESS [12724] [2024-03-03 17:01:08] carreau:N2252800E3942400 dossier:transit
SUCCESS [12720] [2024-03-03 17:01:08] carreau:N2268800E3940800 dossier:transit
SUCCESS [12721] [2024-03-03 17:01:09] carreau:N2294400E3924800 dossier:transit
SUCCESS [12722] [2024-03-03 17:01:09] carreau:N2281600E3948800 dossier:transit
SUCCESS [12724] [2024-03-03 17:01:09] carreau:N2252800E3944000 dossier:transit
SUCCESS [12720] [2024-03-03 17:01:09] carreau:N2268800E3942400 dossier:transit
SUCCESS [12721] [2024-03-03 17:01:09] carreau:N2294400E3926400 dossier:transit
SUCCESS [12722] [2024-03-03 17:01:09] carreau:N2281600E3950400 dossier:transit
SUCCESS [12724] [2024-03-03 17:01:09] carreau:N2252800E3945600 dossier:transit
SUCCESS [12720] [2024-03-03 17:01:09] carreau:N2268800E3944000 dossier:transit
SUCCESS [12721] [2024-03-03 17:01:09] carreau:N2294400E3928000 dossier:transit
SUCCESS [12722] [2024-03-03 17:01:09] carreau:N2281600E3952000 dossier:transit
SUCCESS [12724] [2024-03-03 17:01:09] carreau:N2252800E3947200 dossier:transit
SUCCESS [12720] [2024-03-03 17:01:09] carreau:N2268800E3945600 dossier:transit
SUCCESS [12721] [2024-03-03 17:01:09] carreau:N2294400E3929600 dossier:transit
SUCCESS [12722] [2024-03-03 17:01:09] carreau:N2281600E3953600 dossier:transit
SUCCESS [12724] [2024-03-03 17:01:09] carreau:N2252800E3948800 dossier:transit
SUCCESS [12720] [2024-03-03 17:01:09] carreau:N2268800E3947200 dossier:transit
SUCCESS [12721] [2024-03-03 17:01:09] carreau:N2294400E3931200 dossier:transit
SUCCESS [12722] [2024-03-03 17:01:09] carreau:N2281600E3955200 dossier:transit
SUCCESS [12724] [2024-03-03 17:01:09] carreau:N2252800E3950400 dossier:transit
SUCCESS [12720] [2024-03-03 17:01:09] carreau:N2268800E3948800 dossier:transit
SUCCESS [12721] [2024-03-03 17:01:09] carreau:N2294400E3932800 dossier:transit
SUCCESS [12722] [2024-03-03 17:01:10] carreau:N2281600E3956800 dossier:transit
SUCCESS [12724] [2024-03-03 17:01:10] carreau:N2252800E3952000 dossier:transit
SUCCESS [12720] [2024-03-03 17:01:10] carreau:N2268800E3950400 dossier:transit
SUCCESS [12721] [2024-03-03 17:01:10] carreau:N2294400E3934400 dossier:transit
SUCCESS [12722] [2024-03-03 17:01:10] carreau:N2281600E3958400 dossier:transit
SUCCESS [12724] [2024-03-03 17:01:10] carreau:N2252800E3953600 dossier:transit
SUCCESS [12720] [2024-03-03 17:01:10] carreau:N2268800E3952000 dossier:transit
SUCCESS [12721] [2024-03-03 17:01:10] carreau:N2294400E3936000 dossier:transit
SUCCESS [12722] [2024-03-03 17:01:10] carreau:N2281600E3916800 dossier:transit
SUCCESS [12724] [2024-03-03 17:01:10] carreau:N2252800E3955200 dossier:transit
SUCCESS [12720] [2024-03-03 17:01:10] carreau:N2268800E3953600 dossier:transit
SUCCESS [12721] [2024-03-03 17:01:10] carreau:N2294400E3937600 dossier:transit
SUCCESS [12722] [2024-03-03 17:01:10] carreau:N2281600E3924800 dossier:transit
SUCCESS [12724] [2024-03-03 17:01:10] carreau:N2252800E3956800 dossier:transit
SUCCESS [12720] [2024-03-03 17:01:10] carreau:N2268800E3955200 dossier:transit
SUCCESS [12721] [2024-03-03 17:01:10] carreau:N2294400E3939200 dossier:transit
SUCCESS [12722] [2024-03-03 17:01:10] carreau:N2281600E3942400 dossier:transit
SUCCESS [12724] [2024-03-03 17:01:10] carreau:N2252800E3958400 dossier:transit
SUCCESS [12720] [2024-03-03 17:01:10] carreau:N2268800E3956800 dossier:transit
SUCCESS [12721] [2024-03-03 17:01:10] carreau:N2294400E3942400 dossier:transit
SUCCESS [12722] [2024-03-03 17:01:10] carreau:N2281600E3944000 dossier:transit
SUCCESS [12724] [2024-03-03 17:01:10] carreau:N2252800E3960000 dossier:transit
SUCCESS [12720] [2024-03-03 17:01:11] carreau:N2268800E3958400 dossier:transit
SUCCESS [12721] [2024-03-03 17:01:11] carreau:N2294400E3944000 dossier:transit
SUCCESS [12722] [2024-03-03 17:01:11] carreau:N2281600E3960000 dossier:transit
SUCCESS [12724] [2024-03-03 17:01:11] carreau:N2252800E3961600 dossier:transit
SUCCESS [12720] [2024-03-03 17:01:11] carreau:N2268800E3960000 dossier:transit
SUCCESS [12721] [2024-03-03 17:01:11] carreau:N2294400E3945600 dossier:transit
SUCCESS [12722] [2024-03-03 17:01:11] carreau:N2281600E3963200 dossier:transit
SUCCESS [12724] [2024-03-03 17:01:11] carreau:N2252800E3963200 dossier:transit
SUCCESS [12720] [2024-03-03 17:01:11] carreau:N2268800E3961600 dossier:transit
SUCCESS [12721] [2024-03-03 17:01:11] carreau:N2294400E3947200 dossier:transit
SUCCESS [12722] [2024-03-03 17:01:11] carreau:N2281600E3964800 dossier:transit
SUCCESS [12724] [2024-03-03 17:01:11] carreau:N2252800E3964800 dossier:transit
SUCCESS [12720] [2024-03-03 17:01:11] carreau:N2268800E3963200 dossier:transit
SUCCESS [12721] [2024-03-03 17:01:11] carreau:N2294400E3948800 dossier:transit
SUCCESS [12722] [2024-03-03 17:01:11] carreau:N2281600E3968000 dossier:transit
SUCCESS [12724] [2024-03-03 17:01:11] carreau:N2252800E3966400 dossier:transit
SUCCESS [12720] [2024-03-03 17:01:11] carreau:N2268800E3968000 dossier:transit
SUCCESS [12721] [2024-03-03 17:01:11] carreau:N2294400E3950400 dossier:transit
SUCCESS [12722] [2024-03-03 17:01:11] carreau:N2281600E3961600 dossier:transit
SUCCESS [12724] [2024-03-03 17:01:11] carreau:N2252800E3937600 dossier:transit
SUCCESS [12720] [2024-03-03 17:01:12] carreau:N2268800E3969600 dossier:transit
SUCCESS [12721] [2024-03-03 17:01:12] carreau:N2294400E3952000 dossier:transit
SUCCESS [12722] [2024-03-03 17:01:12] carreau:N2281600E3966400 dossier:transit
SUCCESS [12724] [2024-03-03 17:01:12] carreau:N2252800E3972800 dossier:transit
SUCCESS [12720] [2024-03-03 17:01:12] carreau:N2268800E3971200 dossier:transit
SUCCESS [12721] [2024-03-03 17:01:12] carreau:N2294400E3953600 dossier:transit
SUCCESS [12722] [2024-03-03 17:01:12] carreau:N2281600E3918400 dossier:transit
SUCCESS [12724] [2024-03-03 17:01:12] carreau:N2252800E3939200 dossier:transit
SUCCESS [12720] [2024-03-03 17:01:12] carreau:N2268800E3972800 dossier:transit
SUCCESS [12721] [2024-03-03 17:01:12] carreau:N2294400E3956800 dossier:transit
SUCCESS [12722] [2024-03-03 17:01:12] carreau:N2281600E3969600 dossier:transit
SUCCESS [12724] [2024-03-03 17:01:12] carreau:N2254400E3942400 dossier:transit
SUCCESS [12720] [2024-03-03 17:01:12] carreau:N2268800E3899200 dossier:transit
SUCCESS [12721] [2024-03-03 17:01:12] carreau:N2294400E3958400 dossier:transit
SUCCESS [12722] [2024-03-03 17:01:12] carreau:N2281600E3910400 dossier:transit
SUCCESS [12724] [2024-03-03 17:01:12] carreau:N2254400E3944000 dossier:transit
SUCCESS [12720] [2024-03-03 17:01:12] carreau:N2268800E3964800 dossier:transit
SUCCESS [12722] [2024-03-03 17:01:12] carreau:N2281600E3920000 dossier:transit
SUCCESS [12721] [2024-03-03 17:01:12] carreau:N2294400E3960000 dossier:transit
SUCCESS [12724] [2024-03-03 17:01:12] carreau:N2254400E3945600 dossier:transit
SUCCESS [12720] [2024-03-03 17:01:12] carreau:N2268800E3966400 dossier:transit
SUCCESS [12722] [2024-03-03 17:01:12] carreau:N2283200E3912000 dossier:transit
SUCCESS [12721] [2024-03-03 17:01:12] carreau:N2294400E3961600 dossier:transit
SUCCESS [12724] [2024-03-03 17:01:13] carreau:N2254400E3947200 dossier:transit
SUCCESS [12720] [2024-03-03 17:01:13] carreau:N2268800E3920000 dossier:transit
SUCCESS [12722] [2024-03-03 17:01:13] carreau:N2283200E3913600 dossier:transit
SUCCESS [12721] [2024-03-03 17:01:13] carreau:N2294400E3971200 dossier:transit
SUCCESS [12724] [2024-03-03 17:01:13] carreau:N2254400E3948800 dossier:transit
SUCCESS [12720] [2024-03-03 17:01:13] carreau:N2268800E3929600 dossier:transit
SUCCESS [12722] [2024-03-03 17:01:13] carreau:N2283200E3915200 dossier:transit
SUCCESS [12721] [2024-03-03 17:01:13] carreau:N2294400E3912000 dossier:transit
SUCCESS [12724] [2024-03-03 17:01:13] carreau:N2254400E3950400 dossier:transit
SUCCESS [12722] [2024-03-03 17:01:13] carreau:N2283200E3918400 dossier:transit
SUCCESS [12720] [2024-03-03 17:01:13] carreau:N2268800E3974400 dossier:transit
SUCCESS [12721] [2024-03-03 17:01:13] carreau:N2294400E3940800 dossier:transit
SUCCESS [12724] [2024-03-03 17:01:13] carreau:N2254400E3952000 dossier:transit
SUCCESS [12722] [2024-03-03 17:01:13] carreau:N2283200E3920000 dossier:transit
SUCCESS [12720] [2024-03-03 17:01:13] carreau:N2270400E3912000 dossier:transit
SUCCESS [12721] [2024-03-03 17:01:13] carreau:N2294400E3976000 dossier:transit
SUCCESS [12724] [2024-03-03 17:01:13] carreau:N2254400E3953600 dossier:transit
SUCCESS [12722] [2024-03-03 17:01:13] carreau:N2283200E3928000 dossier:transit
SUCCESS [12721] [2024-03-03 17:01:13] carreau:N2294400E3963200 dossier:transit
SUCCESS [12720] [2024-03-03 17:01:13] carreau:N2270400E3913600 dossier:transit
SUCCESS [12724] [2024-03-03 17:01:14] carreau:N2254400E3955200 dossier:transit
SUCCESS [12722] [2024-03-03 17:01:14] carreau:N2283200E3929600 dossier:transit
SUCCESS [12721] [2024-03-03 17:01:14] carreau:N2294400E3972800 dossier:transit
SUCCESS [12720] [2024-03-03 17:01:14] carreau:N2270400E3915200 dossier:transit
SUCCESS [12724] [2024-03-03 17:01:14] carreau:N2254400E3956800 dossier:transit
SUCCESS [12722] [2024-03-03 17:01:14] carreau:N2283200E3931200 dossier:transit
SUCCESS [12721] [2024-03-03 17:01:14] carreau:N2294400E3974400 dossier:transit
SUCCESS [12720] [2024-03-03 17:01:14] carreau:N2270400E3916800 dossier:transit
SUCCESS [12724] [2024-03-03 17:01:14] carreau:N2254400E3958400 dossier:transit
SUCCESS [12722] [2024-03-03 17:01:14] carreau:N2283200E3932800 dossier:transit
SUCCESS [12721] [2024-03-03 17:01:14] carreau:N2294400E3918400 dossier:transit
SUCCESS [12720] [2024-03-03 17:01:14] carreau:N2270400E3918400 dossier:transit
SUCCESS [12724] [2024-03-03 17:01:14] carreau:N2254400E3960000 dossier:transit
SUCCESS [12722] [2024-03-03 17:01:14] carreau:N2283200E3934400 dossier:transit
SUCCESS [12721] [2024-03-03 17:01:14] carreau:N2294400E3955200 dossier:transit
SUCCESS [12720] [2024-03-03 17:01:14] carreau:N2270400E3920000 dossier:transit
SUCCESS [12724] [2024-03-03 17:01:14] carreau:N2254400E3961600 dossier:transit
SUCCESS [12722] [2024-03-03 17:01:14] carreau:N2283200E3936000 dossier:transit
SUCCESS [12721] [2024-03-03 17:01:14] carreau:N2296000E3913600 dossier:transit
SUCCESS [12720] [2024-03-03 17:01:14] carreau:N2270400E3929600 dossier:transit
SUCCESS [12724] [2024-03-03 17:01:15] carreau:N2254400E3963200 dossier:transit
SUCCESS [12722] [2024-03-03 17:01:15] carreau:N2283200E3937600 dossier:transit
SUCCESS [12721] [2024-03-03 17:01:15] carreau:N2296000E3920000 dossier:transit
SUCCESS [12720] [2024-03-03 17:01:15] carreau:N2270400E3934400 dossier:transit
SUCCESS [12724] [2024-03-03 17:01:15] carreau:N2254400E3964800 dossier:transit
SUCCESS [12722] [2024-03-03 17:01:15] carreau:N2283200E3939200 dossier:transit
SUCCESS [12721] [2024-03-03 17:01:15] carreau:N2296000E3921600 dossier:transit
SUCCESS [12720] [2024-03-03 17:01:15] carreau:N2270400E3936000 dossier:transit
SUCCESS [12724] [2024-03-03 17:01:15] carreau:N2256000E3944000 dossier:transit
SUCCESS [12722] [2024-03-03 17:01:15] carreau:N2283200E3940800 dossier:transit
SUCCESS [12721] [2024-03-03 17:01:15] carreau:N2296000E3923200 dossier:transit
SUCCESS [12720] [2024-03-03 17:01:15] carreau:N2270400E3937600 dossier:transit
SUCCESS [12722] [2024-03-03 17:01:15] carreau:N2283200E3942400 dossier:transit
SUCCESS [12724] [2024-03-03 17:01:15] carreau:N2256000E3945600 dossier:transit
SUCCESS [12721] [2024-03-03 17:01:15] carreau:N2296000E3924800 dossier:transit
SUCCESS [12720] [2024-03-03 17:01:15] carreau:N2270400E3942400 dossier:transit
SUCCESS [12722] [2024-03-03 17:01:15] carreau:N2283200E3944000 dossier:transit
SUCCESS [12724] [2024-03-03 17:01:15] carreau:N2256000E3947200 dossier:transit
SUCCESS [12721] [2024-03-03 17:01:15] carreau:N2296000E3926400 dossier:transit
SUCCESS [12720] [2024-03-03 17:01:15] carreau:N2270400E3944000 dossier:transit
SUCCESS [12722] [2024-03-03 17:01:15] carreau:N2283200E3945600 dossier:transit
SUCCESS [12724] [2024-03-03 17:01:15] carreau:N2256000E3948800 dossier:transit
SUCCESS [12721] [2024-03-03 17:01:16] carreau:N2296000E3929600 dossier:transit
SUCCESS [12720] [2024-03-03 17:01:16] carreau:N2270400E3945600 dossier:transit
SUCCESS [12722] [2024-03-03 17:01:16] carreau:N2283200E3947200 dossier:transit
SUCCESS [12724] [2024-03-03 17:01:16] carreau:N2256000E3950400 dossier:transit
SUCCESS [12721] [2024-03-03 17:01:16] carreau:N2296000E3931200 dossier:transit
SUCCESS [12720] [2024-03-03 17:01:16] carreau:N2270400E3947200 dossier:transit
SUCCESS [12722] [2024-03-03 17:01:16] carreau:N2283200E3948800 dossier:transit
SUCCESS [12724] [2024-03-03 17:01:16] carreau:N2256000E3952000 dossier:transit
SUCCESS [12721] [2024-03-03 17:01:16] carreau:N2296000E3932800 dossier:transit
SUCCESS [12720] [2024-03-03 17:01:16] carreau:N2270400E3948800 dossier:transit
SUCCESS [12722] [2024-03-03 17:01:16] carreau:N2283200E3950400 dossier:transit
SUCCESS [12724] [2024-03-03 17:01:16] carreau:N2256000E3955200 dossier:transit
SUCCESS [12721] [2024-03-03 17:01:16] carreau:N2296000E3934400 dossier:transit
SUCCESS [12720] [2024-03-03 17:01:16] carreau:N2270400E3950400 dossier:transit
SUCCESS [12722] [2024-03-03 17:01:16] carreau:N2283200E3952000 dossier:transit
SUCCESS [12724] [2024-03-03 17:01:16] carreau:N2256000E3956800 dossier:transit
SUCCESS [12721] [2024-03-03 17:01:16] carreau:N2296000E3936000 dossier:transit
SUCCESS [12720] [2024-03-03 17:01:16] carreau:N2270400E3952000 dossier:transit
SUCCESS [12722] [2024-03-03 17:01:16] carreau:N2283200E3953600 dossier:transit
SUCCESS [12724] [2024-03-03 17:01:16] carreau:N2256000E3958400 dossier:transit
SUCCESS [12721] [2024-03-03 17:01:16] carreau:N2296000E3937600 dossier:transit
SUCCESS [12720] [2024-03-03 17:01:16] carreau:N2270400E3953600 dossier:transit
SUCCESS [12722] [2024-03-03 17:01:17] carreau:N2283200E3955200 dossier:transit
SUCCESS [12724] [2024-03-03 17:01:17] carreau:N2256000E3960000 dossier:transit
SUCCESS [12721] [2024-03-03 17:01:17] carreau:N2296000E3939200 dossier:transit
SUCCESS [12720] [2024-03-03 17:01:17] carreau:N2270400E3956800 dossier:transit
SUCCESS [12722] [2024-03-03 17:01:17] carreau:N2283200E3960000 dossier:transit
SUCCESS [12724] [2024-03-03 17:01:17] carreau:N2256000E3961600 dossier:transit
SUCCESS [12721] [2024-03-03 17:01:17] carreau:N2296000E3942400 dossier:transit
SUCCESS [12720] [2024-03-03 17:01:17] carreau:N2270400E3958400 dossier:transit
SUCCESS [12722] [2024-03-03 17:01:17] carreau:N2283200E3921600 dossier:transit
SUCCESS [12721] [2024-03-03 17:01:17] carreau:N2296000E3944000 dossier:transit
SUCCESS [12724] [2024-03-03 17:01:17] carreau:N2256000E3963200 dossier:transit
SUCCESS [12720] [2024-03-03 17:01:17] carreau:N2270400E3960000 dossier:transit
SUCCESS [12722] [2024-03-03 17:01:17] carreau:N2283200E3926400 dossier:transit
SUCCESS [12721] [2024-03-03 17:01:17] carreau:N2296000E3945600 dossier:transit
SUCCESS [12724] [2024-03-03 17:01:17] carreau:N2256000E3953600 dossier:transit
SUCCESS [12720] [2024-03-03 17:01:17] carreau:N2270400E3961600 dossier:transit
SUCCESS [12722] [2024-03-03 17:01:17] carreau:N2283200E3963200 dossier:transit
SUCCESS [12721] [2024-03-03 17:01:17] carreau:N2296000E3950400 dossier:transit
SUCCESS [12724] [2024-03-03 17:01:17] carreau:N2256000E3964800 dossier:transit
SUCCESS [12720] [2024-03-03 17:01:17] carreau:N2270400E3963200 dossier:transit
SUCCESS [12722] [2024-03-03 17:01:18] carreau:N2283200E3916800 dossier:transit
SUCCESS [12721] [2024-03-03 17:01:18] carreau:N2296000E3952000 dossier:transit
SUCCESS [12724] [2024-03-03 17:01:18] carreau:N2256000E3969600 dossier:transit
SUCCESS [12720] [2024-03-03 17:01:18] carreau:N2270400E3964800 dossier:transit
SUCCESS [12722] [2024-03-03 17:01:18] carreau:N2283200E3964800 dossier:transit
SUCCESS [12721] [2024-03-03 17:01:18] carreau:N2296000E3955200 dossier:transit
SUCCESS [12724] [2024-03-03 17:01:18] carreau:N2257600E3944000 dossier:transit
SUCCESS [12720] [2024-03-03 17:01:18] carreau:N2270400E3966400 dossier:transit
SUCCESS [12722] [2024-03-03 17:01:18] carreau:N2283200E3908800 dossier:transit
SUCCESS [12721] [2024-03-03 17:01:18] carreau:N2296000E3956800 dossier:transit
SUCCESS [12724] [2024-03-03 17:01:18] carreau:N2257600E3945600 dossier:transit
SUCCESS [12720] [2024-03-03 17:01:18] carreau:N2270400E3968000 dossier:transit
SUCCESS [12722] [2024-03-03 17:01:18] carreau:N2284800E3912000 dossier:transit
SUCCESS [12721] [2024-03-03 17:01:18] carreau:N2296000E3958400 dossier:transit
SUCCESS [12724] [2024-03-03 17:01:18] carreau:N2257600E3947200 dossier:transit
SUCCESS [12720] [2024-03-03 17:01:18] carreau:N2270400E3969600 dossier:transit
SUCCESS [12722] [2024-03-03 17:01:18] carreau:N2284800E3913600 dossier:transit
SUCCESS [12721] [2024-03-03 17:01:18] carreau:N2296000E3960000 dossier:transit
SUCCESS [12724] [2024-03-03 17:01:18] carreau:N2257600E3948800 dossier:transit
SUCCESS [12720] [2024-03-03 17:01:18] carreau:N2270400E3971200 dossier:transit
SUCCESS [12722] [2024-03-03 17:01:18] carreau:N2284800E3915200 dossier:transit
SUCCESS [12721] [2024-03-03 17:01:19] carreau:N2296000E3961600 dossier:transit
SUCCESS [12724] [2024-03-03 17:01:19] carreau:N2257600E3950400 dossier:transit
SUCCESS [12720] [2024-03-03 17:01:19] carreau:N2270400E3972800 dossier:transit
SUCCESS [12722] [2024-03-03 17:01:19] carreau:N2284800E3916800 dossier:transit
SUCCESS [12721] [2024-03-03 17:01:19] carreau:N2296000E3972800 dossier:transit
SUCCESS [12724] [2024-03-03 17:01:19] carreau:N2257600E3952000 dossier:transit
SUCCESS [12720] [2024-03-03 17:01:19] carreau:N2270400E3896000 dossier:transit
SUCCESS [12722] [2024-03-03 17:01:19] carreau:N2284800E3918400 dossier:transit
SUCCESS [12721] [2024-03-03 17:01:19] carreau:N2296000E3974400 dossier:transit
SUCCESS [12724] [2024-03-03 17:01:19] carreau:N2257600E3953600 dossier:transit
SUCCESS [12720] [2024-03-03 17:01:19] carreau:N2270400E3955200 dossier:transit
SUCCESS [12722] [2024-03-03 17:01:19] carreau:N2284800E3920000 dossier:transit
SUCCESS [12721] [2024-03-03 17:01:19] carreau:N2296000E3976000 dossier:transit
SUCCESS [12724] [2024-03-03 17:01:19] carreau:N2257600E3960000 dossier:transit
SUCCESS [12720] [2024-03-03 17:01:19] carreau:N2270400E3974400 dossier:transit
SUCCESS [12722] [2024-03-03 17:01:19] carreau:N2284800E3921600 dossier:transit
SUCCESS [12721] [2024-03-03 17:01:19] carreau:N2296000E3940800 dossier:transit
SUCCESS [12724] [2024-03-03 17:01:19] carreau:N2257600E3961600 dossier:transit
SUCCESS [12720] [2024-03-03 17:01:19] carreau:N2270400E3931200 dossier:transit
SUCCESS [12722] [2024-03-03 17:01:19] carreau:N2284800E3936000 dossier:transit
SUCCESS [12721] [2024-03-03 17:01:19] carreau:N2296000E3948800 dossier:transit
SUCCESS [12724] [2024-03-03 17:01:20] carreau:N2257600E3963200 dossier:transit
SUCCESS [12720] [2024-03-03 17:01:20] carreau:N2270400E3910400 dossier:transit
SUCCESS [12722] [2024-03-03 17:01:20] carreau:N2284800E3937600 dossier:transit
SUCCESS [12721] [2024-03-03 17:01:20] carreau:N2296000E3928000 dossier:transit
SUCCESS [12724] [2024-03-03 17:01:20] carreau:N2257600E3964800 dossier:transit
SUCCESS [12720] [2024-03-03 17:01:20] carreau:N2270400E3932800 dossier:transit
SUCCESS [12722] [2024-03-03 17:01:20] carreau:N2284800E3939200 dossier:transit
SUCCESS [12721] [2024-03-03 17:01:20] carreau:N2296000E3947200 dossier:transit
SUCCESS [12724] [2024-03-03 17:01:20] carreau:N2257600E3966400 dossier:transit
SUCCESS [12722] [2024-03-03 17:01:20] carreau:N2284800E3942400 dossier:transit
SUCCESS [12720] [2024-03-03 17:01:20] carreau:N2270400E3940800 dossier:transit
SUCCESS [12721] [2024-03-03 17:01:20] carreau:N2296000E3918400 dossier:transit
SUCCESS [12724] [2024-03-03 17:01:20] carreau:N2257600E3955200 dossier:transit
SUCCESS [12722] [2024-03-03 17:01:20] carreau:N2284800E3944000 dossier:transit
SUCCESS [12720] [2024-03-03 17:01:20] carreau:N2272000E3910400 dossier:transit
SUCCESS [12721] [2024-03-03 17:01:20] carreau:N2296000E3971200 dossier:transit
SUCCESS [12724] [2024-03-03 17:01:20] carreau:N2257600E3942400 dossier:transit
SUCCESS [12722] [2024-03-03 17:01:20] carreau:N2284800E3945600 dossier:transit
SUCCESS [12720] [2024-03-03 17:01:20] carreau:N2272000E3912000 dossier:transit
SUCCESS [12721] [2024-03-03 17:01:20] carreau:N2296000E3953600 dossier:transit
SUCCESS [12724] [2024-03-03 17:01:20] carreau:N2257600E3968000 dossier:transit
SUCCESS [12722] [2024-03-03 17:01:21] carreau:N2284800E3947200 dossier:transit
SUCCESS [12720] [2024-03-03 17:01:21] carreau:N2272000E3915200 dossier:transit
SUCCESS [12721] [2024-03-03 17:01:21] carreau:N2297600E3918400 dossier:transit
SUCCESS [12724] [2024-03-03 17:01:21] carreau:N2257600E3972800 dossier:transit
SUCCESS [12722] [2024-03-03 17:01:21] carreau:N2284800E3948800 dossier:transit
SUCCESS [12720] [2024-03-03 17:01:21] carreau:N2272000E3916800 dossier:transit
SUCCESS [12721] [2024-03-03 17:01:21] carreau:N2297600E3920000 dossier:transit
SUCCESS [12724] [2024-03-03 17:01:21] carreau:N2259200E3924800 dossier:transit
SUCCESS [12722] [2024-03-03 17:01:21] carreau:N2284800E3950400 dossier:transit
SUCCESS [12720] [2024-03-03 17:01:21] carreau:N2272000E3918400 dossier:transit
SUCCESS [12721] [2024-03-03 17:01:21] carreau:N2297600E3921600 dossier:transit
SUCCESS [12724] [2024-03-03 17:01:21] carreau:N2259200E3926400 dossier:transit
SUCCESS [12722] [2024-03-03 17:01:21] carreau:N2284800E3952000 dossier:transit
SUCCESS [12720] [2024-03-03 17:01:21] carreau:N2272000E3932800 dossier:transit
SUCCESS [12721] [2024-03-03 17:01:21] carreau:N2297600E3923200 dossier:transit
SUCCESS [12724] [2024-03-03 17:01:21] carreau:N2259200E3928000 dossier:transit
SUCCESS [12722] [2024-03-03 17:01:21] carreau:N2284800E3953600 dossier:transit
SUCCESS [12720] [2024-03-03 17:01:21] carreau:N2272000E3934400 dossier:transit
SUCCESS [12721] [2024-03-03 17:01:21] carreau:N2297600E3924800 dossier:transit
SUCCESS [12724] [2024-03-03 17:01:21] carreau:N2259200E3931200 dossier:transit
SUCCESS [12722] [2024-03-03 17:01:21] carreau:N2284800E3955200 dossier:transit
SUCCESS [12720] [2024-03-03 17:01:21] carreau:N2272000E3936000 dossier:transit
SUCCESS [12721] [2024-03-03 17:01:22] carreau:N2297600E3928000 dossier:transit
SUCCESS [12724] [2024-03-03 17:01:22] carreau:N2259200E3942400 dossier:transit
SUCCESS [12722] [2024-03-03 17:01:22] carreau:N2284800E3956800 dossier:transit
SUCCESS [12720] [2024-03-03 17:01:22] carreau:N2272000E3937600 dossier:transit
SUCCESS [12721] [2024-03-03 17:01:22] carreau:N2297600E3932800 dossier:transit
SUCCESS [12724] [2024-03-03 17:01:22] carreau:N2259200E3944000 dossier:transit
SUCCESS [12722] [2024-03-03 17:01:22] carreau:N2284800E3926400 dossier:transit
SUCCESS [12720] [2024-03-03 17:01:22] carreau:N2272000E3939200 dossier:transit
SUCCESS [12721] [2024-03-03 17:01:22] carreau:N2297600E3934400 dossier:transit
SUCCESS [12724] [2024-03-03 17:01:22] carreau:N2259200E3945600 dossier:transit
SUCCESS [12722] [2024-03-03 17:01:22] carreau:N2284800E3940800 dossier:transit
SUCCESS [12720] [2024-03-03 17:01:22] carreau:N2272000E3940800 dossier:transit
SUCCESS [12721] [2024-03-03 17:01:22] carreau:N2297600E3936000 dossier:transit
SUCCESS [12724] [2024-03-03 17:01:22] carreau:N2259200E3947200 dossier:transit
SUCCESS [12722] [2024-03-03 17:01:22] carreau:N2284800E3966400 dossier:transit
SUCCESS [12720] [2024-03-03 17:01:22] carreau:N2272000E3942400 dossier:transit
SUCCESS [12721] [2024-03-03 17:01:22] carreau:N2297600E3937600 dossier:transit
SUCCESS [12722] [2024-03-03 17:01:22] carreau:N2284800E3928000 dossier:transit
SUCCESS [12724] [2024-03-03 17:01:22] carreau:N2259200E3948800 dossier:transit
SUCCESS [12720] [2024-03-03 17:01:22] carreau:N2272000E3944000 dossier:transit
SUCCESS [12721] [2024-03-03 17:01:22] carreau:N2297600E3939200 dossier:transit
SUCCESS [12722] [2024-03-03 17:01:23] carreau:N2284800E3968000 dossier:transit
SUCCESS [12724] [2024-03-03 17:01:23] carreau:N2259200E3950400 dossier:transit
SUCCESS [12720] [2024-03-03 17:01:23] carreau:N2272000E3945600 dossier:transit
SUCCESS [12721] [2024-03-03 17:01:23] carreau:N2297600E3940800 dossier:transit
SUCCESS [12722] [2024-03-03 17:01:23] carreau:N2284800E3923200 dossier:transit
SUCCESS [12724] [2024-03-03 17:01:23] carreau:N2259200E3952000 dossier:transit
SUCCESS [12720] [2024-03-03 17:01:23] carreau:N2272000E3947200 dossier:transit
SUCCESS [12721] [2024-03-03 17:01:23] carreau:N2297600E3942400 dossier:transit
SUCCESS [12722] [2024-03-03 17:01:23] carreau:N2284800E3910400 dossier:transit
SUCCESS [12724] [2024-03-03 17:01:23] carreau:N2259200E3953600 dossier:transit
SUCCESS [12720] [2024-03-03 17:01:23] carreau:N2272000E3948800 dossier:transit
SUCCESS [12721] [2024-03-03 17:01:23] carreau:N2297600E3944000 dossier:transit
SUCCESS [12722] [2024-03-03 17:01:23] carreau:N2284800E3932800 dossier:transit
SUCCESS [12724] [2024-03-03 17:01:23] carreau:N2259200E3960000 dossier:transit
SUCCESS [12720] [2024-03-03 17:01:23] carreau:N2272000E3950400 dossier:transit
SUCCESS [12721] [2024-03-03 17:01:23] carreau:N2297600E3947200 dossier:transit
SUCCESS [12722] [2024-03-03 17:01:23] carreau:N2284800E3960000 dossier:transit
SUCCESS [12724] [2024-03-03 17:01:23] carreau:N2259200E3961600 dossier:transit
SUCCESS [12720] [2024-03-03 17:01:23] carreau:N2272000E3952000 dossier:transit
SUCCESS [12721] [2024-03-03 17:01:23] carreau:N2297600E3948800 dossier:transit
SUCCESS [12722] [2024-03-03 17:01:23] carreau:N2286400E3912000 dossier:transit
SUCCESS [12724] [2024-03-03 17:01:24] carreau:N2259200E3963200 dossier:transit
SUCCESS [12720] [2024-03-03 17:01:24] carreau:N2272000E3953600 dossier:transit
SUCCESS [12721] [2024-03-03 17:01:24] carreau:N2297600E3952000 dossier:transit
SUCCESS [12722] [2024-03-03 17:01:24] carreau:N2286400E3916800 dossier:transit
SUCCESS [12724] [2024-03-03 17:01:24] carreau:N2259200E3964800 dossier:transit
SUCCESS [12720] [2024-03-03 17:01:24] carreau:N2272000E3955200 dossier:transit
SUCCESS [12721] [2024-03-03 17:01:24] carreau:N2297600E3953600 dossier:transit
SUCCESS [12722] [2024-03-03 17:01:24] carreau:N2286400E3918400 dossier:transit
SUCCESS [12724] [2024-03-03 17:01:24] carreau:N2259200E3966400 dossier:transit
SUCCESS [12720] [2024-03-03 17:01:24] carreau:N2272000E3956800 dossier:transit
SUCCESS [12721] [2024-03-03 17:01:24] carreau:N2297600E3955200 dossier:transit
SUCCESS [12722] [2024-03-03 17:01:24] carreau:N2286400E3920000 dossier:transit
SUCCESS [12724] [2024-03-03 17:01:24] carreau:N2259200E3968000 dossier:transit
SUCCESS [12720] [2024-03-03 17:01:24] carreau:N2272000E3958400 dossier:transit
SUCCESS [12721] [2024-03-03 17:01:24] carreau:N2297600E3956800 dossier:transit
SUCCESS [12722] [2024-03-03 17:01:24] carreau:N2286400E3921600 dossier:transit
SUCCESS [12724] [2024-03-03 17:01:24] carreau:N2259200E3929600 dossier:transit
SUCCESS [12720] [2024-03-03 17:01:24] carreau:N2272000E3960000 dossier:transit
SUCCESS [12721] [2024-03-03 17:01:24] carreau:N2297600E3958400 dossier:transit
SUCCESS [12722] [2024-03-03 17:01:24] carreau:N2286400E3923200 dossier:transit
SUCCESS [12724] [2024-03-03 17:01:24] carreau:N2259200E3921600 dossier:transit
SUCCESS [12720] [2024-03-03 17:01:25] carreau:N2272000E3961600 dossier:transit
SUCCESS [12721] [2024-03-03 17:01:25] carreau:N2297600E3960000 dossier:transit
SUCCESS [12722] [2024-03-03 17:01:25] carreau:N2286400E3926400 dossier:transit
SUCCESS [12724] [2024-03-03 17:01:25] carreau:N2259200E3923200 dossier:transit
SUCCESS [12720] [2024-03-03 17:01:25] carreau:N2272000E3963200 dossier:transit
SUCCESS [12721] [2024-03-03 17:01:25] carreau:N2297600E3961600 dossier:transit
SUCCESS [12722] [2024-03-03 17:01:25] carreau:N2286400E3928000 dossier:transit
SUCCESS [12724] [2024-03-03 17:01:25] carreau:N2259200E3955200 dossier:transit
SUCCESS [12720] [2024-03-03 17:01:25] carreau:N2272000E3964800 dossier:transit
SUCCESS [12721] [2024-03-03 17:01:25] carreau:N2297600E3976000 dossier:transit
SUCCESS [12722] [2024-03-03 17:01:25] carreau:N2286400E3942400 dossier:transit
SUCCESS [12724] [2024-03-03 17:01:25] carreau:N2259200E3918400 dossier:transit
SUCCESS [12720] [2024-03-03 17:01:25] carreau:N2272000E3966400 dossier:transit
SUCCESS [12721] [2024-03-03 17:01:25] carreau:N2297600E3945600 dossier:transit
SUCCESS [12722] [2024-03-03 17:01:25] carreau:N2286400E3944000 dossier:transit
SUCCESS [12724] [2024-03-03 17:01:25] carreau:N2259200E3920000 dossier:transit
SUCCESS [12720] [2024-03-03 17:01:25] carreau:N2272000E3968000 dossier:transit
SUCCESS [12721] [2024-03-03 17:01:25] carreau:N2297600E3915200 dossier:transit
SUCCESS [12722] [2024-03-03 17:01:25] carreau:N2286400E3945600 dossier:transit
SUCCESS [12724] [2024-03-03 17:01:25] carreau:N2259200E3916800 dossier:transit
SUCCESS [12720] [2024-03-03 17:01:25] carreau:N2272000E3969600 dossier:transit
SUCCESS [12721] [2024-03-03 17:01:26] carreau:N2297600E3916800 dossier:transit
SUCCESS [12722] [2024-03-03 17:01:26] carreau:N2286400E3947200 dossier:transit
SUCCESS [12724] [2024-03-03 17:01:26] carreau:N2259200E3934400 dossier:transit
SUCCESS [12720] [2024-03-03 17:01:26] carreau:N2272000E3971200 dossier:transit
SUCCESS [12721] [2024-03-03 17:01:26] carreau:N2297600E3929600 dossier:transit
SUCCESS [12722] [2024-03-03 17:01:26] carreau:N2286400E3948800 dossier:transit
SUCCESS [12724] [2024-03-03 17:01:26] carreau:N2260800E3916800 dossier:transit
SUCCESS [12720] [2024-03-03 17:01:26] carreau:N2272000E3972800 dossier:transit
SUCCESS [12721] [2024-03-03 17:01:26] carreau:N2297600E3931200 dossier:transit
SUCCESS [12722] [2024-03-03 17:01:26] carreau:N2286400E3950400 dossier:transit
SUCCESS [12724] [2024-03-03 17:01:26] carreau:N2260800E3918400 dossier:transit
SUCCESS [12720] [2024-03-03 17:01:26] carreau:N2272000E3896000 dossier:transit
SUCCESS [12721] [2024-03-03 17:01:26] carreau:N2297600E3926400 dossier:transit
SUCCESS [12722] [2024-03-03 17:01:26] carreau:N2286400E3952000 dossier:transit
SUCCESS [12724] [2024-03-03 17:01:26] carreau:N2260800E3920000 dossier:transit
SUCCESS [12720] [2024-03-03 17:01:26] carreau:N2272000E3894400 dossier:transit
SUCCESS [12721] [2024-03-03 17:01:26] carreau:N2297600E3979200 dossier:transit
SUCCESS [12722] [2024-03-03 17:01:26] carreau:N2286400E3953600 dossier:transit
SUCCESS [12724] [2024-03-03 17:01:26] carreau:N2260800E3921600 dossier:transit
SUCCESS [12720] [2024-03-03 17:01:26] carreau:N2272000E3913600 dossier:transit
SUCCESS [12721] [2024-03-03 17:01:26] carreau:N2299200E3915200 dossier:transit
SUCCESS [12722] [2024-03-03 17:01:26] carreau:N2286400E3955200 dossier:transit
SUCCESS [12724] [2024-03-03 17:01:27] carreau:N2260800E3923200 dossier:transit
SUCCESS [12720] [2024-03-03 17:01:27] carreau:N2272000E3892800 dossier:transit
SUCCESS [12721] [2024-03-03 17:01:27] carreau:N2299200E3916800 dossier:transit
SUCCESS [12722] [2024-03-03 17:01:27] carreau:N2286400E3956800 dossier:transit
SUCCESS [12724] [2024-03-03 17:01:27] carreau:N2260800E3928000 dossier:transit
SUCCESS [12721] [2024-03-03 17:01:27] carreau:N2299200E3918400 dossier:transit
SUCCESS [12720] [2024-03-03 17:01:27] carreau:N2273600E3894400 dossier:transit
SUCCESS [12722] [2024-03-03 17:01:27] carreau:N2286400E3908800 dossier:transit
SUCCESS [12724] [2024-03-03 17:01:27] carreau:N2260800E3929600 dossier:transit
SUCCESS [12721] [2024-03-03 17:01:27] carreau:N2299200E3920000 dossier:transit
SUCCESS [12720] [2024-03-03 17:01:27] carreau:N2273600E3908800 dossier:transit
SUCCESS [12722] [2024-03-03 17:01:27] carreau:N2286400E3913600 dossier:transit
SUCCESS [12724] [2024-03-03 17:01:27] carreau:N2260800E3931200 dossier:transit
SUCCESS [12721] [2024-03-03 17:01:27] carreau:N2299200E3921600 dossier:transit
SUCCESS [12720] [2024-03-03 17:01:27] carreau:N2273600E3910400 dossier:transit
SUCCESS [12722] [2024-03-03 17:01:27] carreau:N2286400E3915200 dossier:transit
SUCCESS [12724] [2024-03-03 17:01:27] carreau:N2260800E3932800 dossier:transit
SUCCESS [12721] [2024-03-03 17:01:27] carreau:N2299200E3928000 dossier:transit
SUCCESS [12720] [2024-03-03 17:01:27] carreau:N2273600E3915200 dossier:transit
SUCCESS [12722] [2024-03-03 17:01:27] carreau:N2286400E3929600 dossier:transit
SUCCESS [12724] [2024-03-03 17:01:28] carreau:N2260800E3934400 dossier:transit
SUCCESS [12721] [2024-03-03 17:01:28] carreau:N2299200E3929600 dossier:transit
SUCCESS [12722] [2024-03-03 17:01:28] carreau:N2286400E3936000 dossier:transit
SUCCESS [12720] [2024-03-03 17:01:28] carreau:N2273600E3916800 dossier:transit
SUCCESS [12724] [2024-03-03 17:01:28] carreau:N2260800E3942400 dossier:transit
SUCCESS [12721] [2024-03-03 17:01:28] carreau:N2299200E3932800 dossier:transit
SUCCESS [12722] [2024-03-03 17:01:28] carreau:N2286400E3939200 dossier:transit
SUCCESS [12720] [2024-03-03 17:01:28] carreau:N2273600E3932800 dossier:transit
SUCCESS [12724] [2024-03-03 17:01:28] carreau:N2260800E3944000 dossier:transit
SUCCESS [12721] [2024-03-03 17:01:28] carreau:N2299200E3939200 dossier:transit
SUCCESS [12722] [2024-03-03 17:01:28] carreau:N2286400E3940800 dossier:transit
SUCCESS [12720] [2024-03-03 17:01:28] carreau:N2273600E3934400 dossier:transit
SUCCESS [12724] [2024-03-03 17:01:28] carreau:N2260800E3945600 dossier:transit
SUCCESS [12722] [2024-03-03 17:01:28] carreau:N2286400E3960000 dossier:transit
SUCCESS [12721] [2024-03-03 17:01:28] carreau:N2299200E3944000 dossier:transit
SUCCESS [12720] [2024-03-03 17:01:28] carreau:N2273600E3936000 dossier:transit
SUCCESS [12724] [2024-03-03 17:01:28] carreau:N2260800E3947200 dossier:transit
SUCCESS [12722] [2024-03-03 17:01:28] carreau:N2286400E3932800 dossier:transit
SUCCESS [12721] [2024-03-03 17:01:28] carreau:N2299200E3947200 dossier:transit
SUCCESS [12720] [2024-03-03 17:01:28] carreau:N2273600E3942400 dossier:transit
SUCCESS [12724] [2024-03-03 17:01:28] carreau:N2260800E3948800 dossier:transit
SUCCESS [12722] [2024-03-03 17:01:28] carreau:N2286400E3934400 dossier:transit
SUCCESS [12721] [2024-03-03 17:01:29] carreau:N2299200E3953600 dossier:transit
SUCCESS [12720] [2024-03-03 17:01:29] carreau:N2273600E3944000 dossier:transit
SUCCESS [12724] [2024-03-03 17:01:29] carreau:N2260800E3950400 dossier:transit
SUCCESS [12722] [2024-03-03 17:01:29] carreau:N2286400E3924800 dossier:transit
SUCCESS [12721] [2024-03-03 17:01:29] carreau:N2299200E3955200 dossier:transit
SUCCESS [12720] [2024-03-03 17:01:29] carreau:N2273600E3945600 dossier:transit
SUCCESS [12724] [2024-03-03 17:01:29] carreau:N2260800E3952000 dossier:transit
SUCCESS [12722] [2024-03-03 17:01:29] carreau:N2286400E3971200 dossier:transit
SUCCESS [12721] [2024-03-03 17:01:29] carreau:N2299200E3956800 dossier:transit
SUCCESS [12720] [2024-03-03 17:01:29] carreau:N2273600E3947200 dossier:transit
SUCCESS [12724] [2024-03-03 17:01:29] carreau:N2260800E3953600 dossier:transit
SUCCESS [12722] [2024-03-03 17:01:29] carreau:N2286400E3907200 dossier:transit
SUCCESS [12721] [2024-03-03 17:01:29] carreau:N2299200E3958400 dossier:transit
SUCCESS [12720] [2024-03-03 17:01:29] carreau:N2273600E3948800 dossier:transit
SUCCESS [12722] [2024-03-03 17:01:29] carreau:N2286400E3931200 dossier:transit
SUCCESS [12724] [2024-03-03 17:01:29] carreau:N2260800E3963200 dossier:transit
SUCCESS [12721] [2024-03-03 17:01:29] carreau:N2299200E3960000 dossier:transit
SUCCESS [12720] [2024-03-03 17:01:29] carreau:N2273600E3952000 dossier:transit
SUCCESS [12722] [2024-03-03 17:01:29] carreau:N2286400E3958400 dossier:transit
SUCCESS [12724] [2024-03-03 17:01:29] carreau:N2260800E3964800 dossier:transit
SUCCESS [12721] [2024-03-03 17:01:29] carreau:N2299200E3923200 dossier:transit
SUCCESS [12720] [2024-03-03 17:01:29] carreau:N2273600E3953600 dossier:transit
SUCCESS [12722] [2024-03-03 17:01:30] carreau:N2286400E3968000 dossier:transit
SUCCESS [12724] [2024-03-03 17:01:30] carreau:N2260800E3966400 dossier:transit
SUCCESS [12721] [2024-03-03 17:01:30] carreau:N2299200E3931200 dossier:transit
SUCCESS [12720] [2024-03-03 17:01:30] carreau:N2273600E3955200 dossier:transit
SUCCESS [12722] [2024-03-03 17:01:30] carreau:N2286400E3969600 dossier:transit
SUCCESS [12724] [2024-03-03 17:01:30] carreau:N2260800E3968000 dossier:transit
SUCCESS [12721] [2024-03-03 17:01:30] carreau:N2299200E3924800 dossier:transit
SUCCESS [12720] [2024-03-03 17:01:30] carreau:N2273600E3956800 dossier:transit
SUCCESS [12722] [2024-03-03 17:01:30] carreau:N2288000E3907200 dossier:transit
SUCCESS [12724] [2024-03-03 17:01:30] carreau:N2260800E3969600 dossier:transit
SUCCESS [12721] [2024-03-03 17:01:30] carreau:N2299200E3945600 dossier:transit
SUCCESS [12720] [2024-03-03 17:01:30] carreau:N2273600E3958400 dossier:transit
SUCCESS [12722] [2024-03-03 17:01:30] carreau:N2288000E3915200 dossier:transit
SUCCESS [12724] [2024-03-03 17:01:30] carreau:N2260800E3924800 dossier:transit
SUCCESS [12721] [2024-03-03 17:01:30] carreau:N2299200E3934400 dossier:transit
SUCCESS [12720] [2024-03-03 17:01:30] carreau:N2273600E3960000 dossier:transit
SUCCESS [12722] [2024-03-03 17:01:30] carreau:N2288000E3916800 dossier:transit
SUCCESS [12724] [2024-03-03 17:01:30] carreau:N2260800E3940800 dossier:transit
SUCCESS [12721] [2024-03-03 17:01:30] carreau:N2299200E3926400 dossier:transit
SUCCESS [12720] [2024-03-03 17:01:30] carreau:N2273600E3961600 dossier:transit
SUCCESS [12722] [2024-03-03 17:01:31] carreau:N2288000E3918400 dossier:transit
SUCCESS [12724] [2024-03-03 17:01:31] carreau:N2260800E3960000 dossier:transit
SUCCESS [12721] [2024-03-03 17:01:31] carreau:N2299200E3940800 dossier:transit
SUCCESS [12720] [2024-03-03 17:01:31] carreau:N2273600E3963200 dossier:transit
SUCCESS [12722] [2024-03-03 17:01:31] carreau:N2288000E3920000 dossier:transit
SUCCESS [12721] [2024-03-03 17:01:31] carreau:N2299200E3942400 dossier:transit
SUCCESS [12724] [2024-03-03 17:01:31] carreau:N2260800E3971200 dossier:transit
SUCCESS [12720] [2024-03-03 17:01:31] carreau:N2273600E3964800 dossier:transit
SUCCESS [12722] [2024-03-03 17:01:31] carreau:N2288000E3921600 dossier:transit
SUCCESS [12721] [2024-03-03 17:01:31] carreau:N2300800E3916800 dossier:transit
SUCCESS [12724] [2024-03-03 17:01:31] carreau:N2260800E3972800 dossier:transit
SUCCESS [12720] [2024-03-03 17:01:31] carreau:N2273600E3966400 dossier:transit
SUCCESS [12722] [2024-03-03 17:01:31] carreau:N2288000E3923200 dossier:transit
SUCCESS [12721] [2024-03-03 17:01:31] carreau:N2300800E3918400 dossier:transit
SUCCESS [12724] [2024-03-03 17:01:31] carreau:N2260800E3955200 dossier:transit
SUCCESS [12720] [2024-03-03 17:01:31] carreau:N2273600E3968000 dossier:transit
SUCCESS [12722] [2024-03-03 17:01:31] carreau:N2288000E3924800 dossier:transit
SUCCESS [12721] [2024-03-03 17:01:31] carreau:N2300800E3920000 dossier:transit
SUCCESS [12724] [2024-03-03 17:01:31] carreau:N2260800E3936000 dossier:transit
SUCCESS [12720] [2024-03-03 17:01:31] carreau:N2273600E3969600 dossier:transit
SUCCESS [12722] [2024-03-03 17:01:31] carreau:N2288000E3926400 dossier:transit
SUCCESS [12721] [2024-03-03 17:01:32] carreau:N2300800E3923200 dossier:transit
SUCCESS [12724] [2024-03-03 17:01:32] carreau:N2260800E3937600 dossier:transit
SUCCESS [12720] [2024-03-03 17:01:32] carreau:N2273600E3971200 dossier:transit
SUCCESS [12722] [2024-03-03 17:01:32] carreau:N2288000E3928000 dossier:transit
SUCCESS [12721] [2024-03-03 17:01:32] carreau:N2300800E3924800 dossier:transit
SUCCESS [12724] [2024-03-03 17:01:32] carreau:N2260800E3939200 dossier:transit
SUCCESS [12720] [2024-03-03 17:01:32] carreau:N2273600E3912000 dossier:transit
SUCCESS [12722] [2024-03-03 17:01:32] carreau:N2288000E3929600 dossier:transit
SUCCESS [12721] [2024-03-03 17:01:32] carreau:N2300800E3926400 dossier:transit
SUCCESS [12724] [2024-03-03 17:01:32] carreau:N2260800E3961600 dossier:transit
SUCCESS [12720] [2024-03-03 17:01:32] carreau:N2273600E3940800 dossier:transit
SUCCESS [12722] [2024-03-03 17:01:32] carreau:N2288000E3931200 dossier:transit
SUCCESS [12721] [2024-03-03 17:01:32] carreau:N2300800E3928000 dossier:transit
SUCCESS [12724] [2024-03-03 17:01:32] carreau:N2260800E3958400 dossier:transit
SUCCESS [12720] [2024-03-03 17:01:32] carreau:N2273600E3950400 dossier:transit
SUCCESS [12722] [2024-03-03 17:01:32] carreau:N2288000E3936000 dossier:transit
SUCCESS [12721] [2024-03-03 17:01:32] carreau:N2300800E3929600 dossier:transit
SUCCESS [12724] [2024-03-03 17:01:32] carreau:N2262400E3918400 dossier:transit
SUCCESS [12720] [2024-03-03 17:01:32] carreau:N2273600E3926400 dossier:transit
SUCCESS [12722] [2024-03-03 17:01:32] carreau:N2288000E3944000 dossier:transit
SUCCESS [12721] [2024-03-03 17:01:32] carreau:N2300800E3931200 dossier:transit
SUCCESS [12724] [2024-03-03 17:01:32] carreau:N2262400E3929600 dossier:transit
SUCCESS [12720] [2024-03-03 17:01:33] carreau:N2273600E3896000 dossier:transit
SUCCESS [12722] [2024-03-03 17:01:33] carreau:N2288000E3945600 dossier:transit
SUCCESS [12721] [2024-03-03 17:01:33] carreau:N2300800E3932800 dossier:transit
SUCCESS [12724] [2024-03-03 17:01:33] carreau:N2262400E3932800 dossier:transit
SUCCESS [12720] [2024-03-03 17:01:33] carreau:N2275200E3908800 dossier:transit
SUCCESS [12722] [2024-03-03 17:01:33] carreau:N2288000E3948800 dossier:transit
SUCCESS [12721] [2024-03-03 17:01:33] carreau:N2300800E3934400 dossier:transit
SUCCESS [12724] [2024-03-03 17:01:33] carreau:N2262400E3939200 dossier:transit
SUCCESS [12720] [2024-03-03 17:01:33] carreau:N2275200E3910400 dossier:transit
SUCCESS [12722] [2024-03-03 17:01:33] carreau:N2288000E3950400 dossier:transit
SUCCESS [12721] [2024-03-03 17:01:33] carreau:N2300800E3939200 dossier:transit
SUCCESS [12724] [2024-03-03 17:01:33] carreau:N2262400E3940800 dossier:transit
SUCCESS [12720] [2024-03-03 17:01:33] carreau:N2275200E3915200 dossier:transit
SUCCESS [12722] [2024-03-03 17:01:33] carreau:N2288000E3952000 dossier:transit
SUCCESS [12721] [2024-03-03 17:01:33] carreau:N2300800E3940800 dossier:transit
SUCCESS [12724] [2024-03-03 17:01:33] carreau:N2262400E3942400 dossier:transit
SUCCESS [12720] [2024-03-03 17:01:33] carreau:N2275200E3916800 dossier:transit
SUCCESS [12722] [2024-03-03 17:01:33] carreau:N2288000E3953600 dossier:transit
SUCCESS [12721] [2024-03-03 17:01:33] carreau:N2300800E3942400 dossier:transit
SUCCESS [12724] [2024-03-03 17:01:33] carreau:N2262400E3944000 dossier:transit
SUCCESS [12720] [2024-03-03 17:01:34] carreau:N2275200E3928000 dossier:transit
SUCCESS [12722] [2024-03-03 17:01:34] carreau:N2288000E3955200 dossier:transit
SUCCESS [12721] [2024-03-03 17:01:34] carreau:N2300800E3955200 dossier:transit
SUCCESS [12724] [2024-03-03 17:01:34] carreau:N2262400E3950400 dossier:transit
SUCCESS [12720] [2024-03-03 17:01:34] carreau:N2275200E3932800 dossier:transit
SUCCESS [12722] [2024-03-03 17:01:34] carreau:N2288000E3966400 dossier:transit
SUCCESS [12721] [2024-03-03 17:01:34] carreau:N2300800E3956800 dossier:transit
SUCCESS [12724] [2024-03-03 17:01:34] carreau:N2262400E3955200 dossier:transit
SUCCESS [12720] [2024-03-03 17:01:34] carreau:N2275200E3934400 dossier:transit
SUCCESS [12722] [2024-03-03 17:01:34] carreau:N2288000E3968000 dossier:transit
SUCCESS [12721] [2024-03-03 17:01:34] carreau:N2300800E3958400 dossier:transit
SUCCESS [12724] [2024-03-03 17:01:34] carreau:N2262400E3958400 dossier:transit
SUCCESS [12720] [2024-03-03 17:01:34] carreau:N2275200E3947200 dossier:transit
SUCCESS [12722] [2024-03-03 17:01:34] carreau:N2288000E3942400 dossier:transit
SUCCESS [12721] [2024-03-03 17:01:34] carreau:N2300800E3944000 dossier:transit
SUCCESS [12724] [2024-03-03 17:01:34] carreau:N2262400E3960000 dossier:transit
SUCCESS [12720] [2024-03-03 17:01:34] carreau:N2275200E3948800 dossier:transit
SUCCESS [12722] [2024-03-03 17:01:34] carreau:N2288000E3947200 dossier:transit
SUCCESS [12721] [2024-03-03 17:01:34] carreau:N2300800E3937600 dossier:transit
SUCCESS [12724] [2024-03-03 17:01:34] carreau:N2262400E3961600 dossier:transit
SUCCESS [12720] [2024-03-03 17:01:34] carreau:N2275200E3950400 dossier:transit
SUCCESS [12722] [2024-03-03 17:01:34] carreau:N2288000E3969600 dossier:transit
SUCCESS [12721] [2024-03-03 17:01:35] carreau:N2300800E3936000 dossier:transit
SUCCESS [12724] [2024-03-03 17:01:35] carreau:N2262400E3963200 dossier:transit
SUCCESS [12720] [2024-03-03 17:01:35] carreau:N2275200E3952000 dossier:transit
SUCCESS [12722] [2024-03-03 17:01:35] carreau:N2288000E3908800 dossier:transit
SUCCESS [12721] [2024-03-03 17:01:35] carreau:N2302400E3920000 dossier:transit
SUCCESS [12724] [2024-03-03 17:01:35] carreau:N2262400E3964800 dossier:transit
SUCCESS [12722] [2024-03-03 17:01:35] carreau:N2288000E3910400 dossier:transit
SUCCESS [12720] [2024-03-03 17:01:35] carreau:N2275200E3953600 dossier:transit
SUCCESS [12721] [2024-03-03 17:01:35] carreau:N2302400E3923200 dossier:transit
SUCCESS [12724] [2024-03-03 17:01:35] carreau:N2262400E3966400 dossier:transit
SUCCESS [12722] [2024-03-03 17:01:35] carreau:N2288000E3934400 dossier:transit
SUCCESS [12720] [2024-03-03 17:01:35] carreau:N2275200E3955200 dossier:transit
SUCCESS [12721] [2024-03-03 17:01:35] carreau:N2302400E3924800 dossier:transit
SUCCESS [12724] [2024-03-03 17:01:35] carreau:N2262400E3968000 dossier:transit
SUCCESS [12722] [2024-03-03 17:01:35] carreau:N2288000E3956800 dossier:transit
SUCCESS [12720] [2024-03-03 17:01:35] carreau:N2275200E3956800 dossier:transit
SUCCESS [12721] [2024-03-03 17:01:35] carreau:N2302400E3928000 dossier:transit
SUCCESS [12724] [2024-03-03 17:01:35] carreau:N2262400E3969600 dossier:transit
SUCCESS [12722] [2024-03-03 17:01:35] carreau:N2288000E3905600 dossier:transit
SUCCESS [12720] [2024-03-03 17:01:35] carreau:N2275200E3958400 dossier:transit
SUCCESS [12721] [2024-03-03 17:01:36] carreau:N2302400E3929600 dossier:transit
SUCCESS [12724] [2024-03-03 17:01:36] carreau:N2262400E3971200 dossier:transit
SUCCESS [12722] [2024-03-03 17:01:36] carreau:N2288000E3964800 dossier:transit
SUCCESS [12720] [2024-03-03 17:01:36] carreau:N2275200E3960000 dossier:transit
SUCCESS [12721] [2024-03-03 17:01:36] carreau:N2302400E3931200 dossier:transit
SUCCESS [12724] [2024-03-03 17:01:36] carreau:N2262400E3972800 dossier:transit
SUCCESS [12722] [2024-03-03 17:01:36] carreau:N2288000E3971200 dossier:transit
SUCCESS [12720] [2024-03-03 17:01:36] carreau:N2275200E3961600 dossier:transit
SUCCESS [12721] [2024-03-03 17:01:36] carreau:N2302400E3932800 dossier:transit
SUCCESS [12724] [2024-03-03 17:01:36] carreau:N2262400E3915200 dossier:transit
SUCCESS [12722] [2024-03-03 17:01:36] carreau:N2288000E3932800 dossier:transit
SUCCESS [12720] [2024-03-03 17:01:36] carreau:N2275200E3963200 dossier:transit
SUCCESS [12721] [2024-03-03 17:01:36] carreau:N2302400E3934400 dossier:transit
SUCCESS [12724] [2024-03-03 17:01:36] carreau:N2262400E3916800 dossier:transit
SUCCESS [12722] [2024-03-03 17:01:36] carreau:N2288000E3940800 dossier:transit
SUCCESS [12720] [2024-03-03 17:01:36] carreau:N2275200E3964800 dossier:transit
SUCCESS [12721] [2024-03-03 17:01:36] carreau:N2302400E3936000 dossier:transit
SUCCESS [12724] [2024-03-03 17:01:36] carreau:N2262400E3934400 dossier:transit
SUCCESS [12722] [2024-03-03 17:01:36] carreau:N2288000E3912000 dossier:transit
SUCCESS [12720] [2024-03-03 17:01:36] carreau:N2275200E3966400 dossier:transit
SUCCESS [12721] [2024-03-03 17:01:36] carreau:N2302400E3937600 dossier:transit
SUCCESS [12724] [2024-03-03 17:01:37] carreau:N2262400E3945600 dossier:transit
SUCCESS [12722] [2024-03-03 17:01:37] carreau:N2288000E3939200 dossier:transit
SUCCESS [12720] [2024-03-03 17:01:37] carreau:N2275200E3968000 dossier:transit
SUCCESS [12721] [2024-03-03 17:01:37] carreau:N2302400E3939200 dossier:transit
SUCCESS [12724] [2024-03-03 17:01:37] carreau:N2262400E3921600 dossier:transit
SUCCESS [12722] [2024-03-03 17:01:37] carreau:N2288000E3961600 dossier:transit
SUCCESS [12720] [2024-03-03 17:01:37] carreau:N2275200E3969600 dossier:transit
SUCCESS [12721] [2024-03-03 17:01:37] carreau:N2302400E3940800 dossier:transit
SUCCESS [12724] [2024-03-03 17:01:37] carreau:N2262400E3923200 dossier:transit
SUCCESS [12722] [2024-03-03 17:01:37] carreau:N2288000E3963200 dossier:transit
SUCCESS [12720] [2024-03-03 17:01:37] carreau:N2275200E3971200 dossier:transit
SUCCESS [12721] [2024-03-03 17:01:37] carreau:N2302400E3942400 dossier:transit
SUCCESS [12724] [2024-03-03 17:01:37] carreau:N2262400E3936000 dossier:transit
SUCCESS [12722] [2024-03-03 17:01:37] carreau:N2288000E3958400 dossier:transit
SUCCESS [12720] [2024-03-03 17:01:37] carreau:N2275200E3913600 dossier:transit
SUCCESS [12721] [2024-03-03 17:01:37] carreau:N2302400E3921600 dossier:transit
SUCCESS [12724] [2024-03-03 17:01:37] carreau:N2262400E3920000 dossier:transit
SUCCESS [12722] [2024-03-03 17:01:37] carreau:N2289600E3908800 dossier:transit
SUCCESS [12720] [2024-03-03 17:01:37] carreau:N2275200E3940800 dossier:transit
SUCCESS [12721] [2024-03-03 17:01:37] carreau:N2302400E3926400 dossier:transit
SUCCESS [12724] [2024-03-03 17:01:37] carreau:N2262400E3953600 dossier:transit
SUCCESS [12722] [2024-03-03 17:01:37] carreau:N2289600E3910400 dossier:transit
SUCCESS [12720] [2024-03-03 17:01:38] carreau:N2275200E3944000 dossier:transit
SUCCESS [12721] [2024-03-03 17:01:38] carreau:N2302400E3916800 dossier:transit
SUCCESS [12724] [2024-03-03 17:01:38] carreau:N2264000E3916800 dossier:transit
SUCCESS [12722] [2024-03-03 17:01:38] carreau:N2289600E3915200 dossier:transit
SUCCESS [12720] [2024-03-03 17:01:38] carreau:N2275200E3945600 dossier:transit
SUCCESS [12721] [2024-03-03 17:01:38] carreau:N2302400E3918400 dossier:transit
SUCCESS [12724] [2024-03-03 17:01:38] carreau:N2264000E3918400 dossier:transit
SUCCESS [12722] [2024-03-03 17:01:38] carreau:N2289600E3916800 dossier:transit
SUCCESS [12720] [2024-03-03 17:01:38] carreau:N2275200E3929600 dossier:transit
SUCCESS [12721] [2024-03-03 17:01:38] carreau:N2304000E3921600 dossier:transit
SUCCESS [12722] [2024-03-03 17:01:38] carreau:N2289600E3918400 dossier:transit
SUCCESS [12724] [2024-03-03 17:01:38] carreau:N2264000E3920000 dossier:transit
SUCCESS [12720] [2024-03-03 17:01:38] carreau:N2275200E3942400 dossier:transit
SUCCESS [12721] [2024-03-03 17:01:38] carreau:N2304000E3923200 dossier:transit
SUCCESS [12722] [2024-03-03 17:01:38] carreau:N2289600E3920000 dossier:transit
SUCCESS [12724] [2024-03-03 17:01:38] carreau:N2264000E3921600 dossier:transit
SUCCESS [12720] [2024-03-03 17:01:38] carreau:N2275200E3972800 dossier:transit
SUCCESS [12721] [2024-03-03 17:01:38] carreau:N2304000E3924800 dossier:transit
SUCCESS [12722] [2024-03-03 17:01:38] carreau:N2289600E3921600 dossier:transit
SUCCESS [12724] [2024-03-03 17:01:38] carreau:N2264000E3923200 dossier:transit
SUCCESS [12720] [2024-03-03 17:01:38] carreau:N2275200E3936000 dossier:transit
SUCCESS [12721] [2024-03-03 17:01:39] carreau:N2304000E3926400 dossier:transit
SUCCESS [12722] [2024-03-03 17:01:39] carreau:N2289600E3923200 dossier:transit
SUCCESS [12724] [2024-03-03 17:01:39] carreau:N2264000E3929600 dossier:transit
SUCCESS [12720] [2024-03-03 17:01:39] carreau:N2275200E3905600 dossier:transit
SUCCESS [12721] [2024-03-03 17:01:39] carreau:N2304000E3928000 dossier:transit
SUCCESS [12722] [2024-03-03 17:01:39] carreau:N2289600E3924800 dossier:transit
SUCCESS [12724] [2024-03-03 17:01:39] carreau:N2264000E3940800 dossier:transit
SUCCESS [12720] [2024-03-03 17:01:39] carreau:N2275200E3926400 dossier:transit
SUCCESS [12721] [2024-03-03 17:01:39] carreau:N2304000E3929600 dossier:transit
SUCCESS [12722] [2024-03-03 17:01:39] carreau:N2289600E3926400 dossier:transit
SUCCESS [12724] [2024-03-03 17:01:39] carreau:N2264000E3942400 dossier:transit
SUCCESS [12720] [2024-03-03 17:01:39] carreau:N2276800E3904000 dossier:transit
SUCCESS [12721] [2024-03-03 17:01:39] carreau:N2304000E3931200 dossier:transit
SUCCESS [12722] [2024-03-03 17:01:39] carreau:N2289600E3929600 dossier:transit
SUCCESS [12724] [2024-03-03 17:01:39] carreau:N2264000E3944000 dossier:transit
SUCCESS [12720] [2024-03-03 17:01:39] carreau:N2276800E3905600 dossier:transit
SUCCESS [12721] [2024-03-03 17:01:39] carreau:N2304000E3934400 dossier:transit
SUCCESS [12722] [2024-03-03 17:01:39] carreau:N2289600E3932800 dossier:transit
SUCCESS [12724] [2024-03-03 17:01:39] carreau:N2264000E3945600 dossier:transit
SUCCESS [12720] [2024-03-03 17:01:39] carreau:N2276800E3912000 dossier:transit
SUCCESS [12721] [2024-03-03 17:01:39] carreau:N2304000E3936000 dossier:transit
SUCCESS [12722] [2024-03-03 17:01:40] carreau:N2289600E3939200 dossier:transit
SUCCESS [12724] [2024-03-03 17:01:40] carreau:N2264000E3958400 dossier:transit
SUCCESS [12720] [2024-03-03 17:01:40] carreau:N2276800E3915200 dossier:transit
SUCCESS [12721] [2024-03-03 17:01:40] carreau:N2304000E3916800 dossier:transit
SUCCESS [12722] [2024-03-03 17:01:40] carreau:N2289600E3940800 dossier:transit
SUCCESS [12724] [2024-03-03 17:01:40] carreau:N2264000E3960000 dossier:transit
SUCCESS [12720] [2024-03-03 17:01:40] carreau:N2276800E3926400 dossier:transit
SUCCESS [12721] [2024-03-03 17:01:40] carreau:N2304000E3932800 dossier:transit
SUCCESS [12722] [2024-03-03 17:01:40] carreau:N2289600E3942400 dossier:transit
SUCCESS [12724] [2024-03-03 17:01:40] carreau:N2264000E3961600 dossier:transit
SUCCESS [12720] [2024-03-03 17:01:40] carreau:N2276800E3928000 dossier:transit
SUCCESS [12721] [2024-03-03 17:01:40] carreau:N2304000E3937600 dossier:transit
SUCCESS [12722] [2024-03-03 17:01:40] carreau:N2289600E3945600 dossier:transit
SUCCESS [12724] [2024-03-03 17:01:40] carreau:N2264000E3963200 dossier:transit
SUCCESS [12720] [2024-03-03 17:01:40] carreau:N2276800E3929600 dossier:transit
SUCCESS [12721] [2024-03-03 17:01:40] carreau:N2304000E3920000 dossier:transit
SUCCESS [12722] [2024-03-03 17:01:40] carreau:N2289600E3950400 dossier:transit
SUCCESS [12724] [2024-03-03 17:01:40] carreau:N2264000E3964800 dossier:transit
SUCCESS [12720] [2024-03-03 17:01:40] carreau:N2276800E3932800 dossier:transit
SUCCESS [12721] [2024-03-03 17:01:40] carreau:N2305600E3921600 dossier:transit
SUCCESS [12722] [2024-03-03 17:01:40] carreau:N2289600E3953600 dossier:transit
SUCCESS [12724] [2024-03-03 17:01:41] carreau:N2264000E3966400 dossier:transit
SUCCESS [12720] [2024-03-03 17:01:41] carreau:N2276800E3934400 dossier:transit
SUCCESS [12721] [2024-03-03 17:01:41] carreau:N2305600E3923200 dossier:transit
SUCCESS [12722] [2024-03-03 17:01:41] carreau:N2289600E3955200 dossier:transit
SUCCESS [12724] [2024-03-03 17:01:41] carreau:N2264000E3969600 dossier:transit
SUCCESS [12720] [2024-03-03 17:01:41] carreau:N2276800E3944000 dossier:transit
SUCCESS [12721] [2024-03-03 17:01:41] carreau:N2305600E3924800 dossier:transit
SUCCESS [12722] [2024-03-03 17:01:41] carreau:N2289600E3956800 dossier:transit
SUCCESS [12724] [2024-03-03 17:01:41] carreau:N2264000E3971200 dossier:transit
SUCCESS [12720] [2024-03-03 17:01:41] carreau:N2276800E3945600 dossier:transit
SUCCESS [12721] [2024-03-03 17:01:41] carreau:N2305600E3926400 dossier:transit
SUCCESS [12722] [2024-03-03 17:01:41] carreau:N2289600E3958400 dossier:transit
SUCCESS [12724] [2024-03-03 17:01:41] carreau:N2264000E3928000 dossier:transit
SUCCESS [12720] [2024-03-03 17:01:41] carreau:N2276800E3947200 dossier:transit
SUCCESS [12721] [2024-03-03 17:01:41] carreau:N2305600E3928000 dossier:transit
SUCCESS [12724] [2024-03-03 17:01:41] carreau:N2264000E3932800 dossier:transit
SUCCESS [12720] [2024-03-03 17:01:41] carreau:N2276800E3948800 dossier:transit
SUCCESS [12721] [2024-03-03 17:01:41] carreau:N2307200E3923200 dossier:transit
SUCCESS [12724] [2024-03-03 17:01:41] carreau:N2264000E3937600 dossier:transit
SUCCESS [12720] [2024-03-03 17:01:41] carreau:N2276800E3950400 dossier:transit
SUCCESS [12721] [2024-03-03 17:01:42] carreau:N2307200E3924800 dossier:transit
SUCCESS [12720] [2024-03-03 17:01:42] carreau:N2276800E3952000 dossier:transit
SUCCESS [12721] [2024-03-03 17:01:42] carreau:N2307200E3921600 dossier:transit
SUCCESS [2024-03-03 17:02:07] 
