SUCCESS [2023-10-23 06:04:32] Calcul accessibilite version 2
SUCCESS [2023-10-23 06:04:32] $type
SUCCESS [2023-10-23 06:04:32] [1] "dodgr"
SUCCESS [2023-10-23 06:04:32] 
SUCCESS [2023-10-23 06:04:32] $path
SUCCESS [2023-10-23 06:04:32] /space_mounts/data/marseille//dodgr/
SUCCESS [2023-10-23 06:04:32] FALSE
SUCCESS [2023-10-23 06:04:32] 
SUCCESS [2023-10-23 06:04:32] $graph
SUCCESS [2023-10-23 06:04:32] NULL
SUCCESS [2023-10-23 06:04:32] 
SUCCESS [2023-10-23 06:04:32] $vertices
SUCCESS [2023-10-23 06:04:32] NULL
SUCCESS [2023-10-23 06:04:32] 
SUCCESS [2023-10-23 06:04:32] $distances
SUCCESS [2023-10-23 06:04:32] [1] TRUE
SUCCESS [2023-10-23 06:04:32] 
SUCCESS [2023-10-23 06:04:32] $denivele
SUCCESS [2023-10-23 06:04:32] [1] FALSE
SUCCESS [2023-10-23 06:04:32] 
SUCCESS [2023-10-23 06:04:32] $pkg
SUCCESS [2023-10-23 06:04:32] [1] "dodgr"
SUCCESS [2023-10-23 06:04:32] 
SUCCESS [2023-10-23 06:04:32] $turn_penalty
SUCCESS [2023-10-23 06:04:32] [1] TRUE
SUCCESS [2023-10-23 06:04:32] 
SUCCESS [2023-10-23 06:04:32] $graph_name
SUCCESS [2023-10-23 06:04:32] /space_mounts/data/marseille//dodgr//marseille.bicycle.dodgrnet
SUCCESS [2023-10-23 06:04:32] FALSE
SUCCESS [2023-10-23 06:04:32] 
SUCCESS [2023-10-23 06:04:32] $string
SUCCESS [2023-10-23 06:04:32] dodgr routing bicycle sur /space_mounts/data/marseille//dodgr/ a 2023-10-23 06:04:19.938162
SUCCESS [2023-10-23 06:04:32] FALSE
SUCCESS [2023-10-23 06:04:32] 
SUCCESS [2023-10-23 06:04:32] $departure_datetime
SUCCESS [2023-10-23 06:04:32] [1] "2019-12-17 08:00:00 UTC"
SUCCESS [2023-10-23 06:04:32] 
SUCCESS [2023-10-23 06:04:32] $mode
SUCCESS [2023-10-23 06:04:32] [1] "bicycle"
SUCCESS [2023-10-23 06:04:32] 
SUCCESS [2023-10-23 06:04:32] $n_threads
SUCCESS [2023-10-23 06:04:32] [1] 8
SUCCESS [2023-10-23 06:04:32] 
SUCCESS [2023-10-23 06:04:32] $future
SUCCESS [2023-10-23 06:04:32] [1] TRUE
SUCCESS [2023-10-23 06:04:32] 
SUCCESS [2023-10-23 06:04:32] $future_routing
SUCCESS [2023-10-23 06:04:32] function (routing) 
SUCCESS [2023-10-23 06:04:32] {
SUCCESS [2023-10-23 06:04:32]     rout <- routing
SUCCESS [2023-10-23 06:04:32]     rout$graph <- NULL
SUCCESS [2023-10-23 06:04:32]     rout$vertices <- NULL
SUCCESS [2023-10-23 06:04:32]     rout$elevation_data <- NULL
SUCCESS [2023-10-23 06:04:32]     return(rout)
SUCCESS [2023-10-23 06:04:32] }
SUCCESS [2023-10-23 06:04:32] <bytecode: 0x556ce1546700>
SUCCESS [2023-10-23 06:04:32] <environment: 0x556ce15459d0>
SUCCESS [2023-10-23 06:04:32] 
SUCCESS [2023-10-23 06:04:32] $core_init
SUCCESS [2023-10-23 06:04:32] function (routing) 
SUCCESS [2023-10-23 06:04:32] {
SUCCESS [2023-10-23 06:04:32]     RcppParallel::setThreadOptions(numThreads = routing$n_threads)
SUCCESS [2023-10-23 06:04:32]     rout <- routing
SUCCESS [2023-10-23 06:04:32]     net <- dgr_load_streetnet(routing$graph_name)
SUCCESS [2023-10-23 06:04:32]     rout$graph <- net$graph
SUCCESS [2023-10-23 06:04:32]     rout$vertices <- net$verts_c
SUCCESS [2023-10-23 06:04:32]     if ("dz" %in% names(rout$graph)) 
SUCCESS [2023-10-23 06:04:32]         rout$graph$dzplus <- rout$graph$dz * (rout$graph$dz > 
SUCCESS [2023-10-23 06:04:32]             0)
SUCCESS [2023-10-23 06:04:32]     logger::log_info("router {graph_name} chargé")
SUCCESS [2023-10-23 06:04:32]     return(rout)
SUCCESS [2023-10-23 06:04:32] }
SUCCESS [2023-10-23 06:04:32] <bytecode: 0x556ce1547340>
SUCCESS [2023-10-23 06:04:32] <environment: 0x556ce15459d0>
SUCCESS [2023-10-23 06:04:32] 
SUCCESS [2023-10-23 06:04:32] 
SUCCESS [2023-10-23 06:04:32] tmax:120
SUCCESS [2023-10-23 06:04:32] pdt:1
SUCCESS [2023-10-23 06:04:35] chunk:20M
SUCCESS [2023-10-23 06:04:35] resolution:200
SUCCESS [2023-10-23 06:04:35] out:200
SUCCESS [2023-10-23 06:04:35] les variables sont emplois
SUCCESS [2023-10-23 06:04:35] taille:333.6M gr:17 res_gr:12800
SUCCESS [2023-10-23 06:04:35] 26k ou, 12.8k quoi
SUCCESS [2023-10-23 06:04:35] 33 carreaux, 8 subsampling
SUCCESS [2023-10-23 06:04:35] future:TRUE, 16 workers
INFO [1146] [2023-10-23 06:09:52] router /space_mounts/data/marseille//dodgr//marseille.bicycle.dodgrnet chargé
INFO [1149] [2023-10-23 06:09:52] router /space_mounts/data/marseille//dodgr//marseille.bicycle.dodgrnet chargé
INFO [1151] [2023-10-23 06:09:52] router /space_mounts/data/marseille//dodgr//marseille.bicycle.dodgrnet chargé
INFO [1138] [2023-10-23 06:09:53] router /space_mounts/data/marseille//dodgr//marseille.bicycle.dodgrnet chargé
INFO [1146] [2023-10-23 06:09:54] dodgr_ttm called, TRUE, 8x1710
SUCCESS [1149] [2023-10-23 06:09:54] carreau:N2240000E3942400 dossier:/space_mounts/data/marseille//temp_bikedgr
INFO [1151] [2023-10-23 06:09:55] dodgr_ttm called, TRUE, 8x1203
INFO [1148] [2023-10-23 06:09:55] router /space_mounts/data/marseille//dodgr//marseille.bicycle.dodgrnet chargé
INFO [1138] [2023-10-23 06:09:56] dodgr_ttm called, TRUE, 8x500
INFO [1139] [2023-10-23 06:09:56] router /space_mounts/data/marseille//dodgr//marseille.bicycle.dodgrnet chargé
INFO [1149] [2023-10-23 06:09:57] dodgr_ttm called, TRUE, 2x9
INFO [1148] [2023-10-23 06:09:57] dodgr_ttm called, TRUE, 8x1890
INFO [1139] [2023-10-23 06:09:58] dodgr_ttm called, TRUE, 8x573
INFO [1144] [2023-10-23 06:09:59] router /space_mounts/data/marseille//dodgr//marseille.bicycle.dodgrnet chargé
INFO [1141] [2023-10-23 06:09:59] router /space_mounts/data/marseille//dodgr//marseille.bicycle.dodgrnet chargé
SUCCESS [1141] [2023-10-23 06:10:01] carreau:N2291200E3968000 dossier:/space_mounts/data/marseille//temp_bikedgr
SUCCESS [1144] [2023-10-23 06:10:01] carreau:N2227200E3955200 dossier:/space_mounts/data/marseille//temp_bikedgr
INFO [1150] [2023-10-23 06:10:01] router /space_mounts/data/marseille//dodgr//marseille.bicycle.dodgrnet chargé
INFO [1136] [2023-10-23 06:10:03] router /space_mounts/data/marseille//dodgr//marseille.bicycle.dodgrnet chargé
INFO [1141] [2023-10-23 06:10:03] dodgr_ttm called, TRUE, 8x313
INFO [1145] [2023-10-23 06:10:04] router /space_mounts/data/marseille//dodgr//marseille.bicycle.dodgrnet chargé
INFO [1150] [2023-10-23 06:10:04] dodgr_ttm called, TRUE, 8x637
INFO [1144] [2023-10-23 06:10:04] dodgr_ttm called, TRUE, 8x1333
INFO [1136] [2023-10-23 06:10:05] dodgr_ttm called, TRUE, 8x1157
SUCCESS [1145] [2023-10-23 06:10:06] carreau:N2278400E3968000 dossier:/space_mounts/data/marseille//temp_bikedgr
INFO [1145] [2023-10-23 06:10:09] dodgr_ttm called, TRUE, 8x47
INFO [1151] [2023-10-23 06:12:23] dodgr_ttm called, FALSE, 8x12829
INFO [1139] [2023-10-23 06:12:24] dodgr_ttm called, FALSE, 8x12829
INFO [1146] [2023-10-23 06:12:24] dodgr_ttm called, FALSE, 8x12829
INFO [1138] [2023-10-23 06:12:25] dodgr_ttm called, FALSE, 8x12829
INFO [1148] [2023-10-23 06:12:26] dodgr_ttm called, FALSE, 8x12829
INFO [1141] [2023-10-23 06:12:30] dodgr_ttm called, FALSE, 8x12829
INFO [1150] [2023-10-23 06:12:31] dodgr_ttm called, FALSE, 8x12829
INFO [1136] [2023-10-23 06:12:36] dodgr_ttm called, FALSE, 8x12829
INFO [1144] [2023-10-23 06:12:37] dodgr_ttm called, FALSE, 8x12829
INFO [1145] [2023-10-23 06:12:38] dodgr_ttm called, FALSE, 8x12829
INFO [1149] [2023-10-23 06:12:39] dodgr_ttm called, FALSE, 2x12829
INFO [1148] [2023-10-23 06:17:24] dodgr_ttm called, FALSE, 357x3381
INFO [1139] [2023-10-23 06:17:24] dodgr_ttm called, FALSE, 105x2302
INFO [1146] [2023-10-23 06:17:24] dodgr_ttm called, FALSE, 597x4514
INFO [1141] [2023-10-23 06:17:25] dodgr_ttm called, FALSE, 36x2492
INFO [1151] [2023-10-23 06:17:33] dodgr_ttm called, FALSE, 146x2858
INFO [1138] [2023-10-23 06:17:35] dodgr_ttm called, FALSE, 115x1351
INFO [1150] [2023-10-23 06:17:37] dodgr_ttm called, FALSE, 48x2002
INFO [1136] [2023-10-23 06:17:44] dodgr_ttm called, FALSE, 295x4824
INFO [1145] [2023-10-23 06:17:45] dodgr_ttm called, FALSE, 1x2803
INFO [1144] [2023-10-23 06:17:46] dodgr_ttm called, FALSE, 264x3684
INFO [1149] [2023-10-23 06:17:48] dodgr_ttm called, FALSE, 2x2094
INFO [1141] [2023-10-23 06:22:02] paquet:N2304000E3916800 ppou:25724 ttm ok 69005
INFO [1141] [2023-10-23 06:22:02] dodgr_ttm called, FALSE, 27x2444
INFO [1149] [2023-10-23 06:22:11] paquet:N2240000E3929600 ppou:739 ttm ok 4174
INFO [1149] [2023-10-23 06:22:11] dodgr_ttm called, FALSE, 6x2235
INFO [1145] [2023-10-23 06:22:12] paquet:N2291200E3904000 ppou:22130 ttm ok 1097
INFO [1145] [2023-10-23 06:22:12] dodgr_ttm called, FALSE, 5x1259
INFO [1150] [2023-10-23 06:22:34] paquet:N2265600E3916800 ppou:8403 ttm ok 88518
INFO [1150] [2023-10-23 06:22:34] dodgr_ttm called, FALSE, 43x3209
INFO [1148] [2023-10-23 06:22:41] paquet:N2252800E3955200 ppou:2546 ttm ok 994459
INFO [1148] [2023-10-23 06:22:41] dodgr_ttm called, FALSE, 230x4324
INFO [1139] [2023-10-23 06:23:10] paquet:N2252800E3916800 ppou:5373 ttm ok 140050
INFO [1139] [2023-10-23 06:23:10] dodgr_ttm called, FALSE, 93x1380
INFO [1138] [2023-10-23 06:23:23] paquet:N2265600E3904000 ppou:10768 ttm ok 122145
INFO [1138] [2023-10-23 06:23:23] dodgr_ttm called, FALSE, 97x1197
INFO [1151] [2023-10-23 06:24:25] paquet:N2291200E3929600 ppou:22179 ttm ok 217233
INFO [1151] [2023-10-23 06:24:25] dodgr_ttm called, FALSE, 325x3083
INFO [1144] [2023-10-23 06:25:28] paquet:N2240000E3955200 ppou:248 ttm ok 334049
INFO [1144] [2023-10-23 06:25:28] dodgr_ttm called, FALSE, 124x2345
INFO [1136] [2023-10-23 06:26:22] paquet:N2278400E3929600 ppou:15839 ttm ok 641302
INFO [1136] [2023-10-23 06:26:22] dodgr_ttm called, FALSE, 391x4851
INFO [1149] [2023-10-23 06:26:33] paquet:N2240000E3929600 ppou:778 ttm ok 12763
INFO [1145] [2023-10-23 06:26:33] paquet:N2291200E3904000 ppou:22620 ttm ok 6264
INFO [1145] [2023-10-23 06:26:33] dodgr_ttm called, FALSE, 23x2685
SUCCESS [1149] [2023-10-23 06:26:33] carreau:N2240000E3929600 2 ancres 43.3k@43.4p/s demandees, 21.4k@21.5p/s retenues
INFO [1141] [2023-10-23 06:26:33] paquet:N2304000E3916800 ppou:25732 ttm ok 47043
INFO [1141] [2023-10-23 06:26:33] dodgr_ttm called, FALSE, 133x2925
INFO [1149] [2023-10-23 06:26:36] dodgr_ttm called, TRUE, 8x2602
INFO [1150] [2023-10-23 06:27:32] paquet:N2265600E3916800 ppou:8485 ttm ok 88084
INFO [1150] [2023-10-23 06:27:32] dodgr_ttm called, FALSE, 9x1846
INFO [1148] [2023-10-23 06:27:45] paquet:N2252800E3955200 ppou:3721 ttm ok 642656
INFO [1148] [2023-10-23 06:27:45] dodgr_ttm called, FALSE, 384x3595
INFO [1139] [2023-10-23 06:28:33] paquet:N2252800E3916800 ppou:5615 ttm ok 88851
INFO [1139] [2023-10-23 06:28:33] dodgr_ttm called, FALSE, 77x957
INFO [1149] [2023-10-23 06:28:50] dodgr_ttm called, FALSE, 8x12829
INFO [1146] [2023-10-23 06:28:51] paquet:N2265600E3955200 ppou:10861 ttm ok 1533144
INFO [1146] [2023-10-23 06:28:51] dodgr_ttm called, FALSE, 198x3071
INFO [1138] [2023-10-23 06:29:34] paquet:N2265600E3904000 ppou:10911 ttm ok 93299
INFO [1138] [2023-10-23 06:29:34] dodgr_ttm called, FALSE, 36x1075
INFO [1145] [2023-10-23 06:31:19] paquet:N2291200E3904000 ppou:23020 ttm ok 28729
INFO [1145] [2023-10-23 06:31:19] dodgr_ttm called, FALSE, 5x1227
INFO [1144] [2023-10-23 06:31:58] paquet:N2240000E3955200 ppou:387 ttm ok 144227
INFO [1144] [2023-10-23 06:31:58] dodgr_ttm called, FALSE, 177x2392
INFO [1150] [2023-10-23 06:32:21] paquet:N2265600E3916800 ppou:9196 ttm ok 15343
INFO [1150] [2023-10-23 06:32:21] dodgr_ttm called, FALSE, 38x1787
INFO [1141] [2023-10-23 06:32:47] paquet:N2304000E3916800 ppou:25835 ttm ok 234951
INFO [1141] [2023-10-23 06:32:47] dodgr_ttm called, FALSE, 43x3364
INFO [1151] [2023-10-23 06:33:01] paquet:N2291200E3929600 ppou:22187 ttm ok 649162
INFO [1151] [2023-10-23 06:33:01] dodgr_ttm called, FALSE, 103x2634
INFO [1148] [2023-10-23 06:33:05] paquet:N2252800E3955200 ppou:4221 ttm ok 1068628
INFO [1148] [2023-10-23 06:33:05] dodgr_ttm called, FALSE, 88x3277
INFO [1139] [2023-10-23 06:33:51] paquet:N2252800E3916800 ppou:5989 ttm ok 53876
INFO [1139] [2023-10-23 06:33:51] dodgr_ttm called, FALSE, 50x939
INFO [1149] [2023-10-23 06:33:54] dodgr_ttm called, FALSE, 305x3599
INFO [1138] [2023-10-23 06:34:51] paquet:N2265600E3904000 ppou:12596 ttm ok 28726
INFO [1138] [2023-10-23 06:34:51] dodgr_ttm called, FALSE, 4x1176
INFO [1145] [2023-10-23 06:35:38] paquet:N2291200E3904000 ppou:23530 ttm ok 5965
INFO [1145] [2023-10-23 06:35:38] dodgr_ttm called, FALSE, 4x1679
INFO [1146] [2023-10-23 06:35:51] paquet:N2265600E3955200 ppou:11463 ttm ok 311232
INFO [1146] [2023-10-23 06:35:51] dodgr_ttm called, FALSE, 36x1988
INFO [1136] [2023-10-23 06:35:56] paquet:N2278400E3929600 ppou:16833 ttm ok 899391
INFO [1136] [2023-10-23 06:35:56] dodgr_ttm called, FALSE, 152x3569
INFO [1148] [2023-10-23 06:37:40] paquet:N2252800E3955200 ppou:4604 ttm ok 232252
INFO [1148] [2023-10-23 06:37:40] dodgr_ttm called, FALSE, 61x3029
INFO [1150] [2023-10-23 06:37:40] paquet:N2265600E3916800 ppou:9449 ttm ok 57334
INFO [1150] [2023-10-23 06:37:40] dodgr_ttm called, FALSE, 4x1628
INFO [1141] [2023-10-23 06:37:57] paquet:N2304000E3916800 ppou:25928 ttm ok 82605
INFO [1141] [2023-10-23 06:37:57] dodgr_ttm called, FALSE, 13x2070
INFO [1144] [2023-10-23 06:38:36] paquet:N2240000E3955200 ppou:495 ttm ok 225408
INFO [1144] [2023-10-23 06:38:36] dodgr_ttm called, FALSE, 46x2724
INFO [1139] [2023-10-23 06:38:56] paquet:N2252800E3916800 ppou:6102 ttm ok 38088
INFO [1139] [2023-10-23 06:38:56] dodgr_ttm called, FALSE, 70x1320
INFO [1151] [2023-10-23 06:39:12] paquet:N2291200E3929600 ppou:23987 ttm ok 196560
INFO [1151] [2023-10-23 06:39:12] dodgr_ttm called, FALSE, 107x2811
INFO [1149] [2023-10-23 06:39:18] paquet:N2252800E3942400 ppou:3016 ttm ok 853246
INFO [1149] [2023-10-23 06:39:18] dodgr_ttm called, FALSE, 89x3296
INFO [1138] [2023-10-23 06:39:31] paquet:N2265600E3904000 ppou:12702 ttm ok 3111
INFO [1138] [2023-10-23 06:39:31] dodgr_ttm called, FALSE, 45x1116
INFO [1145] [2023-10-23 06:39:50] paquet:N2291200E3904000 ppou:24701 ttm ok 6274
INFO [1145] [2023-10-23 06:39:50] dodgr_ttm called, FALSE, 9x1834
INFO [1146] [2023-10-23 06:40:35] paquet:N2265600E3955200 ppou:12025 ttm ok 52490
INFO [1146] [2023-10-23 06:40:35] dodgr_ttm called, FALSE, 201x3551
INFO [1136] [2023-10-23 06:41:52] paquet:N2278400E3929600 ppou:17483 ttm ok 358280
INFO [1136] [2023-10-23 06:41:52] dodgr_ttm called, FALSE, 132x3430
INFO [1148] [2023-10-23 06:42:06] paquet:N2252800E3955200 ppou:4689 ttm ok 158102
INFO [1148] [2023-10-23 06:42:06] dodgr_ttm called, FALSE, 310x4026
INFO [1150] [2023-10-23 06:42:11] paquet:N2265600E3916800 ppou:9454 ttm ok 6460
INFO [1150] [2023-10-23 06:42:11] dodgr_ttm called, FALSE, 211x1656
INFO [1141] [2023-10-23 06:42:21] paquet:N2304000E3916800 ppou:25964 ttm ok 25581
INFO [1141] [2023-10-23 06:42:21] dodgr_ttm called, FALSE, 54x2407
INFO [1144] [2023-10-23 06:43:30] paquet:N2240000E3955200 ppou:644 ttm ok 85078
INFO [1144] [2023-10-23 06:43:30] dodgr_ttm called, FALSE, 154x4072
INFO [1149] [2023-10-23 06:43:43] paquet:N2252800E3942400 ppou:3716 ttm ok 260518
INFO [1149] [2023-10-23 06:43:43] dodgr_ttm called, FALSE, 664x4510
INFO [1139] [2023-10-23 06:44:09] paquet:N2252800E3916800 ppou:7453 ttm ok 73694
INFO [1139] [2023-10-23 06:44:09] dodgr_ttm called, FALSE, 17x1613
INFO [1145] [2023-10-23 06:44:12] paquet:N2291200E3904000 ppou:24742 ttm ok 13666
SUCCESS [1145] [2023-10-23 06:44:12] carreau:N2291200E3904000 6 ancres 202.8k@99.3p/s demandees, 85.6k@41.9p/s retenues
INFO [1145] [2023-10-23 06:44:16] dodgr_ttm called, TRUE, 8x1385
INFO [1138] [2023-10-23 06:44:53] paquet:N2265600E3904000 ppou:13572 ttm ok 37599
INFO [1138] [2023-10-23 06:44:53] dodgr_ttm called, FALSE, 115x1716
INFO [1151] [2023-10-23 06:45:17] paquet:N2291200E3929600 ppou:24047 ttm ok 169832
INFO [1151] [2023-10-23 06:45:17] dodgr_ttm called, FALSE, 51x2404
INFO [1145] [2023-10-23 06:46:22] dodgr_ttm called, FALSE, 8x12829
INFO [1146] [2023-10-23 06:47:51] paquet:N2265600E3955200 ppou:12670 ttm ok 397415
INFO [1146] [2023-10-23 06:47:52] dodgr_ttm called, FALSE, 263x3770
INFO [1141] [2023-10-23 06:48:07] paquet:N2304000E3916800 ppou:25968 ttm ok 103432
INFO [1141] [2023-10-23 06:48:07] dodgr_ttm called, FALSE, 6x2127
INFO [1136] [2023-10-23 06:48:11] paquet:N2278400E3929600 ppou:18184 ttm ok 313062
INFO [1136] [2023-10-23 06:48:11] dodgr_ttm called, FALSE, 38x2980
INFO [1139] [2023-10-23 06:48:54] paquet:N2252800E3916800 ppou:7539 ttm ok 20140
INFO [1139] [2023-10-23 06:48:54] dodgr_ttm called, FALSE, 121x1183
INFO [1150] [2023-10-23 06:49:03] paquet:N2265600E3916800 ppou:10115 ttm ok 243668
INFO [1150] [2023-10-23 06:49:03] dodgr_ttm called, FALSE, 200x2085
INFO [1144] [2023-10-23 06:49:51] paquet:N2240000E3955200 ppou:718 ttm ok 313675
INFO [1144] [2023-10-23 06:49:52] dodgr_ttm called, FALSE, 224x3239
INFO [1148] [2023-10-23 06:50:31] paquet:N2252800E3955200 ppou:5340 ttm ok 594650
INFO [1148] [2023-10-23 06:50:31] dodgr_ttm called, FALSE, 354x4284
INFO [1138] [2023-10-23 06:50:56] paquet:N2265600E3904000 ppou:13950 ttm ok 131086
INFO [1138] [2023-10-23 06:50:56] dodgr_ttm called, FALSE, 72x1339
INFO [1151] [2023-10-23 06:51:09] paquet:N2291200E3929600 ppou:24470 ttm ok 73591
INFO [1151] [2023-10-23 06:51:09] dodgr_ttm called, FALSE, 183x2746
INFO [1145] [2023-10-23 06:51:18] dodgr_ttm called, FALSE, 297x2502
INFO [1141] [2023-10-23 06:52:47] paquet:N2304000E3916800 ppou:25982 ttm ok 12036
SUCCESS [1141] [2023-10-23 06:52:47] carreau:N2304000E3916800 7 ancres 948.8k@370.1p/s demandees, 598.7k@233.5p/s retenues
INFO [1141] [2023-10-23 06:52:52] dodgr_ttm called, TRUE, 8x44
INFO [1136] [2023-10-23 06:53:22] paquet:N2278400E3929600 ppou:20390 ttm ok 81817
INFO [1136] [2023-10-23 06:53:22] dodgr_ttm called, FALSE, 63x4149
INFO [1139] [2023-10-23 06:54:57] paquet:N2252800E3916800 ppou:7960 ttm ok 117942
INFO [1139] [2023-10-23 06:54:57] dodgr_ttm called, FALSE, 40x2435
INFO [1141] [2023-10-23 06:55:27] dodgr_ttm called, FALSE, 8x12829
INFO [1149] [2023-10-23 06:55:44] paquet:N2252800E3942400 ppou:4571 ttm ok 2007274
INFO [1149] [2023-10-23 06:55:44] dodgr_ttm called, FALSE, 238x3907
INFO [1146] [2023-10-23 06:55:45] paquet:N2265600E3955200 ppou:13642 ttm ok 529667
INFO [1146] [2023-10-23 06:55:45] dodgr_ttm called, FALSE, 204x2820
INFO [1150] [2023-10-23 06:56:26] paquet:N2265600E3916800 ppou:11078 ttm ok 223399
INFO [1150] [2023-10-23 06:56:26] dodgr_ttm called, FALSE, 84x2356
INFO [1138] [2023-10-23 06:56:44] paquet:N2265600E3904000 ppou:14028 ttm ok 63569
INFO [1138] [2023-10-23 06:56:44] dodgr_ttm called, FALSE, 10x1102
INFO [1144] [2023-10-23 06:57:13] paquet:N2240000E3955200 ppou:1354 ttm ok 534835
INFO [1144] [2023-10-23 06:57:13] dodgr_ttm called, FALSE, 245x3445
INFO [1151] [2023-10-23 06:58:44] paquet:N2291200E3929600 ppou:25066 ttm ok 282274
INFO [1151] [2023-10-23 06:58:44] dodgr_ttm called, FALSE, 120x2186
INFO [1136] [2023-10-23 06:59:14] paquet:N2278400E3929600 ppou:21009 ttm ok 116899
INFO [1136] [2023-10-23 06:59:14] dodgr_ttm called, FALSE, 86x3661
INFO [1148] [2023-10-23 06:59:37] paquet:N2252800E3955200 ppou:7848 ttm ok 808512
INFO [1148] [2023-10-23 06:59:37] dodgr_ttm called, FALSE, 102x4584
INFO [1145] [2023-10-23 07:00:05] paquet:N2291200E3916800 ppou:22239 ttm ok 445416
INFO [1145] [2023-10-23 07:00:05] dodgr_ttm called, FALSE, 327x2703
INFO [1139] [2023-10-23 07:00:14] paquet:N2252800E3916800 ppou:8241 ttm ok 78837
SUCCESS [1139] [2023-10-23 07:00:14] carreau:N2252800E3916800 8 ancres 953.7k@316.2p/s demandees, 626.1k@207.6p/s retenues
INFO [1139] [2023-10-23 07:00:18] dodgr_ttm called, TRUE, 1x6
INFO [1141] [2023-10-23 07:01:00] dodgr_ttm called, FALSE, 10x1818
INFO [1138] [2023-10-23 07:01:30] paquet:N2265600E3904000 ppou:14956 ttm ok 6051
SUCCESS [1138] [2023-10-23 07:01:31] carreau:N2265600E3904000 8 ancres 772.5k@249.6p/s demandees, 498.1k@160.9p/s retenues
INFO [1138] [2023-10-23 07:01:34] dodgr_ttm called, TRUE, 8x554
INFO [1150] [2023-10-23 07:02:21] paquet:N2265600E3916800 ppou:14960 ttm ok 148537
SUCCESS [1150] [2023-10-23 07:02:21] carreau:N2265600E3916800 8 ancres 1.4M@443.7p/s demandees, 897.4k@286p/s retenues
INFO [1144] [2023-10-23 07:02:23] paquet:N2240000E3955200 ppou:2338 ttm ok 675709
INFO [1144] [2023-10-23 07:02:23] dodgr_ttm called, FALSE, 89x3354
INFO [1150] [2023-10-23 07:02:25] dodgr_ttm called, TRUE, 8x1306
INFO [1139] [2023-10-23 07:02:32] dodgr_ttm called, FALSE, 1x12829
INFO [1149] [2023-10-23 07:02:56] paquet:N2252800E3942400 ppou:4713 ttm ok 781307
INFO [1149] [2023-10-23 07:02:56] dodgr_ttm called, FALSE, 280x3810
INFO [1146] [2023-10-23 07:02:56] paquet:N2265600E3955200 ppou:13648 ttm ok 293224
INFO [1146] [2023-10-23 07:02:56] dodgr_ttm called, FALSE, 120x3057
INFO [1138] [2023-10-23 07:03:52] dodgr_ttm called, FALSE, 8x12829
INFO [1150] [2023-10-23 07:04:42] dodgr_ttm called, FALSE, 8x12829
INFO [1136] [2023-10-23 07:04:56] paquet:N2278400E3929600 ppou:21099 ttm ok 181699
SUCCESS [1136] [2023-10-23 07:04:57] carreau:N2278400E3929600 7 ancres 5.1M@1.5kp/s demandees, 2.6M@798p/s retenues
INFO [1151] [2023-10-23 07:04:59] paquet:N2291200E3929600 ppou:25458 ttm ok 186254
INFO [1151] [2023-10-23 07:04:59] dodgr_ttm called, FALSE, 167x2612
INFO [1136] [2023-10-23 07:05:01] dodgr_ttm called, TRUE, 8x2310
INFO [1148] [2023-10-23 07:05:18] paquet:N2252800E3955200 ppou:8205 ttm ok 308478
SUCCESS [1148] [2023-10-23 07:05:20] carreau:N2252800E3955200 8 ancres 7.4M@2.2kp/s demandees, 4.8M@1.5kp/s retenues
INFO [1148] [2023-10-23 07:05:23] dodgr_ttm called, TRUE, 8x465
INFO [1141] [2023-10-23 07:05:58] paquet:N2304000E3929600 ppou:25646 ttm ok 15547
INFO [1141] [2023-10-23 07:05:58] dodgr_ttm called, FALSE, 4x1650
INFO [1139] [2023-10-23 07:07:24] dodgr_ttm called, FALSE, 4x1093
INFO [1136] [2023-10-23 07:07:24] dodgr_ttm called, FALSE, 8x12829
INFO [1148] [2023-10-23 07:07:25] dodgr_ttm called, FALSE, 8x12829
INFO [1149] [2023-10-23 07:08:25] paquet:N2252800E3942400 ppou:4885 ttm ok 863419
INFO [1149] [2023-10-23 07:08:25] dodgr_ttm called, FALSE, 689x4589
INFO [1144] [2023-10-23 07:08:25] paquet:N2240000E3955200 ppou:2356 ttm ok 234231
SUCCESS [1144] [2023-10-23 07:08:26] carreau:N2240000E3955200 8 ancres 4.4M@1.3kp/s demandees, 2.6M@737.7p/s retenues
INFO [1144] [2023-10-23 07:08:31] dodgr_ttm called, TRUE, 8x203
INFO [1145] [2023-10-23 07:08:58] paquet:N2291200E3916800 ppou:23048 ttm ok 489021
INFO [1145] [2023-10-23 07:08:58] dodgr_ttm called, FALSE, 274x2171
INFO [1146] [2023-10-23 07:09:01] paquet:N2265600E3955200 ppou:14532 ttm ok 190510
INFO [1146] [2023-10-23 07:09:01] dodgr_ttm called, FALSE, 87x3100
INFO [1138] [2023-10-23 07:09:18] dodgr_ttm called, FALSE, 46x1445
INFO [1150] [2023-10-23 07:09:57] dodgr_ttm called, FALSE, 241x4671
INFO [1144] [2023-10-23 07:10:37] dodgr_ttm called, FALSE, 8x12829
INFO [1141] [2023-10-23 07:10:55] paquet:N2304000E3929600 ppou:25650 ttm ok 6524
INFO [1141] [2023-10-23 07:10:55] dodgr_ttm called, FALSE, 3x1642
INFO [1139] [2023-10-23 07:11:49] paquet:N2252800E3904000 ppou:7951 ttm ok 3420
SUCCESS [1139] [2023-10-23 07:11:49] carreau:N2252800E3904000 1 ancres 17.2k@24.9p/s demandees, 4.5k@6.6p/s retenues
INFO [1139] [2023-10-23 07:11:52] dodgr_ttm called, FALSE, 1x12819
INFO [1151] [2023-10-23 07:12:06] paquet:N2291200E3929600 ppou:25501 ttm ok 237166
SUCCESS [1151] [2023-10-23 07:12:07] carreau:N2291200E3929600 8 ancres 3.4M@915.8p/s demandees, 2M@545.8p/s retenues
INFO [1148] [2023-10-23 07:12:10] dodgr_ttm called, FALSE, 39x2312
INFO [1151] [2023-10-23 07:12:11] dodgr_ttm called, TRUE, 8x790
INFO [1136] [2023-10-23 07:12:28] dodgr_ttm called, FALSE, 391x4065
INFO [1151] [2023-10-23 07:14:32] dodgr_ttm called, FALSE, 8x12829
INFO [1138] [2023-10-23 07:14:48] paquet:N2278400E3904000 ppou:15403 ttm ok 53973
INFO [1138] [2023-10-23 07:14:48] dodgr_ttm called, FALSE, 123x2726
INFO [1146] [2023-10-23 07:15:07] paquet:N2265600E3955200 ppou:15185 ttm ok 154209
SUCCESS [1146] [2023-10-23 07:15:10] carreau:N2265600E3955200 8 ancres 6.4M@1.6kp/s demandees, 3.5M@892.2p/s retenues
INFO [1146] [2023-10-23 07:15:16] dodgr_ttm called, TRUE, 8x561
INFO [1144] [2023-10-23 07:15:33] dodgr_ttm called, FALSE, 14x1736
INFO [1141] [2023-10-23 07:15:45] paquet:N2304000E3929600 ppou:25652 ttm ok 4785
INFO [1141] [2023-10-23 07:15:45] dodgr_ttm called, FALSE, 4x2098
INFO [1145] [2023-10-23 07:16:29] paquet:N2291200E3916800 ppou:23347 ttm ok 437744
INFO [1145] [2023-10-23 07:16:29] dodgr_ttm called, FALSE, 90x2623
SUCCESS [1139] [2023-10-23 07:16:40] carreau:N2252800E3891200 0 ancres 12.8k@44.5p/s demandees, 48@166.5mp/s retenues
INFO [1148] [2023-10-23 07:17:07] paquet:N2252800E3929600 ppou:5268 ttm ok 63810
INFO [1148] [2023-10-23 07:17:08] dodgr_ttm called, FALSE, 4x2300
INFO [1150] [2023-10-23 07:17:29] paquet:N2265600E3929600 ppou:8429 ttm ok 608341
INFO [1150] [2023-10-23 07:17:29] dodgr_ttm called, FALSE, 216x4808
INFO [1146] [2023-10-23 07:17:35] dodgr_ttm called, FALSE, 8x12829
INFO [1151] [2023-10-23 07:19:47] dodgr_ttm called, FALSE, 64x2016
INFO [1144] [2023-10-23 07:19:57] paquet:N2240000E3968000 ppou:66 ttm ok 19799
INFO [1144] [2023-10-23 07:19:57] dodgr_ttm called, FALSE, 6x1970
INFO [1141] [2023-10-23 07:20:31] paquet:N2304000E3929600 ppou:25654 ttm ok 5691
INFO [1141] [2023-10-23 07:20:31] dodgr_ttm called, FALSE, 21x1630
INFO [1138] [2023-10-23 07:21:23] paquet:N2278400E3904000 ppou:16297 ttm ok 140382
INFO [1138] [2023-10-23 07:21:23] dodgr_ttm called, FALSE, 39x1613
INFO [1148] [2023-10-23 07:21:25] paquet:N2252800E3929600 ppou:6635 ttm ok 9040
INFO [1148] [2023-10-23 07:21:25] dodgr_ttm called, FALSE, 66x3150
INFO [1149] [2023-10-23 07:21:59] paquet:N2252800E3942400 ppou:5176 ttm ok 2373995
INFO [1149] [2023-10-23 07:21:59] dodgr_ttm called, FALSE, 169x3897
INFO [1136] [2023-10-23 07:22:12] paquet:N2278400E3942400 ppou:15439 ttm ok 864625
INFO [1136] [2023-10-23 07:22:12] dodgr_ttm called, FALSE, 255x3026
INFO [1145] [2023-10-23 07:22:26] paquet:N2291200E3916800 ppou:23532 ttm ok 139056
INFO [1145] [2023-10-23 07:22:26] dodgr_ttm called, FALSE, 81x2306
INFO [1146] [2023-10-23 07:23:06] dodgr_ttm called, FALSE, 43x1732
INFO [1144] [2023-10-23 07:24:23] paquet:N2240000E3968000 ppou:816 ttm ok 8344
INFO [1144] [2023-10-23 07:24:23] dodgr_ttm called, FALSE, 13x1792
INFO [1150] [2023-10-23 07:24:53] paquet:N2265600E3929600 ppou:8678 ttm ok 678410
INFO [1150] [2023-10-23 07:24:53] dodgr_ttm called, FALSE, 48x3154
INFO [1151] [2023-10-23 07:25:11] paquet:N2291200E3942400 ppou:21481 ttm ok 93895
INFO [1151] [2023-10-23 07:25:11] dodgr_ttm called, FALSE, 67x2822
INFO [1141] [2023-10-23 07:25:17] paquet:N2304000E3929600 ppou:25695 ttm ok 29440
INFO [1141] [2023-10-23 07:25:17] dodgr_ttm called, FALSE, 1x1608
INFO [1148] [2023-10-23 07:26:16] paquet:N2252800E3929600 ppou:6637 ttm ok 142670
INFO [1148] [2023-10-23 07:26:16] dodgr_ttm called, FALSE, 83x3542
INFO [1138] [2023-10-23 07:26:31] paquet:N2278400E3904000 ppou:16480 ttm ok 46374
INFO [1138] [2023-10-23 07:26:31] dodgr_ttm called, FALSE, 83x1440
INFO [1146] [2023-10-23 07:28:05] paquet:N2265600E3968000 ppou:9294 ttm ok 45740
INFO [1146] [2023-10-23 07:28:05] dodgr_ttm called, FALSE, 211x1954
INFO [1145] [2023-10-23 07:28:14] paquet:N2291200E3916800 ppou:24943 ttm ok 124177
INFO [1145] [2023-10-23 07:28:14] dodgr_ttm called, FALSE, 117x2518
INFO [1149] [2023-10-23 07:28:30] paquet:N2252800E3942400 ppou:6154 ttm ok 537960
INFO [1149] [2023-10-23 07:28:30] dodgr_ttm called, FALSE, 152x4369
INFO [1144] [2023-10-23 07:28:51] paquet:N2240000E3968000 ppou:1310 ttm ok 20442
INFO [1144] [2023-10-23 07:28:51] dodgr_ttm called, FALSE, 2x1444
INFO [1136] [2023-10-23 07:29:49] paquet:N2278400E3942400 ppou:16181 ttm ok 492019
INFO [1136] [2023-10-23 07:29:49] dodgr_ttm called, FALSE, 234x3036
INFO [1141] [2023-10-23 07:30:01] paquet:N2304000E3929600 ppou:25717 ttm ok 1608
INFO [1141] [2023-10-23 07:30:01] dodgr_ttm called, FALSE, 1x1568
INFO [1150] [2023-10-23 07:30:07] paquet:N2265600E3929600 ppou:8744 ttm ok 108880
INFO [1150] [2023-10-23 07:30:07] dodgr_ttm called, FALSE, 134x4812
INFO [1151] [2023-10-23 07:30:51] paquet:N2291200E3942400 ppou:23194 ttm ok 122791
INFO [1151] [2023-10-23 07:30:51] dodgr_ttm called, FALSE, 181x2755
INFO [1148] [2023-10-23 07:31:47] paquet:N2252800E3929600 ppou:6816 ttm ok 235921
INFO [1148] [2023-10-23 07:31:47] dodgr_ttm called, FALSE, 98x4417
INFO [1138] [2023-10-23 07:32:20] paquet:N2278400E3904000 ppou:17284 ttm ok 96278
INFO [1138] [2023-10-23 07:32:21] dodgr_ttm called, FALSE, 6x1348
INFO [1144] [2023-10-23 07:33:59] paquet:N2240000E3968000 ppou:1312 ttm ok 2888
INFO [1144] [2023-10-23 07:33:59] dodgr_ttm called, FALSE, 14x2670
INFO [1145] [2023-10-23 07:34:21] paquet:N2291200E3916800 ppou:24995 ttm ok 191801
INFO [1145] [2023-10-23 07:34:21] dodgr_ttm called, FALSE, 22x2252
INFO [1146] [2023-10-23 07:34:59] paquet:N2265600E3968000 ppou:10892 ttm ok 237942
INFO [1146] [2023-10-23 07:34:59] dodgr_ttm called, FALSE, 25x1402
INFO [1149] [2023-10-23 07:35:07] paquet:N2252800E3942400 ppou:6482 ttm ok 460610
INFO [1141] [2023-10-23 07:35:07] paquet:N2304000E3929600 ppou:25744 ttm ok 1502
SUCCESS [1141] [2023-10-23 07:35:07] carreau:N2304000E3929600 7 ancres 178.1k@70.3p/s demandees, 82.1k@32.4p/s retenues
SUCCESS [1149] [2023-10-23 07:35:11] carreau:N2252800E3942400 8 ancres 11M@2.7kp/s demandees, 8.2M@2kp/s retenues
INFO [1150] [2023-10-23 07:36:45] paquet:N2265600E3929600 ppou:9343 ttm ok 483904
INFO [1150] [2023-10-23 07:36:45] dodgr_ttm called, FALSE, 129x4840
INFO [1138] [2023-10-23 07:37:01] paquet:N2278400E3904000 ppou:17802 ttm ok 6952
INFO [1138] [2023-10-23 07:37:01] dodgr_ttm called, FALSE, 43x1919
INFO [1136] [2023-10-23 07:37:06] paquet:N2278400E3942400 ppou:17528 ttm ok 458723
INFO [1136] [2023-10-23 07:37:06] dodgr_ttm called, FALSE, 525x4239
INFO [1148] [2023-10-23 07:37:07] paquet:N2252800E3929600 ppou:6835 ttm ok 341612
INFO [1148] [2023-10-23 07:37:07] dodgr_ttm called, FALSE, 35x4017
INFO [1151] [2023-10-23 07:38:23] paquet:N2291200E3942400 ppou:23498 ttm ok 312354
INFO [1151] [2023-10-23 07:38:23] dodgr_ttm called, FALSE, 202x3020
INFO [1144] [2023-10-23 07:38:38] paquet:N2240000E3968000 ppou:1458 ttm ok 25173
INFO [1144] [2023-10-23 07:38:38] dodgr_ttm called, FALSE, 110x3162
INFO [1145] [2023-10-23 07:38:56] paquet:N2291200E3916800 ppou:25149 ttm ok 38676
INFO [1145] [2023-10-23 07:38:56] dodgr_ttm called, FALSE, 173x2738
INFO [1146] [2023-10-23 07:39:26] paquet:N2265600E3968000 ppou:11479 ttm ok 29375
INFO [1146] [2023-10-23 07:39:26] dodgr_ttm called, FALSE, 44x1581
INFO [1148] [2023-10-23 07:41:29] paquet:N2252800E3929600 ppou:7185 ttm ok 111875
INFO [1148] [2023-10-23 07:41:29] dodgr_ttm called, FALSE, 41x4280
INFO [1138] [2023-10-23 07:41:58] paquet:N2278400E3904000 ppou:17808 ttm ok 51914
INFO [1138] [2023-10-23 07:41:58] dodgr_ttm called, FALSE, 85x2076
INFO [1150] [2023-10-23 07:43:06] paquet:N2265600E3929600 ppou:9603 ttm ok 490479
INFO [1150] [2023-10-23 07:43:06] dodgr_ttm called, FALSE, 424x5654
INFO [1146] [2023-10-23 07:44:33] paquet:N2265600E3968000 ppou:11759 ttm ok 53733
INFO [1146] [2023-10-23 07:44:33] dodgr_ttm called, FALSE, 75x1510
INFO [1144] [2023-10-23 07:44:44] paquet:N2240000E3968000 ppou:1578 ttm ok 155721
INFO [1144] [2023-10-23 07:44:44] dodgr_ttm called, FALSE, 36x2684
INFO [1145] [2023-10-23 07:45:41] paquet:N2291200E3916800 ppou:25240 ttm ok 291836
SUCCESS [1145] [2023-10-23 07:45:41] carreau:N2291200E3916800 8 ancres 3.6M@967.4p/s demandees, 2.2M@592.3p/s retenues
INFO [1148] [2023-10-23 07:45:50] paquet:N2252800E3929600 ppou:7468 ttm ok 136509
INFO [1148] [2023-10-23 07:45:50] dodgr_ttm called, FALSE, 95x3399
INFO [1151] [2023-10-23 07:45:51] paquet:N2291200E3942400 ppou:23510 ttm ok 277937
INFO [1151] [2023-10-23 07:45:51] dodgr_ttm called, FALSE, 29x1979
INFO [1138] [2023-10-23 07:47:30] paquet:N2278400E3904000 ppou:17923 ttm ok 112585
INFO [1138] [2023-10-23 07:47:30] dodgr_ttm called, FALSE, 122x2427
INFO [1136] [2023-10-23 07:47:35] paquet:N2278400E3942400 ppou:18307 ttm ok 1211065
INFO [1136] [2023-10-23 07:47:35] dodgr_ttm called, FALSE, 222x2893
INFO [1144] [2023-10-23 07:49:28] paquet:N2240000E3968000 ppou:1785 ttm ok 55190
INFO [1144] [2023-10-23 07:49:28] dodgr_ttm called, FALSE, 8x3399
INFO [1146] [2023-10-23 07:49:55] paquet:N2265600E3968000 ppou:11769 ttm ok 67901
INFO [1146] [2023-10-23 07:49:55] dodgr_ttm called, FALSE, 12x1198
INFO [1151] [2023-10-23 07:51:00] paquet:N2291200E3942400 ppou:23577 ttm ok 51659
INFO [1151] [2023-10-23 07:51:00] dodgr_ttm called, FALSE, 107x2471
INFO [1148] [2023-10-23 07:51:14] paquet:N2252800E3929600 ppou:7892 ttm ok 236683
SUCCESS [1148] [2023-10-23 07:51:14] carreau:N2252800E3929600 8 ancres 1.8M@645.5p/s demandees, 1.3M@476p/s retenues
INFO [1148] [2023-10-23 07:51:17] dodgr_ttm called, TRUE, 8x369
INFO [1150] [2023-10-23 07:52:44] paquet:N2265600E3929600 ppou:10320 ttm ok 1176054
INFO [1150] [2023-10-23 07:52:44] dodgr_ttm called, FALSE, 87x4569
INFO [1148] [2023-10-23 07:53:08] dodgr_ttm called, FALSE, 8x12829
INFO [1138] [2023-10-23 07:53:34] paquet:N2278400E3904000 ppou:20743 ttm ok 153240
SUCCESS [1138] [2023-10-23 07:53:34] carreau:N2278400E3904000 8 ancres 1.2M@400.7p/s demandees, 685.2k@219.6p/s retenues
INFO [1138] [2023-10-23 07:53:39] dodgr_ttm called, TRUE, 8x1121
INFO [1144] [2023-10-23 07:53:50] paquet:N2240000E3968000 ppou:2007 ttm ok 10198
SUCCESS [1144] [2023-10-23 07:53:50] carreau:N2240000E3968000 8 ancres 674k@247.8p/s demandees, 325.9k@119.8p/s retenues
INFO [1146] [2023-10-23 07:54:20] paquet:N2265600E3968000 ppou:12039 ttm ok 12921
INFO [1146] [2023-10-23 07:54:20] dodgr_ttm called, FALSE, 37x1365
INFO [1136] [2023-10-23 07:54:33] paquet:N2278400E3942400 ppou:18337 ttm ok 418140
INFO [1136] [2023-10-23 07:54:33] dodgr_ttm called, FALSE, 73x2999
INFO [1138] [2023-10-23 07:55:42] dodgr_ttm called, FALSE, 8x12829
INFO [1151] [2023-10-23 07:56:51] paquet:N2291200E3942400 ppou:23677 ttm ok 170986
INFO [1151] [2023-10-23 07:56:51] dodgr_ttm called, FALSE, 59x2997
INFO [1148] [2023-10-23 07:57:31] dodgr_ttm called, FALSE, 24x3819
INFO [1150] [2023-10-23 07:58:18] paquet:N2265600E3929600 ppou:10806 ttm ok 302905
INFO [1150] [2023-10-23 07:58:19] dodgr_ttm called, FALSE, 26x5122
INFO [1146] [2023-10-23 07:58:29] paquet:N2265600E3968000 ppou:12157 ttm ok 34004
INFO [1146] [2023-10-23 07:58:29] dodgr_ttm called, FALSE, 114x1950
INFO [1136] [2023-10-23 08:00:00] paquet:N2278400E3942400 ppou:18610 ttm ok 172281
INFO [1136] [2023-10-23 08:00:00] dodgr_ttm called, FALSE, 509x3340
INFO [1138] [2023-10-23 08:00:50] dodgr_ttm called, FALSE, 153x2790
INFO [1148] [2023-10-23 08:01:28] paquet:N2252800E3968000 ppou:6421 ttm ok 29915
INFO [1148] [2023-10-23 08:01:28] dodgr_ttm called, FALSE, 65x2564
INFO [1151] [2023-10-23 08:02:17] paquet:N2291200E3942400 ppou:24261 ttm ok 77739
INFO [1151] [2023-10-23 08:02:18] dodgr_ttm called, FALSE, 79x2521
INFO [1150] [2023-10-23 08:03:03] paquet:N2265600E3929600 ppou:13490 ttm ok 70222
SUCCESS [1150] [2023-10-23 08:03:06] carreau:N2265600E3929600 8 ancres 6.6M@1.8kp/s demandees, 4M@1.1kp/s retenues
INFO [1150] [2023-10-23 08:03:10] dodgr_ttm called, TRUE, 8x2110
INFO [1146] [2023-10-23 08:04:56] paquet:N2265600E3968000 ppou:13070 ttm ok 120914
SUCCESS [1146] [2023-10-23 08:04:56] carreau:N2265600E3968000 8 ancres 1.1M@367.3p/s demandees, 620.2k@208.1p/s retenues
INFO [1146] [2023-10-23 08:05:00] dodgr_ttm called, TRUE, 8x96
INFO [1150] [2023-10-23 08:05:16] dodgr_ttm called, FALSE, 8x12829
INFO [1148] [2023-10-23 08:05:29] paquet:N2252800E3968000 ppou:6518 ttm ok 88194
INFO [1148] [2023-10-23 08:05:29] dodgr_ttm called, FALSE, 99x2403
INFO [1146] [2023-10-23 08:07:15] dodgr_ttm called, FALSE, 8x12829
INFO [1138] [2023-10-23 08:07:23] paquet:N2278400E3916800 ppou:16213 ttm ok 268167
INFO [1138] [2023-10-23 08:07:23] dodgr_ttm called, FALSE, 57x2705
INFO [1151] [2023-10-23 08:07:59] paquet:N2291200E3942400 ppou:24368 ttm ok 115379
SUCCESS [1151] [2023-10-23 08:07:59] carreau:N2291200E3942400 8 ancres 2.2M@665.2p/s demandees, 1.3M@373.7p/s retenues
INFO [1151] [2023-10-23 08:08:04] dodgr_ttm called, TRUE, 8x808
INFO [1148] [2023-10-23 08:09:37] paquet:N2252800E3968000 ppou:6704 ttm ok 131216
INFO [1148] [2023-10-23 08:09:37] dodgr_ttm called, FALSE, 44x1487
INFO [1150] [2023-10-23 08:10:06] dodgr_ttm called, FALSE, 119x4669
INFO [1151] [2023-10-23 08:10:13] dodgr_ttm called, FALSE, 8x12829
INFO [1136] [2023-10-23 08:10:19] paquet:N2278400E3942400 ppou:19393 ttm ok 918857
INFO [1136] [2023-10-23 08:10:19] dodgr_ttm called, FALSE, 88x3602
INFO [1146] [2023-10-23 08:12:18] dodgr_ttm called, FALSE, 6x105
INFO [1138] [2023-10-23 08:12:40] paquet:N2278400E3916800 ppou:18042 ttm ok 101628
INFO [1138] [2023-10-23 08:12:40] dodgr_ttm called, FALSE, 131x1939
INFO [1148] [2023-10-23 08:13:25] paquet:N2252800E3968000 ppou:7250 ttm ok 49845
INFO [1148] [2023-10-23 08:13:25] dodgr_ttm called, FALSE, 39x1556
INFO [1151] [2023-10-23 08:15:25] dodgr_ttm called, FALSE, 133x1576
INFO [1136] [2023-10-23 08:15:32] paquet:N2278400E3942400 ppou:19747 ttm ok 189827
SUCCESS [1136] [2023-10-23 08:15:34] carreau:N2278400E3942400 8 ancres 8.3M@2kp/s demandees, 4.8M@1.1kp/s retenues
INFO [1136] [2023-10-23 08:15:39] dodgr_ttm called, TRUE, 8x599
INFO [1150] [2023-10-23 08:15:42] paquet:N2265600E3942400 ppou:8363 ttm ok 464845
INFO [1150] [2023-10-23 08:15:42] dodgr_ttm called, FALSE, 51x4394
INFO [1146] [2023-10-23 08:16:36] paquet:N2265600E3891200 ppou:8824 ttm ok 322
INFO [1146] [2023-10-23 08:16:36] dodgr_ttm called, FALSE, 17x309
INFO [1148] [2023-10-23 08:17:14] paquet:N2252800E3968000 ppou:7605 ttm ok 41345
INFO [1148] [2023-10-23 08:17:14] dodgr_ttm called, FALSE, 83x2751
INFO [1136] [2023-10-23 08:17:33] dodgr_ttm called, FALSE, 8x12829
INFO [1138] [2023-10-23 08:18:52] paquet:N2278400E3916800 ppou:19064 ttm ok 176147
INFO [1138] [2023-10-23 08:18:52] dodgr_ttm called, FALSE, 202x1954
INFO [1150] [2023-10-23 08:20:30] paquet:N2265600E3942400 ppou:9263 ttm ok 171411
INFO [1150] [2023-10-23 08:20:30] dodgr_ttm called, FALSE, 356x4449
INFO [1146] [2023-10-23 08:20:49] paquet:N2265600E3891200 ppou:8920 ttm ok 1910
INFO [1146] [2023-10-23 08:20:49] dodgr_ttm called, FALSE, 4x126
INFO [1148] [2023-10-23 08:21:22] paquet:N2252800E3968000 ppou:7785 ttm ok 82746
INFO [1148] [2023-10-23 08:21:22] dodgr_ttm called, FALSE, 3x906
INFO [1151] [2023-10-23 08:21:30] paquet:N2291200E3955200 ppou:21578 ttm ok 153254
INFO [1151] [2023-10-23 08:21:30] dodgr_ttm called, FALSE, 72x1162
INFO [1136] [2023-10-23 08:22:18] dodgr_ttm called, FALSE, 210x3095
INFO [1146] [2023-10-23 08:25:06] paquet:N2265600E3891200 ppou:9300 ttm ok 343
INFO [1146] [2023-10-23 08:25:06] dodgr_ttm called, FALSE, 13x247
INFO [1148] [2023-10-23 08:25:07] paquet:N2252800E3968000 ppou:7862 ttm ok 2566
INFO [1148] [2023-10-23 08:25:07] dodgr_ttm called, FALSE, 11x1194
INFO [1138] [2023-10-23 08:26:12] paquet:N2278400E3916800 ppou:19418 ttm ok 283581
INFO [1138] [2023-10-23 08:26:12] dodgr_ttm called, FALSE, 137x1919
INFO [1151] [2023-10-23 08:26:40] paquet:N2291200E3955200 ppou:21915 ttm ok 63268
INFO [1151] [2023-10-23 08:26:40] dodgr_ttm called, FALSE, 23x1506
INFO [1148] [2023-10-23 08:28:47] paquet:N2252800E3968000 ppou:8039 ttm ok 9233
SUCCESS [1148] [2023-10-23 08:28:47] carreau:N2252800E3968000 8 ancres 969.1k@430.8p/s demandees, 462.2k@205.4p/s retenues
INFO [1136] [2023-10-23 08:29:14] paquet:N2278400E3955200 ppou:17140 ttm ok 341324
INFO [1136] [2023-10-23 08:29:14] dodgr_ttm called, FALSE, 14x1683
INFO [1150] [2023-10-23 08:29:22] paquet:N2265600E3942400 ppou:9898 ttm ok 1190963
INFO [1150] [2023-10-23 08:29:22] dodgr_ttm called, FALSE, 547x4713
INFO [1146] [2023-10-23 08:29:30] paquet:N2265600E3891200 ppou:9429 ttm ok 2976
INFO [1146] [2023-10-23 08:29:30] dodgr_ttm called, FALSE, 18x242
INFO [1151] [2023-10-23 08:31:17] paquet:N2291200E3955200 ppou:22118 ttm ok 26533
INFO [1151] [2023-10-23 08:31:17] dodgr_ttm called, FALSE, 86x1733
INFO [1138] [2023-10-23 08:32:18] paquet:N2278400E3916800 ppou:19553 ttm ok 195991
INFO [1138] [2023-10-23 08:32:18] dodgr_ttm called, FALSE, 138x1820
INFO [1136] [2023-10-23 08:33:29] paquet:N2278400E3955200 ppou:17260 ttm ok 20074
INFO [1136] [2023-10-23 08:33:29] dodgr_ttm called, FALSE, 84x3199
INFO [1146] [2023-10-23 08:33:40] paquet:N2265600E3891200 ppou:9554 ttm ok 3928
INFO [1146] [2023-10-23 08:33:40] dodgr_ttm called, FALSE, 1x242
INFO [1151] [2023-10-23 08:36:39] paquet:N2291200E3955200 ppou:22306 ttm ok 117818
INFO [1151] [2023-10-23 08:36:39] dodgr_ttm called, FALSE, 157x2166
INFO [1146] [2023-10-23 08:37:46] paquet:N2265600E3891200 ppou:9680 ttm ok 242
INFO [1146] [2023-10-23 08:37:46] dodgr_ttm called, FALSE, 37x945
INFO [1138] [2023-10-23 08:38:30] paquet:N2278400E3916800 ppou:19967 ttm ok 198112
INFO [1138] [2023-10-23 08:38:30] dodgr_ttm called, FALSE, 147x2613
INFO [1136] [2023-10-23 08:38:47] paquet:N2278400E3955200 ppou:17266 ttm ok 102950
INFO [1136] [2023-10-23 08:38:47] dodgr_ttm called, FALSE, 137x2300
INFO [1150] [2023-10-23 08:39:54] paquet:N2265600E3942400 ppou:11533 ttm ok 1986490
INFO [1150] [2023-10-23 08:39:54] dodgr_ttm called, FALSE, 231x4025
INFO [1146] [2023-10-23 08:42:42] paquet:N2265600E3891200 ppou:10091 ttm ok 8829
SUCCESS [1146] [2023-10-23 08:42:42] carreau:N2265600E3891200 7 ancres 151.8k@67.1p/s demandees, 25.4k@11.2p/s retenues
INFO [1151] [2023-10-23 08:43:02] paquet:N2291200E3955200 ppou:23770 ttm ok 170331
INFO [1151] [2023-10-23 08:43:03] dodgr_ttm called, FALSE, 96x1450
INFO [1138] [2023-10-23 08:44:47] paquet:N2278400E3916800 ppou:20383 ttm ok 253389
INFO [1138] [2023-10-23 08:44:47] dodgr_ttm called, FALSE, 152x2566
INFO [1136] [2023-10-23 08:45:01] paquet:N2278400E3955200 ppou:20406 ttm ok 226339
INFO [1136] [2023-10-23 08:45:01] dodgr_ttm called, FALSE, 28x1815
INFO [1150] [2023-10-23 08:46:48] paquet:N2265600E3942400 ppou:13801 ttm ok 617007
INFO [1150] [2023-10-23 08:46:48] dodgr_ttm called, FALSE, 314x4092
INFO [1151] [2023-10-23 08:48:06] paquet:N2291200E3955200 ppou:24382 ttm ok 106720
INFO [1151] [2023-10-23 08:48:07] dodgr_ttm called, FALSE, 120x1766
INFO [1136] [2023-10-23 08:49:28] paquet:N2278400E3955200 ppou:20717 ttm ok 38618
INFO [1136] [2023-10-23 08:49:28] dodgr_ttm called, FALSE, 18x1794
INFO [1138] [2023-10-23 08:50:58] paquet:N2278400E3916800 ppou:20772 ttm ok 239108
SUCCESS [1138] [2023-10-23 08:51:00] carreau:N2278400E3916800 8 ancres 2.6M@761.6p/s demandees, 1.7M@504.7p/s retenues
INFO [1151] [2023-10-23 08:53:38] paquet:N2291200E3955200 ppou:24398 ttm ok 108902
INFO [1151] [2023-10-23 08:53:38] dodgr_ttm called, FALSE, 119x1506
INFO [1136] [2023-10-23 08:53:42] paquet:N2278400E3955200 ppou:21119 ttm ok 26366
INFO [1136] [2023-10-23 08:53:42] dodgr_ttm called, FALSE, 37x1887
INFO [1150] [2023-10-23 08:55:13] paquet:N2265600E3942400 ppou:13896 ttm ok 839986
INFO [1150] [2023-10-23 08:55:13] dodgr_ttm called, FALSE, 372x4702
INFO [1136] [2023-10-23 08:58:19] paquet:N2278400E3955200 ppou:21129 ttm ok 32409
INFO [1136] [2023-10-23 08:58:19] dodgr_ttm called, FALSE, 71x1267
INFO [1151] [2023-10-23 08:59:22] paquet:N2291200E3955200 ppou:24554 ttm ok 115576
SUCCESS [1151] [2023-10-23 08:59:24] carreau:N2291200E3955200 8 ancres 1.4M@470.8p/s demandees, 880.2k@285.8p/s retenues
INFO [1136] [2023-10-23 09:03:19] paquet:N2278400E3955200 ppou:21223 ttm ok 45654
SUCCESS [1136] [2023-10-23 09:03:19] carreau:N2278400E3955200 8 ancres 1.6M@560.4p/s demandees, 862k@301.4p/s retenues
INFO [1150] [2023-10-23 09:04:15] paquet:N2265600E3942400 ppou:14156 ttm ok 1074532
INFO [1150] [2023-10-23 09:04:15] dodgr_ttm called, FALSE, 114x2922
INFO [1150] [2023-10-23 09:09:52] paquet:N2265600E3942400 ppou:14600 ttm ok 227179
SUCCESS [1150] [2023-10-23 09:09:53] carreau:N2265600E3942400 8 ancres 9.3M@2.3kp/s demandees, 6.6M@1.7kp/s retenues
SUCCESS [2023-10-23 09:10:34] 
