SUCCESS [3472] [2023-10-23 18:45:42] Calcul accessibilite version 2
SUCCESS [3472] [2023-10-23 18:45:42] $type
SUCCESS [3472] [2023-10-23 18:45:42] [1] "dodgr"
SUCCESS [3472] [2023-10-23 18:45:42] 
SUCCESS [3472] [2023-10-23 18:45:42] $path
SUCCESS [3472] [2023-10-23 18:45:42] /space_mounts/data/marseille//dodgr/
SUCCESS [3472] [2023-10-23 18:45:42] FALSE
SUCCESS [3472] [2023-10-23 18:45:42] 
SUCCESS [3472] [2023-10-23 18:45:42] $graph
SUCCESS [3472] [2023-10-23 18:45:42] NULL
SUCCESS [3472] [2023-10-23 18:45:42] 
SUCCESS [3472] [2023-10-23 18:45:42] $vertices
SUCCESS [3472] [2023-10-23 18:45:42] NULL
SUCCESS [3472] [2023-10-23 18:45:42] 
SUCCESS [3472] [2023-10-23 18:45:42] $distances
SUCCESS [3472] [2023-10-23 18:45:42] [1] TRUE
SUCCESS [3472] [2023-10-23 18:45:42] 
SUCCESS [3472] [2023-10-23 18:45:42] $denivele
SUCCESS [3472] [2023-10-23 18:45:42] [1] FALSE
SUCCESS [3472] [2023-10-23 18:45:42] 
SUCCESS [3472] [2023-10-23 18:45:42] $pkg
SUCCESS [3472] [2023-10-23 18:45:42] [1] "dodgr"
SUCCESS [3472] [2023-10-23 18:45:42] 
SUCCESS [3472] [2023-10-23 18:45:42] $turn_penalty
SUCCESS [3472] [2023-10-23 18:45:42] [1] FALSE
SUCCESS [3472] [2023-10-23 18:45:42] 
SUCCESS [3472] [2023-10-23 18:45:42] $graph_name
SUCCESS [3472] [2023-10-23 18:45:42] /space_mounts/data/marseille//dodgr//marseille.foot.dodgrnet
SUCCESS [3472] [2023-10-23 18:45:42] FALSE
SUCCESS [3472] [2023-10-23 18:45:42] 
SUCCESS [3472] [2023-10-23 18:45:42] $string
SUCCESS [3472] [2023-10-23 18:45:42] dodgr routing foot sur /space_mounts/data/marseille//dodgr/ a 2023-10-23 18:04:18.71046
SUCCESS [3472] [2023-10-23 18:45:42] FALSE
SUCCESS [3472] [2023-10-23 18:45:42] 
SUCCESS [3472] [2023-10-23 18:45:42] $departure_datetime
SUCCESS [3472] [2023-10-23 18:45:42] [1] "2019-12-17 08:00:00 UTC"
SUCCESS [3472] [2023-10-23 18:45:42] 
SUCCESS [3472] [2023-10-23 18:45:42] $mode
SUCCESS [3472] [2023-10-23 18:45:42] [1] "foot"
SUCCESS [3472] [2023-10-23 18:45:42] 
SUCCESS [3472] [2023-10-23 18:45:42] $n_threads
SUCCESS [3472] [2023-10-23 18:45:42] [1] 8
SUCCESS [3472] [2023-10-23 18:45:42] 
SUCCESS [3472] [2023-10-23 18:45:42] $future
SUCCESS [3472] [2023-10-23 18:45:42] [1] TRUE
SUCCESS [3472] [2023-10-23 18:45:42] 
SUCCESS [3472] [2023-10-23 18:45:42] $future_routing
SUCCESS [3472] [2023-10-23 18:45:42] function(routing) {
SUCCESS [3472] [2023-10-23 18:45:42]       rout <- routing
SUCCESS [3472] [2023-10-23 18:45:42]       rout$graph <- NULL
SUCCESS [3472] [2023-10-23 18:45:42]       # rout$graph.dt <- NULL
SUCCESS [3472] [2023-10-23 18:45:42]       rout$vertices <- NULL
SUCCESS [3472] [2023-10-23 18:45:42]       rout$elevation_data <- NULL
SUCCESS [3472] [2023-10-23 18:45:42]       return(rout)
SUCCESS [3472] [2023-10-23 18:45:42]     }
SUCCESS [3472] [2023-10-23 18:45:42] <environment: 0x55c5f6013008>
SUCCESS [3472] [2023-10-23 18:45:42] 
SUCCESS [3472] [2023-10-23 18:45:42] $core_init
SUCCESS [3472] [2023-10-23 18:45:42] function(routing){
SUCCESS [3472] [2023-10-23 18:45:42]       RcppParallel::setThreadOptions(numThreads = routing$n_threads)
SUCCESS [3472] [2023-10-23 18:45:42]       rout <- routing
SUCCESS [3472] [2023-10-23 18:45:42]       net <- dgr_load_streetnet(routing$graph_name)
SUCCESS [3472] [2023-10-23 18:45:42]       rout$graph <- net$graph
SUCCESS [3472] [2023-10-23 18:45:42]       rout$vertices <- net$verts_c
SUCCESS [3472] [2023-10-23 18:45:42]       if("dz"%in% names(rout$graph))
SUCCESS [3472] [2023-10-23 18:45:42]         rout$graph$dzplus <- rout$graph$dz * rout$graph$d * (rout$graph$dz >0)
SUCCESS [3472] [2023-10-23 18:45:42]       logger::log_info("router {graph_name} chargé")
SUCCESS [3472] [2023-10-23 18:45:42]       return(rout)
SUCCESS [3472] [2023-10-23 18:45:42]     }
SUCCESS [3472] [2023-10-23 18:45:42] <environment: 0x55c5f6013008>
SUCCESS [3472] [2023-10-23 18:45:42] 
SUCCESS [3472] [2023-10-23 18:45:42] 
SUCCESS [3472] [2023-10-23 18:45:42] tmax:120
SUCCESS [3472] [2023-10-23 18:45:42] pdt:1
SUCCESS [3472] [2023-10-23 18:45:42] chunk:20M
SUCCESS [3472] [2023-10-23 18:45:42] resolution:200
SUCCESS [3472] [2023-10-23 18:45:42] out:200
SUCCESS [3472] [2023-10-23 18:45:42] les variables sont emplois
SUCCESS [3472] [2023-10-23 18:45:43] taille:333.6M gr:17 res_gr:12800
SUCCESS [3472] [2023-10-23 18:45:43] 26k ou, 12.8k quoi
SUCCESS [3472] [2023-10-23 18:45:43] 33 carreaux, 8 subsampling
SUCCESS [3472] [2023-10-23 18:45:43] future:TRUE, 1 workers
INFO [3472] [2023-10-23 18:46:19] router /space_mounts/data/marseille//dodgr//marseille.foot.dodgrnet chargé
INFO [3472] [2023-10-23 18:46:23] dodgr_ttm called, TRUE, 7x21
