SUCCESS [2023-10-23 12:22:26] Calcul accessibilite version 2
SUCCESS [2023-10-23 12:22:26] $type
SUCCESS [2023-10-23 12:22:26] [1] "dodgr"
SUCCESS [2023-10-23 12:22:26] 
SUCCESS [2023-10-23 12:22:26] $path
SUCCESS [2023-10-23 12:22:26] /space_mounts/data/marseille//dodgr/
SUCCESS [2023-10-23 12:22:26] FALSE
SUCCESS [2023-10-23 12:22:26] 
SUCCESS [2023-10-23 12:22:26] $graph
SUCCESS [2023-10-23 12:22:26] NULL
SUCCESS [2023-10-23 12:22:26] 
SUCCESS [2023-10-23 12:22:26] $vertices
SUCCESS [2023-10-23 12:22:26] NULL
SUCCESS [2023-10-23 12:22:26] 
SUCCESS [2023-10-23 12:22:26] $distances
SUCCESS [2023-10-23 12:22:26] [1] TRUE
SUCCESS [2023-10-23 12:22:26] 
SUCCESS [2023-10-23 12:22:26] $denivele
SUCCESS [2023-10-23 12:22:26] [1] FALSE
SUCCESS [2023-10-23 12:22:26] 
SUCCESS [2023-10-23 12:22:26] $pkg
SUCCESS [2023-10-23 12:22:26] [1] "dodgr"
SUCCESS [2023-10-23 12:22:26] 
SUCCESS [2023-10-23 12:22:26] $turn_penalty
SUCCESS [2023-10-23 12:22:26] [1] TRUE
SUCCESS [2023-10-23 12:22:26] 
SUCCESS [2023-10-23 12:22:26] $graph_name
SUCCESS [2023-10-23 12:22:26] /space_mounts/data/marseille//dodgr//marseille.foot.dodgrnet
SUCCESS [2023-10-23 12:22:26] FALSE
SUCCESS [2023-10-23 12:22:26] 
SUCCESS [2023-10-23 12:22:26] $string
SUCCESS [2023-10-23 12:22:26] dodgr routing foot sur /space_mounts/data/marseille//dodgr/ a 2023-10-23 12:22:18.935403
SUCCESS [2023-10-23 12:22:26] FALSE
SUCCESS [2023-10-23 12:22:26] 
SUCCESS [2023-10-23 12:22:26] $departure_datetime
SUCCESS [2023-10-23 12:22:26] [1] "2019-12-17 08:00:00 UTC"
SUCCESS [2023-10-23 12:22:26] 
SUCCESS [2023-10-23 12:22:26] $mode
SUCCESS [2023-10-23 12:22:26] [1] "foot"
SUCCESS [2023-10-23 12:22:26] 
SUCCESS [2023-10-23 12:22:26] $n_threads
SUCCESS [2023-10-23 12:22:26] [1] 8
SUCCESS [2023-10-23 12:22:26] 
SUCCESS [2023-10-23 12:22:26] $future
SUCCESS [2023-10-23 12:22:26] [1] TRUE
SUCCESS [2023-10-23 12:22:26] 
SUCCESS [2023-10-23 12:22:26] $future_routing
SUCCESS [2023-10-23 12:22:26] function (routing) 
SUCCESS [2023-10-23 12:22:26] {
SUCCESS [2023-10-23 12:22:26]     rout <- routing
SUCCESS [2023-10-23 12:22:26]     rout$graph <- NULL
SUCCESS [2023-10-23 12:22:26]     rout$vertices <- NULL
SUCCESS [2023-10-23 12:22:26]     rout$elevation_data <- NULL
SUCCESS [2023-10-23 12:22:26]     return(rout)
SUCCESS [2023-10-23 12:22:26] }
SUCCESS [2023-10-23 12:22:26] <bytecode: 0x5616eb232b80>
SUCCESS [2023-10-23 12:22:26] <environment: 0x561702f7b200>
SUCCESS [2023-10-23 12:22:26] 
SUCCESS [2023-10-23 12:22:26] $core_init
SUCCESS [2023-10-23 12:22:26] function (routing) 
SUCCESS [2023-10-23 12:22:26] {
SUCCESS [2023-10-23 12:22:26]     RcppParallel::setThreadOptions(numThreads = routing$n_threads)
SUCCESS [2023-10-23 12:22:26]     rout <- routing
SUCCESS [2023-10-23 12:22:26]     net <- dgr_load_streetnet(routing$graph_name)
SUCCESS [2023-10-23 12:22:26]     rout$graph <- net$graph
SUCCESS [2023-10-23 12:22:26]     rout$vertices <- net$verts_c
SUCCESS [2023-10-23 12:22:26]     if ("dz" %in% names(rout$graph)) 
SUCCESS [2023-10-23 12:22:26]         rout$graph$dzplus <- rout$graph$dz * (rout$graph$dz > 
SUCCESS [2023-10-23 12:22:26]             0)
SUCCESS [2023-10-23 12:22:26]     logger::log_info("router {graph_name} chargé")
SUCCESS [2023-10-23 12:22:26]     return(rout)
SUCCESS [2023-10-23 12:22:26] }
SUCCESS [2023-10-23 12:22:26] <bytecode: 0x5616eb233868>
SUCCESS [2023-10-23 12:22:26] <environment: 0x561702f7b200>
SUCCESS [2023-10-23 12:22:26] 
SUCCESS [2023-10-23 12:22:26] 
SUCCESS [2023-10-23 12:22:26] tmax:120
SUCCESS [2023-10-23 12:22:26] pdt:1
SUCCESS [2023-10-23 12:22:26] chunk:5M
SUCCESS [2023-10-23 12:22:26] resolution:200
SUCCESS [2023-10-23 12:22:26] out:200
SUCCESS [2023-10-23 12:22:26] les variables sont emplois
SUCCESS [2023-10-23 12:22:27] taille:333.6M gr:67 res_gr:6400
SUCCESS [2023-10-23 12:22:27] 26k ou, 12.8k quoi
SUCCESS [2023-10-23 12:22:27] 106 carreaux, 8 subsampling
SUCCESS [2023-10-23 12:22:27] future:TRUE, 16 workers
INFO [1051] [2023-10-23 12:28:45] router /space_mounts/data/marseille//dodgr//marseille.foot.dodgrnet chargé
INFO [1049] [2023-10-23 12:28:46] router /space_mounts/data/marseille//dodgr//marseille.foot.dodgrnet chargé
INFO [1050] [2023-10-23 12:28:46] router /space_mounts/data/marseille//dodgr//marseille.foot.dodgrnet chargé
INFO [1039] [2023-10-23 12:28:46] router /space_mounts/data/marseille//dodgr//marseille.foot.dodgrnet chargé
INFO [1040] [2023-10-23 12:28:46] router /space_mounts/data/marseille//dodgr//marseille.foot.dodgrnet chargé
INFO [1037] [2023-10-23 12:28:47] router /space_mounts/data/marseille//dodgr//marseille.foot.dodgrnet chargé
SUCCESS [1051] [2023-10-23 12:28:48] carreau:N2265600E3948800 dossier:/space_mounts/data/marseille//temp_walkdgr
SUCCESS [1049] [2023-10-23 12:28:49] carreau:N2291200E3974400 dossier:/space_mounts/data/marseille//temp_walkdgr
SUCCESS [1050] [2023-10-23 12:28:49] carreau:N2259200E3916800 dossier:/space_mounts/data/marseille//temp_walkdgr
SUCCESS [1039] [2023-10-23 12:28:49] carreau:N2284800E3961600 dossier:/space_mounts/data/marseille//temp_walkdgr
SUCCESS [1040] [2023-10-23 12:28:50] carreau:N2272000E3904000 dossier:/space_mounts/data/marseille//temp_walkdgr
SUCCESS [1037] [2023-10-23 12:28:51] carreau:N2265600E3929600 dossier:/space_mounts/data/marseille//temp_walkdgr
INFO [1047] [2023-10-23 12:28:51] router /space_mounts/data/marseille//dodgr//marseille.foot.dodgrnet chargé
SUCCESS [1051] [2023-10-23 12:28:51] carreau:N2265600E3910400 dossier:/space_mounts/data/marseille//temp_walkdgr
SUCCESS [1050] [2023-10-23 12:28:52] carreau:N2259200E3936000 dossier:/space_mounts/data/marseille//temp_walkdgr
INFO [1049] [2023-10-23 12:28:52] dodgr_ttm called, TRUE, 8x240
INFO [1039] [2023-10-23 12:28:52] dodgr_ttm called, TRUE, 8x109
INFO [1040] [2023-10-23 12:28:53] dodgr_ttm called, TRUE, 8x77
SUCCESS [1037] [2023-10-23 12:28:54] carreau:N2265600E3936000 dossier:/space_mounts/data/marseille//temp_walkdgr
SUCCESS [1051] [2023-10-23 12:28:54] carreau:N2265600E3974400 dossier:/space_mounts/data/marseille//temp_walkdgr
SUCCESS [1047] [2023-10-23 12:28:54] carreau:N2246400E3974400 dossier:/space_mounts/data/marseille//temp_walkdgr
SUCCESS [1050] [2023-10-23 12:28:55] carreau:N2259200E3910400 dossier:/space_mounts/data/marseille//temp_walkdgr
INFO [1037] [2023-10-23 12:28:56] dodgr_ttm called, TRUE, 8x451
INFO [1043] [2023-10-23 12:28:57] router /space_mounts/data/marseille//dodgr//marseille.foot.dodgrnet chargé
SUCCESS [1051] [2023-10-23 12:28:57] carreau:N2265600E3891200 dossier:/space_mounts/data/marseille//temp_walkdgr
SUCCESS [1047] [2023-10-23 12:28:57] carreau:N2252800E3942400 dossier:/space_mounts/data/marseille//temp_walkdgr
SUCCESS [1050] [2023-10-23 12:28:58] carreau:N2259200E3904000 dossier:/space_mounts/data/marseille//temp_walkdgr
INFO [1041] [2023-10-23 12:28:58] router /space_mounts/data/marseille//dodgr//marseille.foot.dodgrnet chargé
INFO [1045] [2023-10-23 12:28:59] router /space_mounts/data/marseille//dodgr//marseille.foot.dodgrnet chargé
INFO [1051] [2023-10-23 12:29:00] dodgr_ttm called, TRUE, 8x238
INFO [1046] [2023-10-23 12:29:00] router /space_mounts/data/marseille//dodgr//marseille.foot.dodgrnet chargé
SUCCESS [1043] [2023-10-23 12:29:00] carreau:N2240000E3936000 dossier:/space_mounts/data/marseille//temp_walkdgr
SUCCESS [1047] [2023-10-23 12:29:00] carreau:N2252800E3948800 dossier:/space_mounts/data/marseille//temp_walkdgr
SUCCESS [1050] [2023-10-23 12:29:00] carreau:N2259200E3897600 dossier:/space_mounts/data/marseille//temp_walkdgr
INFO [1038] [2023-10-23 12:29:00] router /space_mounts/data/marseille//dodgr//marseille.foot.dodgrnet chargé
SUCCESS [1041] [2023-10-23 12:29:01] carreau:N2278400E3942400 dossier:/space_mounts/data/marseille//temp_walkdgr
INFO [1042] [2023-10-23 12:29:02] router /space_mounts/data/marseille//dodgr//marseille.foot.dodgrnet chargé
INFO [1048] [2023-10-23 12:29:02] router /space_mounts/data/marseille//dodgr//marseille.foot.dodgrnet chargé
SUCCESS [1045] [2023-10-23 12:29:02] carreau:N2259200E3923200 dossier:/space_mounts/data/marseille//temp_walkdgr
SUCCESS [1047] [2023-10-23 12:29:03] carreau:N2252800E3955200 dossier:/space_mounts/data/marseille//temp_walkdgr
SUCCESS [1043] [2023-10-23 12:29:03] carreau:N2246400E3942400 dossier:/space_mounts/data/marseille//temp_walkdgr
SUCCESS [1050] [2023-10-23 12:29:03] carreau:N2265600E3916800 dossier:/space_mounts/data/marseille//temp_walkdgr
SUCCESS [1046] [2023-10-23 12:29:03] carreau:N2272000E3936000 dossier:/space_mounts/data/marseille//temp_walkdgr
INFO [1052] [2023-10-23 12:29:04] router /space_mounts/data/marseille//dodgr//marseille.foot.dodgrnet chargé
SUCCESS [1038] [2023-10-23 12:29:04] carreau:N2291200E3929600 dossier:/space_mounts/data/marseille//temp_walkdgr
SUCCESS [1041] [2023-10-23 12:29:04] carreau:N2278400E3948800 dossier:/space_mounts/data/marseille//temp_walkdgr
SUCCESS [1042] [2023-10-23 12:29:05] carreau:N2233600E3961600 dossier:/space_mounts/data/marseille//temp_walkdgr
INFO [1048] [2023-10-23 12:29:05] dodgr_ttm called, TRUE, 8x262
SUCCESS [1045] [2023-10-23 12:29:05] carreau:N2259200E3929600 dossier:/space_mounts/data/marseille//temp_walkdgr
SUCCESS [1047] [2023-10-23 12:29:06] carreau:N2252800E3961600 dossier:/space_mounts/data/marseille//temp_walkdgr
SUCCESS [1043] [2023-10-23 12:29:06] carreau:N2246400E3948800 dossier:/space_mounts/data/marseille//temp_walkdgr
INFO [1050] [2023-10-23 12:29:06] dodgr_ttm called, TRUE, 8x133
SUCCESS [1046] [2023-10-23 12:29:06] carreau:N2272000E3942400 dossier:/space_mounts/data/marseille//temp_walkdgr
INFO [1044] [2023-10-23 12:29:07] router /space_mounts/data/marseille//dodgr//marseille.foot.dodgrnet chargé
INFO [1038] [2023-10-23 12:29:07] dodgr_ttm called, TRUE, 8x440
INFO [1041] [2023-10-23 12:29:07] dodgr_ttm called, TRUE, 8x231
SUCCESS [1052] [2023-10-23 12:29:08] carreau:N2284800E3910400 dossier:/space_mounts/data/marseille//temp_walkdgr
SUCCESS [1042] [2023-10-23 12:29:08] carreau:N2233600E3955200 dossier:/space_mounts/data/marseille//temp_walkdgr
SUCCESS [1045] [2023-10-23 12:29:08] carreau:N2259200E3942400 dossier:/space_mounts/data/marseille//temp_walkdgr
INFO [1047] [2023-10-23 12:29:09] dodgr_ttm called, TRUE, 1x3
SUCCESS [1043] [2023-10-23 12:29:09] carreau:N2246400E3955200 dossier:/space_mounts/data/marseille//temp_walkdgr
SUCCESS [1046] [2023-10-23 12:29:09] carreau:N2272000E3948800 dossier:/space_mounts/data/marseille//temp_walkdgr
INFO [1044] [2023-10-23 12:29:11] dodgr_ttm called, TRUE, 3x12
SUCCESS [1042] [2023-10-23 12:29:11] carreau:N2240000E3955200 dossier:/space_mounts/data/marseille//temp_walkdgr
INFO [1052] [2023-10-23 12:29:11] dodgr_ttm called, TRUE, 8x488
SUCCESS [1045] [2023-10-23 12:29:12] carreau:N2259200E3948800 dossier:/space_mounts/data/marseille//temp_walkdgr
INFO [1046] [2023-10-23 12:29:12] dodgr_ttm called, TRUE, 8x509
SUCCESS [1043] [2023-10-23 12:29:12] carreau:N2246400E3968000 dossier:/space_mounts/data/marseille//temp_walkdgr
SUCCESS [1042] [2023-10-23 12:29:14] carreau:N2240000E3961600 dossier:/space_mounts/data/marseille//temp_walkdgr
INFO [1045] [2023-10-23 12:29:15] dodgr_ttm called, TRUE, 8x130
SUCCESS [1043] [2023-10-23 12:29:15] carreau:N2246400E3936000 dossier:/space_mounts/data/marseille//temp_walkdgr
SUCCESS [1042] [2023-10-23 12:29:17] carreau:N2240000E3968000 dossier:/space_mounts/data/marseille//temp_walkdgr
SUCCESS [1043] [2023-10-23 12:29:19] carreau:N2246400E3961600 dossier:/space_mounts/data/marseille//temp_walkdgr
SUCCESS [1042] [2023-10-23 12:29:20] carreau:N2240000E3942400 dossier:/space_mounts/data/marseille//temp_walkdgr
SUCCESS [1042] [2023-10-23 12:29:23] carreau:N2240000E3948800 dossier:/space_mounts/data/marseille//temp_walkdgr
INFO [1040] [2023-10-23 12:29:56] dodgr_ttm called, FALSE, 8x12829
INFO [1049] [2023-10-23 12:29:57] dodgr_ttm called, FALSE, 8x12829
INFO [1039] [2023-10-23 12:29:58] dodgr_ttm called, FALSE, 8x12829
INFO [1037] [2023-10-23 12:30:03] dodgr_ttm called, FALSE, 8x12829
INFO [1051] [2023-10-23 12:30:06] dodgr_ttm called, FALSE, 8x12829
INFO [1050] [2023-10-23 12:30:08] dodgr_ttm called, FALSE, 8x12829
INFO [1048] [2023-10-23 12:30:11] dodgr_ttm called, FALSE, 8x12829
WARN [1047] [2023-10-23 12:30:11] dodgr::travel_time_matrix empty
WARN [1047] [2023-10-23 12:30:11] erreur de routeur ttm_ou dodgr::travel_time_matrix empty
WARN [1047] [2023-10-23 12:30:11] carreau:N2252800E3936000 ou_id:2572 ttm_ou vide
WARN [1047] [2023-10-23 12:30:11] la matrice des distances interne au carreau est vide
INFO [1038] [2023-10-23 12:30:13] dodgr_ttm called, FALSE, 8x12829
INFO [1041] [2023-10-23 12:30:13] dodgr_ttm called, FALSE, 8x12829
INFO [1047] [2023-10-23 12:30:14] dodgr_ttm called, TRUE, 3x10
INFO [1045] [2023-10-23 12:30:19] dodgr_ttm called, FALSE, 8x12829
INFO [1052] [2023-10-23 12:30:19] dodgr_ttm called, FALSE, 8x12829
WARN [1044] [2023-10-23 12:30:19] dodgr::travel_time_matrix empty
WARN [1044] [2023-10-23 12:30:19] erreur de routeur ttm_ou dodgr::travel_time_matrix empty
WARN [1044] [2023-10-23 12:30:19] carreau:N2304000E3936000 ou_id:25663,25664,25665 ttm_ou vide
WARN [1044] [2023-10-23 12:30:19] la matrice des distances interne au carreau est vide
INFO [1046] [2023-10-23 12:30:20] dodgr_ttm called, FALSE, 8x12829
WARN [1047] [2023-10-23 12:31:23] dodgr::travel_time_matrix empty
WARN [1047] [2023-10-23 12:31:23] erreur de routeur ttm_ou dodgr::travel_time_matrix empty
WARN [1047] [2023-10-23 12:31:23] carreau:N2252800E3968000 ou_id:2570,4312,5083 ttm_ou vide
WARN [1047] [2023-10-23 12:31:23] la matrice des distances interne au carreau est vide
WARN [1039] [2023-10-23 12:32:57] dodgr::travel_time_matrix empty
WARN [1039] [2023-10-23 12:32:57] carreau:N2284800E3968000 ou_id:19039,19620,20032,20107,20254,20488,20490,20904 erreur ttm_0 dodgr::travel_time_matrix empty
WARN [1039] [2023-10-23 12:32:57] carreau:N2284800E3968000 ou_id:19039,19620,20032,20107,20254,20488,20490,20904 ttm_0 vide
WARN [1039] [2023-10-23 12:32:57] la matrice des distances entre les ancres et les opportunites est vide
WARN [1049] [2023-10-23 12:32:58] paquet:N2297600E3916800 ppou:24237 ttm vide
WARN [1049] [2023-10-23 12:32:58] pas de cibles
WARN [1049] [2023-10-23 12:32:58] paquet:N2297600E3916800 ppou:24403 ttm vide
WARN [1049] [2023-10-23 12:32:58] pas de cibles
WARN [1049] [2023-10-23 12:32:58] paquet:N2297600E3916800 ppou:24672 ttm vide
WARN [1049] [2023-10-23 12:32:58] pas de cibles
INFO [1049] [2023-10-23 12:32:58] dodgr_ttm called, FALSE, 4x2
INFO [1039] [2023-10-23 12:33:01] dodgr_ttm called, TRUE, 8x86
INFO [1037] [2023-10-23 12:33:06] dodgr_ttm called, FALSE, 1x1
INFO [1040] [2023-10-23 12:33:08] dodgr_ttm called, FALSE, 17x35
INFO [1048] [2023-10-23 12:33:08] dodgr_ttm called, FALSE, 4x18
INFO [1051] [2023-10-23 12:33:11] dodgr_ttm called, FALSE, 16x21
WARN [1041] [2023-10-23 12:33:15] dodgr::travel_time_matrix empty
WARN [1041] [2023-10-23 12:33:15] carreau:N2278400E3955200 ou_id:15469,15589,15590,15806,17256,17679,18021,18135 erreur ttm_0 dodgr::travel_time_matrix empty
WARN [1041] [2023-10-23 12:33:15] carreau:N2278400E3955200 ou_id:15469,15589,15590,15806,17256,17679,18021,18135 ttm_0 vide
WARN [1041] [2023-10-23 12:33:15] la matrice des distances entre les ancres et les opportunites est vide
INFO [1041] [2023-10-23 12:33:18] dodgr_ttm called, TRUE, 8x71
WARN [1050] [2023-10-23 12:33:20] paquet:N2265600E3923200 ppou:8327 ttm vide
WARN [1050] [2023-10-23 12:33:20] pas de cibles
INFO [1050] [2023-10-23 12:33:20] dodgr_ttm called, FALSE, 9x10
WARN [1052] [2023-10-23 12:33:23] paquet:N2284800E3916800 ppou:19800 ttm vide
WARN [1052] [2023-10-23 12:33:23] pas de cibles
WARN [1052] [2023-10-23 12:33:23] paquet:N2284800E3916800 ppou:20132 ttm vide
WARN [1052] [2023-10-23 12:33:23] pas de cibles
WARN [1052] [2023-10-23 12:33:23] paquet:N2284800E3916800 ppou:20506 ttm vide
WARN [1052] [2023-10-23 12:33:23] pas de cibles
INFO [1052] [2023-10-23 12:33:23] dodgr_ttm called, FALSE, 6x1
INFO [1046] [2023-10-23 12:33:25] dodgr_ttm called, FALSE, 7x3
WARN [1038] [2023-10-23 12:33:25] dodgr::travel_time_matrix empty
WARN [1038] [2023-10-23 12:33:25] carreau:N2291200E3936000 ou_id:21360,21760,21869,22586,22676,23083,23291,23809 erreur ttm_0 dodgr::travel_time_matrix empty
WARN [1038] [2023-10-23 12:33:25] carreau:N2291200E3936000 ou_id:21360,21760,21869,22586,22676,23083,23291,23809 ttm_0 vide
WARN [1038] [2023-10-23 12:33:25] la matrice des distances entre les ancres et les opportunites est vide
INFO [1038] [2023-10-23 12:33:29] dodgr_ttm called, TRUE, 8x343
WARN [1045] [2023-10-23 12:33:29] paquet:N2259200E3955200 ppou:7487 ttm vide
WARN [1045] [2023-10-23 12:33:29] pas de cibles
SUCCESS [1045] [2023-10-23 12:33:29] carreau:N2259200E3955200 1 ancres 12.8k@50.5p/s demandees, 1@3.9mp/s retenues
INFO [1045] [2023-10-23 12:33:33] dodgr_ttm called, TRUE, 8x609
INFO [1039] [2023-10-23 12:33:50] dodgr_ttm called, FALSE, 8x12829
WARN [1041] [2023-10-23 12:34:04] dodgr::travel_time_matrix empty
WARN [1041] [2023-10-23 12:34:04] erreur de routeur ttm_ou dodgr::travel_time_matrix empty
WARN [1041] [2023-10-23 12:34:04] carreau:N2278400E3961600 ou_id:15380,17270,17274,17408,17416,17560,17681,17797 ttm_ou vide
WARN [1041] [2023-10-23 12:34:04] la matrice des distances interne au carreau est vide
INFO [1041] [2023-10-23 12:34:07] dodgr_ttm called, TRUE, 8x43
INFO [1038] [2023-10-23 12:34:18] dodgr_ttm called, FALSE, 8x12829
INFO [1045] [2023-10-23 12:34:27] dodgr_ttm called, FALSE, 8x12829
INFO [1049] [2023-10-23 12:34:38] paquet:N2297600E3916800 ppou:24706 ttm ok 7
INFO [1049] [2023-10-23 12:34:38] dodgr_ttm called, FALSE, 16x14
INFO [1037] [2023-10-23 12:34:47] paquet:N2265600E3942400 ppou:8787 ttm ok 1
INFO [1037] [2023-10-23 12:34:47] dodgr_ttm called, FALSE, 3x4
INFO [1048] [2023-10-23 12:34:50] paquet:N2297600E3955200 ppou:24333 ttm ok 40
INFO [1048] [2023-10-23 12:34:50] dodgr_ttm called, FALSE, 10x14
INFO [1051] [2023-10-23 12:34:50] paquet:N2272000E3910400 ppou:12899 ttm ok 218
WARN [1051] [2023-10-23 12:34:50] paquet:N2272000E3910400 ppou:13770 ttm vide
WARN [1051] [2023-10-23 12:34:50] pas de cibles
WARN [1051] [2023-10-23 12:34:50] paquet:N2272000E3910400 ppou:14128 ttm vide
WARN [1051] [2023-10-23 12:34:50] pas de cibles
INFO [1051] [2023-10-23 12:34:50] dodgr_ttm called, FALSE, 1x2
INFO [1040] [2023-10-23 12:34:54] paquet:N2272000E3923200 ppou:14234 ttm ok 478
INFO [1040] [2023-10-23 12:34:54] dodgr_ttm called, FALSE, 12x22
INFO [1041] [2023-10-23 12:34:57] dodgr_ttm called, FALSE, 8x12829
INFO [1052] [2023-10-23 12:35:04] paquet:N2284800E3916800 ppou:20765 ttm ok 6
INFO [1052] [2023-10-23 12:35:04] dodgr_ttm called, FALSE, 6x5
INFO [1046] [2023-10-23 12:35:06] paquet:N2272000E3955200 ppou:13128 ttm ok 18
INFO [1046] [2023-10-23 12:35:06] dodgr_ttm called, FALSE, 4x1
INFO [1050] [2023-10-23 12:35:10] paquet:N2265600E3923200 ppou:8413 ttm ok 72
INFO [1050] [2023-10-23 12:35:10] dodgr_ttm called, FALSE, 5x4
INFO [1049] [2023-10-23 12:36:18] paquet:N2297600E3916800 ppou:24715 ttm ok 155
INFO [1049] [2023-10-23 12:36:18] dodgr_ttm called, FALSE, 1x2
WARN [1039] [2023-10-23 12:36:20] paquet:N2284800E3929600 ppou:19579 ttm vide
WARN [1039] [2023-10-23 12:36:20] pas de cibles
WARN [1039] [2023-10-23 12:36:20] paquet:N2284800E3929600 ppou:19828 ttm vide
WARN [1039] [2023-10-23 12:36:20] pas de cibles
WARN [1039] [2023-10-23 12:36:20] paquet:N2284800E3929600 ppou:19994 ttm vide
WARN [1039] [2023-10-23 12:36:20] pas de cibles
WARN [1039] [2023-10-23 12:36:20] paquet:N2284800E3929600 ppou:21007 ttm vide
WARN [1039] [2023-10-23 12:36:20] pas de cibles
WARN [1039] [2023-10-23 12:36:20] paquet:N2284800E3929600 ppou:21089 ttm vide
WARN [1039] [2023-10-23 12:36:20] pas de cibles
WARN [1039] [2023-10-23 12:36:20] carreau:N2284800E3929600 ttm vide
INFO [1039] [2023-10-23 12:36:27] dodgr_ttm called, TRUE, 8x25
INFO [1051] [2023-10-23 12:36:32] paquet:N2272000E3910400 ppou:14543 ttm ok 2
SUCCESS [1051] [2023-10-23 12:36:32] carreau:N2272000E3910400 4 ancres 26k@57.5p/s demandees, 244@539.7mp/s retenues
INFO [1048] [2023-10-23 12:36:33] paquet:N2297600E3955200 ppou:24389 ttm ok 100
WARN [1048] [2023-10-23 12:36:33] paquet:N2297600E3955200 ppou:24613 ttm vide
WARN [1048] [2023-10-23 12:36:33] pas de cibles
SUCCESS [1048] [2023-10-23 12:36:33] carreau:N2297600E3955200 3 ancres 51.5k@115.2p/s demandees, 175@391.4mp/s retenues
INFO [1051] [2023-10-23 12:36:35] dodgr_ttm called, TRUE, 8x100
INFO [1048] [2023-10-23 12:36:38] dodgr_ttm called, TRUE, 1x5
INFO [1040] [2023-10-23 12:36:38] paquet:N2272000E3923200 ppou:14712 ttm ok 123
INFO [1040] [2023-10-23 12:36:38] dodgr_ttm called, FALSE, 7x35
INFO [1037] [2023-10-23 12:36:41] paquet:N2265600E3942400 ppou:8992 ttm ok 6
INFO [1037] [2023-10-23 12:36:41] dodgr_ttm called, FALSE, 2x1
INFO [1052] [2023-10-23 12:36:48] paquet:N2284800E3916800 ppou:21079 ttm ok 23
SUCCESS [1052] [2023-10-23 12:36:48] carreau:N2284800E3916800 5 ancres 25.7k@56.2p/s demandees, 35@76.6mp/s retenues
INFO [1052] [2023-10-23 12:36:52] dodgr_ttm called, TRUE, 8x149
INFO [1050] [2023-10-23 12:36:53] paquet:N2265600E3923200 ppou:8484 ttm ok 18
INFO [1050] [2023-10-23 12:36:53] dodgr_ttm called, FALSE, 1x1
WARN [1038] [2023-10-23 12:36:56] dodgr::travel_time_matrix empty
WARN [1038] [2023-10-23 12:36:56] carreau:N2291200E3942400 ou_id:21472,22398,22588,22593,23396,23675,23754,23884 erreur ttm_0 dodgr::travel_time_matrix empty
WARN [1038] [2023-10-23 12:36:56] carreau:N2291200E3942400 ou_id:21472,22398,22588,22593,23396,23675,23754,23884 ttm_0 vide
WARN [1038] [2023-10-23 12:36:56] la matrice des distances entre les ancres et les opportunites est vide
INFO [1038] [2023-10-23 12:37:00] dodgr_ttm called, TRUE, 8x271
INFO [1046] [2023-10-23 12:37:03] paquet:N2272000E3955200 ppou:13136 ttm ok 4
WARN [1046] [2023-10-23 12:37:03] paquet:N2272000E3955200 ppou:13232 ttm vide
WARN [1046] [2023-10-23 12:37:03] pas de cibles
WARN [1046] [2023-10-23 12:37:03] paquet:N2272000E3955200 ppou:14691 ttm vide
WARN [1046] [2023-10-23 12:37:03] pas de cibles
INFO [1046] [2023-10-23 12:37:03] dodgr_ttm called, FALSE, 1x1
WARN [1045] [2023-10-23 12:37:06] paquet:N2259200E3961600 ppou:6078 ttm vide
WARN [1045] [2023-10-23 12:37:06] pas de cibles
INFO [1045] [2023-10-23 12:37:06] dodgr_ttm called, FALSE, 2x2
INFO [1051] [2023-10-23 12:37:22] dodgr_ttm called, FALSE, 8x12829
WARN [1041] [2023-10-23 12:37:24] paquet:N2278400E3968000 ppou:17278 ttm vide
WARN [1041] [2023-10-23 12:37:24] pas de cibles
SUCCESS [1041] [2023-10-23 12:37:24] carreau:N2278400E3968000 1 ancres 12.8k@65.2p/s demandees, 1@5.1mp/s retenues
INFO [1039] [2023-10-23 12:37:25] dodgr_ttm called, FALSE, 8x12829
INFO [1041] [2023-10-23 12:37:27] dodgr_ttm called, TRUE, 1x2
WARN [1048] [2023-10-23 12:37:34] dodgr::travel_time_matrix empty
WARN [1048] [2023-10-23 12:37:34] erreur de routeur ttm_ou dodgr::travel_time_matrix empty
WARN [1048] [2023-10-23 12:37:34] carreau:N2297600E3961600 ou_id:24347 ttm_ou vide
WARN [1048] [2023-10-23 12:37:34] la matrice des distances interne au carreau est vide
INFO [1048] [2023-10-23 12:37:37] dodgr_ttm called, TRUE, 1x1
INFO [1052] [2023-10-23 12:37:40] dodgr_ttm called, FALSE, 8x12829
INFO [1038] [2023-10-23 12:37:53] dodgr_ttm called, FALSE, 8x12829
INFO [1049] [2023-10-23 12:37:54] paquet:N2297600E3916800 ppou:24785 ttm ok 2
WARN [1049] [2023-10-23 12:37:54] paquet:N2297600E3916800 ppou:25045 ttm vide
WARN [1049] [2023-10-23 12:37:54] pas de cibles
SUCCESS [1049] [2023-10-23 12:37:54] carreau:N2297600E3916800 7 ancres 38.7k@71.4p/s demandees, 183@337.7mp/s retenues
INFO [1049] [2023-10-23 12:38:01] dodgr_ttm called, TRUE, 8x195
INFO [1040] [2023-10-23 12:38:18] paquet:N2272000E3923200 ppou:14713 ttm ok 129
INFO [1040] [2023-10-23 12:38:18] dodgr_ttm called, FALSE, 2x1
WARN [1041] [2023-10-23 12:38:19] dodgr::travel_time_matrix empty
WARN [1041] [2023-10-23 12:38:19] erreur de routeur ttm_ou dodgr::travel_time_matrix empty
WARN [1041] [2023-10-23 12:38:19] carreau:N2278400E3904000 ou_id:15392 ttm_ou vide
WARN [1041] [2023-10-23 12:38:19] la matrice des distances interne au carreau est vide
INFO [1041] [2023-10-23 12:38:23] dodgr_ttm called, TRUE, 8x112
INFO [1037] [2023-10-23 12:38:27] paquet:N2265600E3942400 ppou:9115 ttm ok 2
WARN [1037] [2023-10-23 12:38:27] paquet:N2265600E3942400 ppou:10963 ttm vide
WARN [1037] [2023-10-23 12:38:27] pas de cibles
SUCCESS [1037] [2023-10-23 12:38:27] carreau:N2265600E3942400 4 ancres 38.5k@67.4p/s demandees, 16@28mp/s retenues
WARN [1048] [2023-10-23 12:38:28] dodgr::travel_time_matrix empty
WARN [1048] [2023-10-23 12:38:28] erreur de routeur ttm_ou dodgr::travel_time_matrix empty
WARN [1048] [2023-10-23 12:38:28] carreau:N2297600E3974400 ou_id:24616 ttm_ou vide
WARN [1048] [2023-10-23 12:38:28] la matrice des distances interne au carreau est vide
INFO [1050] [2023-10-23 12:38:31] paquet:N2265600E3923200 ppou:8558 ttm ok 1
INFO [1050] [2023-10-23 12:38:31] dodgr_ttm called, FALSE, 7x10
INFO [1048] [2023-10-23 12:38:32] dodgr_ttm called, TRUE, 4x13
INFO [1037] [2023-10-23 12:38:32] dodgr_ttm called, TRUE, 8x525
INFO [1045] [2023-10-23 12:38:53] paquet:N2259200E3961600 ppou:6953 ttm ok 4
WARN [1045] [2023-10-23 12:38:53] paquet:N2259200E3961600 ppou:7331 ttm vide
WARN [1045] [2023-10-23 12:38:53] pas de cibles
INFO [1045] [2023-10-23 12:38:53] dodgr_ttm called, FALSE, 2x1
INFO [1046] [2023-10-23 12:38:54] paquet:N2272000E3955200 ppou:15271 ttm ok 1
SUCCESS [1046] [2023-10-23 12:38:55] carreau:N2272000E3955200 5 ancres 38.5k@66.2p/s demandees, 28@48.1mp/s retenues
INFO [1046] [2023-10-23 12:38:58] dodgr_ttm called, TRUE, 8x308
INFO [1049] [2023-10-23 12:39:06] dodgr_ttm called, FALSE, 8x12829
INFO [1041] [2023-10-23 12:39:13] dodgr_ttm called, FALSE, 8x12829
INFO [1048] [2023-10-23 12:39:23] dodgr_ttm called, FALSE, 4x12829
INFO [1037] [2023-10-23 12:39:25] dodgr_ttm called, FALSE, 8x12829
INFO [1051] [2023-10-23 12:39:45] dodgr_ttm called, FALSE, 4x9
INFO [1046] [2023-10-23 12:39:54] dodgr_ttm called, FALSE, 8x12829
WARN [1040] [2023-10-23 12:40:06] dodgr::travel_time_matrix empty
WARN [1040] [2023-10-23 12:40:06] paquet:N2272000E3923200 ppou:14790 ttm vide
WARN [1040] [2023-10-23 12:40:06] erreur dodgr::travel_time_matrix empty
INFO [1040] [2023-10-23 12:40:06] dodgr_ttm called, FALSE, 2x1
INFO [1050] [2023-10-23 12:40:17] paquet:N2265600E3923200 ppou:8639 ttm ok 34
SUCCESS [1050] [2023-10-23 12:40:17] carreau:N2265600E3923200 5 ancres 77.2k@115p/s demandees, 152@226.6mp/s retenues
WARN [1039] [2023-10-23 12:40:18] dodgr::travel_time_matrix empty
WARN [1039] [2023-10-23 12:40:18] carreau:N2284800E3904000 ou_id:19621,20186,20491,20493,20905,20906,20908,20982 erreur ttm_0 dodgr::travel_time_matrix empty
WARN [1039] [2023-10-23 12:40:18] carreau:N2284800E3904000 ou_id:19621,20186,20491,20493,20905,20906,20908,20982 ttm_0 vide
WARN [1039] [2023-10-23 12:40:18] la matrice des distances entre les ancres et les opportunites est vide
INFO [1052] [2023-10-23 12:40:18] dodgr_ttm called, FALSE, 1x1
INFO [1039] [2023-10-23 12:40:23] dodgr_ttm called, TRUE, 8x30
WARN [1038] [2023-10-23 12:40:27] paquet:N2291200E3948800 ppou:21768 ttm vide
WARN [1038] [2023-10-23 12:40:27] pas de cibles
INFO [1038] [2023-10-23 12:40:27] dodgr_ttm called, FALSE, 1x2
WARN [1045] [2023-10-23 12:41:00] dodgr::travel_time_matrix empty
WARN [1045] [2023-10-23 12:41:00] paquet:N2259200E3961600 ppou:7848 ttm vide
WARN [1045] [2023-10-23 12:41:00] erreur dodgr::travel_time_matrix empty
SUCCESS [1045] [2023-10-23 12:41:00] carreau:N2259200E3961600 4 ancres 25.7k@57.4p/s demandees, 7@15.7mp/s retenues
INFO [1045] [2023-10-23 12:41:03] dodgr_ttm called, TRUE, 8x356
INFO [1039] [2023-10-23 12:41:21] dodgr_ttm called, FALSE, 8x12829
INFO [1051] [2023-10-23 12:41:36] paquet:N2272000E3916800 ppou:12402 ttm ok 27
WARN [1051] [2023-10-23 12:41:36] paquet:N2272000E3916800 ppou:12813 ttm vide
WARN [1051] [2023-10-23 12:41:36] pas de cibles
INFO [1051] [2023-10-23 12:41:36] dodgr_ttm called, FALSE, 7x1
WARN [1041] [2023-10-23 12:41:48] paquet:N2278400E3916800 ppou:17582 ttm vide
WARN [1041] [2023-10-23 12:41:48] pas de cibles
INFO [1041] [2023-10-23 12:41:48] dodgr_ttm called, FALSE, 1x1
INFO [1049] [2023-10-23 12:41:49] dodgr_ttm called, FALSE, 4x2
INFO [1040] [2023-10-23 12:41:52] paquet:N2272000E3923200 ppou:14871 ttm ok 2
INFO [1040] [2023-10-23 12:41:52] dodgr_ttm called, FALSE, 1x1
WARN [1048] [2023-10-23 12:41:58] dodgr::travel_time_matrix empty
WARN [1048] [2023-10-23 12:41:58] carreau:N2297600E3910400 ou_id:24700,24702,24742,24885 erreur ttm_0 dodgr::travel_time_matrix empty
WARN [1048] [2023-10-23 12:41:58] carreau:N2297600E3910400 ou_id:24700,24702,24742,24885 ttm_0 vide
WARN [1048] [2023-10-23 12:41:58] la matrice des distances entre les ancres et les opportunites est vide
INFO [1048] [2023-10-23 12:42:03] dodgr_ttm called, TRUE, 8x46
INFO [1052] [2023-10-23 12:42:05] paquet:N2284800E3936000 ppou:20387 ttm ok 1
INFO [1052] [2023-10-23 12:42:05] dodgr_ttm called, FALSE, 3x1
WARN [1045] [2023-10-23 12:42:05] dodgr::travel_time_matrix empty
WARN [1045] [2023-10-23 12:42:05] erreur de routeur ttm_ou dodgr::travel_time_matrix empty
WARN [1045] [2023-10-23 12:42:05] carreau:N2259200E3968000 ou_id:5859,6303,6304,6308,6531,7137,7141,7690 ttm_ou vide
WARN [1045] [2023-10-23 12:42:05] la matrice des distances interne au carreau est vide
WARN [1037] [2023-10-23 12:42:06] paquet:N2265600E3955200 ppou:8815 ttm vide
WARN [1037] [2023-10-23 12:42:06] pas de cibles
WARN [1037] [2023-10-23 12:42:06] paquet:N2265600E3955200 ppou:9534 ttm vide
WARN [1037] [2023-10-23 12:42:06] pas de cibles
WARN [1037] [2023-10-23 12:42:06] paquet:N2265600E3955200 ppou:10867 ttm vide
WARN [1037] [2023-10-23 12:42:06] pas de cibles
SUCCESS [1037] [2023-10-23 12:42:06] carreau:N2265600E3955200 3 ancres 12.8k@60p/s demandees, 1@4.7mp/s retenues
INFO [1037] [2023-10-23 12:42:10] dodgr_ttm called, TRUE, 8x344
INFO [1038] [2023-10-23 12:42:18] paquet:N2291200E3948800 ppou:23109 ttm ok 2
WARN [1038] [2023-10-23 12:42:18] paquet:N2291200E3948800 ppou:23684 ttm vide
WARN [1038] [2023-10-23 12:42:18] pas de cibles
SUCCESS [1038] [2023-10-23 12:42:18] carreau:N2291200E3948800 3 ancres 12.8k@40.4p/s demandees, 4@12.6mp/s retenues
INFO [1038] [2023-10-23 12:42:21] dodgr_ttm called, TRUE, 8x325
WARN [1046] [2023-10-23 12:42:25] dodgr::travel_time_matrix empty
WARN [1046] [2023-10-23 12:42:25] carreau:N2272000E3961600 ou_id:12784,12977,13244,13826,13829,14294,14296,14459 erreur ttm_0 dodgr::travel_time_matrix empty
WARN [1046] [2023-10-23 12:42:25] carreau:N2272000E3961600 ou_id:12784,12977,13244,13826,13829,14294,14296,14459 ttm_0 vide
WARN [1046] [2023-10-23 12:42:25] la matrice des distances entre les ancres et les opportunites est vide
INFO [1046] [2023-10-23 12:42:28] dodgr_ttm called, TRUE, 8x153
INFO [1037] [2023-10-23 12:43:00] dodgr_ttm called, FALSE, 8x12829
INFO [1048] [2023-10-23 12:43:00] dodgr_ttm called, FALSE, 8x12829
INFO [1038] [2023-10-23 12:43:10] dodgr_ttm called, FALSE, 8x12829
INFO [1046] [2023-10-23 12:43:17] dodgr_ttm called, FALSE, 8x12829
INFO [1051] [2023-10-23 12:43:23] paquet:N2272000E3916800 ppou:13482 ttm ok 7
SUCCESS [1051] [2023-10-23 12:43:23] carreau:N2272000E3916800 3 ancres 51.4k@125.8p/s demandees, 53@129.8mp/s retenues
INFO [1051] [2023-10-23 12:43:26] dodgr_ttm called, TRUE, 8x253
INFO [1040] [2023-10-23 12:43:30] paquet:N2272000E3923200 ppou:14872 ttm ok 1
INFO [1040] [2023-10-23 12:43:30] dodgr_ttm called, FALSE, 21x34
INFO [1041] [2023-10-23 12:43:35] paquet:N2278400E3916800 ppou:17701 ttm ok 1
INFO [1041] [2023-10-23 12:43:35] dodgr_ttm called, FALSE, 1x3
INFO [1049] [2023-10-23 12:43:38] paquet:N2297600E3923200 ppou:25106 ttm ok 5
WARN [1049] [2023-10-23 12:43:38] paquet:N2297600E3923200 ppou:25253 ttm vide
WARN [1049] [2023-10-23 12:43:38] pas de cibles
WARN [1049] [2023-10-23 12:43:38] paquet:N2297600E3923200 ppou:25367 ttm vide
WARN [1049] [2023-10-23 12:43:38] pas de cibles
WARN [1049] [2023-10-23 12:43:38] paquet:N2297600E3923200 ppou:25474 ttm vide
WARN [1049] [2023-10-23 12:43:38] pas de cibles
SUCCESS [1049] [2023-10-23 12:43:38] carreau:N2297600E3923200 4 ancres 12.8k@38.1p/s demandees, 7@20.8mp/s retenues
INFO [1049] [2023-10-23 12:43:41] dodgr_ttm called, TRUE, 8x374
INFO [1052] [2023-10-23 12:43:47] paquet:N2284800E3936000 ppou:20534 ttm ok 3
INFO [1052] [2023-10-23 12:43:47] dodgr_ttm called, FALSE, 7x1
WARN [1039] [2023-10-23 12:43:55] dodgr::travel_time_matrix empty
WARN [1039] [2023-10-23 12:43:55] carreau:N2291200E3910400 ou_id:21919,22718,22915,23133,23228,23431,23624,23705 erreur ttm_0 dodgr::travel_time_matrix empty
WARN [1039] [2023-10-23 12:43:55] carreau:N2291200E3910400 ou_id:21919,22718,22915,23133,23228,23431,23624,23705 ttm_0 vide
WARN [1039] [2023-10-23 12:43:55] la matrice des distances entre les ancres et les opportunites est vide
INFO [1039] [2023-10-23 12:44:00] dodgr_ttm called, TRUE, 8x344
INFO [1051] [2023-10-23 12:44:19] dodgr_ttm called, FALSE, 8x12829
INFO [1049] [2023-10-23 12:44:34] dodgr_ttm called, FALSE, 8x12829
INFO [1039] [2023-10-23 12:44:51] dodgr_ttm called, FALSE, 8x12829
INFO [1040] [2023-10-23 12:45:20] paquet:N2272000E3923200 ppou:14962 ttm ok 372
SUCCESS [1040] [2023-10-23 12:45:21] carreau:N2272000E3923200 7 ancres 104.5k@105.8p/s demandees, 1.3k@1.3p/s retenues
INFO [1041] [2023-10-23 12:45:22] paquet:N2278400E3916800 ppou:18476 ttm ok 2
INFO [1041] [2023-10-23 12:45:22] dodgr_ttm called, FALSE, 1x1
INFO [1040] [2023-10-23 12:45:24] dodgr_ttm called, TRUE, 1x1
WARN [1037] [2023-10-23 12:45:30] paquet:N2265600E3961600 ppou:9024 ttm vide
WARN [1037] [2023-10-23 12:45:30] pas de cibles
WARN [1037] [2023-10-23 12:45:30] paquet:N2265600E3961600 ppou:10073 ttm vide
WARN [1037] [2023-10-23 12:45:30] pas de cibles
WARN [1037] [2023-10-23 12:45:30] paquet:N2265600E3961600 ppou:11467 ttm vide
WARN [1037] [2023-10-23 12:45:30] pas de cibles
INFO [1037] [2023-10-23 12:45:30] dodgr_ttm called, FALSE, 1x1
INFO [1052] [2023-10-23 12:45:34] paquet:N2284800E3936000 ppou:20944 ttm ok 4
SUCCESS [1052] [2023-10-23 12:45:34] carreau:N2284800E3936000 3 ancres 38.5k@73.8p/s demandees, 11@21.1mp/s retenues
INFO [1048] [2023-10-23 12:45:36] dodgr_ttm called, FALSE, 3x1
INFO [1052] [2023-10-23 12:45:38] dodgr_ttm called, TRUE, 8x360
INFO [1038] [2023-10-23 12:45:43] dodgr_ttm called, FALSE, 3x1
WARN [1046] [2023-10-23 12:45:48] dodgr::travel_time_matrix empty
WARN [1046] [2023-10-23 12:45:48] carreau:N2272000E3968000 ou_id:12594,12897,13930,14023,14462,15040,15283,15287 erreur ttm_0 dodgr::travel_time_matrix empty
WARN [1046] [2023-10-23 12:45:48] carreau:N2272000E3968000 ou_id:12594,12897,13930,14023,14462,15040,15283,15287 ttm_0 vide
WARN [1046] [2023-10-23 12:45:48] la matrice des distances entre les ancres et les opportunites est vide
INFO [1046] [2023-10-23 12:45:52] dodgr_ttm called, TRUE, 3x9
WARN [1040] [2023-10-23 12:46:10] dodgr::travel_time_matrix empty
WARN [1040] [2023-10-23 12:46:10] erreur de routeur ttm_ou dodgr::travel_time_matrix empty
WARN [1040] [2023-10-23 12:46:10] carreau:N2272000E3897600 ou_id:14783 ttm_ou vide
WARN [1040] [2023-10-23 12:46:10] la matrice des distances interne au carreau est vide
INFO [1040] [2023-10-23 12:46:14] dodgr_ttm called, TRUE, 8x365
INFO [1052] [2023-10-23 12:46:28] dodgr_ttm called, FALSE, 8x12829
INFO [1046] [2023-10-23 12:46:43] dodgr_ttm called, FALSE, 3x12829
INFO [1051] [2023-10-23 12:46:52] dodgr_ttm called, FALSE, 4x7
INFO [1049] [2023-10-23 12:47:03] dodgr_ttm called, FALSE, 1x1
INFO [1040] [2023-10-23 12:47:06] dodgr_ttm called, FALSE, 8x12829
INFO [1041] [2023-10-23 12:47:13] paquet:N2278400E3916800 ppou:18664 ttm ok 1
SUCCESS [1041] [2023-10-23 12:47:13] carreau:N2278400E3916800 4 ancres 51.3k@97p/s demandees, 10@18.9mp/s retenues
INFO [1037] [2023-10-23 12:47:21] paquet:N2265600E3961600 ppou:11740 ttm ok 1
SUCCESS [1037] [2023-10-23 12:47:21] carreau:N2265600E3961600 4 ancres 12.8k@41.3p/s demandees, 2@6.4mp/s retenues
INFO [1037] [2023-10-23 12:47:24] dodgr_ttm called, TRUE, 8x397
INFO [1038] [2023-10-23 12:47:28] paquet:N2291200E3955200 ppou:21786 ttm ok 3
WARN [1038] [2023-10-23 12:47:28] paquet:N2291200E3955200 ppou:23123 ttm vide
WARN [1038] [2023-10-23 12:47:28] pas de cibles
WARN [1038] [2023-10-23 12:47:28] paquet:N2291200E3955200 ppou:23764 ttm vide
WARN [1038] [2023-10-23 12:47:28] pas de cibles
WARN [1038] [2023-10-23 12:47:28] paquet:N2291200E3955200 ppou:23765 ttm vide
WARN [1038] [2023-10-23 12:47:28] pas de cibles
INFO [1038] [2023-10-23 12:47:28] dodgr_ttm called, FALSE, 3x3
INFO [1039] [2023-10-23 12:47:30] dodgr_ttm called, FALSE, 10x4
INFO [1048] [2023-10-23 12:47:30] paquet:N2304000E3916800 ppou:25700 ttm ok 2
INFO [1048] [2023-10-23 12:47:30] dodgr_ttm called, FALSE, 3x17
INFO [1037] [2023-10-23 12:48:14] dodgr_ttm called, FALSE, 8x12829
INFO [1051] [2023-10-23 12:48:36] paquet:N2272000E3929600 ppou:12409 ttm ok 14
INFO [1051] [2023-10-23 12:48:36] dodgr_ttm called, FALSE, 3x7
INFO [1049] [2023-10-23 12:48:48] paquet:N2297600E3929600 ppou:24966 ttm ok 1
INFO [1049] [2023-10-23 12:48:48] dodgr_ttm called, FALSE, 8x3
WARN [1052] [2023-10-23 12:48:58] paquet:N2284800E3942400 ppou:18999 ttm vide
WARN [1052] [2023-10-23 12:48:58] pas de cibles
INFO [1052] [2023-10-23 12:48:58] dodgr_ttm called, FALSE, 4x3
WARN [1046] [2023-10-23 12:49:09] dodgr::travel_time_matrix empty
WARN [1046] [2023-10-23 12:49:09] carreau:N2272000E3891200 ou_id:13257,14704,14782 erreur ttm_0 dodgr::travel_time_matrix empty
WARN [1046] [2023-10-23 12:49:09] carreau:N2272000E3891200 ou_id:13257,14704,14782 ttm_0 vide
WARN [1046] [2023-10-23 12:49:09] la matrice des distances entre les ancres et les opportunites est vide
INFO [1038] [2023-10-23 12:49:18] paquet:N2291200E3955200 ppou:23903 ttm ok 9
INFO [1038] [2023-10-23 12:49:18] dodgr_ttm called, FALSE, 8x1
INFO [1039] [2023-10-23 12:49:22] paquet:N2291200E3916800 ppou:21706 ttm ok 40
INFO [1039] [2023-10-23 12:49:22] dodgr_ttm called, FALSE, 2x6
INFO [1040] [2023-10-23 12:49:25] dodgr_ttm called, FALSE, 1x4
INFO [1048] [2023-10-23 12:49:38] paquet:N2304000E3916800 ppou:25767 ttm ok 45
INFO [1048] [2023-10-23 12:49:38] dodgr_ttm called, FALSE, 7x2
INFO [1051] [2023-10-23 12:50:12] paquet:N2272000E3929600 ppou:13692 ttm ok 18
INFO [1051] [2023-10-23 12:50:12] dodgr_ttm called, FALSE, 2x1
INFO [1049] [2023-10-23 12:50:28] paquet:N2297600E3929600 ppou:25425 ttm ok 23
WARN [1049] [2023-10-23 12:50:28] paquet:N2297600E3929600 ppou:25572 ttm vide
WARN [1049] [2023-10-23 12:50:28] pas de cibles
SUCCESS [1049] [2023-10-23 12:50:28] carreau:N2297600E3929600 3 ancres 51.3k@126.2p/s demandees, 30@73.7mp/s retenues
INFO [1049] [2023-10-23 12:50:31] dodgr_ttm called, TRUE, 8x165
INFO [1052] [2023-10-23 12:50:38] paquet:N2284800E3942400 ppou:19374 ttm ok 12
WARN [1052] [2023-10-23 12:50:38] paquet:N2284800E3942400 ppou:19663 ttm vide
WARN [1052] [2023-10-23 12:50:38] pas de cibles
WARN [1052] [2023-10-23 12:50:38] paquet:N2284800E3942400 ppou:19668 ttm vide
WARN [1052] [2023-10-23 12:50:38] pas de cibles
WARN [1052] [2023-10-23 12:50:38] paquet:N2284800E3942400 ppou:19757 ttm vide
WARN [1052] [2023-10-23 12:50:38] pas de cibles
WARN [1052] [2023-10-23 12:50:38] paquet:N2284800E3942400 ppou:20001 ttm vide
WARN [1052] [2023-10-23 12:50:38] pas de cibles
SUCCESS [1052] [2023-10-23 12:50:38] carreau:N2284800E3942400 6 ancres 12.8k@42.8p/s demandees, 15@50mp/s retenues
WARN [1037] [2023-10-23 12:50:38] paquet:N2265600E3968000 ppou:10563 ttm vide
WARN [1037] [2023-10-23 12:50:38] pas de cibles
WARN [1037] [2023-10-23 12:50:38] paquet:N2265600E3968000 ppou:10890 ttm vide
WARN [1037] [2023-10-23 12:50:38] pas de cibles
INFO [1037] [2023-10-23 12:50:38] dodgr_ttm called, FALSE, 2x1
INFO [1052] [2023-10-23 12:50:41] dodgr_ttm called, TRUE, 8x476
INFO [1038] [2023-10-23 12:50:57] paquet:N2291200E3955200 ppou:24136 ttm ok 3
SUCCESS [1038] [2023-10-23 12:50:57] carreau:N2291200E3955200 6 ancres 38.5k@74.7p/s demandees, 22@42.7mp/s retenues
INFO [1038] [2023-10-23 12:51:00] dodgr_ttm called, TRUE, 8x199
INFO [1040] [2023-10-23 12:51:04] paquet:N2278400E3910400 ppou:16381 ttm ok 2
INFO [1040] [2023-10-23 12:51:04] dodgr_ttm called, FALSE, 38x37
INFO [1039] [2023-10-23 12:51:05] paquet:N2291200E3916800 ppou:21928 ttm ok 6
INFO [1039] [2023-10-23 12:51:05] dodgr_ttm called, FALSE, 9x30
INFO [1049] [2023-10-23 12:51:18] dodgr_ttm called, FALSE, 8x12829
INFO [1048] [2023-10-23 12:51:20] paquet:N2304000E3916800 ppou:25855 ttm ok 13
INFO [1048] [2023-10-23 12:51:20] dodgr_ttm called, FALSE, 10x1
INFO [1052] [2023-10-23 12:51:31] dodgr_ttm called, FALSE, 8x12829
INFO [1051] [2023-10-23 12:51:46] paquet:N2272000E3929600 ppou:14406 ttm ok 2
INFO [1051] [2023-10-23 12:51:46] dodgr_ttm called, FALSE, 5x4
INFO [1038] [2023-10-23 12:51:47] dodgr_ttm called, FALSE, 8x12829
INFO [1037] [2023-10-23 12:52:26] paquet:N2265600E3968000 ppou:11333 ttm ok 2
WARN [1037] [2023-10-23 12:52:26] paquet:N2265600E3968000 ppou:12035 ttm vide
WARN [1037] [2023-10-23 12:52:26] pas de cibles
INFO [1037] [2023-10-23 12:52:26] dodgr_ttm called, FALSE, 3x1
INFO [1040] [2023-10-23 12:52:46] paquet:N2278400E3910400 ppou:16699 ttm ok 527
INFO [1040] [2023-10-23 12:52:46] dodgr_ttm called, FALSE, 4x1
INFO [1039] [2023-10-23 12:52:57] paquet:N2291200E3916800 ppou:22533 ttm ok 106
INFO [1039] [2023-10-23 12:52:57] dodgr_ttm called, FALSE, 10x6
INFO [1048] [2023-10-23 12:53:01] paquet:N2304000E3916800 ppou:25911 ttm ok 3
INFO [1048] [2023-10-23 12:53:01] dodgr_ttm called, FALSE, 4x24
INFO [1051] [2023-10-23 12:53:27] paquet:N2272000E3929600 ppou:14408 ttm ok 15
INFO [1051] [2023-10-23 12:53:27] dodgr_ttm called, FALSE, 19x43
INFO [1049] [2023-10-23 12:53:41] dodgr_ttm called, FALSE, 2x1
WARN [1052] [2023-10-23 12:53:57] paquet:N2284800E3948800 ppou:18867 ttm vide
WARN [1052] [2023-10-23 12:53:57] pas de cibles
INFO [1052] [2023-10-23 12:53:57] dodgr_ttm called, FALSE, 2x5
WARN [1038] [2023-10-23 12:54:10] paquet:N2291200E3961600 ppou:21514 ttm vide
WARN [1038] [2023-10-23 12:54:10] pas de cibles
INFO [1038] [2023-10-23 12:54:10] dodgr_ttm called, FALSE, 9x9
INFO [1037] [2023-10-23 12:54:12] paquet:N2265600E3968000 ppou:12389 ttm ok 3
SUCCESS [1037] [2023-10-23 12:54:12] carreau:N2265600E3968000 5 ancres 25.7k@62.9p/s demandees, 8@19.6mp/s retenues
INFO [1037] [2023-10-23 12:54:15] dodgr_ttm called, TRUE, 8x81
INFO [1040] [2023-10-23 12:54:25] paquet:N2278400E3910400 ppou:17694 ttm ok 4
SUCCESS [1040] [2023-10-23 12:54:25] carreau:N2278400E3910400 3 ancres 52.7k@107.3p/s demandees, 595@1.2p/s retenues
INFO [1040] [2023-10-23 12:54:28] dodgr_ttm called, TRUE, 8x192
INFO [1048] [2023-10-23 12:54:43] paquet:N2304000E3916800 ppou:25928 ttm ok 43
INFO [1048] [2023-10-23 12:54:43] dodgr_ttm called, FALSE, 2x1
INFO [1039] [2023-10-23 12:54:47] paquet:N2291200E3916800 ppou:22625 ttm ok 51
INFO [1039] [2023-10-23 12:54:47] dodgr_ttm called, FALSE, 13x10
INFO [1051] [2023-10-23 12:55:02] paquet:N2272000E3929600 ppou:14879 ttm ok 562
SUCCESS [1051] [2023-10-23 12:55:02] carreau:N2272000E3929600 5 ancres 90.7k@130.4p/s demandees, 678@974.6mp/s retenues
INFO [1037] [2023-10-23 12:55:04] dodgr_ttm called, FALSE, 8x12829
INFO [1040] [2023-10-23 12:55:15] dodgr_ttm called, FALSE, 8x12829
INFO [1049] [2023-10-23 12:55:17] paquet:N2297600E3936000 ppou:25233 ttm ok 2
WARN [1049] [2023-10-23 12:55:17] paquet:N2297600E3936000 ppou:25350 ttm vide
WARN [1049] [2023-10-23 12:55:17] pas de cibles
SUCCESS [1049] [2023-10-23 12:55:17] carreau:N2297600E3936000 2 ancres 25.7k@89.8p/s demandees, 4@14mp/s retenues
INFO [1049] [2023-10-23 12:55:19] dodgr_ttm called, TRUE, 8x129
WARN [1052] [2023-10-23 12:55:34] dodgr::travel_time_matrix empty
WARN [1052] [2023-10-23 12:55:34] paquet:N2284800E3948800 ppou:19540 ttm vide
WARN [1052] [2023-10-23 12:55:34] erreur dodgr::travel_time_matrix empty
WARN [1052] [2023-10-23 12:55:34] paquet:N2284800E3948800 ppou:19762 ttm vide
WARN [1052] [2023-10-23 12:55:34] pas de cibles
WARN [1052] [2023-10-23 12:55:34] paquet:N2284800E3948800 ppou:19924 ttm vide
WARN [1052] [2023-10-23 12:55:34] pas de cibles
WARN [1052] [2023-10-23 12:55:34] paquet:N2284800E3948800 ppou:20471 ttm vide
WARN [1052] [2023-10-23 12:55:34] pas de cibles
WARN [1052] [2023-10-23 12:55:34] carreau:N2284800E3948800 ttm vide
INFO [1052] [2023-10-23 12:55:37] dodgr_ttm called, TRUE, 8x170
INFO [1038] [2023-10-23 12:55:45] paquet:N2291200E3961600 ppou:22122 ttm ok 39
SUCCESS [1038] [2023-10-23 12:55:45] carreau:N2291200E3961600 2 ancres 12.9k@45.2p/s demandees, 48@168.2mp/s retenues
INFO [1038] [2023-10-23 12:55:49] dodgr_ttm called, TRUE, 8x79
WARN [1049] [2023-10-23 12:56:08] dodgr::travel_time_matrix empty
WARN [1049] [2023-10-23 12:56:08] erreur de routeur ttm_ou dodgr::travel_time_matrix empty
WARN [1049] [2023-10-23 12:56:08] carreau:N2297600E3942400 ou_id:24188,24189,24248,24427,24534,24687,24979,25133 ttm_ou vide
WARN [1049] [2023-10-23 12:56:08] la matrice des distances interne au carreau est vide
INFO [1049] [2023-10-23 12:56:11] dodgr_ttm called, TRUE, 7x24
INFO [1048] [2023-10-23 12:56:23] paquet:N2304000E3916800 ppou:25986 ttm ok 2
SUCCESS [1048] [2023-10-23 12:56:23] carreau:N2304000E3916800 6 ancres 64.3k@74.8p/s demandees, 155@180.2mp/s retenues
INFO [1052] [2023-10-23 12:56:24] dodgr_ttm called, FALSE, 8x12829
INFO [1048] [2023-10-23 12:56:26] dodgr_ttm called, TRUE, 8x259
INFO [1039] [2023-10-23 12:56:30] paquet:N2291200E3916800 ppou:22629 ttm ok 88
WARN [1039] [2023-10-23 12:56:30] paquet:N2291200E3916800 ppou:23788 ttm vide
WARN [1039] [2023-10-23 12:56:30] pas de cibles
INFO [1039] [2023-10-23 12:56:30] dodgr_ttm called, FALSE, 4x1
INFO [1038] [2023-10-23 12:56:36] dodgr_ttm called, FALSE, 8x12829
INFO [1049] [2023-10-23 12:56:55] dodgr_ttm called, FALSE, 7x12829
INFO [1048] [2023-10-23 12:57:20] dodgr_ttm called, FALSE, 8x12829
INFO [1037] [2023-10-23 12:57:29] dodgr_ttm called, FALSE, 8x3
INFO [1040] [2023-10-23 12:57:32] dodgr_ttm called, FALSE, 16x6
INFO [1039] [2023-10-23 12:58:19] paquet:N2291200E3916800 ppou:23973 ttm ok 4
SUCCESS [1039] [2023-10-23 12:58:19] carreau:N2291200E3916800 7 ancres 77.5k@90.2p/s demandees, 355@413.4mp/s retenues
INFO [1039] [2023-10-23 12:58:23] dodgr_ttm called, TRUE, 8x582
INFO [1052] [2023-10-23 12:58:53] dodgr_ttm called, FALSE, 3x3
WARN [1038] [2023-10-23 12:59:03] paquet:N2291200E3968000 ppou:22027 ttm vide
WARN [1038] [2023-10-23 12:59:03] pas de cibles
SUCCESS [1038] [2023-10-23 12:59:03] carreau:N2291200E3968000 1 ancres 12.8k@66.4p/s demandees, 1@5.2mp/s retenues
WARN [1049] [2023-10-23 12:59:14] dodgr::travel_time_matrix empty
WARN [1049] [2023-10-23 12:59:14] carreau:N2297600E3948800 ou_id:24200,24202,24203,24204,24318,24593,24649 erreur ttm_0 dodgr::travel_time_matrix empty
WARN [1049] [2023-10-23 12:59:14] carreau:N2297600E3948800 ou_id:24200,24202,24203,24204,24318,24593,24649 ttm_0 vide
WARN [1049] [2023-10-23 12:59:14] la matrice des distances entre les ancres et les opportunites est vide
INFO [1039] [2023-10-23 12:59:17] dodgr_ttm called, FALSE, 8x12829
INFO [1037] [2023-10-23 12:59:18] paquet:N2265600E3897600 ppou:9034 ttm ok 8
INFO [1037] [2023-10-23 12:59:18] dodgr_ttm called, FALSE, 6x14
INFO [1040] [2023-10-23 12:59:24] paquet:N2278400E3923200 ppou:15728 ttm ok 68
WARN [1040] [2023-10-23 12:59:24] paquet:N2278400E3923200 ppou:15831 ttm vide
WARN [1040] [2023-10-23 12:59:24] pas de cibles
INFO [1040] [2023-10-23 12:59:24] dodgr_ttm called, FALSE, 4x2
INFO [1048] [2023-10-23 12:59:45] dodgr_ttm called, FALSE, 25x26
INFO [1052] [2023-10-23 13:00:40] paquet:N2284800E3955200 ppou:19404 ttm ok 9
SUCCESS [1052] [2023-10-23 13:00:40] carreau:N2284800E3955200 1 ancres 25.7k@84.9p/s demandees, 14@46.3mp/s retenues
INFO [1052] [2023-10-23 13:00:43] dodgr_ttm called, TRUE, 8x305
INFO [1040] [2023-10-23 13:00:57] paquet:N2278400E3923200 ppou:16205 ttm ok 8
INFO [1040] [2023-10-23 13:00:57] dodgr_ttm called, FALSE, 3x1
INFO [1037] [2023-10-23 13:01:01] paquet:N2265600E3897600 ppou:9427 ttm ok 57
INFO [1037] [2023-10-23 13:01:01] dodgr_ttm called, FALSE, 1x17
INFO [1048] [2023-10-23 13:01:25] paquet:N2304000E3923200 ppou:25790 ttm ok 566
INFO [1048] [2023-10-23 13:01:25] dodgr_ttm called, FALSE, 19x18
INFO [1052] [2023-10-23 13:01:33] dodgr_ttm called, FALSE, 8x12829
INFO [1039] [2023-10-23 13:01:42] dodgr_ttm called, FALSE, 22x17
INFO [1040] [2023-10-23 13:02:31] paquet:N2278400E3923200 ppou:16307 ttm ok 3
WARN [1040] [2023-10-23 13:02:31] paquet:N2278400E3923200 ppou:16395 ttm vide
WARN [1040] [2023-10-23 13:02:31] pas de cibles
WARN [1040] [2023-10-23 13:02:31] paquet:N2278400E3923200 ppou:17297 ttm vide
WARN [1040] [2023-10-23 13:02:31] pas de cibles
INFO [1040] [2023-10-23 13:02:31] dodgr_ttm called, FALSE, 7x1
INFO [1037] [2023-10-23 13:02:37] paquet:N2265600E3897600 ppou:9684 ttm ok 10
INFO [1037] [2023-10-23 13:02:37] dodgr_ttm called, FALSE, 9x10
INFO [1048] [2023-10-23 13:03:03] paquet:N2304000E3923200 ppou:25793 ttm ok 312
INFO [1048] [2023-10-23 13:03:03] dodgr_ttm called, FALSE, 21x1
INFO [1039] [2023-10-23 13:03:22] paquet:N2291200E3923200 ppou:22068 ttm ok 218
INFO [1039] [2023-10-23 13:03:22] dodgr_ttm called, FALSE, 31x32
WARN [1052] [2023-10-23 13:03:55] paquet:N2284800E3923200 ppou:19646 ttm vide
WARN [1052] [2023-10-23 13:03:55] pas de cibles
INFO [1052] [2023-10-23 13:03:55] dodgr_ttm called, FALSE, 5x1
INFO [1040] [2023-10-23 13:04:03] paquet:N2278400E3923200 ppou:17587 ttm ok 7
SUCCESS [1040] [2023-10-23 13:04:03] carreau:N2278400E3923200 7 ancres 51.4k@89.5p/s demandees, 98@170.5mp/s retenues
INFO [1040] [2023-10-23 13:04:06] dodgr_ttm called, TRUE, 8x428
INFO [1037] [2023-10-23 13:04:09] paquet:N2265600E3897600 ppou:9817 ttm ok 73
INFO [1037] [2023-10-23 13:04:09] dodgr_ttm called, FALSE, 21x13
WARN [1048] [2023-10-23 13:04:46] dodgr::travel_time_matrix empty
WARN [1048] [2023-10-23 13:04:46] paquet:N2304000E3923200 ppou:25868 ttm vide
WARN [1048] [2023-10-23 13:04:46] erreur dodgr::travel_time_matrix empty
INFO [1048] [2023-10-23 13:04:46] dodgr_ttm called, FALSE, 6x1
INFO [1040] [2023-10-23 13:04:52] dodgr_ttm called, FALSE, 8x12829
INFO [1039] [2023-10-23 13:05:02] paquet:N2291200E3923200 ppou:22442 ttm ok 601
INFO [1039] [2023-10-23 13:05:02] dodgr_ttm called, FALSE, 2x13
INFO [1052] [2023-10-23 13:05:29] paquet:N2284800E3923200 ppou:19812 ttm ok 4
INFO [1052] [2023-10-23 13:05:29] dodgr_ttm called, FALSE, 5x6
INFO [1037] [2023-10-23 13:05:43] paquet:N2265600E3897600 ppou:10254 ttm ok 239
INFO [1037] [2023-10-23 13:05:43] dodgr_ttm called, FALSE, 2x13
INFO [1048] [2023-10-23 13:06:25] paquet:N2304000E3923200 ppou:25890 ttm ok 6
INFO [1048] [2023-10-23 13:06:25] dodgr_ttm called, FALSE, 4x2
INFO [1039] [2023-10-23 13:06:39] paquet:N2291200E3923200 ppou:23245 ttm ok 15
INFO [1039] [2023-10-23 13:06:39] dodgr_ttm called, FALSE, 14x12
INFO [1052] [2023-10-23 13:07:02] paquet:N2284800E3923200 ppou:20055 ttm ok 15
WARN [1052] [2023-10-23 13:07:02] paquet:N2284800E3923200 ppou:20293 ttm vide
WARN [1052] [2023-10-23 13:07:02] pas de cibles
INFO [1052] [2023-10-23 13:07:03] dodgr_ttm called, FALSE, 5x2
INFO [1040] [2023-10-23 13:07:05] dodgr_ttm called, FALSE, 12x8
INFO [1037] [2023-10-23 13:07:18] paquet:N2265600E3897600 ppou:10424 ttm ok 22
SUCCESS [1037] [2023-10-23 13:07:18] carreau:N2265600E3897600 6 ancres 103.1k@131.8p/s demandees, 494@631.3mp/s retenues
INFO [1048] [2023-10-23 13:08:00] paquet:N2304000E3923200 ppou:25948 ttm ok 8
INFO [1048] [2023-10-23 13:08:00] dodgr_ttm called, FALSE, 8x15
INFO [1039] [2023-10-23 13:08:15] paquet:N2291200E3923200 ppou:23352 ttm ok 100
INFO [1039] [2023-10-23 13:08:15] dodgr_ttm called, FALSE, 2x2
INFO [1040] [2023-10-23 13:08:34] paquet:N2278400E3929600 ppou:17713 ttm ok 91
WARN [1040] [2023-10-23 13:08:34] paquet:N2278400E3929600 ppou:18059 ttm vide
WARN [1040] [2023-10-23 13:08:34] pas de cibles
INFO [1040] [2023-10-23 13:08:34] dodgr_ttm called, FALSE, 11x2
INFO [1052] [2023-10-23 13:08:36] paquet:N2284800E3923200 ppou:20527 ttm ok 9
INFO [1052] [2023-10-23 13:08:36] dodgr_ttm called, FALSE, 2x1
INFO [1048] [2023-10-23 13:09:36] paquet:N2304000E3923200 ppou:25951 ttm ok 52
INFO [1048] [2023-10-23 13:09:36] dodgr_ttm called, FALSE, 24x1
INFO [1039] [2023-10-23 13:09:52] paquet:N2291200E3923200 ppou:23358 ttm ok 4
SUCCESS [1039] [2023-10-23 13:09:52] carreau:N2291200E3923200 5 ancres 78.5k@114p/s demandees, 1k@1.5p/s retenues
INFO [1040] [2023-10-23 13:10:04] paquet:N2278400E3929600 ppou:18170 ttm ok 20
SUCCESS [1040] [2023-10-23 13:10:04] carreau:N2278400E3929600 3 ancres 38.6k@107.9p/s demandees, 122@340.9mp/s retenues
INFO [1040] [2023-10-23 13:10:07] dodgr_ttm called, TRUE, 8x470
INFO [1052] [2023-10-23 13:10:08] paquet:N2284800E3923200 ppou:20853 ttm ok 2
SUCCESS [1052] [2023-10-23 13:10:08] carreau:N2284800E3923200 6 ancres 51.4k@91p/s demandees, 49@86.8mp/s retenues
INFO [1040] [2023-10-23 13:10:51] dodgr_ttm called, FALSE, 8x12829
WARN [1048] [2023-10-23 13:11:05] dodgr::travel_time_matrix empty
WARN [1048] [2023-10-23 13:11:05] paquet:N2304000E3923200 ppou:25953 ttm vide
WARN [1048] [2023-10-23 13:11:05] erreur dodgr::travel_time_matrix empty
SUCCESS [1048] [2023-10-23 13:11:05] carreau:N2304000E3923200 7 ancres 65.3k@74.3p/s demandees, 1k@1.1p/s retenues
INFO [1048] [2023-10-23 13:11:08] dodgr_ttm called, TRUE, 8x29
INFO [1048] [2023-10-23 13:11:51] dodgr_ttm called, FALSE, 8x12829
WARN [1040] [2023-10-23 13:13:00] paquet:N2278400E3936000 ppou:17615 ttm vide
WARN [1040] [2023-10-23 13:13:00] pas de cibles
WARN [1040] [2023-10-23 13:13:00] paquet:N2278400E3936000 ppou:17633 ttm vide
WARN [1040] [2023-10-23 13:13:00] pas de cibles
INFO [1040] [2023-10-23 13:13:00] dodgr_ttm called, FALSE, 2x1
INFO [1048] [2023-10-23 13:14:03] dodgr_ttm called, FALSE, 5x18
INFO [1040] [2023-10-23 13:14:31] paquet:N2278400E3936000 ppou:18294 ttm ok 2
SUCCESS [1040] [2023-10-23 13:14:31] carreau:N2278400E3936000 3 ancres 12.8k@48.5p/s demandees, 3@11.3mp/s retenues
INFO [1048] [2023-10-23 13:15:32] paquet:N2304000E3929600 ppou:25649 ttm ok 62
INFO [1048] [2023-10-23 13:15:32] dodgr_ttm called, FALSE, 1x19
INFO [1048] [2023-10-23 13:17:05] paquet:N2304000E3929600 ppou:25651 ttm ok 10
INFO [1048] [2023-10-23 13:17:05] dodgr_ttm called, FALSE, 7x22
INFO [1048] [2023-10-23 13:18:34] paquet:N2304000E3929600 ppou:25684 ttm ok 70
WARN [1048] [2023-10-23 13:18:34] paquet:N2304000E3929600 ppou:25690 ttm vide
WARN [1048] [2023-10-23 13:18:34] pas de cibles
WARN [1048] [2023-10-23 13:18:34] paquet:N2304000E3929600 ppou:25718 ttm vide
WARN [1048] [2023-10-23 13:18:34] pas de cibles
SUCCESS [1048] [2023-10-23 13:18:34] carreau:N2304000E3929600 5 ancres 64.4k@144.5p/s demandees, 241@540.5mp/s retenues
