SUCCESS [2023-10-23 21:01:49] Calcul accessibilite version 2
SUCCESS [2023-10-23 21:01:49] $type
SUCCESS [2023-10-23 21:01:49] [1] "dodgr"
SUCCESS [2023-10-23 21:01:49] 
SUCCESS [2023-10-23 21:01:49] $path
SUCCESS [2023-10-23 21:01:49] /space_mounts/data/marseille//dodgr/
SUCCESS [2023-10-23 21:01:49] FALSE
SUCCESS [2023-10-23 21:01:49] 
SUCCESS [2023-10-23 21:01:49] $graph
SUCCESS [2023-10-23 21:01:49] NULL
SUCCESS [2023-10-23 21:01:49] 
SUCCESS [2023-10-23 21:01:49] $vertices
SUCCESS [2023-10-23 21:01:49] NULL
SUCCESS [2023-10-23 21:01:49] 
SUCCESS [2023-10-23 21:01:49] $distances
SUCCESS [2023-10-23 21:01:49] [1] TRUE
SUCCESS [2023-10-23 21:01:49] 
SUCCESS [2023-10-23 21:01:49] $denivele
SUCCESS [2023-10-23 21:01:49] [1] FALSE
SUCCESS [2023-10-23 21:01:49] 
SUCCESS [2023-10-23 21:01:49] $pkg
SUCCESS [2023-10-23 21:01:49] [1] "dodgr"
SUCCESS [2023-10-23 21:01:49] 
SUCCESS [2023-10-23 21:01:49] $turn_penalty
SUCCESS [2023-10-23 21:01:49] [1] TRUE
SUCCESS [2023-10-23 21:01:49] 
SUCCESS [2023-10-23 21:01:49] $graph_name
SUCCESS [2023-10-23 21:01:49] /space_mounts/data/marseille//dodgr//marseille.bicycle.dodgrnet
SUCCESS [2023-10-23 21:01:49] FALSE
SUCCESS [2023-10-23 21:01:49] 
SUCCESS [2023-10-23 21:01:49] $string
SUCCESS [2023-10-23 21:01:49] dodgr routing bicycle sur /space_mounts/data/marseille//dodgr/ a 2023-10-23 21:00:32.920419
SUCCESS [2023-10-23 21:01:49] FALSE
SUCCESS [2023-10-23 21:01:49] 
SUCCESS [2023-10-23 21:01:49] $departure_datetime
SUCCESS [2023-10-23 21:01:49] [1] "2019-12-17 08:00:00 UTC"
SUCCESS [2023-10-23 21:01:49] 
SUCCESS [2023-10-23 21:01:49] $mode
SUCCESS [2023-10-23 21:01:49] [1] "bicycle"
SUCCESS [2023-10-23 21:01:49] 
SUCCESS [2023-10-23 21:01:49] $n_threads
SUCCESS [2023-10-23 21:01:49] [1] 8
SUCCESS [2023-10-23 21:01:49] 
SUCCESS [2023-10-23 21:01:49] $future
SUCCESS [2023-10-23 21:01:49] [1] TRUE
SUCCESS [2023-10-23 21:01:49] 
SUCCESS [2023-10-23 21:01:49] $future_routing
SUCCESS [2023-10-23 21:01:49] function (routing) 
SUCCESS [2023-10-23 21:01:49] {
SUCCESS [2023-10-23 21:01:49]     rout <- routing
SUCCESS [2023-10-23 21:01:49]     rout$graph <- NULL
SUCCESS [2023-10-23 21:01:49]     rout$vertices <- NULL
SUCCESS [2023-10-23 21:01:49]     rout$elevation_data <- NULL
SUCCESS [2023-10-23 21:01:49]     return(rout)
SUCCESS [2023-10-23 21:01:49] }
SUCCESS [2023-10-23 21:01:49] <bytecode: 0x55acd88c79d8>
SUCCESS [2023-10-23 21:01:49] <environment: 0x55acd88c8708>
SUCCESS [2023-10-23 21:01:49] 
SUCCESS [2023-10-23 21:01:49] $core_init
SUCCESS [2023-10-23 21:01:49] function (routing) 
SUCCESS [2023-10-23 21:01:49] {
SUCCESS [2023-10-23 21:01:49]     RcppParallel::setThreadOptions(numThreads = routing$n_threads)
SUCCESS [2023-10-23 21:01:49]     rout <- routing
SUCCESS [2023-10-23 21:01:49]     net <- dgr_load_streetnet(routing$graph_name)
SUCCESS [2023-10-23 21:01:49]     rout$graph <- net$graph
SUCCESS [2023-10-23 21:01:49]     rout$vertices <- net$verts_c
SUCCESS [2023-10-23 21:01:49]     if ("dz" %in% names(rout$graph)) 
SUCCESS [2023-10-23 21:01:49]         rout$graph$dzplus <- rout$graph$dz * (rout$graph$dz > 
SUCCESS [2023-10-23 21:01:49]             0)
SUCCESS [2023-10-23 21:01:49]     logger::log_info("router {graph_name} chargé")
SUCCESS [2023-10-23 21:01:49]     return(rout)
SUCCESS [2023-10-23 21:01:49] }
SUCCESS [2023-10-23 21:01:49] <bytecode: 0x55acd88c6d98>
SUCCESS [2023-10-23 21:01:49] <environment: 0x55acd88c8708>
SUCCESS [2023-10-23 21:01:49] 
SUCCESS [2023-10-23 21:01:49] 
SUCCESS [2023-10-23 21:01:49] tmax:120
SUCCESS [2023-10-23 21:01:49] pdt:1
SUCCESS [2023-10-23 21:01:49] chunk:20M
SUCCESS [2023-10-23 21:01:49] resolution:200
SUCCESS [2023-10-23 21:01:49] out:200
SUCCESS [2023-10-23 21:01:49] les variables sont emplois
SUCCESS [2023-10-23 21:01:50] taille:333.6M gr:17 res_gr:12800
SUCCESS [2023-10-23 21:01:50] 26k ou, 12.8k quoi
SUCCESS [2023-10-23 21:01:50] 33 carreaux, 8 subsampling
SUCCESS [2023-10-23 21:01:50] future:TRUE, 3 workers
INFO [7459] [2023-10-23 21:07:04] router /space_mounts/data/marseille//dodgr//marseille.bicycle.dodgrnet chargé
INFO [7461] [2023-10-23 21:07:04] router /space_mounts/data/marseille//dodgr//marseille.bicycle.dodgrnet chargé
INFO [7460] [2023-10-23 21:07:05] router /space_mounts/data/marseille//dodgr//marseille.bicycle.dodgrnet chargé
INFO [7459] [2023-10-23 21:07:07] dodgr_ttm called, TRUE, 7x21
INFO [7461] [2023-10-23 21:07:07] dodgr_ttm called, TRUE, 8x2310
INFO [7460] [2023-10-23 21:07:08] dodgr_ttm called, FALSE, 1x12819
INFO [7459] [2023-10-23 21:09:42] dodgr_ttm called, FALSE, 7x12829
INFO [7461] [2023-10-23 21:09:49] dodgr_ttm called, FALSE, 8x12829
SUCCESS [7460] [2023-10-23 21:12:43] carreau:N2252800E3891200 0 ancres 12.8k@38.3p/s demandees, 55@164mp/s retenues
INFO [7460] [2023-10-23 21:12:46] dodgr_ttm called, TRUE, 8x637
INFO [7460] [2023-10-23 21:14:59] dodgr_ttm called, FALSE, 8x12829
INFO [7459] [2023-10-23 21:15:02] dodgr_ttm called, FALSE, 6x2124
INFO [7461] [2023-10-23 21:15:09] dodgr_ttm called, FALSE, 99x5371
INFO [7459] [2023-10-23 21:19:39] paquet:N2227200E3955200 ppou:3 ttm ok 10979
INFO [7459] [2023-10-23 21:19:39] dodgr_ttm called, FALSE, 1x1935
INFO [7460] [2023-10-23 21:20:18] dodgr_ttm called, FALSE, 126x3110
INFO [7461] [2023-10-23 21:21:07] paquet:N2278400E3942400 ppou:15430 ttm ok 308566
INFO [7461] [2023-10-23 21:21:07] dodgr_ttm called, FALSE, 167x4046
INFO [7459] [2023-10-23 21:24:22] paquet:N2227200E3955200 ppou:10 ttm ok 1809
INFO [7459] [2023-10-23 21:24:22] dodgr_ttm called, FALSE, 3x1885
INFO [7460] [2023-10-23 21:26:54] paquet:N2265600E3916800 ppou:8642 ttm ok 286759
INFO [7460] [2023-10-23 21:26:54] dodgr_ttm called, FALSE, 75x2040
INFO [7461] [2023-10-23 21:28:39] paquet:N2278400E3942400 ppou:15882 ttm ok 479645
INFO [7461] [2023-10-23 21:28:39] dodgr_ttm called, FALSE, 303x3879
INFO [7459] [2023-10-23 21:29:13] paquet:N2227200E3955200 ppou:16 ttm ok 5352
INFO [7459] [2023-10-23 21:29:13] dodgr_ttm called, FALSE, 1x1649
INFO [7460] [2023-10-23 21:33:29] paquet:N2265600E3916800 ppou:9182 ttm ok 112266
INFO [7460] [2023-10-23 21:33:29] dodgr_ttm called, FALSE, 87x2048
INFO [7459] [2023-10-23 21:34:23] paquet:N2227200E3955200 ppou:21 ttm ok 1649
INFO [7459] [2023-10-23 21:34:23] dodgr_ttm called, FALSE, 2x1910
INFO [7461] [2023-10-23 21:38:18] paquet:N2278400E3942400 ppou:16656 ttm ok 828716
INFO [7461] [2023-10-23 21:38:18] dodgr_ttm called, FALSE, 230x3529
INFO [7459] [2023-10-23 21:39:27] paquet:N2227200E3955200 ppou:22 ttm ok 3312
INFO [7459] [2023-10-23 21:39:27] dodgr_ttm called, FALSE, 8x2194
INFO [7460] [2023-10-23 21:39:57] paquet:N2265600E3916800 ppou:10116 ttm ok 111657
INFO [7460] [2023-10-23 21:39:57] dodgr_ttm called, FALSE, 16x1481
INFO [7459] [2023-10-23 21:44:12] paquet:N2227200E3955200 ppou:26 ttm ok 15738
SUCCESS [7459] [2023-10-23 21:44:12] carreau:N2227200E3955200 6 ancres 133.2k@59.8p/s demandees, 54.8k@24.6p/s retenues
INFO [7459] [2023-10-23 21:44:15] dodgr_ttm called, TRUE, 8x1333
INFO [7460] [2023-10-23 21:44:54] paquet:N2265600E3916800 ppou:10291 ttm ok 21323
INFO [7460] [2023-10-23 21:44:55] dodgr_ttm called, FALSE, 64x1441
INFO [7461] [2023-10-23 21:46:10] paquet:N2278400E3942400 ppou:16674 ttm ok 552672
INFO [7461] [2023-10-23 21:46:10] dodgr_ttm called, FALSE, 313x4474
INFO [7459] [2023-10-23 21:46:43] dodgr_ttm called, FALSE, 8x12829
INFO [7460] [2023-10-23 21:50:51] paquet:N2265600E3916800 ppou:10613 ttm ok 80869
INFO [7460] [2023-10-23 21:50:52] dodgr_ttm called, FALSE, 68x1652
INFO [7459] [2023-10-23 21:52:29] dodgr_ttm called, FALSE, 143x3007
INFO [7461] [2023-10-23 21:55:47] paquet:N2278400E3942400 ppou:17528 ttm ok 763440
INFO [7461] [2023-10-23 21:55:47] dodgr_ttm called, FALSE, 413x4535
INFO [7460] [2023-10-23 21:56:52] paquet:N2265600E3916800 ppou:11364 ttm ok 87006
INFO [7460] [2023-10-23 21:56:52] dodgr_ttm called, FALSE, 117x1872
INFO [7459] [2023-10-23 22:00:20] paquet:N2240000E3955200 ppou:282 ttm ok 285740
INFO [7459] [2023-10-23 22:00:21] dodgr_ttm called, FALSE, 222x3445
INFO [7460] [2023-10-23 22:04:24] paquet:N2265600E3916800 ppou:12504 ttm ok 155154
INFO [7460] [2023-10-23 22:04:25] dodgr_ttm called, FALSE, 84x3164
INFO [7461] [2023-10-23 22:07:29] paquet:N2278400E3942400 ppou:18314 ttm ok 1115764
INFO [7461] [2023-10-23 22:07:29] dodgr_ttm called, FALSE, 478x4595
INFO [7459] [2023-10-23 22:09:22] paquet:N2240000E3955200 ppou:347 ttm ok 482900
INFO [7459] [2023-10-23 22:09:23] dodgr_ttm called, FALSE, 265x3676
INFO [7460] [2023-10-23 22:11:09] paquet:N2265600E3916800 ppou:14398 ttm ok 190762
SUCCESS [7460] [2023-10-23 22:11:10] carreau:N2265600E3916800 8 ancres 1.5M@439.1p/s demandees, 1.1M@304.2p/s retenues
INFO [7460] [2023-10-23 22:11:15] dodgr_ttm called, TRUE, 8x1306
INFO [7460] [2023-10-23 22:14:23] dodgr_ttm called, FALSE, 8x12829
INFO [7459] [2023-10-23 22:19:42] paquet:N2240000E3955200 ppou:388 ttm ok 618623
INFO [7459] [2023-10-23 22:19:42] dodgr_ttm called, FALSE, 214x3812
INFO [7461] [2023-10-23 22:20:44] paquet:N2278400E3942400 ppou:18343 ttm ok 1007790
INFO [7461] [2023-10-23 22:20:44] dodgr_ttm called, FALSE, 294x5339
INFO [7460] [2023-10-23 22:21:04] dodgr_ttm called, FALSE, 132x4648
INFO [7459] [2023-10-23 22:28:02] paquet:N2240000E3955200 ppou:1025 ttm ok 583028
INFO [7459] [2023-10-23 22:28:03] dodgr_ttm called, FALSE, 78x3594
INFO [7460] [2023-10-23 22:28:53] paquet:N2265600E3929600 ppou:8780 ttm ok 541176
INFO [7460] [2023-10-23 22:28:53] dodgr_ttm called, FALSE, 114x4899
INFO [7461] [2023-10-23 22:30:35] paquet:N2278400E3942400 ppou:18911 ttm ok 830659
SUCCESS [7461] [2023-10-23 22:30:37] carreau:N2278400E3942400 8 ancres 10.3M@2.1kp/s demandees, 5.9M@1.2kp/s retenues
INFO [7461] [2023-10-23 22:30:43] dodgr_ttm called, TRUE, 8x599
INFO [7461] [2023-10-23 22:33:05] dodgr_ttm called, FALSE, 8x12829
INFO [7459] [2023-10-23 22:34:16] paquet:N2240000E3955200 ppou:1254 ttm ok 222027
INFO [7459] [2023-10-23 22:34:16] dodgr_ttm called, FALSE, 66x5115
INFO [7460] [2023-10-23 22:35:39] paquet:N2265600E3929600 ppou:9739 ttm ok 475738
INFO [7460] [2023-10-23 22:35:39] dodgr_ttm called, FALSE, 37x5484
INFO [7461] [2023-10-23 22:38:42] dodgr_ttm called, FALSE, 18x3857
INFO [7459] [2023-10-23 22:39:57] paquet:N2240000E3955200 ppou:1450 ttm ok 182486
INFO [7459] [2023-10-23 22:39:57] dodgr_ttm called, FALSE, 246x3948
INFO [7460] [2023-10-23 22:40:55] paquet:N2265600E3929600 ppou:10165 ttm ok 149275
INFO [7460] [2023-10-23 22:40:55] dodgr_ttm called, FALSE, 248x5052
INFO [7461] [2023-10-23 22:44:06] paquet:N2278400E3955200 ppou:15362 ttm ok 40280
INFO [7461] [2023-10-23 22:44:06] dodgr_ttm called, FALSE, 124x3997
INFO [7459] [2023-10-23 22:48:55] paquet:N2240000E3955200 ppou:1849 ttm ok 770499
INFO [7459] [2023-10-23 22:48:56] dodgr_ttm called, FALSE, 89x3657
INFO [7460] [2023-10-23 22:49:48] paquet:N2265600E3929600 ppou:10316 ttm ok 982450
INFO [7460] [2023-10-23 22:49:49] dodgr_ttm called, FALSE, 78x4411
INFO [7461] [2023-10-23 22:51:34] paquet:N2278400E3955200 ppou:15804 ttm ok 258121
INFO [7461] [2023-10-23 22:51:34] dodgr_ttm called, FALSE, 102x3338
INFO [7459] [2023-10-23 22:55:23] paquet:N2240000E3955200 ppou:2088 ttm ok 273504
SUCCESS [7459] [2023-10-23 22:55:24] carreau:N2240000E3955200 8 ancres 5M@1.2kp/s demandees, 3.5M@810.5p/s retenues
INFO [7459] [2023-10-23 22:55:31] dodgr_ttm called, TRUE, 8x203
INFO [7460] [2023-10-23 22:55:44] paquet:N2265600E3929600 ppou:10490 ttm ok 319773
INFO [7460] [2023-10-23 22:55:44] dodgr_ttm called, FALSE, 402x4839
INFO [7459] [2023-10-23 22:57:43] dodgr_ttm called, FALSE, 8x12829
INFO [7461] [2023-10-23 22:58:00] paquet:N2278400E3955200 ppou:17683 ttm ok 167046
INFO [7461] [2023-10-23 22:58:00] dodgr_ttm called, FALSE, 4x1616
INFO [7461] [2023-10-23 23:03:00] paquet:N2278400E3955200 ppou:17685 ttm ok 6431
INFO [7461] [2023-10-23 23:03:00] dodgr_ttm called, FALSE, 109x3246
INFO [7459] [2023-10-23 23:03:30] dodgr_ttm called, FALSE, 6x2076
INFO [7460] [2023-10-23 23:06:16] paquet:N2265600E3929600 ppou:10947 ttm ok 1347601
INFO [7460] [2023-10-23 23:06:17] dodgr_ttm called, FALSE, 29x5301
INFO [7459] [2023-10-23 23:08:29] paquet:N2240000E3968000 ppou:66 ttm ok 11358
INFO [7459] [2023-10-23 23:08:29] dodgr_ttm called, FALSE, 8x3522
INFO [7461] [2023-10-23 23:09:56] paquet:N2278400E3955200 ppou:18735 ttm ok 213796
INFO [7461] [2023-10-23 23:09:56] dodgr_ttm called, FALSE, 93x3131
INFO [7460] [2023-10-23 23:11:24] paquet:N2265600E3929600 ppou:11802 ttm ok 110386
INFO [7460] [2023-10-23 23:11:24] dodgr_ttm called, FALSE, 265x5239
INFO [7459] [2023-10-23 23:13:11] paquet:N2240000E3968000 ppou:168 ttm ok 14520
INFO [7459] [2023-10-23 23:13:11] dodgr_ttm called, FALSE, 97x4195
INFO [7461] [2023-10-23 23:15:59] paquet:N2278400E3955200 ppou:19701 ttm ok 174217
INFO [7461] [2023-10-23 23:15:59] dodgr_ttm called, FALSE, 42x2724
INFO [7459] [2023-10-23 23:20:09] paquet:N2240000E3968000 ppou:1309 ttm ok 219749
INFO [7459] [2023-10-23 23:20:09] dodgr_ttm called, FALSE, 11x3968
INFO [7460] [2023-10-23 23:20:21] paquet:N2265600E3929600 ppou:12506 ttm ok 846344
SUCCESS [7460] [2023-10-23 23:20:23] carreau:N2265600E3929600 8 ancres 6.6M@1.6kp/s demandees, 4.8M@1.2kp/s retenues
INFO [7460] [2023-10-23 23:20:28] dodgr_ttm called, TRUE, 8x2110
INFO [7461] [2023-10-23 23:21:31] paquet:N2278400E3955200 ppou:20716 ttm ok 69872
INFO [7461] [2023-10-23 23:21:31] dodgr_ttm called, FALSE, 107x2156
INFO [7460] [2023-10-23 23:22:38] dodgr_ttm called, FALSE, 8x12829
INFO [7459] [2023-10-23 23:24:37] paquet:N2240000E3968000 ppou:1318 ttm ok 22626
INFO [7459] [2023-10-23 23:24:37] dodgr_ttm called, FALSE, 18x3443
INFO [7461] [2023-10-23 23:27:25] paquet:N2278400E3955200 ppou:21048 ttm ok 122882
SUCCESS [7461] [2023-10-23 23:27:26] carreau:N2278400E3955200 8 ancres 2M@589.1p/s demandees, 1.1M@318.5p/s retenues
INFO [7461] [2023-10-23 23:27:30] dodgr_ttm called, TRUE, 8x160
INFO [7460] [2023-10-23 23:27:57] dodgr_ttm called, FALSE, 272x4705
INFO [7459] [2023-10-23 23:29:15] paquet:N2240000E3968000 ppou:1547 ttm ok 33632
INFO [7459] [2023-10-23 23:29:15] dodgr_ttm called, FALSE, 29x3050
INFO [7461] [2023-10-23 23:29:36] dodgr_ttm called, FALSE, 8x12829
INFO [7459] [2023-10-23 23:34:35] paquet:N2240000E3968000 ppou:1624 ttm ok 63902
INFO [7459] [2023-10-23 23:34:35] dodgr_ttm called, FALSE, 33x2708
INFO [7461] [2023-10-23 23:35:30] dodgr_ttm called, FALSE, 34x1634
INFO [7460] [2023-10-23 23:36:10] paquet:N2265600E3942400 ppou:10536 ttm ok 1101967
INFO [7460] [2023-10-23 23:36:10] dodgr_ttm called, FALSE, 711x5309
INFO [7459] [2023-10-23 23:39:53] paquet:N2240000E3968000 ppou:1669 ttm ok 71496
INFO [7459] [2023-10-23 23:39:53] dodgr_ttm called, FALSE, 1x1992
INFO [7461] [2023-10-23 23:40:58] paquet:N2278400E3968000 ppou:15490 ttm ok 50623
INFO [7461] [2023-10-23 23:40:58] dodgr_ttm called, FALSE, 15x1949
INFO [7459] [2023-10-23 23:44:41] paquet:N2240000E3968000 ppou:1940 ttm ok 1991
SUCCESS [7459] [2023-10-23 23:44:41] carreau:N2240000E3968000 8 ancres 835.6k@283.3p/s demandees, 472.4k@160.2p/s retenues
INFO [7459] [2023-10-23 23:44:44] dodgr_ttm called, TRUE, 8x768
INFO [7461] [2023-10-23 23:46:08] paquet:N2278400E3968000 ppou:17147 ttm ok 20756
INFO [7461] [2023-10-23 23:46:08] dodgr_ttm called, FALSE, 4x1442
INFO [7459] [2023-10-23 23:47:06] dodgr_ttm called, FALSE, 8x12829
INFO [7460] [2023-10-23 23:50:56] paquet:N2265600E3942400 ppou:11257 ttm ok 2970907
INFO [7460] [2023-10-23 23:50:57] dodgr_ttm called, FALSE, 152x4419
INFO [7461] [2023-10-23 23:51:30] paquet:N2278400E3968000 ppou:20034 ttm ok 4441
INFO [7461] [2023-10-23 23:51:30] dodgr_ttm called, FALSE, 14x1105
INFO [7459] [2023-10-23 23:52:31] dodgr_ttm called, FALSE, 18x3430
INFO [7461] [2023-10-23 23:55:49] paquet:N2278400E3968000 ppou:20104 ttm ok 14345
INFO [7461] [2023-10-23 23:55:49] dodgr_ttm called, FALSE, 12x1083
INFO [7459] [2023-10-23 23:57:00] paquet:N2240000E3942400 ppou:798 ttm ok 46388
INFO [7459] [2023-10-23 23:57:00] dodgr_ttm called, FALSE, 128x3151
INFO [7460] [2023-10-23 23:57:07] paquet:N2265600E3942400 ppou:12660 ttm ok 575308
INFO [7460] [2023-10-23 23:57:07] dodgr_ttm called, FALSE, 268x4914
INFO [7461] [2023-10-24 00:00:34] paquet:N2278400E3968000 ppou:20334 ttm ok 12106
INFO [7461] [2023-10-24 00:00:34] dodgr_ttm called, FALSE, 20x1389
INFO [7459] [2023-10-24 00:01:53] paquet:N2240000E3942400 ppou:911 ttm ok 366410
INFO [7459] [2023-10-24 00:01:53] dodgr_ttm called, FALSE, 130x3647
INFO [7461] [2023-10-24 00:05:20] paquet:N2278400E3968000 ppou:20420 ttm ok 17224
INFO [7461] [2023-10-24 00:05:20] dodgr_ttm called, FALSE, 17x1245
INFO [7460] [2023-10-24 00:05:23] paquet:N2265600E3942400 ppou:13022 ttm ok 1048285
INFO [7460] [2023-10-24 00:05:23] dodgr_ttm called, FALSE, 123x4353
INFO [7459] [2023-10-24 00:06:46] paquet:N2240000E3942400 ppou:966 ttm ok 355664
INFO [7459] [2023-10-24 00:06:46] dodgr_ttm called, FALSE, 45x4230
INFO [7461] [2023-10-24 00:09:43] paquet:N2278400E3968000 ppou:20486 ttm ok 18050
INFO [7461] [2023-10-24 00:09:43] dodgr_ttm called, FALSE, 44x1345
INFO [7460] [2023-10-24 00:11:53] paquet:N2265600E3942400 ppou:13714 ttm ok 402255
INFO [7460] [2023-10-24 00:11:53] dodgr_ttm called, FALSE, 264x4455
INFO [7459] [2023-10-24 00:11:59] paquet:N2240000E3942400 ppou:1235 ttm ok 123617
INFO [7459] [2023-10-24 00:11:59] dodgr_ttm called, FALSE, 1x2666
INFO [7461] [2023-10-24 00:15:16] paquet:N2278400E3968000 ppou:20487 ttm ok 46642
SUCCESS [7461] [2023-10-24 00:15:17] carreau:N2278400E3968000 8 ancres 329.8k@115.1p/s demandees, 200k@69.8p/s retenues
INFO [7461] [2023-10-24 00:15:21] dodgr_ttm called, TRUE, 8x47
INFO [7459] [2023-10-24 00:16:25] paquet:N2240000E3942400 ppou:1284 ttm ok 2657
INFO [7459] [2023-10-24 00:16:25] dodgr_ttm called, FALSE, 258x3721
INFO [7461] [2023-10-24 00:17:33] dodgr_ttm called, FALSE, 8x12829
INFO [7460] [2023-10-24 00:20:07] paquet:N2265600E3942400 ppou:14266 ttm ok 908288
INFO [7460] [2023-10-24 00:20:07] dodgr_ttm called, FALSE, 164x4695
INFO [7459] [2023-10-24 00:22:03] paquet:N2240000E3942400 ppou:1439 ttm ok 797952
INFO [7459] [2023-10-24 00:22:03] dodgr_ttm called, FALSE, 141x3589
INFO [7461] [2023-10-24 00:23:32] dodgr_ttm called, FALSE, 1x1498
INFO [7460] [2023-10-24 00:26:51] paquet:N2265600E3942400 ppou:14983 ttm ok 564873
INFO [7460] [2023-10-24 00:26:51] dodgr_ttm called, FALSE, 150x4026
INFO [7459] [2023-10-24 00:26:57] paquet:N2240000E3942400 ppou:2013 ttm ok 443603
INFO [7459] [2023-10-24 00:26:57] dodgr_ttm called, FALSE, 37x3752
INFO [7461] [2023-10-24 00:27:56] paquet:N2291200E3904000 ppou:21919 ttm ok 1498
INFO [7461] [2023-10-24 00:27:56] dodgr_ttm called, FALSE, 5x1496
INFO [7459] [2023-10-24 00:31:26] paquet:N2240000E3942400 ppou:2318 ttm ok 116586
SUCCESS [7459] [2023-10-24 00:31:27] carreau:N2240000E3942400 8 ancres 2.8M@1kp/s demandees, 2.3M@816.3p/s retenues
INFO [7459] [2023-10-24 00:31:29] dodgr_ttm called, TRUE, 2x9
INFO [7461] [2023-10-24 00:32:17] paquet:N2291200E3904000 ppou:22620 ttm ok 7432
INFO [7461] [2023-10-24 00:32:18] dodgr_ttm called, FALSE, 18x3534
INFO [7460] [2023-10-24 00:33:29] paquet:N2265600E3942400 ppou:15004 ttm ok 431287
SUCCESS [7460] [2023-10-24 00:33:31] carreau:N2265600E3942400 8 ancres 10.2M@2.3kp/s demandees, 8M@1.8kp/s retenues
INFO [7459] [2023-10-24 00:33:32] dodgr_ttm called, FALSE, 2x12829
INFO [7460] [2023-10-24 00:33:35] dodgr_ttm called, TRUE, 8x1710
INFO [7460] [2023-10-24 00:35:42] dodgr_ttm called, FALSE, 8x12829
INFO [7461] [2023-10-24 00:37:24] paquet:N2291200E3904000 ppou:23020 ttm ok 26529
INFO [7461] [2023-10-24 00:37:24] dodgr_ttm called, FALSE, 5x1455
INFO [7459] [2023-10-24 00:38:32] dodgr_ttm called, FALSE, 9x2425
INFO [7460] [2023-10-24 00:40:51] dodgr_ttm called, FALSE, 42x4320
INFO [7461] [2023-10-24 00:41:44] paquet:N2291200E3904000 ppou:23531 ttm ok 7021
INFO [7461] [2023-10-24 00:41:44] dodgr_ttm called, FALSE, 6x2699
INFO [7459] [2023-10-24 00:42:40] paquet:N2240000E3929600 ppou:760 ttm ok 21052
SUCCESS [7459] [2023-10-24 00:42:40] carreau:N2240000E3929600 1 ancres 34.7k@51.7p/s demandees, 23.5k@35.1p/s retenues
INFO [7459] [2023-10-24 00:42:42] dodgr_ttm called, TRUE, 8x2602
INFO [7459] [2023-10-24 00:44:46] dodgr_ttm called, FALSE, 8x12829
INFO [7460] [2023-10-24 00:45:49] paquet:N2265600E3955200 ppou:8817 ttm ok 138517
INFO [7460] [2023-10-24 00:45:49] dodgr_ttm called, FALSE, 143x4317
INFO [7461] [2023-10-24 00:46:12] paquet:N2291200E3904000 ppou:23623 ttm ok 9142
INFO [7461] [2023-10-24 00:46:12] dodgr_ttm called, FALSE, 1x1687
INFO [7459] [2023-10-24 00:49:49] dodgr_ttm called, FALSE, 190x3825
INFO [7461] [2023-10-24 00:50:40] paquet:N2291200E3904000 ppou:24617 ttm ok 1687
INFO [7461] [2023-10-24 00:50:40] dodgr_ttm called, FALSE, 9x1975
INFO [7460] [2023-10-24 00:52:27] paquet:N2265600E3955200 ppou:8912 ttm ok 551237
INFO [7460] [2023-10-24 00:52:27] dodgr_ttm called, FALSE, 115x4521
INFO [7459] [2023-10-24 00:54:51] paquet:N2252800E3942400 ppou:2705 ttm ok 619651
INFO [7459] [2023-10-24 00:54:51] dodgr_ttm called, FALSE, 283x4112
INFO [7461] [2023-10-24 00:55:33] paquet:N2291200E3904000 ppou:24664 ttm ok 16420
INFO [7461] [2023-10-24 00:55:33] dodgr_ttm called, FALSE, 2x1975
INFO [7460] [2023-10-24 00:59:10] paquet:N2265600E3955200 ppou:9645 ttm ok 459060
INFO [7460] [2023-10-24 00:59:10] dodgr_ttm called, FALSE, 156x4408
INFO [7461] [2023-10-24 01:00:23] paquet:N2291200E3904000 ppou:24781 ttm ok 3683
SUCCESS [7461] [2023-10-24 01:00:24] carreau:N2291200E3904000 8 ancres 222.1k@82.2p/s demandees, 102.7k@38p/s retenues
INFO [7461] [2023-10-24 01:00:27] dodgr_ttm called, TRUE, 8x1385
INFO [7461] [2023-10-24 01:03:07] dodgr_ttm called, FALSE, 8x12829
INFO [7459] [2023-10-24 01:04:00] paquet:N2252800E3942400 ppou:2981 ttm ok 936266
INFO [7459] [2023-10-24 01:04:01] dodgr_ttm called, FALSE, 127x3635
INFO [7460] [2023-10-24 01:06:21] paquet:N2265600E3955200 ppou:9666 ttm ok 415458
INFO [7460] [2023-10-24 01:06:21] dodgr_ttm called, FALSE, 434x4550
INFO [7461] [2023-10-24 01:08:26] dodgr_ttm called, FALSE, 339x2885
INFO [7459] [2023-10-24 01:08:50] paquet:N2252800E3942400 ppou:2993 ttm ok 429462
INFO [7459] [2023-10-24 01:08:50] dodgr_ttm called, FALSE, 250x4066
INFO [7460] [2023-10-24 01:19:06] paquet:N2265600E3955200 ppou:11865 ttm ok 1366440
INFO [7460] [2023-10-24 01:19:06] dodgr_ttm called, FALSE, 143x4256
INFO [7459] [2023-10-24 01:19:21] paquet:N2252800E3942400 ppou:3939 ttm ok 873335
INFO [7459] [2023-10-24 01:19:23] dodgr_ttm called, FALSE, 271x4231
INFO [7461] [2023-10-24 01:20:27] paquet:N2291200E3916800 ppou:22030 ttm ok 596811
INFO [7461] [2023-10-24 01:20:28] dodgr_ttm called, FALSE, 335x3416
INFO [7460] [2023-10-24 01:27:09] paquet:N2265600E3955200 ppou:13918 ttm ok 308758
INFO [7460] [2023-10-24 01:27:09] dodgr_ttm called, FALSE, 382x4707
INFO [7459] [2023-10-24 01:29:02] paquet:N2252800E3942400 ppou:3997 ttm ok 974840
INFO [7459] [2023-10-24 01:29:03] dodgr_ttm called, FALSE, 540x4860
INFO [7461] [2023-10-24 01:31:27] paquet:N2291200E3916800 ppou:22552 ttm ok 650426
INFO [7461] [2023-10-24 01:31:27] dodgr_ttm called, FALSE, 220x2584
INFO [7460] [2023-10-24 01:39:54] paquet:N2265600E3955200 ppou:13997 ttm ok 1054952
INFO [7460] [2023-10-24 01:39:54] dodgr_ttm called, FALSE, 291x3822
INFO [7461] [2023-10-24 01:41:43] paquet:N2291200E3916800 ppou:23858 ttm ok 415630
INFO [7461] [2023-10-24 01:41:43] dodgr_ttm called, FALSE, 222x3105
INFO [7459] [2023-10-24 01:43:55] paquet:N2252800E3942400 ppou:4275 ttm ok 1957531
INFO [7459] [2023-10-24 01:43:55] dodgr_ttm called, FALSE, 530x4773
INFO [7461] [2023-10-24 01:51:42] paquet:N2291200E3916800 ppou:24563 ttm ok 434849
INFO [7461] [2023-10-24 01:51:43] dodgr_ttm called, FALSE, 138x2956
INFO [7460] [2023-10-24 01:51:49] paquet:N2265600E3955200 ppou:14112 ttm ok 578649
SUCCESS [7460] [2023-10-24 01:51:50] carreau:N2265600E3955200 8 ancres 7.6M@1.6kp/s demandees, 4.9M@1kp/s retenues
INFO [7460] [2023-10-24 01:51:55] dodgr_ttm called, TRUE, 8x561
INFO [7460] [2023-10-24 01:54:22] dodgr_ttm called, FALSE, 8x12829
INFO [7459] [2023-10-24 01:57:38] paquet:N2252800E3942400 ppou:5022 ttm ok 1991251
INFO [7459] [2023-10-24 01:57:39] dodgr_ttm called, FALSE, 395x4733
INFO [7461] [2023-10-24 01:59:14] paquet:N2291200E3916800 ppou:24798 ttm ok 275747
INFO [7461] [2023-10-24 01:59:14] dodgr_ttm called, FALSE, 32x2696
INFO [7460] [2023-10-24 02:00:46] dodgr_ttm called, FALSE, 3x1862
INFO [7461] [2023-10-24 02:04:27] paquet:N2291200E3916800 ppou:24903 ttm ok 59532
INFO [7461] [2023-10-24 02:04:27] dodgr_ttm called, FALSE, 11x3093
INFO [7460] [2023-10-24 02:05:57] paquet:N2265600E3968000 ppou:8546 ttm ok 5057
INFO [7460] [2023-10-24 02:05:58] dodgr_ttm called, FALSE, 12x2266
INFO [7459] [2023-10-24 02:07:38] paquet:N2252800E3942400 ppou:7303 ttm ok 1619135
SUCCESS [7459] [2023-10-24 02:07:41] carreau:N2252800E3942400 8 ancres 11.6M@2.3kp/s demandees, 9.4M@1.9kp/s retenues
INFO [7459] [2023-10-24 02:07:47] dodgr_ttm called, TRUE, 8x1890
INFO [7461] [2023-10-24 02:09:22] paquet:N2291200E3916800 ppou:25091 ttm ok 21087
INFO [7461] [2023-10-24 02:09:23] dodgr_ttm called, FALSE, 84x2830
INFO [7459] [2023-10-24 02:09:46] dodgr_ttm called, FALSE, 8x12829
INFO [7460] [2023-10-24 02:10:33] paquet:N2265600E3968000 ppou:8820 ttm ok 20912
INFO [7460] [2023-10-24 02:10:33] dodgr_ttm called, FALSE, 61x1929
INFO [7461] [2023-10-24 02:14:52] paquet:N2291200E3916800 ppou:25155 ttm ok 157122
SUCCESS [7461] [2023-10-24 02:14:53] carreau:N2291200E3916800 8 ancres 4.2M@951.4p/s demandees, 2.6M@590.8p/s retenues
INFO [7461] [2023-10-24 02:14:58] dodgr_ttm called, TRUE, 8x1203
INFO [7459] [2023-10-24 02:14:59] dodgr_ttm called, FALSE, 303x3634
INFO [7460] [2023-10-24 02:16:09] paquet:N2265600E3968000 ppou:9805 ttm ok 94004
INFO [7460] [2023-10-24 02:16:09] dodgr_ttm called, FALSE, 260x2316
INFO [7461] [2023-10-24 02:17:03] dodgr_ttm called, FALSE, 8x12829
INFO [7459] [2023-10-24 02:20:40] paquet:N2252800E3955200 ppou:3148 ttm ok 983223
INFO [7459] [2023-10-24 02:20:40] dodgr_ttm called, FALSE, 273x3711
INFO [7461] [2023-10-24 02:22:33] dodgr_ttm called, FALSE, 84x3358
INFO [7460] [2023-10-24 02:24:51] paquet:N2265600E3968000 ppou:11038 ttm ok 413350
INFO [7460] [2023-10-24 02:24:52] dodgr_ttm called, FALSE, 56x1713
INFO [7461] [2023-10-24 02:29:25] paquet:N2291200E3929600 ppou:21268 ttm ok 200631
INFO [7461] [2023-10-24 02:29:25] dodgr_ttm called, FALSE, 359x3809
INFO [7459] [2023-10-24 02:29:28] paquet:N2252800E3955200 ppou:3369 ttm ok 876028
INFO [7459] [2023-10-24 02:29:28] dodgr_ttm called, FALSE, 280x4783
INFO [7460] [2023-10-24 02:30:25] paquet:N2265600E3968000 ppou:11909 ttm ok 75558
INFO [7460] [2023-10-24 02:30:25] dodgr_ttm called, FALSE, 27x1916
INFO [7460] [2023-10-24 02:36:13] paquet:N2265600E3968000 ppou:12160 ttm ok 32442
INFO [7460] [2023-10-24 02:36:13] dodgr_ttm called, FALSE, 99x2541
INFO [7459] [2023-10-24 02:38:44] paquet:N2252800E3955200 ppou:3438 ttm ok 924490
INFO [7459] [2023-10-24 02:38:44] dodgr_ttm called, FALSE, 285x4098
INFO [7461] [2023-10-24 02:40:41] paquet:N2291200E3929600 ppou:21462 ttm ok 814442
INFO [7461] [2023-10-24 02:40:41] dodgr_ttm called, FALSE, 165x3496
INFO [7460] [2023-10-24 02:43:16] paquet:N2265600E3968000 ppou:12796 ttm ok 155802
INFO [7460] [2023-10-24 02:43:16] dodgr_ttm called, FALSE, 43x1850
INFO [7459] [2023-10-24 02:44:53] paquet:N2252800E3955200 ppou:4681 ttm ok 951012
INFO [7459] [2023-10-24 02:44:53] dodgr_ttm called, FALSE, 164x4206
INFO [7461] [2023-10-24 02:47:58] paquet:N2291200E3929600 ppou:22369 ttm ok 328153
INFO [7461] [2023-10-24 02:47:58] dodgr_ttm called, FALSE, 109x2908
INFO [7460] [2023-10-24 02:48:45] paquet:N2265600E3968000 ppou:14864 ttm ok 58912
SUCCESS [7460] [2023-10-24 02:48:45] carreau:N2265600E3968000 8 ancres 1.3M@391.2p/s demandees, 878.9k@257.8p/s retenues
INFO [7460] [2023-10-24 02:48:48] dodgr_ttm called, TRUE, 8x96
INFO [7460] [2023-10-24 02:51:05] dodgr_ttm called, FALSE, 8x12829
INFO [7459] [2023-10-24 02:51:58] paquet:N2252800E3955200 ppou:4770 ttm ok 499290
INFO [7459] [2023-10-24 02:51:59] dodgr_ttm called, FALSE, 169x4388
INFO [7461] [2023-10-24 02:54:29] paquet:N2291200E3929600 ppou:24768 ttm ok 207320
INFO [7461] [2023-10-24 02:54:29] dodgr_ttm called, FALSE, 125x3459
INFO [7460] [2023-10-24 02:56:38] dodgr_ttm called, FALSE, 11x228
INFO [7459] [2023-10-24 02:58:49] paquet:N2252800E3955200 ppou:7235 ttm ok 482889
INFO [7459] [2023-10-24 02:58:49] dodgr_ttm called, FALSE, 334x5003
INFO [7461] [2023-10-24 03:01:15] paquet:N2291200E3929600 ppou:25057 ttm ok 233385
INFO [7461] [2023-10-24 03:01:15] dodgr_ttm called, FALSE, 105x3142
INFO [7460] [2023-10-24 03:01:20] paquet:N2265600E3891200 ppou:8635 ttm ok 1224
INFO [7460] [2023-10-24 03:01:20] dodgr_ttm called, FALSE, 48x377
INFO [7460] [2023-10-24 03:06:14] paquet:N2265600E3891200 ppou:9426 ttm ok 11116
INFO [7460] [2023-10-24 03:06:14] dodgr_ttm called, FALSE, 18x334
INFO [7461] [2023-10-24 03:07:53] paquet:N2291200E3929600 ppou:25267 ttm ok 200714
INFO [7461] [2023-10-24 03:07:54] dodgr_ttm called, FALSE, 191x2896
INFO [7459] [2023-10-24 03:08:10] paquet:N2252800E3955200 ppou:7502 ttm ok 1213588
INFO [7459] [2023-10-24 03:08:10] dodgr_ttm called, FALSE, 78x3987
INFO [7460] [2023-10-24 03:11:17] paquet:N2265600E3891200 ppou:9949 ttm ok 5205
INFO [7460] [2023-10-24 03:11:17] dodgr_ttm called, FALSE, 6x311
INFO [7459] [2023-10-24 03:13:50] paquet:N2252800E3955200 ppou:8116 ttm ok 251492
SUCCESS [7459] [2023-10-24 03:13:55] carreau:N2252800E3955200 8 ancres 8.1M@2.1kp/s demandees, 6.2M@1.6kp/s retenues
INFO [7459] [2023-10-24 03:14:01] dodgr_ttm called, TRUE, 8x465
INFO [7461] [2023-10-24 03:15:04] paquet:N2291200E3929600 ppou:25383 ttm ok 367924
INFO [7461] [2023-10-24 03:15:04] dodgr_ttm called, FALSE, 64x2943
INFO [7460] [2023-10-24 03:15:42] paquet:N2265600E3891200 ppou:10255 ttm ok 1822
INFO [7460] [2023-10-24 03:15:42] dodgr_ttm called, FALSE, 9x555
INFO [7459] [2023-10-24 03:16:08] dodgr_ttm called, FALSE, 8x12829
INFO [7461] [2023-10-24 03:20:12] paquet:N2291200E3929600 ppou:25432 ttm ok 113695
SUCCESS [7461] [2023-10-24 03:20:12] carreau:N2291200E3929600 8 ancres 4.1M@1.1kp/s demandees, 2.5M@637.7p/s retenues
INFO [7460] [2023-10-24 03:20:13] paquet:N2265600E3891200 ppou:12898 ttm ok 1844
INFO [7460] [2023-10-24 03:20:13] dodgr_ttm called, FALSE, 4x765
INFO [7461] [2023-10-24 03:20:17] dodgr_ttm called, TRUE, 8x790
INFO [7459] [2023-10-24 03:21:06] dodgr_ttm called, FALSE, 8x2192
INFO [7461] [2023-10-24 03:22:14] dodgr_ttm called, FALSE, 8x12829
INFO [7460] [2023-10-24 03:24:25] paquet:N2265600E3891200 ppou:14704 ttm ok 1575
SUCCESS [7460] [2023-10-24 03:24:25] carreau:N2265600E3891200 6 ancres 139.2k@65.1p/s demandees, 26.7k@12.5p/s retenues
INFO [7460] [2023-10-24 03:24:28] dodgr_ttm called, TRUE, 8x500
INFO [7459] [2023-10-24 03:25:09] paquet:N2252800E3929600 ppou:5168 ttm ok 16696
INFO [7459] [2023-10-24 03:25:09] dodgr_ttm called, FALSE, 38x2946
INFO [7460] [2023-10-24 03:26:30] dodgr_ttm called, FALSE, 8x12829
INFO [7461] [2023-10-24 03:27:12] dodgr_ttm called, FALSE, 14x2904
INFO [7459] [2023-10-24 03:30:08] paquet:N2252800E3929600 ppou:5778 ttm ok 96261
INFO [7459] [2023-10-24 03:30:08] dodgr_ttm called, FALSE, 86x4686
INFO [7460] [2023-10-24 03:31:34] dodgr_ttm called, FALSE, 81x1395
INFO [7461] [2023-10-24 03:31:59] paquet:N2291200E3942400 ppou:21375 ttm ok 32138
INFO [7461] [2023-10-24 03:31:59] dodgr_ttm called, FALSE, 30x2048
INFO [7459] [2023-10-24 03:35:39] paquet:N2252800E3929600 ppou:6553 ttm ok 345054
INFO [7459] [2023-10-24 03:35:39] dodgr_ttm called, FALSE, 78x3483
INFO [7461] [2023-10-24 03:37:07] paquet:N2291200E3942400 ppou:22603 ttm ok 54218
INFO [7461] [2023-10-24 03:37:07] dodgr_ttm called, FALSE, 82x2519
INFO [7460] [2023-10-24 03:37:14] paquet:N2265600E3904000 ppou:10430 ttm ok 94070
INFO [7460] [2023-10-24 03:37:14] dodgr_ttm called, FALSE, 28x1309
INFO [7459] [2023-10-24 03:41:07] paquet:N2252800E3929600 ppou:6816 ttm ok 222942
INFO [7459] [2023-10-24 03:41:07] dodgr_ttm called, FALSE, 93x3882
INFO [7460] [2023-10-24 03:41:55] paquet:N2265600E3904000 ppou:10914 ttm ok 32339
INFO [7460] [2023-10-24 03:41:55] dodgr_ttm called, FALSE, 74x1689
INFO [7461] [2023-10-24 03:43:03] paquet:N2291200E3942400 ppou:22789 ttm ok 171680
INFO [7461] [2023-10-24 03:43:03] dodgr_ttm called, FALSE, 32x2203
INFO [7459] [2023-10-24 03:46:53] paquet:N2252800E3929600 ppou:6903 ttm ok 319920
INFO [7459] [2023-10-24 03:46:53] dodgr_ttm called, FALSE, 20x4527
INFO [7460] [2023-10-24 03:47:31] paquet:N2265600E3904000 ppou:10916 ttm ok 92911
INFO [7460] [2023-10-24 03:47:31] dodgr_ttm called, FALSE, 35x1530
INFO [7461] [2023-10-24 03:48:13] paquet:N2291200E3942400 ppou:22898 ttm ok 60161
INFO [7461] [2023-10-24 03:48:13] dodgr_ttm called, FALSE, 124x2618
INFO [7459] [2023-10-24 03:51:39] paquet:N2252800E3929600 ppou:7184 ttm ok 79607
INFO [7459] [2023-10-24 03:51:39] dodgr_ttm called, FALSE, 51x4507
INFO [7460] [2023-10-24 03:52:16] paquet:N2265600E3904000 ppou:11775 ttm ok 39008
INFO [7460] [2023-10-24 03:52:16] dodgr_ttm called, FALSE, 9x1049
INFO [7461] [2023-10-24 03:54:35] paquet:N2291200E3942400 ppou:23000 ttm ok 220942
INFO [7461] [2023-10-24 03:54:35] dodgr_ttm called, FALSE, 124x4073
INFO [7460] [2023-10-24 03:56:42] paquet:N2265600E3904000 ppou:13847 ttm ok 8919
INFO [7460] [2023-10-24 03:56:42] dodgr_ttm called, FALSE, 148x1997
INFO [7459] [2023-10-24 03:57:03] paquet:N2252800E3929600 ppou:7291 ttm ok 193898
INFO [7459] [2023-10-24 03:57:04] dodgr_ttm called, FALSE, 87x4031
INFO [7461] [2023-10-24 04:01:26] paquet:N2291200E3942400 ppou:23410 ttm ok 202649
INFO [7461] [2023-10-24 04:01:26] dodgr_ttm called, FALSE, 172x3764
INFO [7459] [2023-10-24 04:03:26] paquet:N2252800E3929600 ppou:8067 ttm ok 277956
SUCCESS [7459] [2023-10-24 04:03:26] carreau:N2252800E3929600 8 ancres 1.9M@653.8p/s demandees, 1.6M@534.7p/s retenues
INFO [7459] [2023-10-24 04:03:30] dodgr_ttm called, TRUE, 8x369
INFO [7460] [2023-10-24 04:03:34] paquet:N2265600E3904000 ppou:13851 ttm ok 152184
INFO [7460] [2023-10-24 04:03:34] dodgr_ttm called, FALSE, 100x2887
INFO [7459] [2023-10-24 04:05:40] dodgr_ttm called, FALSE, 8x12829
INFO [7461] [2023-10-24 04:08:58] paquet:N2291200E3942400 ppou:23488 ttm ok 344246
INFO [7461] [2023-10-24 04:08:58] dodgr_ttm called, FALSE, 210x3488
INFO [7460] [2023-10-24 04:09:59] paquet:N2265600E3904000 ppou:14707 ttm ok 129249
INFO [7460] [2023-10-24 04:09:59] dodgr_ttm called, FALSE, 19x1452
INFO [7459] [2023-10-24 04:11:04] dodgr_ttm called, FALSE, 6x4460
INFO [7460] [2023-10-24 04:14:33] paquet:N2265600E3904000 ppou:15134 ttm ok 26113
SUCCESS [7460] [2023-10-24 04:14:34] carreau:N2265600E3904000 8 ancres 1.1M@350.1p/s demandees, 598.2k@199p/s retenues
INFO [7460] [2023-10-24 04:14:37] dodgr_ttm called, TRUE, 8x554
INFO [7459] [2023-10-24 04:15:48] paquet:N2252800E3968000 ppou:4311 ttm ok 9836
INFO [7459] [2023-10-24 04:15:49] dodgr_ttm called, FALSE, 40x3106
INFO [7461] [2023-10-24 04:16:27] paquet:N2291200E3942400 ppou:23679 ttm ok 416686
SUCCESS [7461] [2023-10-24 04:16:28] carreau:N2291200E3942400 8 ancres 2.7M@798.3p/s demandees, 1.5M@456.2p/s retenues
INFO [7461] [2023-10-24 04:16:32] dodgr_ttm called, TRUE, 8x808
INFO [7460] [2023-10-24 04:16:47] dodgr_ttm called, FALSE, 8x12829
INFO [7461] [2023-10-24 04:18:37] dodgr_ttm called, FALSE, 8x12829
INFO [7459] [2023-10-24 04:20:11] paquet:N2252800E3968000 ppou:5980 ttm ok 89495
INFO [7459] [2023-10-24 04:20:11] dodgr_ttm called, FALSE, 10x2626
INFO [7460] [2023-10-24 04:21:35] dodgr_ttm called, FALSE, 98x1881
INFO [7461] [2023-10-24 04:23:44] dodgr_ttm called, FALSE, 2x1281
INFO [7459] [2023-10-24 04:24:26] paquet:N2252800E3968000 ppou:6192 ttm ok 21521
INFO [7459] [2023-10-24 04:24:26] dodgr_ttm called, FALSE, 20x2416
INFO [7460] [2023-10-24 04:26:53] paquet:N2278400E3904000 ppou:15816 ttm ok 129959
INFO [7460] [2023-10-24 04:26:53] dodgr_ttm called, FALSE, 10x1883
INFO [7461] [2023-10-24 04:28:00] paquet:N2291200E3955200 ppou:21307 ttm ok 2469
INFO [7461] [2023-10-24 04:28:00] dodgr_ttm called, FALSE, 71x1777
INFO [7459] [2023-10-24 04:28:35] paquet:N2252800E3968000 ppou:6524 ttm ok 42178
INFO [7459] [2023-10-24 04:28:35] dodgr_ttm called, FALSE, 15x2801
INFO [7460] [2023-10-24 04:31:11] paquet:N2278400E3904000 ppou:15911 ttm ok 13212
INFO [7460] [2023-10-24 04:31:11] dodgr_ttm called, FALSE, 74x2795
INFO [7459] [2023-10-24 04:32:54] paquet:N2252800E3968000 ppou:6709 ttm ok 26805
INFO [7459] [2023-10-24 04:32:54] dodgr_ttm called, FALSE, 110x3456
INFO [7461] [2023-10-24 04:33:10] paquet:N2291200E3955200 ppou:21410 ttm ok 96842
INFO [7461] [2023-10-24 04:33:10] dodgr_ttm called, FALSE, 103x1826
INFO [7460] [2023-10-24 04:36:51] paquet:N2278400E3904000 ppou:16009 ttm ok 95423
INFO [7460] [2023-10-24 04:36:51] dodgr_ttm called, FALSE, 100x1816
INFO [7459] [2023-10-24 04:37:42] paquet:N2252800E3968000 ppou:6795 ttm ok 220735
INFO [7459] [2023-10-24 04:37:43] dodgr_ttm called, FALSE, 18x2809
INFO [7461] [2023-10-24 04:39:39] paquet:N2291200E3955200 ppou:21588 ttm ok 125435
INFO [7461] [2023-10-24 04:39:40] dodgr_ttm called, FALSE, 131x1974
INFO [7459] [2023-10-24 04:42:24] paquet:N2252800E3968000 ppou:7051 ttm ok 41957
INFO [7459] [2023-10-24 04:42:24] dodgr_ttm called, FALSE, 150x2320
INFO [7460] [2023-10-24 04:42:53] paquet:N2278400E3904000 ppou:16475 ttm ok 131250
INFO [7460] [2023-10-24 04:42:53] dodgr_ttm called, FALSE, 88x1703
INFO [7461] [2023-10-24 04:46:17] paquet:N2291200E3955200 ppou:22007 ttm ok 211003
INFO [7461] [2023-10-24 04:46:17] dodgr_ttm called, FALSE, 39x1897
INFO [7459] [2023-10-24 04:47:17] paquet:N2252800E3968000 ppou:7159 ttm ok 224239
SUCCESS [7459] [2023-10-24 04:47:18] carreau:N2252800E3968000 8 ancres 1.1M@437.3p/s demandees, 713.6k@271.6p/s retenues
INFO [7459] [2023-10-24 04:47:21] dodgr_ttm called, TRUE, 8x573
INFO [7460] [2023-10-24 04:48:17] paquet:N2278400E3904000 ppou:17017 ttm ok 114320
INFO [7460] [2023-10-24 04:48:17] dodgr_ttm called, FALSE, 86x2207
INFO [7459] [2023-10-24 04:49:26] dodgr_ttm called, FALSE, 8x12829
INFO [7461] [2023-10-24 04:51:26] paquet:N2291200E3955200 ppou:23511 ttm ok 54422
INFO [7461] [2023-10-24 04:51:26] dodgr_ttm called, FALSE, 3x1371
INFO [7460] [2023-10-24 04:53:45] paquet:N2278400E3904000 ppou:19625 ttm ok 133529
INFO [7460] [2023-10-24 04:53:45] dodgr_ttm called, FALSE, 83x2444
INFO [7459] [2023-10-24 04:54:19] dodgr_ttm called, FALSE, 96x2131
INFO [7461] [2023-10-24 04:55:54] paquet:N2291200E3955200 ppou:24004 ttm ok 4091
INFO [7461] [2023-10-24 04:55:54] dodgr_ttm called, FALSE, 405x2657
INFO [7460] [2023-10-24 04:59:47] paquet:N2278400E3904000 ppou:20423 ttm ok 114931
INFO [7460] [2023-10-24 04:59:47] dodgr_ttm called, FALSE, 8x1886
INFO [7459] [2023-10-24 05:00:26] paquet:N2252800E3916800 ppou:5247 ttm ok 135175
INFO [7459] [2023-10-24 05:00:26] dodgr_ttm called, FALSE, 80x4119
INFO [7460] [2023-10-24 05:04:39] paquet:N2278400E3904000 ppou:20426 ttm ok 11941
SUCCESS [7460] [2023-10-24 05:04:40] carreau:N2278400E3904000 8 ancres 1.3M@416.9p/s demandees, 770.7k@256.7p/s retenues
INFO [7460] [2023-10-24 05:04:44] dodgr_ttm called, TRUE, 8x1121
INFO [7459] [2023-10-24 05:06:29] paquet:N2252800E3916800 ppou:5632 ttm ok 156582
INFO [7459] [2023-10-24 05:06:29] dodgr_ttm called, FALSE, 23x1635
INFO [7461] [2023-10-24 05:07:04] paquet:N2291200E3955200 ppou:24074 ttm ok 518988
INFO [7461] [2023-10-24 05:07:04] dodgr_ttm called, FALSE, 52x1694
INFO [7460] [2023-10-24 05:07:20] dodgr_ttm called, FALSE, 8x12829
INFO [7459] [2023-10-24 05:11:07] paquet:N2252800E3916800 ppou:6214 ttm ok 29911
INFO [7459] [2023-10-24 05:11:07] dodgr_ttm called, FALSE, 86x1293
INFO [7461] [2023-10-24 05:12:14] paquet:N2291200E3955200 ppou:24844 ttm ok 67560
SUCCESS [7461] [2023-10-24 05:12:14] carreau:N2291200E3955200 8 ancres 1.9M@574.6p/s demandees, 1.1M@329.7p/s retenues
INFO [7461] [2023-10-24 05:12:18] dodgr_ttm called, TRUE, 8x107
INFO [7460] [2023-10-24 05:12:25] dodgr_ttm called, FALSE, 129x3132
INFO [7461] [2023-10-24 05:14:25] dodgr_ttm called, FALSE, 8x12829
INFO [7459] [2023-10-24 05:16:36] paquet:N2252800E3916800 ppou:6318 ttm ok 89429
INFO [7459] [2023-10-24 05:16:36] dodgr_ttm called, FALSE, 57x1114
INFO [7460] [2023-10-24 05:18:45] paquet:N2278400E3916800 ppou:15930 ttm ok 277813
INFO [7460] [2023-10-24 05:18:46] dodgr_ttm called, FALSE, 72x3408
INFO [7461] [2023-10-24 05:20:00] dodgr_ttm called, FALSE, 7x1291
INFO [7459] [2023-10-24 05:21:44] paquet:N2252800E3916800 ppou:6719 ttm ok 51752
INFO [7459] [2023-10-24 05:21:45] dodgr_ttm called, FALSE, 62x1307
INFO [7460] [2023-10-24 05:24:02] paquet:N2278400E3916800 ppou:17936 ttm ok 162491
INFO [7460] [2023-10-24 05:24:02] dodgr_ttm called, FALSE, 235x2639
INFO [7461] [2023-10-24 05:24:29] paquet:N2291200E3968000 ppou:21429 ttm ok 7856
INFO [7461] [2023-10-24 05:24:29] dodgr_ttm called, FALSE, 4x1223
INFO [7459] [2023-10-24 05:27:14] paquet:N2252800E3916800 ppou:7528 ttm ok 70412
INFO [7459] [2023-10-24 05:27:14] dodgr_ttm called, FALSE, 124x3661
INFO [7461] [2023-10-24 05:28:57] paquet:N2291200E3968000 ppou:21431 ttm ok 3273
INFO [7461] [2023-10-24 05:28:57] dodgr_ttm called, FALSE, 30x1483
INFO [7460] [2023-10-24 05:31:49] paquet:N2278400E3916800 ppou:18596 ttm ok 384872
INFO [7460] [2023-10-24 05:31:49] dodgr_ttm called, FALSE, 189x3733
INFO [7459] [2023-10-24 05:33:40] paquet:N2252800E3916800 ppou:8054 ttm ok 205604
INFO [7459] [2023-10-24 05:33:41] dodgr_ttm called, FALSE, 45x1210
INFO [7461] [2023-10-24 05:34:34] paquet:N2291200E3968000 ppou:21604 ttm ok 22748
INFO [7461] [2023-10-24 05:34:34] dodgr_ttm called, FALSE, 11x1462
INFO [7460] [2023-10-24 05:38:50] paquet:N2278400E3916800 ppou:19358 ttm ok 402693
INFO [7460] [2023-10-24 05:38:50] dodgr_ttm called, FALSE, 99x2452
INFO [7459] [2023-10-24 05:38:55] paquet:N2252800E3916800 ppou:8130 ttm ok 47611
SUCCESS [7459] [2023-10-24 05:38:55] carreau:N2252800E3916800 8 ancres 1.4M@464.9p/s demandees, 814.3k@263.2p/s retenues
INFO [7459] [2023-10-24 05:38:58] dodgr_ttm called, TRUE, 1x6
INFO [7461] [2023-10-24 05:39:21] paquet:N2291200E3968000 ppou:21697 ttm ok 10870
INFO [7461] [2023-10-24 05:39:21] dodgr_ttm called, FALSE, 19x1157
INFO [7459] [2023-10-24 05:40:48] dodgr_ttm called, FALSE, 1x12829
INFO [7461] [2023-10-24 05:43:54] paquet:N2291200E3968000 ppou:22715 ttm ok 13803
INFO [7461] [2023-10-24 05:43:55] dodgr_ttm called, FALSE, 28x790
INFO [7460] [2023-10-24 05:44:30] paquet:N2278400E3916800 ppou:20054 ttm ok 179518
INFO [7460] [2023-10-24 05:44:30] dodgr_ttm called, FALSE, 48x2733
INFO [7459] [2023-10-24 05:45:47] dodgr_ttm called, FALSE, 4x1225
INFO [7461] [2023-10-24 05:48:12] paquet:N2291200E3968000 ppou:23526 ttm ok 19216
INFO [7461] [2023-10-24 05:48:12] dodgr_ttm called, FALSE, 1x620
INFO [7460] [2023-10-24 05:49:07] paquet:N2278400E3916800 ppou:20365 ttm ok 95289
INFO [7460] [2023-10-24 05:49:07] dodgr_ttm called, FALSE, 301x3899
INFO [7459] [2023-10-24 05:49:54] paquet:N2252800E3904000 ppou:7951 ttm ok 3919
SUCCESS [7459] [2023-10-24 05:49:54] carreau:N2252800E3904000 1 ancres 17.7k@27p/s demandees, 5.2k@7.9p/s retenues
INFO [7461] [2023-10-24 05:52:24] paquet:N2291200E3968000 ppou:23845 ttm ok 560
INFO [7461] [2023-10-24 05:52:24] dodgr_ttm called, FALSE, 6x752
INFO [7461] [2023-10-24 05:56:35] paquet:N2291200E3968000 ppou:24231 ttm ok 3823
SUCCESS [7461] [2023-10-24 05:56:36] carreau:N2291200E3968000 8 ancres 226.4k@85.2p/s demandees, 92.6k@34.9p/s retenues
INFO [7461] [2023-10-24 05:56:40] dodgr_ttm called, TRUE, 8x313
INFO [7460] [2023-10-24 05:56:42] paquet:N2278400E3916800 ppou:20919 ttm ok 493115
INFO [7460] [2023-10-24 05:56:43] dodgr_ttm called, FALSE, 44x2297
INFO [7461] [2023-10-24 05:58:29] dodgr_ttm called, FALSE, 8x12829
INFO [7460] [2023-10-24 06:01:12] paquet:N2278400E3916800 ppou:20924 ttm ok 77325
SUCCESS [7460] [2023-10-24 06:01:12] carreau:N2278400E3916800 8 ancres 3.7M@1.1kp/s demandees, 2.1M@621.4p/s retenues
INFO [7460] [2023-10-24 06:01:16] dodgr_ttm called, TRUE, 8x1157
INFO [7461] [2023-10-24 06:03:12] dodgr_ttm called, FALSE, 38x2565
INFO [7460] [2023-10-24 06:03:16] dodgr_ttm called, FALSE, 8x12829
INFO [7461] [2023-10-24 06:07:59] paquet:N2304000E3916800 ppou:25770 ttm ok 82081
INFO [7461] [2023-10-24 06:07:59] dodgr_ttm called, FALSE, 25x2452
INFO [7460] [2023-10-24 06:08:03] dodgr_ttm called, FALSE, 289x4133
INFO [7461] [2023-10-24 06:12:40] paquet:N2304000E3916800 ppou:25776 ttm ok 52050
INFO [7461] [2023-10-24 06:12:40] dodgr_ttm called, FALSE, 59x2433
INFO [7460] [2023-10-24 06:15:48] paquet:N2278400E3929600 ppou:15852 ttm ok 786940
INFO [7460] [2023-10-24 06:15:48] dodgr_ttm called, FALSE, 30x3495
INFO [7461] [2023-10-24 06:17:44] paquet:N2304000E3916800 ppou:25802 ttm ok 111783
INFO [7461] [2023-10-24 06:17:45] dodgr_ttm called, FALSE, 41x3626
INFO [7460] [2023-10-24 06:20:20] paquet:N2278400E3929600 ppou:16048 ttm ok 84829
INFO [7460] [2023-10-24 06:20:20] dodgr_ttm called, FALSE, 29x3497
INFO [7461] [2023-10-24 06:22:23] paquet:N2304000E3916800 ppou:25829 ttm ok 89300
INFO [7461] [2023-10-24 06:22:23] dodgr_ttm called, FALSE, 27x2488
INFO [7460] [2023-10-24 06:24:46] paquet:N2278400E3929600 ppou:16922 ttm ok 72212
INFO [7460] [2023-10-24 06:24:46] dodgr_ttm called, FALSE, 198x3544
INFO [7461] [2023-10-24 06:26:41] paquet:N2304000E3916800 ppou:25864 ttm ok 56115
INFO [7461] [2023-10-24 06:26:41] dodgr_ttm called, FALSE, 39x2696
INFO [7460] [2023-10-24 06:31:12] paquet:N2278400E3929600 ppou:17449 ttm ok 525225
INFO [7460] [2023-10-24 06:31:12] dodgr_ttm called, FALSE, 262x4101
INFO [7461] [2023-10-24 06:31:47] paquet:N2304000E3916800 ppou:25881 ttm ok 86267
INFO [7461] [2023-10-24 06:31:48] dodgr_ttm called, FALSE, 49x2609
INFO [7461] [2023-10-24 06:36:44] paquet:N2304000E3916800 ppou:25887 ttm ok 103928
INFO [7461] [2023-10-24 06:36:44] dodgr_ttm called, FALSE, 33x2516
INFO [7460] [2023-10-24 06:38:43] paquet:N2278400E3929600 ppou:17630 ttm ok 729696
INFO [7460] [2023-10-24 06:38:43] dodgr_ttm called, FALSE, 163x4417
INFO [7461] [2023-10-24 06:41:46] paquet:N2304000E3916800 ppou:25902 ttm ok 72443
SUCCESS [7461] [2023-10-24 06:41:47] carreau:N2304000E3916800 8 ancres 936.8k@346p/s demandees, 684.1k@252.7p/s retenues
INFO [7461] [2023-10-24 06:41:51] dodgr_ttm called, TRUE, 8x44
INFO [7461] [2023-10-24 06:43:42] dodgr_ttm called, FALSE, 8x12829
INFO [7460] [2023-10-24 06:45:04] paquet:N2278400E3929600 ppou:18759 ttm ok 427377
INFO [7460] [2023-10-24 06:45:04] dodgr_ttm called, FALSE, 104x4269
INFO [7461] [2023-10-24 06:48:43] dodgr_ttm called, FALSE, 25x2169
INFO [7460] [2023-10-24 06:50:19] paquet:N2278400E3929600 ppou:19068 ttm ok 262861
INFO [7460] [2023-10-24 06:50:19] dodgr_ttm called, FALSE, 81x3413
INFO [7461] [2023-10-24 06:53:23] paquet:N2304000E3929600 ppou:25646 ttm ok 47883
INFO [7461] [2023-10-24 06:53:23] dodgr_ttm called, FALSE, 6x2024
INFO [7460] [2023-10-24 06:55:23] paquet:N2278400E3929600 ppou:19742 ttm ok 185235
SUCCESS [7460] [2023-10-24 06:55:24] carreau:N2278400E3929600 8 ancres 4.7M@1.5kp/s demandees, 3.1M@958.5p/s retenues
INFO [7461] [2023-10-24 06:57:23] paquet:N2304000E3929600 ppou:25659 ttm ok 10456
INFO [7461] [2023-10-24 06:57:23] dodgr_ttm called, FALSE, 4x1826
INFO [7461] [2023-10-24 07:01:03] paquet:N2304000E3929600 ppou:25663 ttm ok 7015
INFO [7461] [2023-10-24 07:01:03] dodgr_ttm called, FALSE, 1x1663
INFO [7461] [2023-10-24 07:04:45] paquet:N2304000E3929600 ppou:25691 ttm ok 1663
INFO [7461] [2023-10-24 07:04:45] dodgr_ttm called, FALSE, 3x1724
INFO [7461] [2023-10-24 07:08:36] paquet:N2304000E3929600 ppou:25697 ttm ok 4997
INFO [7461] [2023-10-24 07:08:36] dodgr_ttm called, FALSE, 4x1782
INFO [7461] [2023-10-24 07:12:24] paquet:N2304000E3929600 ppou:25718 ttm ok 6980
INFO [7461] [2023-10-24 07:12:24] dodgr_ttm called, FALSE, 1x1633
INFO [7461] [2023-10-24 07:16:00] paquet:N2304000E3929600 ppou:25765 ttm ok 1633
SUCCESS [7461] [2023-10-24 07:16:01] carreau:N2304000E3929600 7 ancres 191.9k@93.6p/s demandees, 97.4k@47.5p/s retenues
SUCCESS [2023-10-24 07:16:43] 
