SUCCESS [2023-10-23 18:39:31] Calcul accessibilite version 2
SUCCESS [2023-10-23 18:39:31] $type
SUCCESS [2023-10-23 18:39:31] [1] "dodgr"
SUCCESS [2023-10-23 18:39:31] 
SUCCESS [2023-10-23 18:39:31] $path
SUCCESS [2023-10-23 18:39:31] /space_mounts/data/marseille//dodgr/
SUCCESS [2023-10-23 18:39:31] FALSE
SUCCESS [2023-10-23 18:39:31] 
SUCCESS [2023-10-23 18:39:31] $graph
SUCCESS [2023-10-23 18:39:31] NULL
SUCCESS [2023-10-23 18:39:31] 
SUCCESS [2023-10-23 18:39:31] $vertices
SUCCESS [2023-10-23 18:39:31] NULL
SUCCESS [2023-10-23 18:39:31] 
SUCCESS [2023-10-23 18:39:31] $distances
SUCCESS [2023-10-23 18:39:31] [1] TRUE
SUCCESS [2023-10-23 18:39:31] 
SUCCESS [2023-10-23 18:39:31] $denivele
SUCCESS [2023-10-23 18:39:31] [1] FALSE
SUCCESS [2023-10-23 18:39:31] 
SUCCESS [2023-10-23 18:39:31] $pkg
SUCCESS [2023-10-23 18:39:31] [1] "dodgr"
SUCCESS [2023-10-23 18:39:31] 
SUCCESS [2023-10-23 18:39:31] $turn_penalty
SUCCESS [2023-10-23 18:39:31] [1] FALSE
SUCCESS [2023-10-23 18:39:31] 
SUCCESS [2023-10-23 18:39:31] $graph_name
SUCCESS [2023-10-23 18:39:31] /space_mounts/data/marseille//dodgr//marseille.foot.dodgrnet
SUCCESS [2023-10-23 18:39:31] FALSE
SUCCESS [2023-10-23 18:39:31] 
SUCCESS [2023-10-23 18:39:31] $string
SUCCESS [2023-10-23 18:39:31] dodgr routing foot sur /space_mounts/data/marseille//dodgr/ a 2023-10-23 18:04:18.71046
SUCCESS [2023-10-23 18:39:31] FALSE
SUCCESS [2023-10-23 18:39:31] 
SUCCESS [2023-10-23 18:39:31] $departure_datetime
SUCCESS [2023-10-23 18:39:31] [1] "2019-12-17 08:00:00 UTC"
SUCCESS [2023-10-23 18:39:31] 
SUCCESS [2023-10-23 18:39:31] $mode
SUCCESS [2023-10-23 18:39:31] [1] "foot"
SUCCESS [2023-10-23 18:39:31] 
SUCCESS [2023-10-23 18:39:31] $n_threads
SUCCESS [2023-10-23 18:39:31] [1] 8
SUCCESS [2023-10-23 18:39:31] 
SUCCESS [2023-10-23 18:39:31] $future
SUCCESS [2023-10-23 18:39:31] [1] TRUE
SUCCESS [2023-10-23 18:39:31] 
SUCCESS [2023-10-23 18:39:31] $future_routing
SUCCESS [2023-10-23 18:39:31] function(routing) {
SUCCESS [2023-10-23 18:39:31]       rout <- routing
SUCCESS [2023-10-23 18:39:31]       rout$graph <- NULL
SUCCESS [2023-10-23 18:39:31]       # rout$graph.dt <- NULL
SUCCESS [2023-10-23 18:39:31]       rout$vertices <- NULL
SUCCESS [2023-10-23 18:39:31]       rout$elevation_data <- NULL
SUCCESS [2023-10-23 18:39:31]       return(rout)
SUCCESS [2023-10-23 18:39:31]     }
SUCCESS [2023-10-23 18:39:31] <environment: 0x55c5f6013008>
SUCCESS [2023-10-23 18:39:31] 
SUCCESS [2023-10-23 18:39:31] $core_init
SUCCESS [2023-10-23 18:39:31] function(routing){
SUCCESS [2023-10-23 18:39:31]       RcppParallel::setThreadOptions(numThreads = routing$n_threads)
SUCCESS [2023-10-23 18:39:31]       rout <- routing
SUCCESS [2023-10-23 18:39:31]       net <- dgr_load_streetnet(routing$graph_name)
SUCCESS [2023-10-23 18:39:31]       rout$graph <- net$graph
SUCCESS [2023-10-23 18:39:31]       rout$vertices <- net$verts_c
SUCCESS [2023-10-23 18:39:31]       if("dz"%in% names(rout$graph))
SUCCESS [2023-10-23 18:39:31]         rout$graph$dzplus <- rout$graph$dz * rout$graph$d * (rout$graph$dz >0)
SUCCESS [2023-10-23 18:39:31]       logger::log_info("router {graph_name} chargé")
SUCCESS [2023-10-23 18:39:31]       return(rout)
SUCCESS [2023-10-23 18:39:31]     }
SUCCESS [2023-10-23 18:39:31] <environment: 0x55c5f6013008>
SUCCESS [2023-10-23 18:39:31] 
SUCCESS [2023-10-23 18:39:31] 
SUCCESS [2023-10-23 18:39:31] tmax:120
SUCCESS [2023-10-23 18:39:31] pdt:1
SUCCESS [2023-10-23 18:39:31] chunk:20M
SUCCESS [2023-10-23 18:39:31] resolution:200
SUCCESS [2023-10-23 18:39:31] out:200
SUCCESS [2023-10-23 18:39:31] les variables sont emplois
SUCCESS [2023-10-23 18:39:31] taille:333.6M gr:17 res_gr:12800
SUCCESS [2023-10-23 18:39:31] 26k ou, 12.8k quoi
SUCCESS [2023-10-23 18:39:31] 33 carreaux, 8 subsampling
SUCCESS [2023-10-23 18:39:31] future:TRUE, 1 workers
INFO [3472] [2023-10-23 18:41:57] router /space_mounts/data/marseille//dodgr//marseille.foot.dodgrnet chargé
INFO [3472] [2023-10-23 18:42:02] dodgr_ttm called, TRUE, 7x21
INFO [3472] [2023-10-23 18:42:59] dodgr_ttm called, FALSE, 7x12829
