SUCCESS [2024-03-01 17:18:51] Calcul accessibilite version 2
SUCCESS [2024-03-01 17:18:51] $type
SUCCESS [2024-03-01 17:18:51] [1] "r5"
SUCCESS [2024-03-01 17:18:51] 
SUCCESS [2024-03-01 17:18:51] $path
SUCCESS [2024-03-01 17:18:51] ~/files/localr5/
SUCCESS [2024-03-01 17:18:51] FALSE
SUCCESS [2024-03-01 17:18:51] 
SUCCESS [2024-03-01 17:18:51] $string
SUCCESS [2024-03-01 17:18:51] r5 routing WALK&TRANSIT sur ~/files/localr5/ a 2024-03-01 16:52:58.335029
SUCCESS [2024-03-01 17:18:51] FALSE
SUCCESS [2024-03-01 17:18:51] 
SUCCESS [2024-03-01 17:18:51] $core
SUCCESS [2024-03-01 17:18:51] [1] "Java-Object{org.ipea.r5r.R5RCore@4c1909a3}"
SUCCESS [2024-03-01 17:18:51] 
SUCCESS [2024-03-01 17:18:51] $montecarlo
SUCCESS [2024-03-01 17:18:51] [1] 5
SUCCESS [2024-03-01 17:18:51] 
SUCCESS [2024-03-01 17:18:51] $time_window
SUCCESS [2024-03-01 17:18:51] [1] 1
SUCCESS [2024-03-01 17:18:51] 
SUCCESS [2024-03-01 17:18:51] $departure_datetime
SUCCESS [2024-03-01 17:18:51] [1] "2023-06-14 08:00:00 UTC"
SUCCESS [2024-03-01 17:18:51] 
SUCCESS [2024-03-01 17:18:51] $mode
SUCCESS [2024-03-01 17:18:51] [1] "WALK"    "TRANSIT"
SUCCESS [2024-03-01 17:18:51] 
SUCCESS [2024-03-01 17:18:51] $percentiles
SUCCESS [2024-03-01 17:18:51] [1] 0.5
SUCCESS [2024-03-01 17:18:51] 
SUCCESS [2024-03-01 17:18:51] $max_walk_time
SUCCESS [2024-03-01 17:18:51] [1] Inf
SUCCESS [2024-03-01 17:18:51] 
SUCCESS [2024-03-01 17:18:51] $walk_speed
SUCCESS [2024-03-01 17:18:51] [1] 5
SUCCESS [2024-03-01 17:18:51] 
SUCCESS [2024-03-01 17:18:51] $bike_speed
SUCCESS [2024-03-01 17:18:51] [1] 12
SUCCESS [2024-03-01 17:18:51] 
SUCCESS [2024-03-01 17:18:51] $max_rides
SUCCESS [2024-03-01 17:18:51] [1] 3
SUCCESS [2024-03-01 17:18:51] 
SUCCESS [2024-03-01 17:18:51] $max_lts
SUCCESS [2024-03-01 17:18:51] [1] 2
SUCCESS [2024-03-01 17:18:51] 
SUCCESS [2024-03-01 17:18:51] $elevation
SUCCESS [2024-03-01 17:18:51] [1] "NONE"
SUCCESS [2024-03-01 17:18:51] 
SUCCESS [2024-03-01 17:18:51] $elevation_tif
SUCCESS [2024-03-01 17:18:51] NULL
SUCCESS [2024-03-01 17:18:51] 
SUCCESS [2024-03-01 17:18:51] $pkg
SUCCESS [2024-03-01 17:18:51] [1] "r5r"   "rJava"
SUCCESS [2024-03-01 17:18:51] 
SUCCESS [2024-03-01 17:18:51] $dfMaxLength
SUCCESS [2024-03-01 17:18:51] [1] 10
SUCCESS [2024-03-01 17:18:51] 
SUCCESS [2024-03-01 17:18:51] $extended
SUCCESS [2024-03-01 17:18:51] [1] TRUE
SUCCESS [2024-03-01 17:18:51] 
SUCCESS [2024-03-01 17:18:51] $elevation_data
SUCCESS [2024-03-01 17:18:51] NULL
SUCCESS [2024-03-01 17:18:51] 
SUCCESS [2024-03-01 17:18:51] $max_rows
SUCCESS [2024-03-01 17:18:51] [1] 5000
SUCCESS [2024-03-01 17:18:51] 
SUCCESS [2024-03-01 17:18:51] $n_threads
SUCCESS [2024-03-01 17:18:51] [1] 16
SUCCESS [2024-03-01 17:18:51] 
SUCCESS [2024-03-01 17:18:51] $future
SUCCESS [2024-03-01 17:18:51] [1] TRUE
SUCCESS [2024-03-01 17:18:51] 
SUCCESS [2024-03-01 17:18:51] $jMem
SUCCESS [2024-03-01 17:18:51] [1] "12G"
SUCCESS [2024-03-01 17:18:51] 
SUCCESS [2024-03-01 17:18:51] $r5r_jar
SUCCESS [2024-03-01 17:18:51] [1] "/usr/local/lib/R/site-library/r5r/jar/r5r_0_6_0.jar"
SUCCESS [2024-03-01 17:18:51] 
SUCCESS [2024-03-01 17:18:51] $r5_jar
SUCCESS [2024-03-01 17:18:51] character(0)
SUCCESS [2024-03-01 17:18:51] 
SUCCESS [2024-03-01 17:18:51] $future_routing
SUCCESS [2024-03-01 17:18:51] function(routing) {
SUCCESS [2024-03-01 17:18:51]       rout <- routing
SUCCESS [2024-03-01 17:18:51]       rout$elevation_data <- NULL
SUCCESS [2024-03-01 17:18:51]       return(rout)}
SUCCESS [2024-03-01 17:18:51] <bytecode: 0x55beebf8d878>
SUCCESS [2024-03-01 17:18:51] <environment: 0x55beebf469c0>
SUCCESS [2024-03-01 17:18:51] 
SUCCESS [2024-03-01 17:18:51] $core_init
SUCCESS [2024-03-01 17:18:51] function(routing){
SUCCESS [2024-03-01 17:18:51]       options(java.parameters = glue::glue('-Xmx{routing$jMem}'))
SUCCESS [2024-03-01 17:18:51]       rJava::.jinit(silent=TRUE)
SUCCESS [2024-03-01 17:18:51]       r5r::stop_r5()
SUCCESS [2024-03-01 17:18:51]       rJava::.jgc(R.gc = TRUE)
SUCCESS [2024-03-01 17:18:51]       options(r5r.montecarlo_draws = routing$montecarlo)
SUCCESS [2024-03-01 17:18:51]       core <- r5r::setup_r5(data_path = routing$path, verbose=FALSE,
SUCCESS [2024-03-01 17:18:51]                             elevation=routing$elevation)
SUCCESS [2024-03-01 17:18:51]       out <- routing
SUCCESS [2024-03-01 17:18:51]       out$core <- core
SUCCESS [2024-03-01 17:18:51]       if(!is.null(routing$elevation_tif))
SUCCESS [2024-03-01 17:18:51]         out$elevation_data <- terra::rast(str_c(routing$path, "/", routing$elevation_tif))
SUCCESS [2024-03-01 17:18:51]       return(out)
SUCCESS [2024-03-01 17:18:51]     }
SUCCESS [2024-03-01 17:18:51] <bytecode: 0x55beebf5dc68>
SUCCESS [2024-03-01 17:18:51] <environment: 0x55beebf469c0>
SUCCESS [2024-03-01 17:18:51] 
SUCCESS [2024-03-01 17:18:51] 
SUCCESS [2024-03-01 17:18:51] tmax:120
SUCCESS [2024-03-01 17:18:51] pdt:1
SUCCESS [2024-03-01 17:18:51] chunk:1M
SUCCESS [2024-03-01 17:18:51] resolution:200
SUCCESS [2024-03-01 17:18:51] out:200
SUCCESS [2024-03-01 17:18:51] les variables sont emp_resident
SUCCESS [2024-03-01 17:18:52] taille:635.1M gr:635 res_gr:1600
SUCCESS [2024-03-01 17:18:52] 26k ou, 24.8k quoi
SUCCESS [2024-03-01 17:18:52] 1095 carreaux, 1 subsampling
SUCCESS [2024-03-01 17:18:52] future:TRUE, 2 workers
SUCCESS [5642] [2024-03-01 17:19:01] carreau:N2238400E3961600 dossier:transit
SUCCESS [5642] [2024-03-01 17:19:01] carreau:N2238400E3960000 dossier:transit
SUCCESS [5642] [2024-03-01 17:19:01] carreau:N2240000E3960000 dossier:transit
SUCCESS [5642] [2024-03-01 17:19:01] carreau:N2240000E3961600 dossier:transit
SUCCESS [5642] [2024-03-01 17:19:01] carreau:N2240000E3963200 dossier:transit
SUCCESS [5642] [2024-03-01 17:19:02] carreau:N2240000E3968000 dossier:transit
SUCCESS [5642] [2024-03-01 17:19:02] carreau:N2240000E3966400 dossier:transit
INFO [5642] [2024-03-01 17:19:14] paquet:N2240000E3964800 ppou:129 ttm ok 19722
SUCCESS [5642] [2024-03-01 17:19:14] carreau:N2240000E3964800 1 ancres 46.7k@3.8kp/s demandees, 27.4k@2.3kp/s retenues
INFO [5642] [2024-03-01 17:20:40] paquet:N2241600E3961600 ppou:206 ttm ok 253105
SUCCESS [5642] [2024-03-01 17:20:41] carreau:N2241600E3961600 1 ancres 616.3k@7.2kp/s demandees, 263.3k@3.1kp/s retenues
INFO [5643] [2024-03-01 17:21:57] paquet:N2276800E3953600 ppou:15263 ttm ok 516208
SUCCESS [5643] [2024-03-01 17:21:57] carreau:N2276800E3953600 1 ancres 788.5k@4.5kp/s demandees, 530k@3kp/s retenues
INFO [5642] [2024-03-01 17:22:34] paquet:N2241600E3963200 ppou:307 ttm ok 340586
SUCCESS [5642] [2024-03-01 17:22:34] carreau:N2241600E3963200 1 ancres 625k@5.5kp/s demandees, 350.6k@3.1kp/s retenues
INFO [5643] [2024-03-01 17:23:18] paquet:N2276800E3956800 ppou:14688 ttm ok 235758
SUCCESS [5643] [2024-03-01 17:23:18] carreau:N2276800E3956800 1 ancres 524.1k@6.5kp/s demandees, 246.8k@3kp/s retenues
INFO [5643] [2024-03-01 17:24:12] paquet:N2276800E3958400 ppou:14858 ttm ok 155521
SUCCESS [5643] [2024-03-01 17:24:12] carreau:N2276800E3958400 1 ancres 330.2k@6.1kp/s demandees, 164.1k@3kp/s retenues
