SUCCESS [2024-03-07 08:22:51] Calcul accessibilite version 2
SUCCESS [2024-03-07 08:22:51] $type
SUCCESS [2024-03-07 08:22:51] [1] "r5"
SUCCESS [2024-03-07 08:22:51] 
SUCCESS [2024-03-07 08:22:51] $path
SUCCESS [2024-03-07 08:22:51] ~/files/localr5/
SUCCESS [2024-03-07 08:22:51] FALSE
SUCCESS [2024-03-07 08:22:51] 
SUCCESS [2024-03-07 08:22:51] $string
SUCCESS [2024-03-07 08:22:51] r5 routing WALK&TRANSIT sur ~/files/localr5/ a 2024-03-07 08:22:37.141003
SUCCESS [2024-03-07 08:22:51] FALSE
SUCCESS [2024-03-07 08:22:51] 
SUCCESS [2024-03-07 08:22:51] $core
SUCCESS [2024-03-07 08:22:51] [1] "Java-Object{org.ipea.r5r.R5RCore@55b53d44}"
SUCCESS [2024-03-07 08:22:51] 
SUCCESS [2024-03-07 08:22:51] $montecarlo
SUCCESS [2024-03-07 08:22:51] [1] 5
SUCCESS [2024-03-07 08:22:51] 
SUCCESS [2024-03-07 08:22:51] $time_window
SUCCESS [2024-03-07 08:22:51] [1] 1
SUCCESS [2024-03-07 08:22:51] 
SUCCESS [2024-03-07 08:22:51] $departure_datetime
SUCCESS [2024-03-07 08:22:51] [1] "2023-06-14 08:00:00 UTC"
SUCCESS [2024-03-07 08:22:51] 
SUCCESS [2024-03-07 08:22:51] $mode
SUCCESS [2024-03-07 08:22:51] [1] "WALK"    "TRANSIT"
SUCCESS [2024-03-07 08:22:51] 
SUCCESS [2024-03-07 08:22:51] $percentiles
SUCCESS [2024-03-07 08:22:51] [1] 0.5
SUCCESS [2024-03-07 08:22:51] 
SUCCESS [2024-03-07 08:22:51] $max_walk_time
SUCCESS [2024-03-07 08:22:51] [1] Inf
SUCCESS [2024-03-07 08:22:51] 
SUCCESS [2024-03-07 08:22:51] $walk_speed
SUCCESS [2024-03-07 08:22:51] [1] 5
SUCCESS [2024-03-07 08:22:51] 
SUCCESS [2024-03-07 08:22:51] $bike_speed
SUCCESS [2024-03-07 08:22:51] [1] 12
SUCCESS [2024-03-07 08:22:51] 
SUCCESS [2024-03-07 08:22:51] $max_rides
SUCCESS [2024-03-07 08:22:51] [1] 3
SUCCESS [2024-03-07 08:22:51] 
SUCCESS [2024-03-07 08:22:51] $max_lts
SUCCESS [2024-03-07 08:22:51] [1] 2
SUCCESS [2024-03-07 08:22:51] 
SUCCESS [2024-03-07 08:22:51] $elevation
SUCCESS [2024-03-07 08:22:51] [1] "NONE"
SUCCESS [2024-03-07 08:22:51] 
SUCCESS [2024-03-07 08:22:51] $elevation_tif
SUCCESS [2024-03-07 08:22:51] NULL
SUCCESS [2024-03-07 08:22:51] 
SUCCESS [2024-03-07 08:22:51] $pkg
SUCCESS [2024-03-07 08:22:51] [1] "r5r"   "rJava"
SUCCESS [2024-03-07 08:22:51] 
SUCCESS [2024-03-07 08:22:51] $dfMaxLength
SUCCESS [2024-03-07 08:22:51] [1] 10
SUCCESS [2024-03-07 08:22:51] 
SUCCESS [2024-03-07 08:22:51] $extended
SUCCESS [2024-03-07 08:22:51] [1] TRUE
SUCCESS [2024-03-07 08:22:51] 
SUCCESS [2024-03-07 08:22:51] $elevation_data
SUCCESS [2024-03-07 08:22:51] NULL
SUCCESS [2024-03-07 08:22:51] 
SUCCESS [2024-03-07 08:22:51] $max_rows
SUCCESS [2024-03-07 08:22:51] [1] 5000
SUCCESS [2024-03-07 08:22:51] 
SUCCESS [2024-03-07 08:22:51] $n_threads
SUCCESS [2024-03-07 08:22:51] [1] 16
SUCCESS [2024-03-07 08:22:51] 
SUCCESS [2024-03-07 08:22:51] $future
SUCCESS [2024-03-07 08:22:51] [1] TRUE
SUCCESS [2024-03-07 08:22:51] 
SUCCESS [2024-03-07 08:22:51] $jMem
SUCCESS [2024-03-07 08:22:51] [1] "12G"
SUCCESS [2024-03-07 08:22:51] 
SUCCESS [2024-03-07 08:22:51] $r5r_jar
SUCCESS [2024-03-07 08:22:51] [1] "/usr/local/lib/R/site-library/r5r/jar/r5r_0_6_0.jar"
SUCCESS [2024-03-07 08:22:51] 
SUCCESS [2024-03-07 08:22:51] $r5_jar
SUCCESS [2024-03-07 08:22:51] character(0)
SUCCESS [2024-03-07 08:22:51] 
SUCCESS [2024-03-07 08:22:51] $future_routing
SUCCESS [2024-03-07 08:22:51] function(routing) {
SUCCESS [2024-03-07 08:22:51]       rout <- routing
SUCCESS [2024-03-07 08:22:51]       rout$elevation_data <- NULL
SUCCESS [2024-03-07 08:22:51]       return(rout)}
SUCCESS [2024-03-07 08:22:51] <bytecode: 0x558220b92998>
SUCCESS [2024-03-07 08:22:51] <environment: 0x558220b7f098>
SUCCESS [2024-03-07 08:22:51] 
SUCCESS [2024-03-07 08:22:51] $core_init
SUCCESS [2024-03-07 08:22:51] function(routing){
SUCCESS [2024-03-07 08:22:51]       options(java.parameters = glue::glue('-Xmx{routing$jMem}'))
SUCCESS [2024-03-07 08:22:51]       rJava::.jinit(silent=TRUE)
SUCCESS [2024-03-07 08:22:51]       r5r::stop_r5()
SUCCESS [2024-03-07 08:22:51]       rJava::.jgc(R.gc = TRUE)
SUCCESS [2024-03-07 08:22:51]       options(r5r.montecarlo_draws = routing$montecarlo)
SUCCESS [2024-03-07 08:22:51]       core <- r5r::setup_r5(data_path = routing$path, verbose=FALSE,
SUCCESS [2024-03-07 08:22:51]                             elevation=routing$elevation)
SUCCESS [2024-03-07 08:22:51]       out <- routing
SUCCESS [2024-03-07 08:22:51]       out$core <- core
SUCCESS [2024-03-07 08:22:51]       if(!is.null(routing$elevation_tif))
SUCCESS [2024-03-07 08:22:51]         out$elevation_data <- terra::rast(str_c(routing$path, "/", routing$elevation_tif))
SUCCESS [2024-03-07 08:22:51]       return(out)
SUCCESS [2024-03-07 08:22:51]     }
SUCCESS [2024-03-07 08:22:51] <bytecode: 0x558220b8e538>
SUCCESS [2024-03-07 08:22:51] <environment: 0x558220b7f098>
SUCCESS [2024-03-07 08:22:51] 
SUCCESS [2024-03-07 08:22:51] 
SUCCESS [2024-03-07 08:22:51] tmax:120
SUCCESS [2024-03-07 08:22:51] pdt:1
SUCCESS [2024-03-07 08:22:51] chunk:1M
SUCCESS [2024-03-07 08:22:51] resolution:200
SUCCESS [2024-03-07 08:22:51] out:200
SUCCESS [2024-03-07 08:22:51] les variables sont emp_resident
SUCCESS [2024-03-07 08:22:52] taille:873.7M gr:874 res_gr:1600
SUCCESS [2024-03-07 08:22:52] 26k ou, 34.9k quoi
SUCCESS [2024-03-07 08:22:52] 1095 carreaux, 3 subsampling
SUCCESS [2024-03-07 08:22:52] future:TRUE, 8 workers
SUCCESS [1329] [2024-03-07 08:23:18] carreau:N2264000E3968000 0 ancres 34.9k@7.7kp/s demandees, 2k@429.1p/s retenues
INFO [1329] [2024-03-07 08:23:27] paquet:N2264000E3972800 ppou:7949 ttm ok 4159
INFO [1329] [2024-03-07 08:23:30] paquet:N2264000E3972800 ppou:8039 ttm ok 6887
INFO [1329] [2024-03-07 08:23:34] paquet:N2264000E3972800 ppou:8230 ttm ok 9685
SUCCESS [1329] [2024-03-07 08:23:34] carreau:N2264000E3972800 3 ancres 132k@8.1kp/s demandees, 30.2k@1.9kp/s retenues
INFO [1329] [2024-03-07 08:23:36] paquet:N2264000E3904000 ppou:7788 ttm ok 212
SUCCESS [1329] [2024-03-07 08:23:36] carreau:N2264000E3904000 1 ancres 35.1k@29.1kp/s demandees, 485@402.5p/s retenues
SUCCESS [1329] [2024-03-07 08:23:38] carreau:N2264000E3924800 0 ancres 34.9k@20.5kp/s demandees, 2.2k@1.3kp/s retenues
INFO [1331] [2024-03-07 08:23:39] paquet:N2289600E3964800 ppou:21131 ttm ok 3721
INFO [1331] [2024-03-07 08:23:45] paquet:N2289600E3964800 ppou:21224 ttm ok 12085
SUCCESS [1331] [2024-03-07 08:23:45] carreau:N2289600E3964800 2 ancres 182.8k@6.4kp/s demandees, 48.8k@1.7kp/s retenues
INFO [1325] [2024-03-07 08:23:49] paquet:N2296000E3936000 ppou:23865 ttm ok 42393
INFO [1325] [2024-03-07 08:23:51] paquet:N2296000E3936000 ppou:23985 ttm ok 4428
INFO [1325] [2024-03-07 08:23:56] paquet:N2296000E3936000 ppou:24110 ttm ok 9771
SUCCESS [1325] [2024-03-07 08:23:56] carreau:N2296000E3936000 3 ancres 185.6k@4.9kp/s demandees, 69.3k@1.8kp/s retenues
INFO [1326] [2024-03-07 08:23:58] paquet:N2238400E3961600 ppou:10 ttm ok 67627
INFO [1329] [2024-03-07 08:24:02] paquet:N2264000E3931200 ppou:7983 ttm ok 9912
INFO [1331] [2024-03-07 08:24:02] paquet:N2289600E3966400 ppou:20722 ttm ok 18797
INFO [1326] [2024-03-07 08:24:05] paquet:N2238400E3961600 ppou:15 ttm ok 15007
INFO [1326] [2024-03-07 08:24:07] paquet:N2238400E3961600 ppou:16 ttm ok 3691
SUCCESS [1326] [2024-03-07 08:24:07] carreau:N2238400E3961600 3 ancres 213.9k@3.9kp/s demandees, 101.5k@1.8kp/s retenues
SUCCESS [1326] [2024-03-07 08:24:10] carreau:N2238400E3960000 0 ancres 34.9k@19kp/s demandees, 2.1k@1.2kp/s retenues
INFO [1331] [2024-03-07 08:24:13] paquet:N2289600E3966400 ppou:20896 ttm ok 22585
INFO [1325] [2024-03-07 08:24:18] paquet:N2296000E3937600 ppou:23735 ttm ok 21548
INFO [1326] [2024-03-07 08:24:23] paquet:N2240000E3960000 ppou:30 ttm ok 14678
SUCCESS [1326] [2024-03-07 08:24:23] carreau:N2240000E3960000 1 ancres 111.8k@8.5kp/s demandees, 25.8k@2kp/s retenues
INFO [1324] [2024-03-07 08:24:24] paquet:N2276800E3953600 ppou:15013 ttm ok 93051
INFO [1325] [2024-03-07 08:24:30] paquet:N2296000E3937600 ppou:23869 ttm ok 23672
INFO [1331] [2024-03-07 08:24:35] paquet:N2289600E3966400 ppou:21052 ttm ok 47729
SUCCESS [1331] [2024-03-07 08:24:35] carreau:N2289600E3966400 3 ancres 275.4k@5.6kp/s demandees, 103.1k@2.1kp/s retenues
INFO [1330] [2024-03-07 08:24:38] paquet:N2270400E3947200 ppou:11681 ttm ok 117573
INFO [1325] [2024-03-07 08:24:45] paquet:N2296000E3937600 ppou:23935 ttm ok 28656
SUCCESS [1325] [2024-03-07 08:24:45] carreau:N2296000E3937600 3 ancres 225k@4.6kp/s demandees, 94.8k@1.9kp/s retenues
INFO [1331] [2024-03-07 08:24:49] paquet:N2289600E3968000 ppou:20823 ttm ok 17530
INFO [1325] [2024-03-07 08:24:58] paquet:N2296000E3939200 ppou:24050 ttm ok 12220
INFO [1324] [2024-03-07 08:24:58] paquet:N2276800E3953600 ppou:15108 ttm ok 76455
INFO [1331] [2024-03-07 08:24:59] paquet:N2289600E3968000 ppou:20976 ttm ok 21223
INFO [1325] [2024-03-07 08:25:04] paquet:N2296000E3939200 ppou:24117 ttm ok 12272
SUCCESS [1325] [2024-03-07 08:25:04] carreau:N2296000E3939200 2 ancres 142.9k@8kp/s demandees, 34.3k@1.9kp/s retenues
INFO [1327] [2024-03-07 08:25:10] paquet:N2256000E3948800 ppou:3941 ttm ok 199210
INFO [1325] [2024-03-07 08:25:13] paquet:N2296000E3942400 ppou:23670 ttm ok 7792
INFO [1326] [2024-03-07 08:25:15] paquet:N2240000E3961600 ppou:34 ttm ok 88880
INFO [1331] [2024-03-07 08:25:15] paquet:N2289600E3968000 ppou:21235 ttm ok 33267
SUCCESS [1331] [2024-03-07 08:25:15] carreau:N2289600E3968000 3 ancres 214.1k@5.4kp/s demandees, 82.4k@2.1kp/s retenues
INFO [1325] [2024-03-07 08:25:17] paquet:N2296000E3942400 ppou:23741 ttm ok 8638
