SUCCESS [2023-10-22 19:42:43] Calcul accessibilite version 2
SUCCESS [2023-10-22 19:42:43] $type
SUCCESS [2023-10-22 19:42:43] [1] "dodgr"
SUCCESS [2023-10-22 19:42:43] 
SUCCESS [2023-10-22 19:42:43] $path
SUCCESS [2023-10-22 19:42:43] /space_mounts/data/marseille//dodgr/
SUCCESS [2023-10-22 19:42:43] FALSE
SUCCESS [2023-10-22 19:42:43] 
SUCCESS [2023-10-22 19:42:43] $graph
SUCCESS [2023-10-22 19:42:43] NULL
SUCCESS [2023-10-22 19:42:43] 
SUCCESS [2023-10-22 19:42:43] $vertices
SUCCESS [2023-10-22 19:42:43] NULL
SUCCESS [2023-10-22 19:42:43] 
SUCCESS [2023-10-22 19:42:43] $distances
SUCCESS [2023-10-22 19:42:43] [1] TRUE
SUCCESS [2023-10-22 19:42:43] 
SUCCESS [2023-10-22 19:42:43] $denivele
SUCCESS [2023-10-22 19:42:43] [1] FALSE
SUCCESS [2023-10-22 19:42:43] 
SUCCESS [2023-10-22 19:42:43] $pkg
SUCCESS [2023-10-22 19:42:43] [1] "dodgr"
SUCCESS [2023-10-22 19:42:43] 
SUCCESS [2023-10-22 19:42:43] $turn_penalty
SUCCESS [2023-10-22 19:42:43] [1] TRUE
SUCCESS [2023-10-22 19:42:43] 
SUCCESS [2023-10-22 19:42:43] $graph_name
SUCCESS [2023-10-22 19:42:43] /space_mounts/data/marseille//dodgr//marseille.bicycle.dodgrnet
SUCCESS [2023-10-22 19:42:43] FALSE
SUCCESS [2023-10-22 19:42:43] 
SUCCESS [2023-10-22 19:42:43] $string
SUCCESS [2023-10-22 19:42:43] dodgr routing bicycle sur /space_mounts/data/marseille//dodgr/ a 2023-10-22 19:42:27.759095
SUCCESS [2023-10-22 19:42:43] FALSE
SUCCESS [2023-10-22 19:42:43] 
SUCCESS [2023-10-22 19:42:43] $departure_datetime
SUCCESS [2023-10-22 19:42:43] [1] "2019-12-17 08:00:00 UTC"
SUCCESS [2023-10-22 19:42:43] 
SUCCESS [2023-10-22 19:42:43] $mode
SUCCESS [2023-10-22 19:42:43] [1] "bicycle"
SUCCESS [2023-10-22 19:42:43] 
SUCCESS [2023-10-22 19:42:43] $n_threads
SUCCESS [2023-10-22 19:42:43] [1] 8
SUCCESS [2023-10-22 19:42:43] 
SUCCESS [2023-10-22 19:42:43] $future
SUCCESS [2023-10-22 19:42:43] [1] TRUE
SUCCESS [2023-10-22 19:42:43] 
SUCCESS [2023-10-22 19:42:43] $future_routing
SUCCESS [2023-10-22 19:42:43] function (routing) 
SUCCESS [2023-10-22 19:42:43] {
SUCCESS [2023-10-22 19:42:43]     rout <- routing
SUCCESS [2023-10-22 19:42:43]     rout$graph <- NULL
SUCCESS [2023-10-22 19:42:43]     rout$vertices <- NULL
SUCCESS [2023-10-22 19:42:43]     rout$elevation_data <- NULL
SUCCESS [2023-10-22 19:42:43]     return(rout)
SUCCESS [2023-10-22 19:42:43] }
SUCCESS [2023-10-22 19:42:43] <bytecode: 0x55a1953f0c68>
SUCCESS [2023-10-22 19:42:43] <environment: 0x55a17d054778>
SUCCESS [2023-10-22 19:42:43] 
SUCCESS [2023-10-22 19:42:43] $core_init
SUCCESS [2023-10-22 19:42:43] function (routing) 
SUCCESS [2023-10-22 19:42:43] {
SUCCESS [2023-10-22 19:42:43]     RcppParallel::setThreadOptions(numThreads = routing$n_threads)
SUCCESS [2023-10-22 19:42:43]     rout <- routing
SUCCESS [2023-10-22 19:42:43]     net <- dgr_load_streetnet(routing$graph_name)
SUCCESS [2023-10-22 19:42:43]     rout$graph <- net$graph
SUCCESS [2023-10-22 19:42:43]     rout$vertices <- net$verts_c
SUCCESS [2023-10-22 19:42:43]     if ("dz" %in% names(rout$graph)) 
SUCCESS [2023-10-22 19:42:43]         rout$graph$dzplus <- rout$graph$dz * (rout$graph$dz > 
SUCCESS [2023-10-22 19:42:43]             0)
SUCCESS [2023-10-22 19:42:43]     logger::log_info("router {graph_name} chargé")
SUCCESS [2023-10-22 19:42:43]     return(rout)
SUCCESS [2023-10-22 19:42:43] }
SUCCESS [2023-10-22 19:42:43] <bytecode: 0x55a1953f5ed8>
SUCCESS [2023-10-22 19:42:43] <environment: 0x55a17d054778>
SUCCESS [2023-10-22 19:42:43] 
SUCCESS [2023-10-22 19:42:43] 
SUCCESS [2023-10-22 19:42:43] tmax:120
SUCCESS [2023-10-22 19:42:43] pdt:1
SUCCESS [2023-10-22 19:42:43] chunk:20M
SUCCESS [2023-10-22 19:42:43] resolution:200
SUCCESS [2023-10-22 19:42:43] out:200
SUCCESS [2023-10-22 19:42:43] les variables sont emplois
SUCCESS [2023-10-22 19:42:43] taille:333.6M gr:17 res_gr:12800
SUCCESS [2023-10-22 19:42:43] 26k ou, 12.8k quoi
SUCCESS [2023-10-22 19:42:43] 33 carreaux, 8 subsampling
SUCCESS [2023-10-22 19:42:43] future:TRUE, 16 workers
INFO [34500] [2023-10-22 19:48:19] router /space_mounts/data/marseille//dodgr//marseille.bicycle.dodgrnet chargé
INFO [34506] [2023-10-22 19:48:20] router /space_mounts/data/marseille//dodgr//marseille.bicycle.dodgrnet chargé
INFO [34498] [2023-10-22 19:48:20] router /space_mounts/data/marseille//dodgr//marseille.bicycle.dodgrnet chargé
INFO [34502] [2023-10-22 19:48:21] router /space_mounts/data/marseille//dodgr//marseille.bicycle.dodgrnet chargé
INFO [34499] [2023-10-22 19:48:21] router /space_mounts/data/marseille//dodgr//marseille.bicycle.dodgrnet chargé
INFO [34495] [2023-10-22 19:48:21] router /space_mounts/data/marseille//dodgr//marseille.bicycle.dodgrnet chargé
INFO [34494] [2023-10-22 19:48:22] router /space_mounts/data/marseille//dodgr//marseille.bicycle.dodgrnet chargé
INFO [34500] [2023-10-22 19:48:22] dodgr_ttm called, TRUE, 8x160
INFO [34506] [2023-10-22 19:48:23] dodgr_ttm called, TRUE, 8x1710
INFO [34498] [2023-10-22 19:48:23] dodgr_ttm called, TRUE, 8x1157
INFO [34496] [2023-10-22 19:48:23] router /space_mounts/data/marseille//dodgr//marseille.bicycle.dodgrnet chargé
INFO [34497] [2023-10-22 19:48:24] router /space_mounts/data/marseille//dodgr//marseille.bicycle.dodgrnet chargé
INFO [34502] [2023-10-22 19:48:24] dodgr_ttm called, TRUE, 8x1203
INFO [34499] [2023-10-22 19:48:24] dodgr_ttm called, TRUE, 8x573
INFO [34495] [2023-10-22 19:48:24] dodgr_ttm called, TRUE, 8x1890
INFO [34494] [2023-10-22 19:48:25] dodgr_ttm called, TRUE, 7x21
INFO [34505] [2023-10-22 19:48:25] router /space_mounts/data/marseille//dodgr//marseille.bicycle.dodgrnet chargé
INFO [34496] [2023-10-22 19:48:26] dodgr_ttm called, TRUE, 8x637
INFO [34497] [2023-10-22 19:48:27] dodgr_ttm called, TRUE, 8x500
INFO [34505] [2023-10-22 19:48:28] dodgr_ttm called, TRUE, 8x107
INFO [34491] [2023-10-22 19:48:34] router /space_mounts/data/marseille//dodgr//marseille.bicycle.dodgrnet chargé
INFO [34491] [2023-10-22 19:48:37] dodgr_ttm called, TRUE, 8x768
INFO [34500] [2023-10-22 19:51:08] dodgr_ttm called, FALSE, 8x12829
INFO [34506] [2023-10-22 19:51:08] dodgr_ttm called, FALSE, 8x12829
INFO [34494] [2023-10-22 19:51:08] dodgr_ttm called, FALSE, 7x12829
INFO [34498] [2023-10-22 19:51:09] dodgr_ttm called, FALSE, 8x12829
INFO [34505] [2023-10-22 19:51:10] dodgr_ttm called, FALSE, 8x12829
INFO [34499] [2023-10-22 19:51:11] dodgr_ttm called, FALSE, 8x12829
INFO [34502] [2023-10-22 19:51:11] dodgr_ttm called, FALSE, 8x12829
INFO [34497] [2023-10-22 19:51:11] dodgr_ttm called, FALSE, 8x12829
INFO [34496] [2023-10-22 19:51:14] dodgr_ttm called, FALSE, 8x12829
INFO [34495] [2023-10-22 19:51:25] dodgr_ttm called, FALSE, 8x12829
INFO [34491] [2023-10-22 19:51:31] dodgr_ttm called, FALSE, 8x12829
INFO [34506] [2023-10-22 19:56:52] dodgr_ttm called, FALSE, 345x4410
INFO [34500] [2023-10-22 19:56:52] dodgr_ttm called, FALSE, 17x1187
INFO [34505] [2023-10-22 19:56:53] dodgr_ttm called, FALSE, 15x1049
INFO [34494] [2023-10-22 19:56:55] dodgr_ttm called, FALSE, 1x1022
INFO [34499] [2023-10-22 19:56:57] dodgr_ttm called, FALSE, 175x2369
INFO [34502] [2023-10-22 19:56:58] dodgr_ttm called, FALSE, 91x3001
INFO [34497] [2023-10-22 19:56:59] dodgr_ttm called, FALSE, 70x1225
INFO [34496] [2023-10-22 19:57:00] dodgr_ttm called, FALSE, 13x1061
INFO [34498] [2023-10-22 19:57:08] dodgr_ttm called, FALSE, 13x3175
INFO [34495] [2023-10-22 19:57:11] dodgr_ttm called, FALSE, 26x2893
INFO [34491] [2023-10-22 19:57:26] dodgr_ttm called, FALSE, 198x3656
INFO [34505] [2023-10-22 20:01:36] paquet:N2291200E3968000 ppou:21516 ttm ok 8762
INFO [34505] [2023-10-22 20:01:36] dodgr_ttm called, FALSE, 18x682
INFO [34500] [2023-10-22 20:01:45] paquet:N2278400E3968000 ppou:15387 ttm ok 17471
INFO [34500] [2023-10-22 20:01:45] dodgr_ttm called, FALSE, 7x1008
INFO [34494] [2023-10-22 20:01:50] paquet:N2227200E3955200 ppou:2 ttm ok 953
INFO [34494] [2023-10-22 20:01:50] dodgr_ttm called, FALSE, 2x1059
INFO [34496] [2023-10-22 20:01:51] paquet:N2265600E3916800 ppou:8471 ttm ok 13527
INFO [34496] [2023-10-22 20:01:51] dodgr_ttm called, FALSE, 126x5623
INFO [34495] [2023-10-22 20:01:54] paquet:N2252800E3955200 ppou:2528 ttm ok 71749
INFO [34495] [2023-10-22 20:01:54] dodgr_ttm called, FALSE, 142x3403
INFO [34498] [2023-10-22 20:02:19] paquet:N2278400E3929600 ppou:15306 ttm ok 25537
INFO [34498] [2023-10-22 20:02:20] dodgr_ttm called, FALSE, 168x3361
INFO [34497] [2023-10-22 20:02:43] paquet:N2265600E3904000 ppou:10908 ttm ok 67099
INFO [34497] [2023-10-22 20:02:43] dodgr_ttm called, FALSE, 160x1672
INFO [34502] [2023-10-22 20:02:51] paquet:N2291200E3929600 ppou:21647 ttm ok 185481
INFO [34502] [2023-10-22 20:02:51] dodgr_ttm called, FALSE, 112x2856
INFO [34491] [2023-10-22 20:02:54] paquet:N2240000E3942400 ppou:1105 ttm ok 483311
INFO [34491] [2023-10-22 20:02:54] dodgr_ttm called, FALSE, 85x3197
INFO [34499] [2023-10-22 20:04:26] paquet:N2252800E3916800 ppou:5250 ttm ok 208823
INFO [34499] [2023-10-22 20:04:26] dodgr_ttm called, FALSE, 76x957
INFO [34505] [2023-10-22 20:06:14] paquet:N2291200E3968000 ppou:21700 ttm ok 8870
INFO [34505] [2023-10-22 20:06:14] dodgr_ttm called, FALSE, 20x914
INFO [34500] [2023-10-22 20:06:29] paquet:N2278400E3968000 ppou:15496 ttm ok 6554
INFO [34500] [2023-10-22 20:06:29] dodgr_ttm called, FALSE, 8x1101
INFO [34506] [2023-10-22 20:06:42] paquet:N2265600E3955200 ppou:8379 ttm ok 934647
INFO [34506] [2023-10-22 20:06:42] dodgr_ttm called, FALSE, 193x4252
INFO [34495] [2023-10-22 20:06:49] paquet:N2252800E3955200 ppou:2539 ttm ok 397314
INFO [34495] [2023-10-22 20:06:49] dodgr_ttm called, FALSE, 174x3999
INFO [34494] [2023-10-22 20:06:58] paquet:N2227200E3955200 ppou:4 ttm ok 2106
INFO [34494] [2023-10-22 20:06:59] dodgr_ttm called, FALSE, 9x1116
INFO [34491] [2023-10-22 20:07:55] paquet:N2240000E3942400 ppou:1261 ttm ok 205474
WARN [34491] [2023-10-22 20:07:55] paquet:N2240000E3942400 ppou:1397 ttm vide
WARN [34491] [2023-10-22 20:07:55] pas de cibles
INFO [34491] [2023-10-22 20:07:55] dodgr_ttm called, FALSE, 169x4620
INFO [34498] [2023-10-22 20:09:08] paquet:N2278400E3929600 ppou:16402 ttm ok 372191
INFO [34498] [2023-10-22 20:09:08] dodgr_ttm called, FALSE, 91x3405
INFO [34496] [2023-10-22 20:09:10] paquet:N2265600E3916800 ppou:8739 ttm ok 240947
INFO [34496] [2023-10-22 20:09:10] dodgr_ttm called, FALSE, 16x1161
INFO [34497] [2023-10-22 20:09:15] paquet:N2265600E3904000 ppou:11352 ttm ok 171825
INFO [34497] [2023-10-22 20:09:15] dodgr_ttm called, FALSE, 24x1032
INFO [34502] [2023-10-22 20:09:16] paquet:N2291200E3929600 ppou:21978 ttm ok 227298
INFO [34502] [2023-10-22 20:09:16] dodgr_ttm called, FALSE, 143x2702
INFO [34499] [2023-10-22 20:10:32] paquet:N2252800E3916800 ppou:5989 ttm ok 53092
INFO [34499] [2023-10-22 20:10:32] dodgr_ttm called, FALSE, 73x1108
INFO [34505] [2023-10-22 20:10:43] paquet:N2291200E3968000 ppou:22027 ttm ok 9384
INFO [34505] [2023-10-22 20:10:43] dodgr_ttm called, FALSE, 15x590
INFO [34500] [2023-10-22 20:11:06] paquet:N2278400E3968000 ppou:15603 ttm ok 7896
INFO [34500] [2023-10-22 20:11:06] dodgr_ttm called, FALSE, 15x1662
INFO [34494] [2023-10-22 20:11:49] paquet:N2227200E3955200 ppou:11 ttm ok 9305
INFO [34494] [2023-10-22 20:11:49] dodgr_ttm called, FALSE, 4x1013
INFO [34495] [2023-10-22 20:12:03] paquet:N2252800E3955200 ppou:2812 ttm ok 485920
INFO [34495] [2023-10-22 20:12:03] dodgr_ttm called, FALSE, 673x3706
INFO [34497] [2023-10-22 20:14:10] paquet:N2265600E3904000 ppou:11641 ttm ok 23268
INFO [34497] [2023-10-22 20:14:10] dodgr_ttm called, FALSE, 6x1129
INFO [34496] [2023-10-22 20:14:19] paquet:N2265600E3916800 ppou:8926 ttm ok 17547
INFO [34496] [2023-10-22 20:14:19] dodgr_ttm called, FALSE, 64x2193
INFO [34506] [2023-10-22 20:14:35] paquet:N2265600E3955200 ppou:11989 ttm ok 490637
INFO [34506] [2023-10-22 20:14:35] dodgr_ttm called, FALSE, 295x2639
INFO [34491] [2023-10-22 20:15:01] paquet:N2240000E3942400 ppou:1562 ttm ok 420576
INFO [34491] [2023-10-22 20:15:01] dodgr_ttm called, FALSE, 64x2913
INFO [34498] [2023-10-22 20:15:03] paquet:N2278400E3929600 ppou:16735 ttm ok 218833
INFO [34498] [2023-10-22 20:15:04] dodgr_ttm called, FALSE, 86x2938
INFO [34505] [2023-10-22 20:15:18] paquet:N2291200E3968000 ppou:23017 ttm ok 7003
INFO [34505] [2023-10-22 20:15:18] dodgr_ttm called, FALSE, 3x870
INFO [34500] [2023-10-22 20:16:00] paquet:N2278400E3968000 ppou:17278 ttm ok 11893
INFO [34500] [2023-10-22 20:16:00] dodgr_ttm called, FALSE, 45x1277
INFO [34499] [2023-10-22 20:16:19] paquet:N2252800E3916800 ppou:6207 ttm ok 58476
INFO [34499] [2023-10-22 20:16:19] dodgr_ttm called, FALSE, 51x1276
INFO [34502] [2023-10-22 20:16:27] paquet:N2291200E3929600 ppou:22564 ttm ok 212280
INFO [34502] [2023-10-22 20:16:28] dodgr_ttm called, FALSE, 56x2570
INFO [34494] [2023-10-22 20:16:28] paquet:N2227200E3955200 ppou:21 ttm ok 4010
INFO [34494] [2023-10-22 20:16:28] dodgr_ttm called, FALSE, 5x1120
INFO [34495] [2023-10-22 20:18:28] paquet:N2252800E3955200 ppou:3348 ttm ok 1868422
INFO [34495] [2023-10-22 20:18:28] dodgr_ttm called, FALSE, 66x4451
INFO [34497] [2023-10-22 20:19:24] paquet:N2265600E3904000 ppou:12397 ttm ok 5396
INFO [34497] [2023-10-22 20:19:24] dodgr_ttm called, FALSE, 97x1822
INFO [34505] [2023-10-22 20:19:51] paquet:N2291200E3968000 ppou:23616 ttm ok 1814
INFO [34505] [2023-10-22 20:19:51] dodgr_ttm called, FALSE, 9x798
INFO [34491] [2023-10-22 20:19:54] paquet:N2240000E3942400 ppou:1870 ttm ok 169632
INFO [34491] [2023-10-22 20:19:54] dodgr_ttm called, FALSE, 114x3706
INFO [34496] [2023-10-22 20:20:39] paquet:N2265600E3916800 ppou:8937 ttm ok 102283
INFO [34496] [2023-10-22 20:20:39] dodgr_ttm called, FALSE, 2x1128
INFO [34494] [2023-10-22 20:21:05] paquet:N2227200E3955200 ppou:26 ttm ok 5438
SUCCESS [34494] [2023-10-22 20:21:06] carreau:N2227200E3955200 5 ancres 112.6k@57.5p/s demandees, 29.9k@15.3p/s retenues
INFO [34494] [2023-10-22 20:21:11] dodgr_ttm called, TRUE, 8x1333
INFO [34500] [2023-10-22 20:21:42] paquet:N2278400E3968000 ppou:20489 ttm ok 21976
INFO [34500] [2023-10-22 20:21:42] dodgr_ttm called, FALSE, 28x1057
INFO [34499] [2023-10-22 20:21:45] paquet:N2252800E3916800 ppou:7534 ttm ok 53094
INFO [34499] [2023-10-22 20:21:45] dodgr_ttm called, FALSE, 57x2917
INFO [34498] [2023-10-22 20:21:54] paquet:N2278400E3929600 ppou:17455 ttm ok 194868
INFO [34498] [2023-10-22 20:21:54] dodgr_ttm called, FALSE, 461x3590
INFO [34502] [2023-10-22 20:22:33] paquet:N2291200E3929600 ppou:22763 ttm ok 95386
INFO [34502] [2023-10-22 20:22:33] dodgr_ttm called, FALSE, 257x3435
INFO [34494] [2023-10-22 20:23:35] dodgr_ttm called, FALSE, 8x12829
INFO [34506] [2023-10-22 20:23:39] paquet:N2265600E3955200 ppou:13241 ttm ok 440160
INFO [34506] [2023-10-22 20:23:39] dodgr_ttm called, FALSE, 139x4706
INFO [34495] [2023-10-22 20:24:24] paquet:N2252800E3955200 ppou:6397 ttm ok 177883
INFO [34495] [2023-10-22 20:24:24] dodgr_ttm called, FALSE, 318x3822
INFO [34505] [2023-10-22 20:24:32] paquet:N2291200E3968000 ppou:23622 ttm ok 4481
INFO [34505] [2023-10-22 20:24:32] dodgr_ttm called, FALSE, 12x721
INFO [34491] [2023-10-22 20:25:12] paquet:N2240000E3942400 ppou:2033 ttm ok 301452
INFO [34491] [2023-10-22 20:25:12] dodgr_ttm called, FALSE, 40x2900
INFO [34496] [2023-10-22 20:26:20] paquet:N2265600E3916800 ppou:9040 ttm ok 2242
INFO [34496] [2023-10-22 20:26:20] dodgr_ttm called, FALSE, 78x1527
INFO [34497] [2023-10-22 20:26:22] paquet:N2265600E3904000 ppou:13849 ttm ok 77467
INFO [34497] [2023-10-22 20:26:22] dodgr_ttm called, FALSE, 34x1119
INFO [34500] [2023-10-22 20:26:35] paquet:N2278400E3968000 ppou:20732 ttm ok 13699
INFO [34500] [2023-10-22 20:26:35] dodgr_ttm called, FALSE, 21x961
INFO [34499] [2023-10-22 20:27:31] paquet:N2252800E3916800 ppou:7536 ttm ok 99406
INFO [34499] [2023-10-22 20:27:31] dodgr_ttm called, FALSE, 9x1564
INFO [34494] [2023-10-22 20:28:46] dodgr_ttm called, FALSE, 161x2963
INFO [34505] [2023-10-22 20:29:21] paquet:N2291200E3968000 ppou:23778 ttm ok 6701
INFO [34505] [2023-10-22 20:29:21] dodgr_ttm called, FALSE, 14x774
INFO [34491] [2023-10-22 20:30:16] paquet:N2240000E3942400 ppou:2112 ttm ok 108167
INFO [34491] [2023-10-22 20:30:16] dodgr_ttm called, FALSE, 89x3113
INFO [34506] [2023-10-22 20:31:01] paquet:N2265600E3955200 ppou:13318 ttm ok 300485
INFO [34506] [2023-10-22 20:31:01] dodgr_ttm called, FALSE, 366x3272
INFO [34502] [2023-10-22 20:31:08] paquet:N2291200E3929600 ppou:22865 ttm ok 486480
INFO [34502] [2023-10-22 20:31:08] dodgr_ttm called, FALSE, 71x2900
INFO [34500] [2023-10-22 20:31:27] paquet:N2278400E3968000 ppou:20898 ttm ok 11917
INFO [34500] [2023-10-22 20:31:27] dodgr_ttm called, FALSE, 19x952
INFO [34496] [2023-10-22 20:32:32] paquet:N2265600E3916800 ppou:9044 ttm ok 92710
INFO [34496] [2023-10-22 20:32:32] dodgr_ttm called, FALSE, 169x1515
INFO [34499] [2023-10-22 20:33:01] paquet:N2252800E3916800 ppou:7633 ttm ok 10209
INFO [34499] [2023-10-22 20:33:01] dodgr_ttm called, FALSE, 45x1220
INFO [34495] [2023-10-22 20:33:17] paquet:N2252800E3955200 ppou:6781 ttm ok 640405
INFO [34495] [2023-10-22 20:33:17] dodgr_ttm called, FALSE, 69x3389
INFO [34497] [2023-10-22 20:33:20] paquet:N2265600E3904000 ppou:13945 ttm ok 29512
INFO [34497] [2023-10-22 20:33:20] dodgr_ttm called, FALSE, 20x1136
INFO [34498] [2023-10-22 20:33:43] paquet:N2278400E3929600 ppou:17962 ttm ok 1089582
INFO [34498] [2023-10-22 20:33:43] dodgr_ttm called, FALSE, 71x2809
INFO [34505] [2023-10-22 20:34:11] paquet:N2291200E3968000 ppou:23780 ttm ok 7488
SUCCESS [34505] [2023-10-22 20:34:12] carreau:N2291200E3968000 8 ancres 187.1k@68.2p/s demandees, 63k@23p/s retenues
INFO [34505] [2023-10-22 20:34:17] dodgr_ttm called, TRUE, 8x313
INFO [34491] [2023-10-22 20:35:20] paquet:N2240000E3942400 ppou:2190 ttm ok 243818
SUCCESS [34491] [2023-10-22 20:35:21] carreau:N2240000E3942400 8 ancres 2.9M@1kp/s demandees, 2M@701.2p/s retenues
INFO [34491] [2023-10-22 20:35:29] dodgr_ttm called, TRUE, 2x9
INFO [34494] [2023-10-22 20:36:02] paquet:N2240000E3955200 ppou:139 ttm ok 184858
INFO [34494] [2023-10-22 20:36:02] dodgr_ttm called, FALSE, 61x1785
INFO [34500] [2023-10-22 20:36:20] paquet:N2278400E3968000 ppou:20901 ttm ok 10491
SUCCESS [34500] [2023-10-22 20:36:21] carreau:N2278400E3968000 8 ancres 288.9k@100.4p/s demandees, 115.4k@40.1p/s retenues
INFO [34500] [2023-10-22 20:36:25] dodgr_ttm called, TRUE, 8x47
INFO [34505] [2023-10-22 20:36:41] dodgr_ttm called, FALSE, 8x12829
INFO [34502] [2023-10-22 20:37:30] paquet:N2291200E3929600 ppou:24414 ttm ok 107865
INFO [34502] [2023-10-22 20:37:30] dodgr_ttm called, FALSE, 220x2260
INFO [34491] [2023-10-22 20:37:47] dodgr_ttm called, FALSE, 2x12829
INFO [34495] [2023-10-22 20:38:11] paquet:N2252800E3955200 ppou:6874 ttm ok 104076
INFO [34495] [2023-10-22 20:38:11] dodgr_ttm called, FALSE, 418x4387
INFO [34499] [2023-10-22 20:38:47] paquet:N2252800E3916800 ppou:7803 ttm ok 47034
INFO [34499] [2023-10-22 20:38:47] dodgr_ttm called, FALSE, 87x1164
INFO [34500] [2023-10-22 20:38:47] dodgr_ttm called, FALSE, 8x12829
INFO [34497] [2023-10-22 20:39:00] paquet:N2265600E3904000 ppou:14303 ttm ok 17406
INFO [34497] [2023-10-22 20:39:00] dodgr_ttm called, FALSE, 83x1983
INFO [34496] [2023-10-22 20:39:40] paquet:N2265600E3916800 ppou:11076 ttm ok 196924
INFO [34496] [2023-10-22 20:39:40] dodgr_ttm called, FALSE, 130x1617
INFO [34498] [2023-10-22 20:39:54] paquet:N2278400E3929600 ppou:18162 ttm ok 152378
INFO [34498] [2023-10-22 20:39:54] dodgr_ttm called, FALSE, 114x4164
INFO [34506] [2023-10-22 20:41:08] paquet:N2265600E3955200 ppou:13341 ttm ok 699843
INFO [34506] [2023-10-22 20:41:08] dodgr_ttm called, FALSE, 144x3699
INFO [34494] [2023-10-22 20:41:52] paquet:N2240000E3955200 ppou:226 ttm ok 79316
INFO [34494] [2023-10-22 20:41:52] dodgr_ttm called, FALSE, 119x2145
INFO [34505] [2023-10-22 20:42:23] dodgr_ttm called, FALSE, 3x1887
INFO [34491] [2023-10-22 20:43:08] dodgr_ttm called, FALSE, 5x2164
INFO [34500] [2023-10-22 20:44:37] dodgr_ttm called, FALSE, 2x1772
