SUCCESS [2024-03-01 17:14:36] Calcul accessibilite version 2
SUCCESS [2024-03-01 17:14:36] $type
SUCCESS [2024-03-01 17:14:36] [1] "r5"
SUCCESS [2024-03-01 17:14:36] 
SUCCESS [2024-03-01 17:14:36] $path
SUCCESS [2024-03-01 17:14:36] ~/files/localr5/
SUCCESS [2024-03-01 17:14:36] FALSE
SUCCESS [2024-03-01 17:14:36] 
SUCCESS [2024-03-01 17:14:36] $string
SUCCESS [2024-03-01 17:14:36] r5 routing WALK&TRANSIT sur ~/files/localr5/ a 2024-03-01 16:52:58.335029
SUCCESS [2024-03-01 17:14:36] FALSE
SUCCESS [2024-03-01 17:14:36] 
SUCCESS [2024-03-01 17:14:36] $core
SUCCESS [2024-03-01 17:14:36] [1] "Java-Object{org.ipea.r5r.R5RCore@4c1909a3}"
SUCCESS [2024-03-01 17:14:36] 
SUCCESS [2024-03-01 17:14:36] $montecarlo
SUCCESS [2024-03-01 17:14:36] [1] 5
SUCCESS [2024-03-01 17:14:36] 
SUCCESS [2024-03-01 17:14:36] $time_window
SUCCESS [2024-03-01 17:14:36] [1] 1
SUCCESS [2024-03-01 17:14:36] 
SUCCESS [2024-03-01 17:14:36] $departure_datetime
SUCCESS [2024-03-01 17:14:36] [1] "2023-06-14 08:00:00 UTC"
SUCCESS [2024-03-01 17:14:36] 
SUCCESS [2024-03-01 17:14:36] $mode
SUCCESS [2024-03-01 17:14:36] [1] "WALK"    "TRANSIT"
SUCCESS [2024-03-01 17:14:36] 
SUCCESS [2024-03-01 17:14:36] $percentiles
SUCCESS [2024-03-01 17:14:36] [1] 0.5
SUCCESS [2024-03-01 17:14:36] 
SUCCESS [2024-03-01 17:14:36] $max_walk_time
SUCCESS [2024-03-01 17:14:36] [1] Inf
SUCCESS [2024-03-01 17:14:36] 
SUCCESS [2024-03-01 17:14:36] $walk_speed
SUCCESS [2024-03-01 17:14:36] [1] 5
SUCCESS [2024-03-01 17:14:36] 
SUCCESS [2024-03-01 17:14:36] $bike_speed
SUCCESS [2024-03-01 17:14:36] [1] 12
SUCCESS [2024-03-01 17:14:36] 
SUCCESS [2024-03-01 17:14:36] $max_rides
SUCCESS [2024-03-01 17:14:36] [1] 3
SUCCESS [2024-03-01 17:14:36] 
SUCCESS [2024-03-01 17:14:36] $max_lts
SUCCESS [2024-03-01 17:14:36] [1] 2
SUCCESS [2024-03-01 17:14:36] 
SUCCESS [2024-03-01 17:14:36] $elevation
SUCCESS [2024-03-01 17:14:36] [1] "NONE"
SUCCESS [2024-03-01 17:14:36] 
SUCCESS [2024-03-01 17:14:36] $elevation_tif
SUCCESS [2024-03-01 17:14:36] NULL
SUCCESS [2024-03-01 17:14:36] 
SUCCESS [2024-03-01 17:14:36] $pkg
SUCCESS [2024-03-01 17:14:36] [1] "r5r"   "rJava"
SUCCESS [2024-03-01 17:14:36] 
SUCCESS [2024-03-01 17:14:36] $dfMaxLength
SUCCESS [2024-03-01 17:14:36] [1] 10
SUCCESS [2024-03-01 17:14:36] 
SUCCESS [2024-03-01 17:14:36] $extended
SUCCESS [2024-03-01 17:14:36] [1] TRUE
SUCCESS [2024-03-01 17:14:36] 
SUCCESS [2024-03-01 17:14:36] $elevation_data
SUCCESS [2024-03-01 17:14:36] NULL
SUCCESS [2024-03-01 17:14:36] 
SUCCESS [2024-03-01 17:14:36] $max_rows
SUCCESS [2024-03-01 17:14:36] [1] 5000
SUCCESS [2024-03-01 17:14:36] 
SUCCESS [2024-03-01 17:14:36] $n_threads
SUCCESS [2024-03-01 17:14:36] [1] 16
SUCCESS [2024-03-01 17:14:36] 
SUCCESS [2024-03-01 17:14:36] $future
SUCCESS [2024-03-01 17:14:36] [1] TRUE
SUCCESS [2024-03-01 17:14:36] 
SUCCESS [2024-03-01 17:14:36] $jMem
SUCCESS [2024-03-01 17:14:36] [1] "12G"
SUCCESS [2024-03-01 17:14:36] 
SUCCESS [2024-03-01 17:14:36] $r5r_jar
SUCCESS [2024-03-01 17:14:36] [1] "/usr/local/lib/R/site-library/r5r/jar/r5r_0_6_0.jar"
SUCCESS [2024-03-01 17:14:36] 
SUCCESS [2024-03-01 17:14:36] $r5_jar
SUCCESS [2024-03-01 17:14:36] character(0)
SUCCESS [2024-03-01 17:14:36] 
SUCCESS [2024-03-01 17:14:36] $future_routing
SUCCESS [2024-03-01 17:14:36] function(routing) {
SUCCESS [2024-03-01 17:14:36]       rout <- routing
SUCCESS [2024-03-01 17:14:36]       rout$elevation_data <- NULL
SUCCESS [2024-03-01 17:14:36]       return(rout)}
SUCCESS [2024-03-01 17:14:36] <bytecode: 0x55beebf8d878>
SUCCESS [2024-03-01 17:14:36] <environment: 0x55beebf469c0>
SUCCESS [2024-03-01 17:14:36] 
SUCCESS [2024-03-01 17:14:36] $core_init
SUCCESS [2024-03-01 17:14:36] function(routing){
SUCCESS [2024-03-01 17:14:36]       options(java.parameters = glue::glue('-Xmx{routing$jMem}'))
SUCCESS [2024-03-01 17:14:36]       rJava::.jinit(silent=TRUE)
SUCCESS [2024-03-01 17:14:36]       r5r::stop_r5()
SUCCESS [2024-03-01 17:14:36]       rJava::.jgc(R.gc = TRUE)
SUCCESS [2024-03-01 17:14:36]       options(r5r.montecarlo_draws = routing$montecarlo)
SUCCESS [2024-03-01 17:14:36]       core <- r5r::setup_r5(data_path = routing$path, verbose=FALSE,
SUCCESS [2024-03-01 17:14:36]                             elevation=routing$elevation)
SUCCESS [2024-03-01 17:14:36]       out <- routing
SUCCESS [2024-03-01 17:14:36]       out$core <- core
SUCCESS [2024-03-01 17:14:36]       if(!is.null(routing$elevation_tif))
SUCCESS [2024-03-01 17:14:36]         out$elevation_data <- terra::rast(str_c(routing$path, "/", routing$elevation_tif))
SUCCESS [2024-03-01 17:14:36]       return(out)
SUCCESS [2024-03-01 17:14:36]     }
SUCCESS [2024-03-01 17:14:36] <bytecode: 0x55beebf5dc68>
SUCCESS [2024-03-01 17:14:36] <environment: 0x55beebf469c0>
SUCCESS [2024-03-01 17:14:36] 
SUCCESS [2024-03-01 17:14:36] 
SUCCESS [2024-03-01 17:14:36] tmax:120
SUCCESS [2024-03-01 17:14:36] pdt:1
SUCCESS [2024-03-01 17:14:36] chunk:1M
SUCCESS [2024-03-01 17:14:36] resolution:200
SUCCESS [2024-03-01 17:14:36] out:200
SUCCESS [2024-03-01 17:14:36] les variables sont emp_resident
SUCCESS [2024-03-01 17:14:37] taille:2.2M gr:2 res_gr:1600
SUCCESS [2024-03-01 17:14:37] 100 ou, 24.8k quoi
SUCCESS [2024-03-01 17:14:37] 7 carreaux, 1 subsampling
SUCCESS [2024-03-01 17:14:37] future:TRUE, 2 workers
SUCCESS [4692] [2024-03-01 17:14:46] carreau:N2238400E3961600 dossier:transit
SUCCESS [4691] [2024-03-01 17:14:46] carreau:N2240000E3963200 dossier:transit
SUCCESS [4692] [2024-03-01 17:14:46] carreau:N2238400E3960000 dossier:transit
SUCCESS [4691] [2024-03-01 17:14:46] carreau:N2240000E3968000 dossier:transit
SUCCESS [4692] [2024-03-01 17:14:46] carreau:N2240000E3960000 dossier:transit
SUCCESS [4691] [2024-03-01 17:14:46] carreau:N2240000E3966400 dossier:transit
SUCCESS [4692] [2024-03-01 17:14:46] carreau:N2240000E3961600 dossier:transit
SUCCESS [2024-03-01 17:14:47] 
