SUCCESS [2023-10-21 15:49:07] Calcul accessibilite version 2
SUCCESS [2023-10-21 15:49:07] $type
SUCCESS [2023-10-21 15:49:07] [1] "r5"
SUCCESS [2023-10-21 15:49:07] 
SUCCESS [2023-10-21 15:49:07] $di
SUCCESS [2023-10-21 15:49:07] [1] FALSE
SUCCESS [2023-10-21 15:49:07] 
SUCCESS [2023-10-21 15:49:07] $path
SUCCESS [2023-10-21 15:49:07] ~/files/localr5/
SUCCESS [2023-10-21 15:49:07] FALSE
SUCCESS [2023-10-21 15:49:07] 
SUCCESS [2023-10-21 15:49:07] $string
SUCCESS [2023-10-21 15:49:07] r5 routing WALK&TRANSIT sur ~/files/localr5/ a 2023-10-21 15:49:07.163365
SUCCESS [2023-10-21 15:49:07] FALSE
SUCCESS [2023-10-21 15:49:07] 
SUCCESS [2023-10-21 15:49:07] $core
SUCCESS [2023-10-21 15:49:07] [1] "Java-Object{org.ipea.r5r.R5RCore@55b53d44}"
SUCCESS [2023-10-21 15:49:07] 
SUCCESS [2023-10-21 15:49:07] $montecarlo
SUCCESS [2023-10-21 15:49:07] [1] 10
SUCCESS [2023-10-21 15:49:07] 
SUCCESS [2023-10-21 15:49:07] $time_window
SUCCESS [2023-10-21 15:49:07] [1] 1
SUCCESS [2023-10-21 15:49:07] 
SUCCESS [2023-10-21 15:49:07] $departure_datetime
SUCCESS [2023-10-21 15:49:07] [1] "2023-06-14 08:00:00 UTC"
SUCCESS [2023-10-21 15:49:07] 
SUCCESS [2023-10-21 15:49:07] $mode
SUCCESS [2023-10-21 15:49:07] [1] "WALK"    "TRANSIT"
SUCCESS [2023-10-21 15:49:07] 
SUCCESS [2023-10-21 15:49:07] $percentiles
SUCCESS [2023-10-21 15:49:07] [1] 50
SUCCESS [2023-10-21 15:49:07] 
SUCCESS [2023-10-21 15:49:07] $max_walk_time
SUCCESS [2023-10-21 15:49:07] [1] Inf
SUCCESS [2023-10-21 15:49:07] 
SUCCESS [2023-10-21 15:49:07] $walk_speed
SUCCESS [2023-10-21 15:49:07] [1] 5
SUCCESS [2023-10-21 15:49:07] 
SUCCESS [2023-10-21 15:49:07] $bike_speed
SUCCESS [2023-10-21 15:49:07] [1] 12
SUCCESS [2023-10-21 15:49:07] 
SUCCESS [2023-10-21 15:49:07] $max_rides
SUCCESS [2023-10-21 15:49:07] [1] 3
SUCCESS [2023-10-21 15:49:07] 
SUCCESS [2023-10-21 15:49:07] $max_lts
SUCCESS [2023-10-21 15:49:07] [1] 2
SUCCESS [2023-10-21 15:49:07] 
SUCCESS [2023-10-21 15:49:07] $use_elevation
SUCCESS [2023-10-21 15:49:07] [1] FALSE
SUCCESS [2023-10-21 15:49:07] 
SUCCESS [2023-10-21 15:49:07] $elevation_tif
SUCCESS [2023-10-21 15:49:07] NULL
SUCCESS [2023-10-21 15:49:07] 
SUCCESS [2023-10-21 15:49:07] $pkg
SUCCESS [2023-10-21 15:49:07] [1] "r5r"   "rJava"
SUCCESS [2023-10-21 15:49:07] 
SUCCESS [2023-10-21 15:49:07] $dfMaxLength
SUCCESS [2023-10-21 15:49:07] [1] 10
SUCCESS [2023-10-21 15:49:07] 
SUCCESS [2023-10-21 15:49:07] $breakdown
SUCCESS [2023-10-21 15:49:07] [1] TRUE
SUCCESS [2023-10-21 15:49:07] 
SUCCESS [2023-10-21 15:49:07] $elevation_data
SUCCESS [2023-10-21 15:49:07] NULL
SUCCESS [2023-10-21 15:49:07] 
SUCCESS [2023-10-21 15:49:07] $max_rows
SUCCESS [2023-10-21 15:49:07] [1] 5000
SUCCESS [2023-10-21 15:49:07] 
SUCCESS [2023-10-21 15:49:07] $n_threads
SUCCESS [2023-10-21 15:49:07] [1] 16
SUCCESS [2023-10-21 15:49:07] 
SUCCESS [2023-10-21 15:49:07] $future
SUCCESS [2023-10-21 15:49:07] [1] TRUE
SUCCESS [2023-10-21 15:49:07] 
SUCCESS [2023-10-21 15:49:07] $jMem
SUCCESS [2023-10-21 15:49:07] [1] "12G"
SUCCESS [2023-10-21 15:49:07] 
SUCCESS [2023-10-21 15:49:07] $r5r_jar
SUCCESS [2023-10-21 15:49:07] [1] "/usr/local/lib/R/site-library/r5r/jar/r5r_0_6_0.jar"
SUCCESS [2023-10-21 15:49:07] 
SUCCESS [2023-10-21 15:49:07] $r5_jar
SUCCESS [2023-10-21 15:49:07] character(0)
SUCCESS [2023-10-21 15:49:07] 
SUCCESS [2023-10-21 15:49:07] $future_routing
SUCCESS [2023-10-21 15:49:07] function(routing) {
SUCCESS [2023-10-21 15:49:07]       rout <- routing
SUCCESS [2023-10-21 15:49:07]       rout$elevation_data <- NULL
SUCCESS [2023-10-21 15:49:07]       return(rout)}
SUCCESS [2023-10-21 15:49:07] <bytecode: 0x560d4e07f430>
SUCCESS [2023-10-21 15:49:07] <environment: 0x560d4e070508>
SUCCESS [2023-10-21 15:49:07] 
SUCCESS [2023-10-21 15:49:07] $core_init
SUCCESS [2023-10-21 15:49:07] function(routing){
SUCCESS [2023-10-21 15:49:07]       options(java.parameters = glue::glue('-Xmx{routing$jMem}'))
SUCCESS [2023-10-21 15:49:07]       rJava::.jinit(silent=TRUE)
SUCCESS [2023-10-21 15:49:07]       r5r::stop_r5()
SUCCESS [2023-10-21 15:49:07]       rJava::.jgc(R.gc = TRUE)
SUCCESS [2023-10-21 15:49:07]       options(r5r.montecarlo_draws = routing$montecarlo)
SUCCESS [2023-10-21 15:49:07]       core <- r5r::setup_r5(data_path = routing$path, verbose=FALSE,
SUCCESS [2023-10-21 15:49:07]                             use_elevation=routing$use_elevation)
SUCCESS [2023-10-21 15:49:07]       out <- routing
SUCCESS [2023-10-21 15:49:07]       out$core <- core
SUCCESS [2023-10-21 15:49:07]       if(!is.null(routing$elevation_tif))
SUCCESS [2023-10-21 15:49:07]         out$elevation_data <- terra::rast(str_c(routing$path, "/", routing$elevation_tif))
SUCCESS [2023-10-21 15:49:07]       return(out)
SUCCESS [2023-10-21 15:49:07]     }
SUCCESS [2023-10-21 15:49:07] <bytecode: 0x560d4e07b008>
SUCCESS [2023-10-21 15:49:07] <environment: 0x560d4e070508>
SUCCESS [2023-10-21 15:49:07] 
SUCCESS [2023-10-21 15:49:07] 
SUCCESS [2023-10-21 15:49:07] tmax:120
SUCCESS [2023-10-21 15:49:07] pdt:1
SUCCESS [2023-10-21 15:49:07] chunk:1M
SUCCESS [2023-10-21 15:49:07] resolution:200
SUCCESS [2023-10-21 15:49:07] out:200
SUCCESS [2023-10-21 15:49:07] les variables sont emplois
SUCCESS [2023-10-21 15:49:07] les variables sont ind
SUCCESS [2023-10-21 15:49:07] taille:301.1M gr:301 res_gr:3200
SUCCESS [2023-10-21 15:49:07] 22.8k ou, 14.5k quoi
SUCCESS [2023-10-21 15:49:07] 318 carreaux, 8 subsampling
SUCCESS [2023-10-21 15:49:07] future:TRUE, 1 workers
